#
# There is insufficient memory for the Java Runtime Environment to continue.
# Native memory allocation (malloc) failed to allocate 646416 bytes. Error detail: Chunk::new
# Possible reasons:
#   The system is out of physical RAM or swap space
#   This process is running with CompressedOops enabled, and the Java Heap may be blocking the growth of the native heap
# Possible solutions:
#   Reduce memory load on the system
#   Increase physical memory or swap space
#   Check if swap backing store is full
#   Decrease Java heap size (-Xmx/-Xms)
#   Decrease number of Java threads
#   Decrease Java thread stack sizes (-Xss)
#   Set larger code cache with -XX:ReservedCodeCacheSize=
#   JVM is running with Unscaled Compressed Oops mode in which the Java heap is
#     placed in the first 4GB address space. The Java Heap base address is the
#     maximum limit for the native heap growth. Please use -XX:HeapBaseMinAddress
#     to set the Java Heap base and to place the Java Heap above 4GB virtual address.
# This output file may be truncated or incomplete.
#
#  Out of Memory Error (arena.cpp:168), pid=40276, tid=37080
#
# JRE version: OpenJDK Runtime Environment Temurin-21.0.7+6 (21.0.7+6) (build 21.0.7+6-LTS)
# Java VM: OpenJDK 64-Bit Server VM Temurin-21.0.7+6 (21.0.7+6-LTS, mixed mode, sharing, tiered, compressed oops, compressed class ptrs, parallel gc, windows-amd64)
# No core dump will be written. Minidumps are not enabled by default on client versions of Windows
#

---------------  S U M M A R Y ------------

Command Line: --add-modules=ALL-SYSTEM --add-opens=java.base/java.util=ALL-UNNAMED --add-opens=java.base/java.lang=ALL-UNNAMED --add-opens=java.base/sun.nio.fs=ALL-UNNAMED -Declipse.application=org.eclipse.jdt.ls.core.id1 -Dosgi.bundles.defaultStartLevel=4 -Declipse.product=org.eclipse.jdt.ls.core.product -Djava.import.generatesMetadataFilesAtProjectRoot=false -DDetectVMInstallationsJob.disabled=true -Dfile.encoding=utf8 -XX:+UseParallelGC -XX:GCTimeRatio=4 -XX:AdaptiveSizePolicyWeight=90 -Dsun.zip.disableMemoryMapping=true -Xmx2G -Xms100m -Xlog:disable -javaagent:c:\Users\migue\.vscode\extensions\redhat.java-1.43.1-win32-x64\lombok\lombok-1.18.39-4050.jar -XX:+HeapDumpOnOutOfMemoryError -XX:HeapDumpPath=c:\Users\migue\AppData\Roaming\Code\User\workspaceStorage\a639b46f90215a13307bf9c14b7ca7a8\redhat.java -Daether.dependencyCollector.impl=bf c:\Users\migue\.vscode\extensions\redhat.java-1.43.1-win32-x64\server\plugins\org.eclipse.equinox.launcher_1.7.0.v20250519-0528.jar -configuration c:\Users\migue\AppData\Roaming\Code\User\globalStorage\redhat.java\1.43.1\config_win -data c:\Users\migue\AppData\Roaming\Code\User\workspaceStorage\a639b46f90215a13307bf9c14b7ca7a8\redhat.java\jdt_ws --pipe=\\.\pipe\lsp-892b0e76d5803b05df96c60b7c634b04-sock

Host: 11th Gen Intel(R) Core(TM) i5-1135G7 @ 2.40GHz, 8 cores, 7G,  Windows 11 , 64 bit Build 26100 (10.0.26100.4484)
Time: Thu Jul 17 11:46:20 2025 Hora oficial do Brasil elapsed time: 21.905032 seconds (0d 0h 0m 21s)

---------------  T H R E A D  ---------------

Current thread (0x000002afc66ac550):  JavaThread "C2 CompilerThread0" daemon [_thread_in_native, id=37080, stack(0x000000c9a4900000,0x000000c9a4a00000) (1024K)]


Current CompileTask:
C2:21905 11519       4       org.eclipse.osgi.internal.loader.BundleLoader::addExportedProvidersFor (167 bytes)

Stack: [0x000000c9a4900000,0x000000c9a4a00000]
Native frames: (J=compiled Java code, j=interpreted, Vv=VM code, C=native code)
V  [jvm.dll+0x6ce119]
V  [jvm.dll+0x8a84a1]
V  [jvm.dll+0x8aa9ce]
V  [jvm.dll+0x8ab0b3]
V  [jvm.dll+0x27f8a6]
V  [jvm.dll+0xc507d]
V  [jvm.dll+0xc55b3]
V  [jvm.dll+0x2f2c6d]
V  [jvm.dll+0x5f6bca]
V  [jvm.dll+0x250cb2]
V  [jvm.dll+0x24975f]
V  [jvm.dll+0x246fc4]
V  [jvm.dll+0x1c760e]
V  [jvm.dll+0x25695a]
V  [jvm.dll+0x254efa]
V  [jvm.dll+0x3f03f6]
V  [jvm.dll+0x851f6b]
V  [jvm.dll+0x6cc7dd]
C  [ucrtbase.dll+0x37b0]
C  [KERNEL32.DLL+0x2e8d7]
C  [ntdll.dll+0x3c34c]


---------------  P R O C E S S  ---------------

Threads class SMR info:
_java_thread_list=0x000002afd8d3fe20, length=62, elements={
0x000002afeb5f4300, 0x000002afedad7300, 0x000002af845fd280, 0x000002afedadcf10,
0x000002afedadf970, 0x000002afedae50f0, 0x000002afc66a2240, 0x000002afc66ac550,
0x000002afc66b4c00, 0x000002afeda9fd80, 0x000002afc759cd00, 0x000002afcc098dd0,
0x000002afc6a482b0, 0x000002afeb5c9e70, 0x000002afc77963c0, 0x000002afcc4c9a90,
0x000002afcc4cc880, 0x000002afcc4cbb60, 0x000002afcc4cb4d0, 0x000002afcc4ca7b0,
0x000002afcc4cae40, 0x000002afcc4cc1f0, 0x000002afce120060, 0x000002afce1206f0,
0x000002afce120d80, 0x000002afce121410, 0x000002afce122e50, 0x000002afce122130,
0x000002afce121aa0, 0x000002afce1227c0, 0x000002afce1234e0, 0x000002afce83c910,
0x000002afce83e350, 0x000002afce83c280, 0x000002afce83e9e0, 0x000002afce83cfa0,
0x000002afce83f070, 0x000002afce83dcc0, 0x000002afce83bbf0, 0x000002afce840420,
0x000002afce83f700, 0x000002afce840ab0, 0x000002afce83d630, 0x000002afce842b80,
0x000002afce841140, 0x000002afce8424f0, 0x000002afce843210, 0x000002afce8417d0,
0x000002afce841e60, 0x000002afce83fd90, 0x000002afcfdb7dd0, 0x000002afcfdb7740,
0x000002afcfdb8460, 0x000002afcfdb8af0, 0x000002afcfdb6390, 0x000002afcfdb5670,
0x000002afcfdb9180, 0x000002afcfdb5d00, 0x000002afcfdb9810, 0x000002afc76486b0,
0x000002afcfdb6a20, 0x000002afcfdbc600
}

Java Threads: ( => current thread )
  0x000002afeb5f4300 JavaThread "main"                              [_thread_blocked, id=31712, stack(0x000000c9a3f00000,0x000000c9a4000000) (1024K)]
  0x000002afedad7300 JavaThread "Reference Handler"          daemon [_thread_blocked, id=38656, stack(0x000000c9a4300000,0x000000c9a4400000) (1024K)]
  0x000002af845fd280 JavaThread "Finalizer"                  daemon [_thread_blocked, id=37564, stack(0x000000c9a4400000,0x000000c9a4500000) (1024K)]
  0x000002afedadcf10 JavaThread "Signal Dispatcher"          daemon [_thread_blocked, id=37752, stack(0x000000c9a4500000,0x000000c9a4600000) (1024K)]
  0x000002afedadf970 JavaThread "Attach Listener"            daemon [_thread_blocked, id=25448, stack(0x000000c9a4600000,0x000000c9a4700000) (1024K)]
  0x000002afedae50f0 JavaThread "Service Thread"             daemon [_thread_blocked, id=32816, stack(0x000000c9a4700000,0x000000c9a4800000) (1024K)]
  0x000002afc66a2240 JavaThread "Monitor Deflation Thread"   daemon [_thread_blocked, id=23484, stack(0x000000c9a4800000,0x000000c9a4900000) (1024K)]
=>0x000002afc66ac550 JavaThread "C2 CompilerThread0"         daemon [_thread_in_native, id=37080, stack(0x000000c9a4900000,0x000000c9a4a00000) (1024K)]
  0x000002afc66b4c00 JavaThread "C1 CompilerThread0"         daemon [_thread_blocked, id=27292, stack(0x000000c9a4a00000,0x000000c9a4b00000) (1024K)]
  0x000002afeda9fd80 JavaThread "Common-Cleaner"             daemon [_thread_blocked, id=33116, stack(0x000000c9a4b00000,0x000000c9a4c00000) (1024K)]
  0x000002afc759cd00 JavaThread "Notification Thread"        daemon [_thread_blocked, id=41620, stack(0x000000c9a4d00000,0x000000c9a4e00000) (1024K)]
  0x000002afcc098dd0 JavaThread "Active Thread: Equinox Container: 232f590f-910a-42c0-9510-700c0200ce2f"        [_thread_blocked, id=41616, stack(0x000000c9a5500000,0x000000c9a5600000) (1024K)]
  0x000002afc6a482b0 JavaThread "Refresh Thread: Equinox Container: 232f590f-910a-42c0-9510-700c0200ce2f" daemon [_thread_blocked, id=5112, stack(0x000000c9a5700000,0x000000c9a5800000) (1024K)]
  0x000002afeb5c9e70 JavaThread "Framework Event Dispatcher: Equinox Container: 232f590f-910a-42c0-9510-700c0200ce2f" daemon [_thread_blocked, id=23964, stack(0x000000c9a5800000,0x000000c9a5900000) (1024K)]
  0x000002afc77963c0 JavaThread "Start Level: Equinox Container: 232f590f-910a-42c0-9510-700c0200ce2f" daemon [_thread_blocked, id=8632, stack(0x000000c9a5900000,0x000000c9a5a00000) (1024K)]
  0x000002afcc4c9a90 JavaThread "Bundle File Closer"         daemon [_thread_blocked, id=39340, stack(0x000000c9a4e00000,0x000000c9a4f00000) (1024K)]
  0x000002afcc4cc880 JavaThread "SCR Component Actor"        daemon [_thread_blocked, id=41164, stack(0x000000c9a5a00000,0x000000c9a5b00000) (1024K)]
  0x000002afcc4cbb60 JavaThread "Worker-JM"                         [_thread_blocked, id=32848, stack(0x000000c9a5c00000,0x000000c9a5d00000) (1024K)]
  0x000002afcc4cb4d0 JavaThread "JNA Cleaner"                daemon [_thread_blocked, id=20820, stack(0x000000c9a4c00000,0x000000c9a4d00000) (1024K)]
  0x000002afcc4ca7b0 JavaThread "Worker-0: Initialize workspace"        [_thread_in_vm, id=12960, stack(0x000000c9a5d00000,0x000000c9a5e00000) (1024K)]
  0x000002afcc4cae40 JavaThread "Worker-1: Java indexing... "        [_thread_blocked, id=40644, stack(0x000000c9a5e00000,0x000000c9a5f00000) (1024K)]
  0x000002afcc4cc1f0 JavaThread "Java indexing"              daemon [_thread_in_Java, id=8232, stack(0x000000c9a6000000,0x000000c9a6100000) (1024K)]
  0x000002afce120060 JavaThread "Worker-2"                          [_thread_blocked, id=35100, stack(0x000000c9a6300000,0x000000c9a6400000) (1024K)]
  0x000002afce1206f0 JavaThread "Worker-3"                          [_thread_blocked, id=12880, stack(0x000000c9a6400000,0x000000c9a6500000) (1024K)]
  0x000002afce120d80 JavaThread "Thread-2"                   daemon [_thread_in_native, id=26884, stack(0x000000c9a6500000,0x000000c9a6600000) (1024K)]
  0x000002afce121410 JavaThread "Thread-3"                   daemon [_thread_in_native, id=28204, stack(0x000000c9a6600000,0x000000c9a6700000) (1024K)]
  0x000002afce122e50 JavaThread "Thread-4"                   daemon [_thread_in_native, id=41048, stack(0x000000c9a6700000,0x000000c9a6800000) (1024K)]
  0x000002afce122130 JavaThread "Thread-5"                   daemon [_thread_in_native, id=40112, stack(0x000000c9a6800000,0x000000c9a6900000) (1024K)]
  0x000002afce121aa0 JavaThread "Thread-6"                   daemon [_thread_in_native, id=23432, stack(0x000000c9a6900000,0x000000c9a6a00000) (1024K)]
  0x000002afce1227c0 JavaThread "Thread-7"                   daemon [_thread_in_native, id=39364, stack(0x000000c9a6a00000,0x000000c9a6b00000) (1024K)]
  0x000002afce1234e0 JavaThread "Thread-8"                   daemon [_thread_in_native, id=39024, stack(0x000000c9a6b00000,0x000000c9a6c00000) (1024K)]
  0x000002afce83c910 JavaThread "Thread-9"                   daemon [_thread_in_native, id=35784, stack(0x000000c9a6c00000,0x000000c9a6d00000) (1024K)]
  0x000002afce83e350 JavaThread "Thread-10"                  daemon [_thread_in_native, id=40456, stack(0x000000c9a6d00000,0x000000c9a6e00000) (1024K)]
  0x000002afce83c280 JavaThread "pool-2-thread-1"                   [_thread_blocked, id=11344, stack(0x000000c9a6f00000,0x000000c9a7000000) (1024K)]
  0x000002afce83e9e0 JavaThread "Worker-4"                          [_thread_blocked, id=38152, stack(0x000000c9a7000000,0x000000c9a7100000) (1024K)]
  0x000002afce83cfa0 JavaThread "WorkspaceEventsHandler"            [_thread_blocked, id=36576, stack(0x000000c9a7100000,0x000000c9a7200000) (1024K)]
  0x000002afce83f070 JavaThread "pool-1-thread-1"                   [_thread_blocked, id=33064, stack(0x000000c9a7200000,0x000000c9a7300000) (1024K)]
  0x000002afce83dcc0 JavaThread "Worker-5"                          [_thread_blocked, id=25612, stack(0x000000c9a7300000,0x000000c9a7400000) (1024K)]
  0x000002afce83bbf0 JavaThread "LocalFile Deleter"          daemon [_thread_blocked, id=34572, stack(0x000000c9a7400000,0x000000c9a7500000) (1024K)]
  0x000002afce840420 JavaThread "LocalFile Deleter"          daemon [_thread_blocked, id=144, stack(0x000000c9a7500000,0x000000c9a7600000) (1024K)]
  0x000002afce83f700 JavaThread "LocalFile Deleter"          daemon [_thread_blocked, id=37264, stack(0x000000c9a7600000,0x000000c9a7700000) (1024K)]
  0x000002afce840ab0 JavaThread "LocalFile Deleter"          daemon [_thread_blocked, id=38828, stack(0x000000c9a7700000,0x000000c9a7800000) (1024K)]
  0x000002afce83d630 JavaThread "LocalFile Deleter"          daemon [_thread_blocked, id=4228, stack(0x000000c9a7800000,0x000000c9a7900000) (1024K)]
  0x000002afce842b80 JavaThread "LocalFile Deleter"          daemon [_thread_blocked, id=2852, stack(0x000000c9a7900000,0x000000c9a7a00000) (1024K)]
  0x000002afce841140 JavaThread "LocalFile Deleter"          daemon [_thread_blocked, id=34624, stack(0x000000c9a7a00000,0x000000c9a7b00000) (1024K)]
  0x000002afce8424f0 JavaThread "LocalFile Deleter"          daemon [_thread_blocked, id=41056, stack(0x000000c9a7b00000,0x000000c9a7c00000) (1024K)]
  0x000002afce843210 JavaThread "Compiler Source File Reader" daemon [_thread_blocked, id=36144, stack(0x000000c9a7c00000,0x000000c9a7d00000) (1024K)]
  0x000002afce8417d0 JavaThread "Compiler Source File Reader" daemon [_thread_blocked, id=33912, stack(0x000000c9a7d00000,0x000000c9a7e00000) (1024K)]
  0x000002afce841e60 JavaThread "Compiler Source File Reader" daemon [_thread_blocked, id=35740, stack(0x000000c9a7e00000,0x000000c9a7f00000) (1024K)]
  0x000002afce83fd90 JavaThread "Compiler Source File Reader" daemon [_thread_blocked, id=41044, stack(0x000000c9a7f00000,0x000000c9a8000000) (1024K)]
  0x000002afcfdb7dd0 JavaThread "Compiler Source File Reader" daemon [_thread_blocked, id=33084, stack(0x000000c9a8000000,0x000000c9a8100000) (1024K)]
  0x000002afcfdb7740 JavaThread "Compiler Source File Reader" daemon [_thread_blocked, id=18236, stack(0x000000c9a8100000,0x000000c9a8200000) (1024K)]
  0x000002afcfdb8460 JavaThread "Compiler Processing Task"   daemon [_thread_blocked, id=12916, stack(0x000000c9a5b00000,0x000000c9a5c00000) (1024K)]
  0x000002afcfdb8af0 JavaThread "Compiler Class File Writer" daemon [_thread_blocked, id=19424, stack(0x000000c9a8200000,0x000000c9a8300000) (1024K)]
  0x000002afcfdb6390 JavaThread "Compiler Class File Writer" daemon [_thread_blocked, id=20436, stack(0x000000c9a8300000,0x000000c9a8400000) (1024K)]
  0x000002afcfdb5670 JavaThread "Compiler Class File Writer" daemon [_thread_blocked, id=9820, stack(0x000000c9a8400000,0x000000c9a8500000) (1024K)]
  0x000002afcfdb9180 JavaThread "Compiler Class File Writer" daemon [_thread_blocked, id=25816, stack(0x000000c9a8500000,0x000000c9a8600000) (1024K)]
  0x000002afcfdb5d00 JavaThread "Compiler Class File Writer" daemon [_thread_blocked, id=37724, stack(0x000000c9a8600000,0x000000c9a8700000) (1024K)]
  0x000002afcfdb9810 JavaThread "Compiler Class File Writer" daemon [_thread_blocked, id=38396, stack(0x000000c9a8700000,0x000000c9a8800000) (1024K)]
  0x000002afc76486b0 JavaThread "C2 CompilerThread1"         daemon [_thread_in_native, id=36380, stack(0x000000c9a5f00000,0x000000c9a6000000) (1024K)]
  0x000002afcfdb6a20 JavaThread "ForkJoinPool.commonPool-worker-1" daemon [_thread_blocked, id=6380, stack(0x000000c9a6e00000,0x000000c9a6f00000) (1024K)]
  0x000002afcfdbc600 JavaThread "ForkJoinPool.commonPool-worker-2" daemon [_thread_blocked, id=15908, stack(0x000000c9a8800000,0x000000c9a8900000) (1024K)]
Total: 62

Other Threads:
  0x000002afedad2b30 VMThread "VM Thread"                           [id=36616, stack(0x000000c9a4200000,0x000000c9a4300000) (1024K)]
  0x000002af8451d970 WatcherThread "VM Periodic Task Thread"        [id=41624, stack(0x000000c9a4100000,0x000000c9a4200000) (1024K)]
  0x000002afeda8aa00 WorkerThread "GC Thread#0"                     [id=32896, stack(0x000000c9a4000000,0x000000c9a4100000) (1024K)]
  0x000002afcc043f80 WorkerThread "GC Thread#1"                     [id=41644, stack(0x000000c9a4f00000,0x000000c9a5000000) (1024K)]
  0x000002afcc0451a0 WorkerThread "GC Thread#2"                     [id=33684, stack(0x000000c9a5000000,0x000000c9a5100000) (1024K)]
  0x000002afcc044a60 WorkerThread "GC Thread#3"                     [id=33900, stack(0x000000c9a5100000,0x000000c9a5200000) (1024K)]
  0x000002afcc043be0 WorkerThread "GC Thread#4"                     [id=35464, stack(0x000000c9a5200000,0x000000c9a5300000) (1024K)]
  0x000002afcc044e00 WorkerThread "GC Thread#5"                     [id=29756, stack(0x000000c9a5300000,0x000000c9a5400000) (1024K)]
  0x000002afcc045540 WorkerThread "GC Thread#6"                     [id=41924, stack(0x000000c9a5400000,0x000000c9a5500000) (1024K)]
  0x000002afcc0446c0 WorkerThread "GC Thread#7"                     [id=41372, stack(0x000000c9a5600000,0x000000c9a5700000) (1024K)]
Total: 10

Threads with active compile tasks:
C2 CompilerThread0  21975 11519       4       org.eclipse.osgi.internal.loader.BundleLoader::addExportedProvidersFor (167 bytes)
C2 CompilerThread1  21975 11549 %     4       org.eclipse.jdt.internal.core.index.DiskIndex::writeAllDocumentNames @ 251 (512 bytes)
Total: 2

VM state: not at safepoint (normal execution)

VM Mutex/Monitor currently owned by a thread: None

Heap address: 0x0000000080000000, size: 2048 MB, Compressed Oops mode: 32-bit

CDS archive(s) mapped at: [0x000002af85000000-0x000002af85ba0000-0x000002af85ba0000), size 12189696, SharedBaseAddress: 0x000002af85000000, ArchiveRelocationMode: 1.
Compressed class space mapped at: 0x000002af86000000-0x000002afc6000000, reserved size: 1073741824
Narrow klass base: 0x000002af85000000, Narrow klass shift: 0, Narrow klass range: 0x100000000

GC Precious Log:
 CardTable entry size: 512
 CPUs: 8 total, 8 available
 Memory: 7971M
 Large Page Support: Disabled
 NUMA Support: Disabled
 Compressed Oops: Enabled (32-bit)
 Alignments: Space 512K, Generation 512K, Heap 2M
 Heap Min Capacity: 100M
 Heap Initial Capacity: 100M
 Heap Max Capacity: 2G
 Pre-touch: Disabled
 Parallel Workers: 8

Heap:
 PSYoungGen      total 6144K, used 5477K [0x00000000d5580000, 0x00000000d5e00000, 0x0000000100000000)
  eden space 5120K, 91% used [0x00000000d5580000,0x00000000d5a164d0,0x00000000d5a80000)
  from space 1024K, 76% used [0x00000000d5d00000,0x00000000d5dc3008,0x00000000d5e00000)
  to   space 1536K, 0% used [0x00000000d5b00000,0x00000000d5b00000,0x00000000d5c80000)
 ParOldGen       total 340992K, used 340537K [0x0000000080000000, 0x0000000094d00000, 0x00000000d5580000)
  object space 340992K, 99% used [0x0000000080000000,0x0000000094c8e7f8,0x0000000094d00000)
 Metaspace       used 63863K, committed 65344K, reserved 1114112K
  class space    used 6639K, committed 7296K, reserved 1048576K

Card table byte_map: [0x000002afed3d0000,0x000002afed7e0000] _byte_map_base: 0x000002afecfd0000

Marking Bits: (ParMarkBitMap*) 0x00007ffd0c8531f0
 Begin Bits: [0x000002af80000000, 0x000002af82000000)
 End Bits:   [0x000002af82000000, 0x000002af84000000)

Polling page: 0x000002afed170000

Metaspace:

Usage:
  Non-class:     55.88 MB used.
      Class:      6.48 MB used.
       Both:     62.37 MB used.

Virtual space:
  Non-class space:       64.00 MB reserved,      56.69 MB ( 89%) committed,  1 nodes.
      Class space:        1.00 GB reserved,       7.12 MB ( <1%) committed,  1 nodes.
             Both:        1.06 GB reserved,      63.81 MB (  6%) committed. 

Chunk freelists:
   Non-Class:  6.56 MB
       Class:  8.86 MB
        Both:  15.42 MB

MaxMetaspaceSize: unlimited
CompressedClassSpaceSize: 1.00 GB
Initial GC threshold: 21.00 MB
Current GC threshold: 97.31 MB
CDS: on
 - commit_granule_bytes: 65536.
 - commit_granule_words: 8192.
 - virtual_space_node_default_size: 8388608.
 - enlarge_chunks_in_place: 1.
 - use_allocation_guard: 0.


Internal statistics:

num_allocs_failed_limit: 9.
num_arena_births: 1230.
num_arena_deaths: 14.
num_vsnodes_births: 2.
num_vsnodes_deaths: 0.
num_space_committed: 1021.
num_space_uncommitted: 0.
num_chunks_returned_to_freelist: 23.
num_chunks_taken_from_freelist: 4266.
num_chunk_merges: 13.
num_chunk_splits: 2622.
num_chunks_enlarged: 1486.
num_inconsistent_stats: 0.

CodeHeap 'non-profiled nmethods': size=120000Kb used=7522Kb max_used=7522Kb free=112477Kb
 bounds [0x000002aff86f0000, 0x000002aff8e50000, 0x000002afffc20000]
CodeHeap 'profiled nmethods': size=120000Kb used=23541Kb max_used=23541Kb free=96458Kb
 bounds [0x000002aff0c20000, 0x000002aff2320000, 0x000002aff8150000]
CodeHeap 'non-nmethods': size=5760Kb used=1444Kb max_used=1504Kb free=4315Kb
 bounds [0x000002aff8150000, 0x000002aff83c0000, 0x000002aff86f0000]
 total_blobs=11522 nmethods=10775 adapters=653
 compilation: enabled
              stopped_count=0, restarted_count=0
 full_count=0

Compilation events (20 events):
Event: 21.859 Thread 0x000002afc66b4c00 11563       2       com.google.gson.internal.LinkedTreeMap::<init> (9 bytes)
Event: 21.860 Thread 0x000002afc66b4c00 nmethod 11563 0x000002aff2315190 code [0x000002aff2315340, 0x000002aff2315478]
Event: 21.860 Thread 0x000002afc66b4c00 11543       1       lombok.eclipse.EclipseAST::isCompleteParse (5 bytes)
Event: 21.860 Thread 0x000002afc66b4c00 nmethod 11543 0x000002aff8e3af90 code [0x000002aff8e3b120, 0x000002aff8e3b1f0]
Event: 21.860 Thread 0x000002afc66b4c00 11544       1       lombok.eclipse.HandlerLibrary$VisitorContainer::deferUntilPostDiet (5 bytes)
Event: 21.860 Thread 0x000002afc66b4c00 nmethod 11544 0x000002aff8e3b290 code [0x000002aff8e3b420, 0x000002aff8e3b4f0]
Event: 21.860 Thread 0x000002afc66b4c00 11546       1       lombok.eclipse.TransformEclipseAST$AnnotationVisitor::getNextPriority (5 bytes)
Event: 21.860 Thread 0x000002afc66b4c00 nmethod 11546 0x000002aff8e3b590 code [0x000002aff8e3b720, 0x000002aff8e3b7e8]
Event: 21.860 Thread 0x000002afc66b4c00 11564       2       java.io.BufferedOutputStream::growIfNeeded (59 bytes)
Event: 21.861 Thread 0x000002afc66b4c00 nmethod 11564 0x000002aff2315510 code [0x000002aff23156c0, 0x000002aff2315848]
Event: 21.866 Thread 0x000002afc66b4c00 11566       2       org.eclipse.jdt.internal.launching.environments.ExecutionEnvironment::getId (12 bytes)
Event: 21.866 Thread 0x000002afc66b4c00 nmethod 11566 0x000002aff2315910 code [0x000002aff2315ae0, 0x000002aff2315cd8]
Event: 21.868 Thread 0x000002afc66b4c00 11567       2       com.google.gson.internal.LinkedTreeMap$EntrySet$1::next (5 bytes)
Event: 21.868 Thread 0x000002afc66b4c00 nmethod 11567 0x000002aff2315e90 code [0x000002aff2316040, 0x000002aff2316160]
Event: 21.868 Thread 0x000002afc66b4c00 11568       2       com.google.gson.internal.LinkedTreeMap$EntrySet$1::next (5 bytes)
Event: 21.868 Thread 0x000002afc66b4c00 nmethod 11568 0x000002aff2316210 code [0x000002aff23163c0, 0x000002aff23164e0]
Event: 21.868 Thread 0x000002afc66b4c00 11569       2       com.google.gson.internal.LinkedTreeMap$LinkedTreeMapIterator::nextNode (61 bytes)
Event: 21.869 Thread 0x000002afc66b4c00 nmethod 11569 0x000002aff2316590 code [0x000002aff2316760, 0x000002aff2316a48]
Event: 21.887 Thread 0x000002afc66b4c00 11570  s    2       org.eclipse.core.internal.localstore.FileStoreRoot::getCanonicalRoot (23 bytes)
Event: 21.888 Thread 0x000002afc66b4c00 nmethod 11570 0x000002aff2316c10 code [0x000002aff2316dc0, 0x000002aff2316fe0]

GC Heap History (20 events):
Event: 21.431 GC heap before
{Heap before GC invocations=478 (full 3):
 PSYoungGen      total 9216K, used 9177K [0x00000000d5580000, 0x00000000d6180000, 0x0000000100000000)
  eden space 6656K, 100% used [0x00000000d5580000,0x00000000d5c00000,0x00000000d5c00000)
  from space 2560K, 98% used [0x00000000d5f00000,0x00000000d61764a8,0x00000000d6180000)
  to   space 2560K, 0% used [0x00000000d5c00000,0x00000000d5c00000,0x00000000d5e80000)
 ParOldGen       total 323584K, used 323472K [0x0000000080000000, 0x0000000093c00000, 0x00000000d5580000)
  object space 323584K, 99% used [0x0000000080000000,0x0000000093be40e8,0x0000000093c00000)
 Metaspace       used 62330K, committed 63744K, reserved 1114112K
  class space    used 6447K, committed 7040K, reserved 1048576K
}
Event: 21.439 GC heap after
{Heap after GC invocations=478 (full 3):
 PSYoungGen      total 9216K, used 2270K [0x00000000d5580000, 0x00000000d6100000, 0x0000000100000000)
  eden space 6656K, 0% used [0x00000000d5580000,0x00000000d5580000,0x00000000d5c00000)
  from space 2560K, 88% used [0x00000000d5c00000,0x00000000d5e378a8,0x00000000d5e80000)
  to   space 2560K, 0% used [0x00000000d5e80000,0x00000000d5e80000,0x00000000d6100000)
 ParOldGen       total 326144K, used 325786K [0x0000000080000000, 0x0000000093e80000, 0x00000000d5580000)
  object space 326144K, 99% used [0x0000000080000000,0x0000000093e26800,0x0000000093e80000)
 Metaspace       used 62330K, committed 63744K, reserved 1114112K
  class space    used 6447K, committed 7040K, reserved 1048576K
}
Event: 21.461 GC heap before
{Heap before GC invocations=479 (full 3):
 PSYoungGen      total 9216K, used 8901K [0x00000000d5580000, 0x00000000d6100000, 0x0000000100000000)
  eden space 6656K, 99% used [0x00000000d5580000,0x00000000d5bf9d68,0x00000000d5c00000)
  from space 2560K, 88% used [0x00000000d5c00000,0x00000000d5e378a8,0x00000000d5e80000)
  to   space 2560K, 0% used [0x00000000d5e80000,0x00000000d5e80000,0x00000000d6100000)
 ParOldGen       total 326144K, used 325786K [0x0000000080000000, 0x0000000093e80000, 0x00000000d5580000)
  object space 326144K, 99% used [0x0000000080000000,0x0000000093e26800,0x0000000093e80000)
 Metaspace       used 62383K, committed 63808K, reserved 1114112K
  class space    used 6451K, committed 7040K, reserved 1048576K
}
Event: 21.466 GC heap after
{Heap after GC invocations=479 (full 3):
 PSYoungGen      total 6656K, used 2545K [0x00000000d5580000, 0x00000000d6600000, 0x0000000100000000)
  eden space 4096K, 0% used [0x00000000d5580000,0x00000000d5580000,0x00000000d5980000)
  from space 2560K, 99% used [0x00000000d5e80000,0x00000000d60fc5e0,0x00000000d6100000)
  to   space 5120K, 0% used [0x00000000d5980000,0x00000000d5980000,0x00000000d5e80000)
 ParOldGen       total 328192K, used 327939K [0x0000000080000000, 0x0000000094080000, 0x00000000d5580000)
  object space 328192K, 99% used [0x0000000080000000,0x0000000094040e30,0x0000000094080000)
 Metaspace       used 62383K, committed 63808K, reserved 1114112K
  class space    used 6451K, committed 7040K, reserved 1048576K
}
Event: 21.485 GC heap before
{Heap before GC invocations=480 (full 3):
 PSYoungGen      total 6656K, used 6641K [0x00000000d5580000, 0x00000000d6600000, 0x0000000100000000)
  eden space 4096K, 100% used [0x00000000d5580000,0x00000000d5980000,0x00000000d5980000)
  from space 2560K, 99% used [0x00000000d5e80000,0x00000000d60fc5e0,0x00000000d6100000)
  to   space 5120K, 0% used [0x00000000d5980000,0x00000000d5980000,0x00000000d5e80000)
 ParOldGen       total 328192K, used 327939K [0x0000000080000000, 0x0000000094080000, 0x00000000d5580000)
  object space 328192K, 99% used [0x0000000080000000,0x0000000094040e30,0x0000000094080000)
 Metaspace       used 62416K, committed 63808K, reserved 1114112K
  class space    used 6458K, committed 7040K, reserved 1048576K
}
Event: 21.488 GC heap after
{Heap after GC invocations=480 (full 3):
 PSYoungGen      total 5632K, used 1423K [0x00000000d5580000, 0x00000000d5f80000, 0x0000000100000000)
  eden space 4096K, 0% used [0x00000000d5580000,0x00000000d5580000,0x00000000d5980000)
  from space 1536K, 92% used [0x00000000d5980000,0x00000000d5ae3d10,0x00000000d5b00000)
  to   space 3072K, 0% used [0x00000000d5c80000,0x00000000d5c80000,0x00000000d5f80000)
 ParOldGen       total 330752K, used 330369K [0x0000000080000000, 0x0000000094300000, 0x00000000d5580000)
  object space 330752K, 99% used [0x0000000080000000,0x00000000942a0628,0x0000000094300000)
 Metaspace       used 62416K, committed 63808K, reserved 1114112K
  class space    used 6458K, committed 7040K, reserved 1048576K
}
Event: 21.497 GC heap before
{Heap before GC invocations=481 (full 3):
 PSYoungGen      total 5632K, used 5468K [0x00000000d5580000, 0x00000000d5f80000, 0x0000000100000000)
  eden space 4096K, 98% used [0x00000000d5580000,0x00000000d59736c8,0x00000000d5980000)
  from space 1536K, 92% used [0x00000000d5980000,0x00000000d5ae3d10,0x00000000d5b00000)
  to   space 3072K, 0% used [0x00000000d5c80000,0x00000000d5c80000,0x00000000d5f80000)
 ParOldGen       total 330752K, used 330369K [0x0000000080000000, 0x0000000094300000, 0x00000000d5580000)
  object space 330752K, 99% used [0x0000000080000000,0x00000000942a0628,0x0000000094300000)
 Metaspace       used 62481K, committed 63936K, reserved 1114112K
  class space    used 6461K, committed 7104K, reserved 1048576K
}
Event: 21.500 GC heap after
{Heap after GC invocations=481 (full 3):
 PSYoungGen      total 6144K, used 1649K [0x00000000d5580000, 0x00000000d5e80000, 0x0000000100000000)
  eden space 4096K, 0% used [0x00000000d5580000,0x00000000d5580000,0x00000000d5980000)
  from space 2048K, 80% used [0x00000000d5c80000,0x00000000d5e1c7e0,0x00000000d5e80000)
  to   space 2048K, 0% used [0x00000000d5a80000,0x00000000d5a80000,0x00000000d5c80000)
 ParOldGen       total 331776K, used 331317K [0x0000000080000000, 0x0000000094400000, 0x00000000d5580000)
  object space 331776K, 99% used [0x0000000080000000,0x000000009438d778,0x0000000094400000)
 Metaspace       used 62481K, committed 63936K, reserved 1114112K
  class space    used 6461K, committed 7104K, reserved 1048576K
}
Event: 21.507 GC heap before
{Heap before GC invocations=482 (full 3):
 PSYoungGen      total 6144K, used 5745K [0x00000000d5580000, 0x00000000d5e80000, 0x0000000100000000)
  eden space 4096K, 100% used [0x00000000d5580000,0x00000000d5980000,0x00000000d5980000)
  from space 2048K, 80% used [0x00000000d5c80000,0x00000000d5e1c7e0,0x00000000d5e80000)
  to   space 2048K, 0% used [0x00000000d5a80000,0x00000000d5a80000,0x00000000d5c80000)
 ParOldGen       total 331776K, used 331317K [0x0000000080000000, 0x0000000094400000, 0x00000000d5580000)
  object space 331776K, 99% used [0x0000000080000000,0x000000009438d778,0x0000000094400000)
 Metaspace       used 62550K, committed 64000K, reserved 1114112K
  class space    used 6477K, committed 7104K, reserved 1048576K
}
Event: 21.510 GC heap after
{Heap after GC invocations=482 (full 3):
 PSYoungGen      total 7168K, used 1720K [0x00000000d5580000, 0x00000000d5e80000, 0x0000000100000000)
  eden space 5120K, 0% used [0x00000000d5580000,0x00000000d5580000,0x00000000d5a80000)
  from space 2048K, 84% used [0x00000000d5a80000,0x00000000d5c2e220,0x00000000d5c80000)
  to   space 2048K, 0% used [0x00000000d5c80000,0x00000000d5c80000,0x00000000d5e80000)
 ParOldGen       total 332800K, used 332657K [0x0000000080000000, 0x0000000094500000, 0x00000000d5580000)
  object space 332800K, 99% used [0x0000000080000000,0x00000000944dc710,0x0000000094500000)
 Metaspace       used 62550K, committed 64000K, reserved 1114112K
  class space    used 6477K, committed 7104K, reserved 1048576K
}
Event: 21.546 GC heap before
{Heap before GC invocations=483 (full 3):
 PSYoungGen      total 7168K, used 6820K [0x00000000d5580000, 0x00000000d5e80000, 0x0000000100000000)
  eden space 5120K, 99% used [0x00000000d5580000,0x00000000d5a7ae98,0x00000000d5a80000)
  from space 2048K, 84% used [0x00000000d5a80000,0x00000000d5c2e220,0x00000000d5c80000)
  to   space 2048K, 0% used [0x00000000d5c80000,0x00000000d5c80000,0x00000000d5e80000)
 ParOldGen       total 332800K, used 332657K [0x0000000080000000, 0x0000000094500000, 0x00000000d5580000)
  object space 332800K, 99% used [0x0000000080000000,0x00000000944dc710,0x0000000094500000)
 Metaspace       used 62709K, committed 64128K, reserved 1114112K
  class space    used 6510K, committed 7104K, reserved 1048576K
}
Event: 21.550 GC heap after
{Heap after GC invocations=483 (full 3):
 PSYoungGen      total 7168K, used 1786K [0x00000000d5580000, 0x00000000d5e80000, 0x0000000100000000)
  eden space 5120K, 0% used [0x00000000d5580000,0x00000000d5580000,0x00000000d5a80000)
  from space 2048K, 87% used [0x00000000d5c80000,0x00000000d5e3eb10,0x00000000d5e80000)
  to   space 2048K, 0% used [0x00000000d5a80000,0x00000000d5a80000,0x00000000d5c80000)
 ParOldGen       total 334336K, used 334179K [0x0000000080000000, 0x0000000094680000, 0x00000000d5580000)
  object space 334336K, 99% used [0x0000000080000000,0x0000000094658f88,0x0000000094680000)
 Metaspace       used 62709K, committed 64128K, reserved 1114112K
  class space    used 6510K, committed 7104K, reserved 1048576K
}
Event: 21.562 GC heap before
{Heap before GC invocations=484 (full 3):
 PSYoungGen      total 7168K, used 6906K [0x00000000d5580000, 0x00000000d5e80000, 0x0000000100000000)
  eden space 5120K, 100% used [0x00000000d5580000,0x00000000d5a80000,0x00000000d5a80000)
  from space 2048K, 87% used [0x00000000d5c80000,0x00000000d5e3eb10,0x00000000d5e80000)
  to   space 2048K, 0% used [0x00000000d5a80000,0x00000000d5a80000,0x00000000d5c80000)
 ParOldGen       total 334336K, used 334179K [0x0000000080000000, 0x0000000094680000, 0x00000000d5580000)
  object space 334336K, 99% used [0x0000000080000000,0x0000000094658f88,0x0000000094680000)
 Metaspace       used 62754K, committed 64192K, reserved 1114112K
  class space    used 6511K, committed 7104K, reserved 1048576K
}
Event: 21.565 GC heap after
{Heap after GC invocations=484 (full 3):
 PSYoungGen      total 7168K, used 2025K [0x00000000d5580000, 0x00000000d5f80000, 0x0000000100000000)
  eden space 5120K, 0% used [0x00000000d5580000,0x00000000d5580000,0x00000000d5a80000)
  from space 2048K, 98% used [0x00000000d5a80000,0x00000000d5c7a788,0x00000000d5c80000)
  to   space 2560K, 0% used [0x00000000d5d00000,0x00000000d5d00000,0x00000000d5f80000)
 ParOldGen       total 335872K, used 335863K [0x0000000080000000, 0x0000000094800000, 0x00000000d5580000)
  object space 335872K, 99% used [0x0000000080000000,0x00000000947fde98,0x0000000094800000)
 Metaspace       used 62754K, committed 64192K, reserved 1114112K
  class space    used 6511K, committed 7104K, reserved 1048576K
}
Event: 21.605 GC heap before
{Heap before GC invocations=485 (full 3):
 PSYoungGen      total 7168K, used 7145K [0x00000000d5580000, 0x00000000d5f80000, 0x0000000100000000)
  eden space 5120K, 100% used [0x00000000d5580000,0x00000000d5a80000,0x00000000d5a80000)
  from space 2048K, 98% used [0x00000000d5a80000,0x00000000d5c7a788,0x00000000d5c80000)
  to   space 2560K, 0% used [0x00000000d5d00000,0x00000000d5d00000,0x00000000d5f80000)
 ParOldGen       total 335872K, used 335863K [0x0000000080000000, 0x0000000094800000, 0x00000000d5580000)
  object space 335872K, 99% used [0x0000000080000000,0x00000000947fde98,0x0000000094800000)
 Metaspace       used 62807K, committed 64320K, reserved 1114112K
  class space    used 6521K, committed 7168K, reserved 1048576K
}
Event: 21.608 GC heap after
{Heap after GC invocations=485 (full 3):
 PSYoungGen      total 7168K, used 1600K [0x00000000d5580000, 0x00000000d5f00000, 0x0000000100000000)
  eden space 5120K, 0% used [0x00000000d5580000,0x00000000d5580000,0x00000000d5a80000)
  from space 2048K, 78% used [0x00000000d5d00000,0x00000000d5e901d0,0x00000000d5f00000)
  to   space 2048K, 0% used [0x00000000d5a80000,0x00000000d5a80000,0x00000000d5c80000)
 ParOldGen       total 337920K, used 337692K [0x0000000080000000, 0x0000000094a00000, 0x00000000d5580000)
  object space 337920K, 99% used [0x0000000080000000,0x00000000949c73f0,0x0000000094a00000)
 Metaspace       used 62807K, committed 64320K, reserved 1114112K
  class space    used 6521K, committed 7168K, reserved 1048576K
}
Event: 21.681 GC heap before
{Heap before GC invocations=486 (full 3):
 PSYoungGen      total 7168K, used 6720K [0x00000000d5580000, 0x00000000d5f00000, 0x0000000100000000)
  eden space 5120K, 100% used [0x00000000d5580000,0x00000000d5a80000,0x00000000d5a80000)
  from space 2048K, 78% used [0x00000000d5d00000,0x00000000d5e901d0,0x00000000d5f00000)
  to   space 2048K, 0% used [0x00000000d5a80000,0x00000000d5a80000,0x00000000d5c80000)
 ParOldGen       total 337920K, used 337692K [0x0000000080000000, 0x0000000094a00000, 0x00000000d5580000)
  object space 337920K, 99% used [0x0000000080000000,0x00000000949c73f0,0x0000000094a00000)
 Metaspace       used 62896K, committed 64384K, reserved 1114112K
  class space    used 6546K, committed 7168K, reserved 1048576K
}
Event: 21.684 GC heap after
{Heap after GC invocations=486 (full 3):
 PSYoungGen      total 7168K, used 2046K [0x00000000d5580000, 0x00000000d5f80000, 0x0000000100000000)
  eden space 5120K, 0% used [0x00000000d5580000,0x00000000d5580000,0x00000000d5a80000)
  from space 2048K, 99% used [0x00000000d5a80000,0x00000000d5c7fbb8,0x00000000d5c80000)
  to   space 2560K, 0% used [0x00000000d5d00000,0x00000000d5d00000,0x00000000d5f80000)
 ParOldGen       total 339456K, used 339113K [0x0000000080000000, 0x0000000094b80000, 0x00000000d5580000)
  object space 339456K, 99% used [0x0000000080000000,0x0000000094b2a580,0x0000000094b80000)
 Metaspace       used 62896K, committed 64384K, reserved 1114112K
  class space    used 6546K, committed 7168K, reserved 1048576K
}
Event: 21.847 GC heap before
{Heap before GC invocations=487 (full 3):
 PSYoungGen      total 7168K, used 7166K [0x00000000d5580000, 0x00000000d5f80000, 0x0000000100000000)
  eden space 5120K, 100% used [0x00000000d5580000,0x00000000d5a80000,0x00000000d5a80000)
  from space 2048K, 99% used [0x00000000d5a80000,0x00000000d5c7fbb8,0x00000000d5c80000)
  to   space 2560K, 0% used [0x00000000d5d00000,0x00000000d5d00000,0x00000000d5f80000)
 ParOldGen       total 339456K, used 339113K [0x0000000080000000, 0x0000000094b80000, 0x00000000d5580000)
  object space 339456K, 99% used [0x0000000080000000,0x0000000094b2a580,0x0000000094b80000)
 Metaspace       used 63416K, committed 64960K, reserved 1114112K
  class space    used 6596K, committed 7232K, reserved 1048576K
}
Event: 21.853 GC heap after
{Heap after GC invocations=487 (full 3):
 PSYoungGen      total 6144K, used 780K [0x00000000d5580000, 0x00000000d5e00000, 0x0000000100000000)
  eden space 5120K, 0% used [0x00000000d5580000,0x00000000d5580000,0x00000000d5a80000)
  from space 1024K, 76% used [0x00000000d5d00000,0x00000000d5dc3008,0x00000000d5e00000)
  to   space 1536K, 0% used [0x00000000d5b00000,0x00000000d5b00000,0x00000000d5c80000)
 ParOldGen       total 340992K, used 340537K [0x0000000080000000, 0x0000000094d00000, 0x00000000d5580000)
  object space 340992K, 99% used [0x0000000080000000,0x0000000094c8e7f8,0x0000000094d00000)
 Metaspace       used 63416K, committed 64960K, reserved 1114112K
  class space    used 6596K, committed 7232K, reserved 1048576K
}

Dll operation events (10 events):
Event: 0.011 Loaded shared library c:\Users\migue\.vscode\extensions\redhat.java-1.43.1-win32-x64\jre\21.0.7-win32-x86_64\bin\java.dll
Event: 0.086 Loaded shared library c:\Users\migue\.vscode\extensions\redhat.java-1.43.1-win32-x64\jre\21.0.7-win32-x86_64\bin\zip.dll
Event: 0.113 Loaded shared library C:\Users\migue\.vscode\extensions\redhat.java-1.43.1-win32-x64\jre\21.0.7-win32-x86_64\bin\instrument.dll
Event: 0.121 Loaded shared library C:\Users\migue\.vscode\extensions\redhat.java-1.43.1-win32-x64\jre\21.0.7-win32-x86_64\bin\net.dll
Event: 0.125 Loaded shared library C:\Users\migue\.vscode\extensions\redhat.java-1.43.1-win32-x64\jre\21.0.7-win32-x86_64\bin\nio.dll
Event: 0.130 Loaded shared library C:\Users\migue\.vscode\extensions\redhat.java-1.43.1-win32-x64\jre\21.0.7-win32-x86_64\bin\zip.dll
Event: 0.153 Loaded shared library C:\Users\migue\.vscode\extensions\redhat.java-1.43.1-win32-x64\jre\21.0.7-win32-x86_64\bin\jimage.dll
Event: 0.238 Loaded shared library c:\Users\migue\.vscode\extensions\redhat.java-1.43.1-win32-x64\jre\21.0.7-win32-x86_64\bin\verify.dll
Event: 1.690 Loaded shared library C:\Users\migue\AppData\Roaming\Code\User\globalStorage\redhat.java\1.43.1\config_win\org.eclipse.equinox.launcher\org.eclipse.equinox.launcher.win32.win32.x86_64_1.2.1300.v20250331-1702\eclipse_11911.dll
Event: 3.771 Loaded shared library C:\Users\migue\AppData\Local\Temp\jna-103894555\jna7340225188043878367.dll

Deoptimization events (20 events):
Event: 21.567 Thread 0x000002afcc4ca7b0 DEOPT PACKING pc=0x000002aff8d2ad90 sp=0x000000c9a5dfeae0
Event: 21.567 Thread 0x000002afcc4ca7b0 DEOPT UNPACKING pc=0x000002aff81a6da2 sp=0x000000c9a5dfea90 mode 2
Event: 21.618 Thread 0x000002afce83f070 DEOPT PACKING pc=0x000002aff21f883c sp=0x000000c9a72fb810
Event: 21.618 Thread 0x000002afce83f070 DEOPT UNPACKING pc=0x000002aff81a78e2 sp=0x000000c9a72fad30 mode 0
Event: 21.748 Thread 0x000002afcc4cc1f0 DEOPT PACKING pc=0x000002aff22e72a1 sp=0x000000c9a60fe350
Event: 21.748 Thread 0x000002afcc4cc1f0 DEOPT UNPACKING pc=0x000002aff81a78e2 sp=0x000000c9a60fd830 mode 0
Event: 21.805 Thread 0x000002afce83f070 DEOPT PACKING pc=0x000002aff21f883c sp=0x000000c9a72fb6b0
Event: 21.805 Thread 0x000002afce83f070 DEOPT UNPACKING pc=0x000002aff81a78e2 sp=0x000000c9a72fabd0 mode 0
Event: 21.837 Thread 0x000002afce83f070 Uncommon trap: trap_request=0xffffff45 fr.pc=0x000002aff8cddd1c relative=0x000000000000017c
Event: 21.837 Thread 0x000002afce83f070 Uncommon trap: reason=unstable_if action=reinterpret pc=0x000002aff8cddd1c method=org.eclipse.jdt.core.Signature.checkArrayDimension([CII)I @ 8 c2
Event: 21.837 Thread 0x000002afce83f070 DEOPT PACKING pc=0x000002aff8cddd1c sp=0x000000c9a72fd990
Event: 21.837 Thread 0x000002afce83f070 DEOPT UNPACKING pc=0x000002aff81a6da2 sp=0x000000c9a72fd910 mode 2
Event: 21.837 Thread 0x000002afce83f070 Uncommon trap: trap_request=0xffffff45 fr.pc=0x000002aff8d51e0c relative=0x000000000000014c
Event: 21.837 Thread 0x000002afce83f070 Uncommon trap: reason=unstable_if action=reinterpret pc=0x000002aff8d51e0c method=org.eclipse.jdt.core.Signature.checkNextChar([CCIIZ)I @ 9 c2
Event: 21.837 Thread 0x000002afce83f070 DEOPT PACKING pc=0x000002aff8d51e0c sp=0x000000c9a72fd8c0
Event: 21.837 Thread 0x000002afce83f070 DEOPT UNPACKING pc=0x000002aff81a6da2 sp=0x000000c9a72fd878 mode 2
Event: 21.837 Thread 0x000002afce83f070 Uncommon trap: trap_request=0xffffff45 fr.pc=0x000002aff8cdef90 relative=0x0000000000000e10
Event: 21.837 Thread 0x000002afce83f070 Uncommon trap: reason=unstable_if action=reinterpret pc=0x000002aff8cdef90 method=org.eclipse.jdt.core.Signature.encodeQualifiedName([CIILjava/lang/StringBuilder;)I @ 16 c2
Event: 21.837 Thread 0x000002afce83f070 DEOPT PACKING pc=0x000002aff8cdef90 sp=0x000000c9a72fd910
Event: 21.837 Thread 0x000002afce83f070 DEOPT UNPACKING pc=0x000002aff81a6da2 sp=0x000000c9a72fd8f0 mode 2

Classes loaded (20 events):
Event: 21.097 Loading class java/nio/file/PathMatcher done
Event: 21.097 Loading class sun/nio/fs/WindowsFileSystem$2 done
Event: 21.503 Loading class java/util/Collections$SynchronizedRandomAccessList
Event: 21.503 Loading class java/util/Collections$SynchronizedList
Event: 21.503 Loading class java/util/Collections$SynchronizedList done
Event: 21.503 Loading class java/util/Collections$SynchronizedRandomAccessList done
Event: 21.568 Loading class java/util/concurrent/CompletableFuture$Signaller
Event: 21.569 Loading class java/util/concurrent/CompletableFuture$Signaller done
Event: 21.785 Loading class java/nio/charset/CharacterCodingException
Event: 21.785 Loading class java/nio/charset/CharacterCodingException done
Event: 21.785 Loading class java/io/SequenceInputStream
Event: 21.786 Loading class java/io/SequenceInputStream done
Event: 21.878 Loading class java/util/concurrent/CompletableFuture$UniApply
Event: 21.878 Loading class java/util/concurrent/CompletableFuture$UniCompletion
Event: 21.878 Loading class java/util/concurrent/CompletableFuture$UniCompletion done
Event: 21.878 Loading class java/util/concurrent/CompletableFuture$UniApply done
Event: 21.879 Loading class java/util/concurrent/CompletableFuture$UniAccept
Event: 21.880 Loading class java/util/concurrent/CompletableFuture$UniAccept done
Event: 21.880 Loading class java/util/concurrent/CompletableFuture$UniExceptionally
Event: 21.880 Loading class java/util/concurrent/CompletableFuture$UniExceptionally done

Classes unloaded (7 events):
Event: 4.423 Thread 0x000002afedad2b30 Unloading class 0x000002af8619d000 'java/lang/invoke/LambdaForm$MH+0x000002af8619d000'
Event: 4.423 Thread 0x000002afedad2b30 Unloading class 0x000002af8619cc00 'java/lang/invoke/LambdaForm$MH+0x000002af8619cc00'
Event: 4.423 Thread 0x000002afedad2b30 Unloading class 0x000002af8619c800 'java/lang/invoke/LambdaForm$MH+0x000002af8619c800'
Event: 4.423 Thread 0x000002afedad2b30 Unloading class 0x000002af8619c400 'java/lang/invoke/LambdaForm$MH+0x000002af8619c400'
Event: 4.423 Thread 0x000002afedad2b30 Unloading class 0x000002af8619c000 'java/lang/invoke/LambdaForm$BMH+0x000002af8619c000'
Event: 4.423 Thread 0x000002afedad2b30 Unloading class 0x000002af8619bc00 'java/lang/invoke/LambdaForm$DMH+0x000002af8619bc00'
Event: 4.423 Thread 0x000002afedad2b30 Unloading class 0x000002af8619a800 'java/lang/invoke/LambdaForm$DMH+0x000002af8619a800'

Classes redefined (0 events):
No events

Internal exceptions (20 events):
Event: 21.315 Thread 0x000002afce1206f0 Exception <a 'sun/nio/fs/WindowsException'{0x00000000d5952be8}> (0x00000000d5952be8) 
thrown [s\src\hotspot\share\prims\jni.cpp, line 520]
Event: 21.315 Thread 0x000002afce1206f0 Exception <a 'sun/nio/fs/WindowsException'{0x00000000d596a2f0}> (0x00000000d596a2f0) 
thrown [s\src\hotspot\share\prims\jni.cpp, line 520]
Event: 21.315 Thread 0x000002afce1206f0 Exception <a 'sun/nio/fs/WindowsException'{0x00000000d596ab68}> (0x00000000d596ab68) 
thrown [s\src\hotspot\share\prims\jni.cpp, line 520]
Event: 21.315 Thread 0x000002afce1206f0 Exception <a 'sun/nio/fs/WindowsException'{0x00000000d596b1a8}> (0x00000000d596b1a8) 
thrown [s\src\hotspot\share\prims\jni.cpp, line 520]
Event: 21.316 Thread 0x000002afce1206f0 Exception <a 'sun/nio/fs/WindowsException'{0x00000000d59eb5c8}> (0x00000000d59eb5c8) 
thrown [s\src\hotspot\share\prims\jni.cpp, line 520]
Event: 21.317 Thread 0x000002afce1206f0 Exception <a 'sun/nio/fs/WindowsException'{0x00000000d59ebea8}> (0x00000000d59ebea8) 
thrown [s\src\hotspot\share\prims\jni.cpp, line 520]
Event: 21.317 Thread 0x000002afce1206f0 Exception <a 'sun/nio/fs/WindowsException'{0x00000000d59ec528}> (0x00000000d59ec528) 
thrown [s\src\hotspot\share\prims\jni.cpp, line 520]
Event: 21.317 Thread 0x000002afce1206f0 Exception <a 'sun/nio/fs/WindowsException'{0x00000000d59ece00}> (0x00000000d59ece00) 
thrown [s\src\hotspot\share\prims\jni.cpp, line 520]
Event: 21.806 Thread 0x000002afce83f070 Exception <a 'java/io/FileNotFoundException'{0x00000000d594d1b0}> (0x00000000d594d1b0) 
thrown [s\src\hotspot\share\prims\jni.cpp, line 520]
Event: 21.808 Thread 0x000002afce83f070 Exception <a 'java/io/FileNotFoundException'{0x00000000d594e200}> (0x00000000d594e200) 
thrown [s\src\hotspot\share\prims\jni.cpp, line 520]
Event: 21.863 Thread 0x000002afce83f070 Exception <a 'sun/nio/fs/WindowsException'{0x00000000d55f0060}> (0x00000000d55f0060) 
thrown [s\src\hotspot\share\prims\jni.cpp, line 520]
Event: 21.863 Thread 0x000002afce83f070 Exception <a 'sun/nio/fs/WindowsException'{0x00000000d55f0690}> (0x00000000d55f0690) 
thrown [s\src\hotspot\share\prims\jni.cpp, line 520]
Event: 21.865 Thread 0x000002afce83f070 Exception <a 'sun/nio/fs/WindowsException'{0x00000000d55f3748}> (0x00000000d55f3748) 
thrown [s\src\hotspot\share\prims\jni.cpp, line 520]
Event: 21.865 Thread 0x000002afce83f070 Exception <a 'sun/nio/fs/WindowsException'{0x00000000d55f3d78}> (0x00000000d55f3d78) 
thrown [s\src\hotspot\share\prims\jni.cpp, line 520]
Event: 21.866 Thread 0x000002afce83f070 Exception <a 'sun/nio/fs/WindowsException'{0x00000000d55f4d20}> (0x00000000d55f4d20) 
thrown [s\src\hotspot\share\prims\jni.cpp, line 520]
Event: 21.866 Thread 0x000002afce83f070 Exception <a 'sun/nio/fs/WindowsException'{0x00000000d55f5350}> (0x00000000d55f5350) 
thrown [s\src\hotspot\share\prims\jni.cpp, line 520]
Event: 21.867 Thread 0x000002afce83f070 Exception <a 'sun/nio/fs/WindowsException'{0x00000000d55f5ed8}> (0x00000000d55f5ed8) 
thrown [s\src\hotspot\share\prims\jni.cpp, line 520]
Event: 21.867 Thread 0x000002afce83f070 Exception <a 'sun/nio/fs/WindowsException'{0x00000000d55f6508}> (0x00000000d55f6508) 
thrown [s\src\hotspot\share\prims\jni.cpp, line 520]
Event: 21.874 Thread 0x000002afce83f070 Exception <a 'java/lang/IncompatibleClassChangeError'{0x00000000d5661f20}: Found class java.lang.Object, but interface was expected> (0x00000000d5661f20) 
thrown [s\src\hotspot\share\interpreter\linkResolver.cpp, line 840]
Event: 21.889 Thread 0x000002afce83f070 Exception <a 'java/lang/IncompatibleClassChangeError'{0x00000000d573f220}: Found class java.lang.Object, but interface was expected> (0x00000000d573f220) 
thrown [s\src\hotspot\share\interpreter\linkResolver.cpp, line 840]

ZGC Phase Switch (0 events):
No events

VM Operations (20 events):
Event: 21.485 Executing VM operation: ParallelGCFailedAllocation (Allocation Failure)
Event: 21.489 Executing VM operation: ParallelGCFailedAllocation (Allocation Failure) done
Event: 21.497 Executing VM operation: ParallelGCFailedAllocation (Allocation Failure)
Event: 21.501 Executing VM operation: ParallelGCFailedAllocation (Allocation Failure) done
Event: 21.507 Executing VM operation: ParallelGCFailedAllocation (Allocation Failure)
Event: 21.510 Executing VM operation: ParallelGCFailedAllocation (Allocation Failure) done
Event: 21.518 Executing VM operation: HandshakeAllThreads (Deoptimize)
Event: 21.530 Executing VM operation: HandshakeAllThreads (Deoptimize) done
Event: 21.538 Executing VM operation: HandshakeAllThreads (Deoptimize)
Event: 21.539 Executing VM operation: HandshakeAllThreads (Deoptimize) done
Event: 21.546 Executing VM operation: ParallelGCFailedAllocation (Allocation Failure)
Event: 21.550 Executing VM operation: ParallelGCFailedAllocation (Allocation Failure) done
Event: 21.562 Executing VM operation: ParallelGCFailedAllocation (Allocation Failure)
Event: 21.565 Executing VM operation: ParallelGCFailedAllocation (Allocation Failure) done
Event: 21.605 Executing VM operation: ParallelGCFailedAllocation (Allocation Failure)
Event: 21.608 Executing VM operation: ParallelGCFailedAllocation (Allocation Failure) done
Event: 21.680 Executing VM operation: ParallelGCFailedAllocation (Allocation Failure)
Event: 21.684 Executing VM operation: ParallelGCFailedAllocation (Allocation Failure) done
Event: 21.847 Executing VM operation: ParallelGCFailedAllocation (Allocation Failure)
Event: 21.853 Executing VM operation: ParallelGCFailedAllocation (Allocation Failure) done

Memory protections (0 events):
No events

Nmethod flushes (20 events):
Event: 12.180 Thread 0x000002afedad2b30 flushing  nmethod 0x000002aff14d0d10
Event: 12.180 Thread 0x000002afedad2b30 flushing  nmethod 0x000002aff14d6410
Event: 12.180 Thread 0x000002afedad2b30 flushing  nmethod 0x000002aff14da190
Event: 12.180 Thread 0x000002afedad2b30 flushing  nmethod 0x000002aff14e3e90
Event: 12.180 Thread 0x000002afedad2b30 flushing  nmethod 0x000002aff14e4490
Event: 12.180 Thread 0x000002afedad2b30 flushing  nmethod 0x000002aff14e5910
Event: 12.180 Thread 0x000002afedad2b30 flushing  nmethod 0x000002aff14e6990
Event: 12.180 Thread 0x000002afedad2b30 flushing  nmethod 0x000002aff14e6f90
Event: 12.180 Thread 0x000002afedad2b30 flushing  nmethod 0x000002aff14eb410
Event: 12.180 Thread 0x000002afedad2b30 flushing  nmethod 0x000002aff14ed990
Event: 12.180 Thread 0x000002afedad2b30 flushing  nmethod 0x000002aff1512a10
Event: 12.180 Thread 0x000002afedad2b30 flushing  nmethod 0x000002aff151a610
Event: 12.180 Thread 0x000002afedad2b30 flushing  nmethod 0x000002aff155c310
Event: 12.180 Thread 0x000002afedad2b30 flushing  nmethod 0x000002aff155eb10
Event: 12.180 Thread 0x000002afedad2b30 flushing  nmethod 0x000002aff156ef90
Event: 12.180 Thread 0x000002afedad2b30 flushing  nmethod 0x000002aff1570810
Event: 12.180 Thread 0x000002afedad2b30 flushing  nmethod 0x000002aff1570f90
Event: 12.180 Thread 0x000002afedad2b30 flushing  nmethod 0x000002aff1571310
Event: 12.180 Thread 0x000002afedad2b30 flushing  nmethod 0x000002aff1571690
Event: 12.180 Thread 0x000002afedad2b30 flushing  nmethod 0x000002aff1584b10

Events (20 events):
Event: 18.556 Thread 0x000002afcfdba530 Thread exited: 0x000002afcfdba530
Event: 18.556 Thread 0x000002afcfdbc600 Thread exited: 0x000002afcfdbc600
Event: 18.557 Thread 0x000002afcfdb6a20 Thread exited: 0x000002afcfdb6a20
Event: 18.566 Thread 0x000002afc66b4c00 Thread added: 0x000002afc6767bf0
Event: 18.827 Thread 0x000002afc6767bf0 Thread exited: 0x000002afc6767bf0
Event: 18.987 Thread 0x000002afc66b4c00 Thread added: 0x000002afc6767bf0
Event: 20.015 Thread 0x000002afcc4ca7b0 Thread added: 0x000002afcfdb9ea0
Event: 20.015 Thread 0x000002afcc4ca7b0 Thread added: 0x000002afcfdb6a20
Event: 20.015 Thread 0x000002afcc4ca7b0 Thread added: 0x000002afcfdba530
Event: 20.016 Thread 0x000002afcc4ca7b0 Thread added: 0x000002afcfdbabc0
Event: 20.016 Thread 0x000002afcc4ca7b0 Thread added: 0x000002afcfdbb250
Event: 20.318 Thread 0x000002afcfdba530 Thread exited: 0x000002afcfdba530
Event: 20.318 Thread 0x000002afcfdbabc0 Thread exited: 0x000002afcfdbabc0
Event: 20.318 Thread 0x000002afcfdb6a20 Thread exited: 0x000002afcfdb6a20
Event: 20.319 Thread 0x000002afcfdb9ea0 Thread exited: 0x000002afcfdb9ea0
Event: 20.319 Thread 0x000002afcfdbb250 Thread exited: 0x000002afcfdbb250
Event: 20.524 Thread 0x000002afc6767bf0 Thread exited: 0x000002afc6767bf0
Event: 20.579 Thread 0x000002afc66ac550 Thread added: 0x000002afc76486b0
Event: 21.879 Thread 0x000002afce83f070 Thread added: 0x000002afcfdb6a20
Event: 21.890 Thread 0x000002afce83f070 Thread added: 0x000002afcfdbc600


Dynamic libraries:
0x00007ff648f90000 - 0x00007ff648f9e000 	c:\Users\migue\.vscode\extensions\redhat.java-1.43.1-win32-x64\jre\21.0.7-win32-x86_64\bin\java.exe
0x00007ffde5b00000 - 0x00007ffde5d68000 	C:\WINDOWS\SYSTEM32\ntdll.dll
0x00007ffde4eb0000 - 0x00007ffde4f79000 	C:\WINDOWS\System32\KERNEL32.DLL
0x00007ffde2c50000 - 0x00007ffde303d000 	C:\WINDOWS\System32\KERNELBASE.dll
0x00007ffde3580000 - 0x00007ffde36cb000 	C:\WINDOWS\System32\ucrtbase.dll
0x00007ffd9ab80000 - 0x00007ffd9ab98000 	c:\Users\migue\.vscode\extensions\redhat.java-1.43.1-win32-x64\jre\21.0.7-win32-x86_64\bin\jli.dll
0x00007ffde3fd0000 - 0x00007ffde419c000 	C:\WINDOWS\System32\USER32.dll
0x00007ffde3490000 - 0x00007ffde34b7000 	C:\WINDOWS\System32\win32u.dll
0x00007ffde50e0000 - 0x00007ffde510b000 	C:\WINDOWS\System32\GDI32.dll
0x00007ffde36d0000 - 0x00007ffde3807000 	C:\WINDOWS\System32\gdi32full.dll
0x00007ffde3340000 - 0x00007ffde33e3000 	C:\WINDOWS\System32\msvcp_win.dll
0x00007ffd9ab60000 - 0x00007ffd9ab7e000 	c:\Users\migue\.vscode\extensions\redhat.java-1.43.1-win32-x64\jre\21.0.7-win32-x86_64\bin\VCRUNTIME140.dll
0x00007ffdcaf30000 - 0x00007ffdcb1ca000 	C:\WINDOWS\WinSxS\amd64_microsoft.windows.common-controls_6595b64144ccf1df_6.0.26100.4484_none_3e0e6d4ce32ef3b3\COMCTL32.dll
0x00007ffde4ba0000 - 0x00007ffde4c49000 	C:\WINDOWS\System32\msvcrt.dll
0x00007ffde5450000 - 0x00007ffde547f000 	C:\WINDOWS\System32\IMM32.DLL
0x00007ffda2350000 - 0x00007ffda246a000 	C:\Program Files\Topaz OFD\Warsaw\wslbscr64.dll
0x00007ffde4f80000 - 0x00007ffde5034000 	C:\WINDOWS\System32\ADVAPI32.dll
0x00007ffde52a0000 - 0x00007ffde5346000 	C:\WINDOWS\System32\sechost.dll
0x00007ffde3eb0000 - 0x00007ffde3fc8000 	C:\WINDOWS\System32\RPCRT4.dll
0x00007ffde4350000 - 0x00007ffde4a9a000 	C:\WINDOWS\System32\SHELL32.dll
0x00007ffde31c0000 - 0x00007ffde3334000 	C:\WINDOWS\System32\wintypes.dll
0x00007ffde3940000 - 0x00007ffde3cc6000 	C:\WINDOWS\System32\combase.dll
0x00007ffde1b90000 - 0x00007ffde1bc6000 	C:\WINDOWS\SYSTEM32\ntmarta.dll
0x00007ffda2250000 - 0x00007ffda234a000 	C:\Program Files\Topaz OFD\Warsaw\wslbscrwh64.dll
0x00007ffda40a0000 - 0x00007ffda40ac000 	c:\Users\migue\.vscode\extensions\redhat.java-1.43.1-win32-x64\jre\21.0.7-win32-x86_64\bin\vcruntime140_1.dll
0x00007ffd4b310000 - 0x00007ffd4b39d000 	c:\Users\migue\.vscode\extensions\redhat.java-1.43.1-win32-x64\jre\21.0.7-win32-x86_64\bin\msvcp140.dll
0x00007ffd0bba0000 - 0x00007ffd0c930000 	c:\Users\migue\.vscode\extensions\redhat.java-1.43.1-win32-x64\jre\21.0.7-win32-x86_64\bin\server\jvm.dll
0x00007ffde5060000 - 0x00007ffde50d4000 	C:\WINDOWS\System32\WS2_32.dll
0x00007ffde2140000 - 0x00007ffde219e000 	C:\WINDOWS\SYSTEM32\POWRPROF.dll
0x00007ffdcda00000 - 0x00007ffdcda35000 	C:\WINDOWS\SYSTEM32\WINMM.dll
0x00007ffdd0420000 - 0x00007ffdd042b000 	C:\WINDOWS\SYSTEM32\VERSION.dll
0x00007ffde2120000 - 0x00007ffde2134000 	C:\WINDOWS\SYSTEM32\UMPDC.dll
0x00007ffde19f0000 - 0x00007ffde1a0b000 	C:\WINDOWS\SYSTEM32\kernel.appcore.dll
0x00007ffd9fcb0000 - 0x00007ffd9fcba000 	c:\Users\migue\.vscode\extensions\redhat.java-1.43.1-win32-x64\jre\21.0.7-win32-x86_64\bin\jimage.dll
0x00007ffde0380000 - 0x00007ffde05c1000 	C:\WINDOWS\SYSTEM32\DBGHELP.DLL
0x00007ffde51a0000 - 0x00007ffde5280000 	C:\WINDOWS\System32\OLEAUT32.dll
0x00007ffdc3160000 - 0x00007ffdc31a3000 	C:\WINDOWS\SYSTEM32\dbgcore.DLL
0x00007ffde33f0000 - 0x00007ffde3489000 	C:\WINDOWS\System32\bcryptPrimitives.dll
0x00007ffd9ab50000 - 0x00007ffd9ab5f000 	c:\Users\migue\.vscode\extensions\redhat.java-1.43.1-win32-x64\jre\21.0.7-win32-x86_64\bin\instrument.dll
0x00007ffd9aaf0000 - 0x00007ffd9ab0f000 	c:\Users\migue\.vscode\extensions\redhat.java-1.43.1-win32-x64\jre\21.0.7-win32-x86_64\bin\java.dll
0x00007ffde0860000 - 0x00007ffde10bb000 	C:\WINDOWS\SYSTEM32\windows.storage.dll
0x00007ffde5350000 - 0x00007ffde5445000 	C:\WINDOWS\System32\SHCORE.dll
0x000002afc73f0000 - 0x000002afc745a000 	C:\WINDOWS\System32\shlwapi.dll
0x00007ffde2b60000 - 0x00007ffde2b8f000 	C:\WINDOWS\SYSTEM32\profapi.dll
0x00007ffd77050000 - 0x00007ffd77068000 	c:\Users\migue\.vscode\extensions\redhat.java-1.43.1-win32-x64\jre\21.0.7-win32-x86_64\bin\zip.dll
0x00007ffd7cb10000 - 0x00007ffd7cb20000 	C:\Users\migue\.vscode\extensions\redhat.java-1.43.1-win32-x64\jre\21.0.7-win32-x86_64\bin\net.dll
0x00007ffdd4490000 - 0x00007ffdd45ae000 	C:\WINDOWS\SYSTEM32\WINHTTP.dll
0x00007ffde1ff0000 - 0x00007ffde205a000 	C:\WINDOWS\system32\mswsock.dll
0x00007ffd76ee0000 - 0x00007ffd76ef6000 	C:\Users\migue\.vscode\extensions\redhat.java-1.43.1-win32-x64\jre\21.0.7-win32-x86_64\bin\nio.dll
0x00007ffd7c950000 - 0x00007ffd7c960000 	c:\Users\migue\.vscode\extensions\redhat.java-1.43.1-win32-x64\jre\21.0.7-win32-x86_64\bin\verify.dll
0x00007ffd3f490000 - 0x00007ffd3f4d5000 	C:\Users\migue\AppData\Roaming\Code\User\globalStorage\redhat.java\1.43.1\config_win\org.eclipse.equinox.launcher\org.eclipse.equinox.launcher.win32.win32.x86_64_1.2.1300.v20250331-1702\eclipse_11911.dll
0x000002afc7dd0000 - 0x000002afc7f6e000 	C:\WINDOWS\System32\ole32.dll
0x00007ffde2350000 - 0x00007ffde236b000 	C:\WINDOWS\SYSTEM32\CRYPTSP.dll
0x00007ffde1950000 - 0x00007ffde198b000 	C:\WINDOWS\system32\rsaenh.dll
0x00007ffde20b0000 - 0x00007ffde20db000 	C:\WINDOWS\SYSTEM32\USERENV.dll
0x00007ffde2b30000 - 0x00007ffde2b56000 	C:\WINDOWS\SYSTEM32\bcrypt.dll
0x00007ffde2370000 - 0x00007ffde237c000 	C:\WINDOWS\SYSTEM32\CRYPTBASE.dll
0x00007ffde1490000 - 0x00007ffde14c3000 	C:\WINDOWS\SYSTEM32\IPHLPAPI.DLL
0x00007ffde38a0000 - 0x00007ffde38aa000 	C:\WINDOWS\System32\NSI.dll
0x00007ffda0250000 - 0x00007ffda0299000 	C:\Users\migue\AppData\Local\Temp\jna-103894555\jna7340225188043878367.dll
0x00007ffde4da0000 - 0x00007ffde4da8000 	C:\WINDOWS\System32\PSAPI.DLL
0x00007ffdd80d0000 - 0x00007ffdd80ef000 	C:\WINDOWS\SYSTEM32\dhcpcsvc6.DLL
0x00007ffdd45c0000 - 0x00007ffdd45e5000 	C:\WINDOWS\SYSTEM32\dhcpcsvc.DLL

dbghelp: loaded successfully - version: 4.0.5 - missing functions: none
symbol engine: initialized successfully - sym options: 0x614 - pdb path: .;c:\Users\migue\.vscode\extensions\redhat.java-1.43.1-win32-x64\jre\21.0.7-win32-x86_64\bin;C:\WINDOWS\SYSTEM32;C:\WINDOWS\WinSxS\amd64_microsoft.windows.common-controls_6595b64144ccf1df_6.0.26100.4484_none_3e0e6d4ce32ef3b3;C:\Program Files\Topaz OFD\Warsaw;c:\Users\migue\.vscode\extensions\redhat.java-1.43.1-win32-x64\jre\21.0.7-win32-x86_64\bin\server;C:\Users\migue\AppData\Roaming\Code\User\globalStorage\redhat.java\1.43.1\config_win\org.eclipse.equinox.launcher\org.eclipse.equinox.launcher.win32.win32.x86_64_1.2.1300.v20250331-1702;C:\Users\migue\AppData\Local\Temp\jna-103894555

VM Arguments:
jvm_args: --add-modules=ALL-SYSTEM --add-opens=java.base/java.util=ALL-UNNAMED --add-opens=java.base/java.lang=ALL-UNNAMED --add-opens=java.base/sun.nio.fs=ALL-UNNAMED -Declipse.application=org.eclipse.jdt.ls.core.id1 -Dosgi.bundles.defaultStartLevel=4 -Declipse.product=org.eclipse.jdt.ls.core.product -Djava.import.generatesMetadataFilesAtProjectRoot=false -DDetectVMInstallationsJob.disabled=true -Dfile.encoding=utf8 -XX:+UseParallelGC -XX:GCTimeRatio=4 -XX:AdaptiveSizePolicyWeight=90 -Dsun.zip.disableMemoryMapping=true -Xmx2G -Xms100m -Xlog:disable -javaagent:c:\Users\migue\.vscode\extensions\redhat.java-1.43.1-win32-x64\lombok\lombok-1.18.39-4050.jar -XX:+HeapDumpOnOutOfMemoryError -XX:HeapDumpPath=c:\Users\migue\AppData\Roaming\Code\User\workspaceStorage\a639b46f90215a13307bf9c14b7ca7a8\redhat.java -Daether.dependencyCollector.impl=bf 
java_command: c:\Users\migue\.vscode\extensions\redhat.java-1.43.1-win32-x64\server\plugins\org.eclipse.equinox.launcher_1.7.0.v20250519-0528.jar -configuration c:\Users\migue\AppData\Roaming\Code\User\globalStorage\redhat.java\1.43.1\config_win -data c:\Users\migue\AppData\Roaming\Code\User\workspaceStorage\a639b46f90215a13307bf9c14b7ca7a8\redhat.java\jdt_ws --pipe=\\.\pipe\lsp-892b0e76d5803b05df96c60b7c634b04-sock
java_class_path (initial): c:\Users\migue\.vscode\extensions\redhat.java-1.43.1-win32-x64\server\plugins\org.eclipse.equinox.launcher_1.7.0.v20250519-0528.jar
Launcher Type: SUN_STANDARD

[Global flags]
    uintx AdaptiveSizePolicyWeight                 = 90                                        {product} {command line}
     intx CICompilerCount                          = 4                                         {product} {ergonomic}
    uintx GCTimeRatio                              = 4                                         {product} {command line}
     bool HeapDumpOnOutOfMemoryError               = true                                   {manageable} {command line}
    ccstr HeapDumpPath                             = c:\Users\migue\AppData\Roaming\Code\User\workspaceStorage\a639b46f90215a13307bf9c14b7ca7a8\redhat.java         {manageable} {command line}
   size_t InitialHeapSize                          = 104857600                                 {product} {command line}
   size_t MaxHeapSize                              = 2147483648                                {product} {command line}
   size_t MaxNewSize                               = 715653120                                 {product} {ergonomic}
   size_t MinHeapDeltaBytes                        = 524288                                    {product} {ergonomic}
   size_t MinHeapSize                              = 104857600                                 {product} {command line}
   size_t NewSize                                  = 34603008                                  {product} {ergonomic}
    uintx NonNMethodCodeHeapSize                   = 5839372                                {pd product} {ergonomic}
    uintx NonProfiledCodeHeapSize                  = 122909434                              {pd product} {ergonomic}
   size_t OldSize                                  = 70254592                                  {product} {ergonomic}
    uintx ProfiledCodeHeapSize                     = 122909434                              {pd product} {ergonomic}
    uintx ReservedCodeCacheSize                    = 251658240                              {pd product} {ergonomic}
     bool SegmentedCodeCache                       = true                                      {product} {ergonomic}
   size_t SoftMaxHeapSize                          = 2147483648                             {manageable} {ergonomic}
     bool UseCompressedOops                        = true                           {product lp64_product} {ergonomic}
     bool UseLargePagesIndividualAllocation        = false                                  {pd product} {ergonomic}
     bool UseParallelGC                            = true                                      {product} {command line}

Logging:
Log output configuration:
 #0: stdout all=off uptime,level,tags foldmultilines=false
 #1: stderr all=off uptime,level,tags foldmultilines=false

Environment Variables:
JAVA_HOME=C:\Program Files\Java\jdk-21
PATH=C:\Program Files\Common Files\Oracle\Java\javapath;C:\Program Files (x86)\Common Files\Oracle\Java\javapath;C:\WINDOWS\system32;C:\WINDOWS;C:\WINDOWS\System32\Wbem;C:\WINDOWS\System32\WindowsPowerShell\v1.0\;C:\WINDOWS\System32\OpenSSH\;C:\Program Files\Git\cmd;C:\Program Files\dotnet\;C:\Program Files\nodejs\;C:\Users\migue\AppData\Local\Muse Hub\lib;C:\Program Files\Java\jre-1.8\bin;C:\Program Files\Common Files\Oracle\Java\javapath;C:\Program Files (x86)\Common Files\Oracle\Java\javapath;C:\WINDOWS\system32;C:\WINDOWS;C:\WINDOWS\System32\Wbem;C:\WINDOWS\System32\WindowsPowerShell\v1.0\;C:\WINDOWS\System32\OpenSSH\;C:\Program Files\Git\cmd;C:\Program Files\dotnet\;C:\Program Files\nodejs\;C:\Users\migue\AppData\Local\Microsoft\WindowsApps;C:\Users\migue\AppData\Local\Programs\Microsoft VS Code\bin;C:\Users\migue\AppData\Local\Muse Hub\lib;C:\Users\migue\AppData\Roaming\npm;C:\Users\migue\AppData\Local\Muse Hub\lib;C:\Program Files\Java\jdk-21\bin;
USERNAME=migue
OS=Windows_NT
PROCESSOR_IDENTIFIER=Intel64 Family 6 Model 140 Stepping 1, GenuineIntel
TMP=C:\Users\migue\AppData\Local\Temp
TEMP=C:\Users\migue\AppData\Local\Temp




Periodic native trim disabled

---------------  S Y S T E M  ---------------

OS:
 Windows 11 , 64 bit Build 26100 (10.0.26100.4484)
OS uptime: 1 days 18:48 hours
Hyper-V role detected

CPU: total 8 (initial active 8) (4 cores per cpu, 2 threads per core) family 6 model 140 stepping 1 microcode 0x8a, cx8, cmov, fxsr, ht, mmx, 3dnowpref, sse, sse2, sse3, ssse3, sse4.1, sse4.2, popcnt, lzcnt, tsc, tscinvbit, avx, avx2, aes, erms, clmul, bmi1, bmi2, adx, avx512f, avx512dq, avx512cd, avx512bw, avx512vl, sha, fma, vzeroupper, avx512_vpopcntdq, avx512_vpclmulqdq, avx512_vaes, avx512_vnni, clflush, clflushopt, clwb, avx512_vbmi2, avx512_vbmi, hv, rdtscp, rdpid, fsrm, gfni, avx512_bitalg, f16c, cet_ibt, cet_ss, avx512_ifma
Processor Information for the first 8 processors :
  Max Mhz: 2419, Current Mhz: 2419, Mhz Limit: 2419

Memory: 4k page, system-wide physical 7971M (443M free)
TotalPageFile size 18332M (AvailPageFile size 12M)
current process WorkingSet (physical memory assigned to process): 645M, peak: 654M
current process commit charge ("private bytes"): 626M, peak: 636M

vm_info: OpenJDK 64-Bit Server VM (21.0.7+6-LTS) for windows-amd64 JRE (21.0.7+6-LTS), built on 2025-04-15T00:00:00Z by "admin" with MS VC++ 17.7 (VS2022)

END.
