#
# There is insufficient memory for the Java Runtime Environment to continue.
# Native memory allocation (malloc) failed to allocate 703536 bytes for Chunk::new
# Possible reasons:
#   The system is out of physical RAM or swap space
#   The process is running with CompressedOops enabled, and the Java Heap may be blocking the growth of the native heap
# Possible solutions:
#   Reduce memory load on the system
#   Increase physical memory or swap space
#   Check if swap backing store is full
#   Decrease Java heap size (-Xmx/-Xms)
#   Decrease number of Java threads
#   Decrease Java thread stack sizes (-Xss)
#   Set larger code cache with -XX:ReservedCodeCacheSize=
#   JVM is running with Unscaled Compressed Oops mode in which the Java heap is
#     placed in the first 4GB address space. The Java Heap base address is the
#     maximum limit for the native heap growth. Please use -XX:HeapBaseMinAddress
#     to set the Java Heap base and to place the Java Heap above 4GB virtual address.
# This output file may be truncated or incomplete.
#
#  Out of Memory Error (arena.cpp:168), pid=24556, tid=15692
#
# JRE version: Java(TM) SE Runtime Environment (21.0.1+12) (build 21.0.1+12-LTS-29)
# Java VM: Java HotSpot(TM) 64-Bit Server VM (21.0.1+12-LTS-29, mixed mode, sharing, tiered, compressed oops, compressed class ptrs, g1 gc, windows-amd64)
# No core dump will be written. Minidumps are not enabled by default on client versions of Windows
#

---------------  S U M M A R Y ------------

Command Line: -XX:+ShowCodeDetailsInExceptionMessages com.hortanaporta.api.ApiApplication

Host: 11th Gen Intel(R) Core(TM) i5-1135G7 @ 2.40GHz, 8 cores, 7G,  Windows 11 , 64 bit Build 26100 (10.0.26100.4768)
Time: Wed Aug 27 15:53:15 2025 Hora oficial do Brasil elapsed time: 1.275231 seconds (0d 0h 0m 1s)

---------------  T H R E A D  ---------------

Current thread (0x000001fee8f5d680):  JavaThread "C2 CompilerThread0" daemon [_thread_in_native, id=15692, stack(0x000000efcc400000,0x000000efcc500000) (1024K)]


Current CompileTask:
C2:   1275 1952       4       java.lang.invoke.MethodType::methodType (69 bytes)

Stack: [0x000000efcc400000,0x000000efcc500000]
Native frames: (J=compiled Java code, j=interpreted, Vv=VM code, C=native code)
V  [jvm.dll+0x6c9029]
V  [jvm.dll+0x854b81]
V  [jvm.dll+0x856e5e]
V  [jvm.dll+0x857543]
V  [jvm.dll+0x280c06]
V  [jvm.dll+0xc3ead]
V  [jvm.dll+0xc43c3]
V  [jvm.dll+0x2f3f3f]
V  [jvm.dll+0x5f40a6]
V  [jvm.dll+0x252bef]
V  [jvm.dll+0x252fbf]
V  [jvm.dll+0x24b734]
V  [jvm.dll+0x248fa3]
V  [jvm.dll+0x1c9ca1]
V  [jvm.dll+0x2586b9]
V  [jvm.dll+0x256c9a]
V  [jvm.dll+0x3ef1b6]
V  [jvm.dll+0x7fd728]
V  [jvm.dll+0x6c777d]
C  [ucrtbase.dll+0x37b0]
C  [KERNEL32.DLL+0x2e8d7]
C  [ntdll.dll+0x3c34c]


---------------  P R O C E S S  ---------------

Threads class SMR info:
_java_thread_list=0x000001fee979e700, length=14, elements={
0x000001feca9fa730, 0x000001fee8f4d460, 0x000001fee8f4fed0, 0x000001fee8f51030,
0x000001fee8f53330, 0x000001fee8f55fc0, 0x000001fee8f589b0, 0x000001fee8f5d680,
0x000001fee95f2830, 0x000001fee9792f20, 0x000001fee97942d0, 0x000001fee97d3a30,
0x000001fee9794960, 0x000001feeee5b290
}

Java Threads: ( => current thread )
  0x000001feca9fa730 JavaThread "main"                              [_thread_in_vm, id=13292, stack(0x000000efcb600000,0x000000efcb700000) (1024K)]
  0x000001fee8f4d460 JavaThread "Reference Handler"          daemon [_thread_blocked, id=19864, stack(0x000000efcbe00000,0x000000efcbf00000) (1024K)]
  0x000001fee8f4fed0 JavaThread "Finalizer"                  daemon [_thread_blocked, id=24492, stack(0x000000efcbf00000,0x000000efcc000000) (1024K)]
  0x000001fee8f51030 JavaThread "Signal Dispatcher"          daemon [_thread_blocked, id=27616, stack(0x000000efcc000000,0x000000efcc100000) (1024K)]
  0x000001fee8f53330 JavaThread "Attach Listener"            daemon [_thread_blocked, id=27232, stack(0x000000efcc100000,0x000000efcc200000) (1024K)]
  0x000001fee8f55fc0 JavaThread "Service Thread"             daemon [_thread_blocked, id=21996, stack(0x000000efcc200000,0x000000efcc300000) (1024K)]
  0x000001fee8f589b0 JavaThread "Monitor Deflation Thread"   daemon [_thread_blocked, id=5236, stack(0x000000efcc300000,0x000000efcc400000) (1024K)]
=>0x000001fee8f5d680 JavaThread "C2 CompilerThread0"         daemon [_thread_in_native, id=15692, stack(0x000000efcc400000,0x000000efcc500000) (1024K)]
  0x000001fee95f2830 JavaThread "C1 CompilerThread0"         daemon [_thread_in_native, id=25368, stack(0x000000efcc500000,0x000000efcc600000) (1024K)]
  0x000001fee9792f20 JavaThread "Notification Thread"        daemon [_thread_blocked, id=14372, stack(0x000000efcc600000,0x000000efcc700000) (1024K)]
  0x000001fee97942d0 JavaThread "Common-Cleaner"             daemon [_thread_blocked, id=10876, stack(0x000000efcc700000,0x000000efcc800000) (1024K)]
  0x000001fee97d3a30 JavaThread "C2 CompilerThread1"         daemon [_thread_in_native, id=26592, stack(0x000000efcc800000,0x000000efcc900000) (1024K)]
  0x000001fee9794960 JavaThread "background-preinit"                [_thread_in_Java, id=6076, stack(0x000000efcce00000,0x000000efccf00000) (1024K)]
  0x000001feeee5b290 JavaThread "C2 CompilerThread2"         daemon [_thread_blocked, id=23408, stack(0x000000efcd100000,0x000000efcd200000) (1024K)]
Total: 14

Other Threads:
  0x000001fee8f2ae20 VMThread "VM Thread"                           [id=13548, stack(0x000000efcbd00000,0x000000efcbe00000) (1024K)]
  0x000001fee8f13ab0 WatcherThread "VM Periodic Task Thread"        [id=7772, stack(0x000000efcbc00000,0x000000efcbd00000) (1024K)]
  0x000001fecaeb7b60 WorkerThread "GC Thread#0"                     [id=21184, stack(0x000000efcb700000,0x000000efcb800000) (1024K)]
  0x000001feee936870 WorkerThread "GC Thread#1"                     [id=15364, stack(0x000000efcc900000,0x000000efcca00000) (1024K)]
  0x000001feee936c10 WorkerThread "GC Thread#2"                     [id=20204, stack(0x000000efcca00000,0x000000efccb00000) (1024K)]
  0x000001feee9600c0 WorkerThread "GC Thread#3"                     [id=12260, stack(0x000000efccb00000,0x000000efccc00000) (1024K)]
  0x000001feee964470 WorkerThread "GC Thread#4"                     [id=17900, stack(0x000000efccc00000,0x000000efccd00000) (1024K)]
  0x000001feee964810 WorkerThread "GC Thread#5"                     [id=11360, stack(0x000000efccd00000,0x000000efcce00000) (1024K)]
  0x000001feeee348c0 WorkerThread "GC Thread#6"                     [id=2060, stack(0x000000efccf00000,0x000000efcd000000) (1024K)]
  0x000001feeee34c60 WorkerThread "GC Thread#7"                     [id=19368, stack(0x000000efcd000000,0x000000efcd100000) (1024K)]
  0x000001fecaf07b80 ConcurrentGCThread "G1 Main Marker"            [id=25020, stack(0x000000efcb800000,0x000000efcb900000) (1024K)]
  0x000001fecaf09530 WorkerThread "G1 Conc#0"                       [id=22700, stack(0x000000efcb900000,0x000000efcba00000) (1024K)]
  0x000001fee8de6230 ConcurrentGCThread "G1 Refine#0"               [id=23604, stack(0x000000efcba00000,0x000000efcbb00000) (1024K)]
  0x000001fee8de6c40 ConcurrentGCThread "G1 Service"                [id=5488, stack(0x000000efcbb00000,0x000000efcbc00000) (1024K)]
Total: 14

Threads with active compile tasks:
C2 CompilerThread0     1323 1952       4       java.lang.invoke.MethodType::methodType (69 bytes)
C1 CompilerThread0     1324 2131       3       java.util.LinkedHashMap::getOrDefault (29 bytes)
C2 CompilerThread1     1324 1887       4       java.lang.invoke.MethodType::makeImpl (109 bytes)
Total: 3

VM state: not at safepoint (normal execution)

VM Mutex/Monitor currently owned by a thread: None

Heap address: 0x0000000083600000, size: 1994 MB, Compressed Oops mode: 32-bit

CDS archive(s) mapped at: [0x000001fe80000000-0x000001fe80c90000-0x000001fe80c90000), size 13172736, SharedBaseAddress: 0x000001fe80000000, ArchiveRelocationMode: 1.
Compressed class space mapped at: 0x000001fe81000000-0x000001fec1000000, reserved size: 1073741824
Narrow klass base: 0x000001fe80000000, Narrow klass shift: 0, Narrow klass range: 0x100000000

GC Precious Log:
 CardTable entry size: 512
 Card Set container configuration: InlinePtr #cards 5 size 8 Array Of Cards #cards 12 size 40 Howl #buckets 4 coarsen threshold 1843 Howl Bitmap #cards 512 size 80 coarsen threshold 460 Card regions per heap region 1 cards per card region 2048
 CPUs: 8 total, 8 available
 Memory: 7971M
 Large Page Support: Disabled
 NUMA Support: Disabled
 Compressed Oops: Enabled (32-bit)
 Heap Region Size: 1M
 Heap Min Capacity: 8M
 Heap Initial Capacity: 126M
 Heap Max Capacity: 1994M
 Pre-touch: Disabled
 Parallel Workers: 8
 Concurrent Workers: 2
 Concurrent Refinement Workers: 8
 Periodic GC: Disabled

Heap:
 garbage-first heap   total 129024K, used 17341K [0x0000000083600000, 0x0000000100000000)
  region size 1024K, 11 young (11264K), 3 survivors (3072K)
 Metaspace       used 15867K, committed 16256K, reserved 1114112K
  class space    used 2073K, committed 2240K, reserved 1048576K

Heap Regions: E=young(eden), S=young(survivor), O=old, HS=humongous(starts), HC=humongous(continues), CS=collection set, F=free, TAMS=top-at-mark-start, PB=parsable bottom
|   0|0x0000000083600000, 0x0000000083700000, 0x0000000083700000|100%|HS|  |TAMS 0x0000000083600000| PB 0x0000000083600000| Complete 
|   1|0x0000000083700000, 0x0000000083800000, 0x0000000083800000|100%|HS|  |TAMS 0x0000000083700000| PB 0x0000000083700000| Complete 
|   2|0x0000000083800000, 0x0000000083900000, 0x0000000083900000|100%| O|  |TAMS 0x0000000083800000| PB 0x0000000083800000| Untracked 
|   3|0x0000000083900000, 0x0000000083a00000, 0x0000000083a00000|100%| O|  |TAMS 0x0000000083900000| PB 0x0000000083900000| Untracked 
|   4|0x0000000083a00000, 0x0000000083b00000, 0x0000000083b00000|100%| O|  |TAMS 0x0000000083a00000| PB 0x0000000083a00000| Untracked 
|   5|0x0000000083b00000, 0x0000000083c00000, 0x0000000083c00000|100%| O|  |TAMS 0x0000000083b00000| PB 0x0000000083b00000| Untracked 
|   6|0x0000000083c00000, 0x0000000083d00000, 0x0000000083d00000|100%| O|  |TAMS 0x0000000083c00000| PB 0x0000000083c00000| Untracked 
|   7|0x0000000083d00000, 0x0000000083daa280, 0x0000000083e00000| 66%| O|  |TAMS 0x0000000083d00000| PB 0x0000000083d00000| Untracked 
|   8|0x0000000083e00000, 0x0000000083e00000, 0x0000000083f00000|  0%| F|  |TAMS 0x0000000083e00000| PB 0x0000000083e00000| Untracked 
|   9|0x0000000083f00000, 0x0000000083f00000, 0x0000000084000000|  0%| F|  |TAMS 0x0000000083f00000| PB 0x0000000083f00000| Untracked 
|  10|0x0000000084000000, 0x0000000084000000, 0x0000000084100000|  0%| F|  |TAMS 0x0000000084000000| PB 0x0000000084000000| Untracked 
|  11|0x0000000084100000, 0x0000000084100000, 0x0000000084200000|  0%| F|  |TAMS 0x0000000084100000| PB 0x0000000084100000| Untracked 
|  12|0x0000000084200000, 0x0000000084200000, 0x0000000084300000|  0%| F|  |TAMS 0x0000000084200000| PB 0x0000000084200000| Untracked 
|  13|0x0000000084300000, 0x0000000084300000, 0x0000000084400000|  0%| F|  |TAMS 0x0000000084300000| PB 0x0000000084300000| Untracked 
|  14|0x0000000084400000, 0x0000000084400000, 0x0000000084500000|  0%| F|  |TAMS 0x0000000084400000| PB 0x0000000084400000| Untracked 
|  15|0x0000000084500000, 0x0000000084500000, 0x0000000084600000|  0%| F|  |TAMS 0x0000000084500000| PB 0x0000000084500000| Untracked 
|  16|0x0000000084600000, 0x0000000084600000, 0x0000000084700000|  0%| F|  |TAMS 0x0000000084600000| PB 0x0000000084600000| Untracked 
|  17|0x0000000084700000, 0x0000000084700000, 0x0000000084800000|  0%| F|  |TAMS 0x0000000084700000| PB 0x0000000084700000| Untracked 
|  18|0x0000000084800000, 0x0000000084800000, 0x0000000084900000|  0%| F|  |TAMS 0x0000000084800000| PB 0x0000000084800000| Untracked 
|  19|0x0000000084900000, 0x0000000084900000, 0x0000000084a00000|  0%| F|  |TAMS 0x0000000084900000| PB 0x0000000084900000| Untracked 
|  20|0x0000000084a00000, 0x0000000084a00000, 0x0000000084b00000|  0%| F|  |TAMS 0x0000000084a00000| PB 0x0000000084a00000| Untracked 
|  21|0x0000000084b00000, 0x0000000084b00000, 0x0000000084c00000|  0%| F|  |TAMS 0x0000000084b00000| PB 0x0000000084b00000| Untracked 
|  22|0x0000000084c00000, 0x0000000084c00000, 0x0000000084d00000|  0%| F|  |TAMS 0x0000000084c00000| PB 0x0000000084c00000| Untracked 
|  23|0x0000000084d00000, 0x0000000084d00000, 0x0000000084e00000|  0%| F|  |TAMS 0x0000000084d00000| PB 0x0000000084d00000| Untracked 
|  24|0x0000000084e00000, 0x0000000084e00000, 0x0000000084f00000|  0%| F|  |TAMS 0x0000000084e00000| PB 0x0000000084e00000| Untracked 
|  25|0x0000000084f00000, 0x0000000084f00000, 0x0000000085000000|  0%| F|  |TAMS 0x0000000084f00000| PB 0x0000000084f00000| Untracked 
|  26|0x0000000085000000, 0x0000000085000000, 0x0000000085100000|  0%| F|  |TAMS 0x0000000085000000| PB 0x0000000085000000| Untracked 
|  27|0x0000000085100000, 0x0000000085100000, 0x0000000085200000|  0%| F|  |TAMS 0x0000000085100000| PB 0x0000000085100000| Untracked 
|  28|0x0000000085200000, 0x0000000085200000, 0x0000000085300000|  0%| F|  |TAMS 0x0000000085200000| PB 0x0000000085200000| Untracked 
|  29|0x0000000085300000, 0x0000000085300000, 0x0000000085400000|  0%| F|  |TAMS 0x0000000085300000| PB 0x0000000085300000| Untracked 
|  30|0x0000000085400000, 0x0000000085400000, 0x0000000085500000|  0%| F|  |TAMS 0x0000000085400000| PB 0x0000000085400000| Untracked 
|  31|0x0000000085500000, 0x0000000085500000, 0x0000000085600000|  0%| F|  |TAMS 0x0000000085500000| PB 0x0000000085500000| Untracked 
|  32|0x0000000085600000, 0x0000000085600000, 0x0000000085700000|  0%| F|  |TAMS 0x0000000085600000| PB 0x0000000085600000| Untracked 
|  33|0x0000000085700000, 0x0000000085700000, 0x0000000085800000|  0%| F|  |TAMS 0x0000000085700000| PB 0x0000000085700000| Untracked 
|  34|0x0000000085800000, 0x0000000085800000, 0x0000000085900000|  0%| F|  |TAMS 0x0000000085800000| PB 0x0000000085800000| Untracked 
|  35|0x0000000085900000, 0x0000000085900000, 0x0000000085a00000|  0%| F|  |TAMS 0x0000000085900000| PB 0x0000000085900000| Untracked 
|  36|0x0000000085a00000, 0x0000000085a00000, 0x0000000085b00000|  0%| F|  |TAMS 0x0000000085a00000| PB 0x0000000085a00000| Untracked 
|  37|0x0000000085b00000, 0x0000000085b00000, 0x0000000085c00000|  0%| F|  |TAMS 0x0000000085b00000| PB 0x0000000085b00000| Untracked 
|  38|0x0000000085c00000, 0x0000000085c00000, 0x0000000085d00000|  0%| F|  |TAMS 0x0000000085c00000| PB 0x0000000085c00000| Untracked 
|  39|0x0000000085d00000, 0x0000000085d00000, 0x0000000085e00000|  0%| F|  |TAMS 0x0000000085d00000| PB 0x0000000085d00000| Untracked 
|  40|0x0000000085e00000, 0x0000000085e00000, 0x0000000085f00000|  0%| F|  |TAMS 0x0000000085e00000| PB 0x0000000085e00000| Untracked 
|  41|0x0000000085f00000, 0x0000000085f00000, 0x0000000086000000|  0%| F|  |TAMS 0x0000000085f00000| PB 0x0000000085f00000| Untracked 
|  42|0x0000000086000000, 0x0000000086000000, 0x0000000086100000|  0%| F|  |TAMS 0x0000000086000000| PB 0x0000000086000000| Untracked 
|  43|0x0000000086100000, 0x0000000086100000, 0x0000000086200000|  0%| F|  |TAMS 0x0000000086100000| PB 0x0000000086100000| Untracked 
|  44|0x0000000086200000, 0x0000000086200000, 0x0000000086300000|  0%| F|  |TAMS 0x0000000086200000| PB 0x0000000086200000| Untracked 
|  45|0x0000000086300000, 0x0000000086300000, 0x0000000086400000|  0%| F|  |TAMS 0x0000000086300000| PB 0x0000000086300000| Untracked 
|  46|0x0000000086400000, 0x0000000086400000, 0x0000000086500000|  0%| F|  |TAMS 0x0000000086400000| PB 0x0000000086400000| Untracked 
|  47|0x0000000086500000, 0x0000000086500000, 0x0000000086600000|  0%| F|  |TAMS 0x0000000086500000| PB 0x0000000086500000| Untracked 
|  48|0x0000000086600000, 0x0000000086600000, 0x0000000086700000|  0%| F|  |TAMS 0x0000000086600000| PB 0x0000000086600000| Untracked 
|  49|0x0000000086700000, 0x0000000086700000, 0x0000000086800000|  0%| F|  |TAMS 0x0000000086700000| PB 0x0000000086700000| Untracked 
|  50|0x0000000086800000, 0x0000000086800000, 0x0000000086900000|  0%| F|  |TAMS 0x0000000086800000| PB 0x0000000086800000| Untracked 
|  51|0x0000000086900000, 0x0000000086900000, 0x0000000086a00000|  0%| F|  |TAMS 0x0000000086900000| PB 0x0000000086900000| Untracked 
|  52|0x0000000086a00000, 0x0000000086a00000, 0x0000000086b00000|  0%| F|  |TAMS 0x0000000086a00000| PB 0x0000000086a00000| Untracked 
|  53|0x0000000086b00000, 0x0000000086b00000, 0x0000000086c00000|  0%| F|  |TAMS 0x0000000086b00000| PB 0x0000000086b00000| Untracked 
|  54|0x0000000086c00000, 0x0000000086c00000, 0x0000000086d00000|  0%| F|  |TAMS 0x0000000086c00000| PB 0x0000000086c00000| Untracked 
|  55|0x0000000086d00000, 0x0000000086d00000, 0x0000000086e00000|  0%| F|  |TAMS 0x0000000086d00000| PB 0x0000000086d00000| Untracked 
|  56|0x0000000086e00000, 0x0000000086e00000, 0x0000000086f00000|  0%| F|  |TAMS 0x0000000086e00000| PB 0x0000000086e00000| Untracked 
|  57|0x0000000086f00000, 0x0000000086f00000, 0x0000000087000000|  0%| F|  |TAMS 0x0000000086f00000| PB 0x0000000086f00000| Untracked 
|  58|0x0000000087000000, 0x0000000087000000, 0x0000000087100000|  0%| F|  |TAMS 0x0000000087000000| PB 0x0000000087000000| Untracked 
|  59|0x0000000087100000, 0x0000000087100000, 0x0000000087200000|  0%| F|  |TAMS 0x0000000087100000| PB 0x0000000087100000| Untracked 
|  60|0x0000000087200000, 0x0000000087200000, 0x0000000087300000|  0%| F|  |TAMS 0x0000000087200000| PB 0x0000000087200000| Untracked 
|  61|0x0000000087300000, 0x0000000087300000, 0x0000000087400000|  0%| F|  |TAMS 0x0000000087300000| PB 0x0000000087300000| Untracked 
|  62|0x0000000087400000, 0x0000000087400000, 0x0000000087500000|  0%| F|  |TAMS 0x0000000087400000| PB 0x0000000087400000| Untracked 
|  63|0x0000000087500000, 0x0000000087500000, 0x0000000087600000|  0%| F|  |TAMS 0x0000000087500000| PB 0x0000000087500000| Untracked 
|  64|0x0000000087600000, 0x0000000087600000, 0x0000000087700000|  0%| F|  |TAMS 0x0000000087600000| PB 0x0000000087600000| Untracked 
|  65|0x0000000087700000, 0x0000000087700000, 0x0000000087800000|  0%| F|  |TAMS 0x0000000087700000| PB 0x0000000087700000| Untracked 
|  66|0x0000000087800000, 0x0000000087800000, 0x0000000087900000|  0%| F|  |TAMS 0x0000000087800000| PB 0x0000000087800000| Untracked 
|  67|0x0000000087900000, 0x0000000087900000, 0x0000000087a00000|  0%| F|  |TAMS 0x0000000087900000| PB 0x0000000087900000| Untracked 
|  68|0x0000000087a00000, 0x0000000087a00000, 0x0000000087b00000|  0%| F|  |TAMS 0x0000000087a00000| PB 0x0000000087a00000| Untracked 
|  69|0x0000000087b00000, 0x0000000087b00000, 0x0000000087c00000|  0%| F|  |TAMS 0x0000000087b00000| PB 0x0000000087b00000| Untracked 
|  70|0x0000000087c00000, 0x0000000087c00000, 0x0000000087d00000|  0%| F|  |TAMS 0x0000000087c00000| PB 0x0000000087c00000| Untracked 
|  71|0x0000000087d00000, 0x0000000087d00000, 0x0000000087e00000|  0%| F|  |TAMS 0x0000000087d00000| PB 0x0000000087d00000| Untracked 
|  72|0x0000000087e00000, 0x0000000087e00000, 0x0000000087f00000|  0%| F|  |TAMS 0x0000000087e00000| PB 0x0000000087e00000| Untracked 
|  73|0x0000000087f00000, 0x0000000087f00000, 0x0000000088000000|  0%| F|  |TAMS 0x0000000087f00000| PB 0x0000000087f00000| Untracked 
|  74|0x0000000088000000, 0x0000000088000000, 0x0000000088100000|  0%| F|  |TAMS 0x0000000088000000| PB 0x0000000088000000| Untracked 
|  75|0x0000000088100000, 0x0000000088100000, 0x0000000088200000|  0%| F|  |TAMS 0x0000000088100000| PB 0x0000000088100000| Untracked 
|  76|0x0000000088200000, 0x0000000088200000, 0x0000000088300000|  0%| F|  |TAMS 0x0000000088200000| PB 0x0000000088200000| Untracked 
|  77|0x0000000088300000, 0x0000000088300000, 0x0000000088400000|  0%| F|  |TAMS 0x0000000088300000| PB 0x0000000088300000| Untracked 
|  78|0x0000000088400000, 0x0000000088400000, 0x0000000088500000|  0%| F|  |TAMS 0x0000000088400000| PB 0x0000000088400000| Untracked 
|  79|0x0000000088500000, 0x0000000088500000, 0x0000000088600000|  0%| F|  |TAMS 0x0000000088500000| PB 0x0000000088500000| Untracked 
|  80|0x0000000088600000, 0x0000000088600000, 0x0000000088700000|  0%| F|  |TAMS 0x0000000088600000| PB 0x0000000088600000| Untracked 
|  81|0x0000000088700000, 0x0000000088700000, 0x0000000088800000|  0%| F|  |TAMS 0x0000000088700000| PB 0x0000000088700000| Untracked 
|  82|0x0000000088800000, 0x0000000088800000, 0x0000000088900000|  0%| F|  |TAMS 0x0000000088800000| PB 0x0000000088800000| Untracked 
|  83|0x0000000088900000, 0x0000000088900000, 0x0000000088a00000|  0%| F|  |TAMS 0x0000000088900000| PB 0x0000000088900000| Untracked 
|  84|0x0000000088a00000, 0x0000000088a00000, 0x0000000088b00000|  0%| F|  |TAMS 0x0000000088a00000| PB 0x0000000088a00000| Untracked 
|  85|0x0000000088b00000, 0x0000000088b00000, 0x0000000088c00000|  0%| F|  |TAMS 0x0000000088b00000| PB 0x0000000088b00000| Untracked 
|  86|0x0000000088c00000, 0x0000000088c00000, 0x0000000088d00000|  0%| F|  |TAMS 0x0000000088c00000| PB 0x0000000088c00000| Untracked 
|  87|0x0000000088d00000, 0x0000000088d00000, 0x0000000088e00000|  0%| F|  |TAMS 0x0000000088d00000| PB 0x0000000088d00000| Untracked 
|  88|0x0000000088e00000, 0x0000000088e00000, 0x0000000088f00000|  0%| F|  |TAMS 0x0000000088e00000| PB 0x0000000088e00000| Untracked 
|  89|0x0000000088f00000, 0x0000000088f00000, 0x0000000089000000|  0%| F|  |TAMS 0x0000000088f00000| PB 0x0000000088f00000| Untracked 
|  90|0x0000000089000000, 0x0000000089000000, 0x0000000089100000|  0%| F|  |TAMS 0x0000000089000000| PB 0x0000000089000000| Untracked 
|  91|0x0000000089100000, 0x0000000089100000, 0x0000000089200000|  0%| F|  |TAMS 0x0000000089100000| PB 0x0000000089100000| Untracked 
|  92|0x0000000089200000, 0x0000000089245420, 0x0000000089300000| 27%| S|CS|TAMS 0x0000000089200000| PB 0x0000000089200000| Complete 
|  93|0x0000000089300000, 0x0000000089400000, 0x0000000089400000|100%| S|CS|TAMS 0x0000000089300000| PB 0x0000000089300000| Complete 
|  94|0x0000000089400000, 0x0000000089500000, 0x0000000089500000|100%| S|CS|TAMS 0x0000000089400000| PB 0x0000000089400000| Complete 
|  95|0x0000000089500000, 0x0000000089500000, 0x0000000089600000|  0%| F|  |TAMS 0x0000000089500000| PB 0x0000000089500000| Untracked 
|  96|0x0000000089600000, 0x0000000089600000, 0x0000000089700000|  0%| F|  |TAMS 0x0000000089600000| PB 0x0000000089600000| Untracked 
|  97|0x0000000089700000, 0x0000000089700000, 0x0000000089800000|  0%| F|  |TAMS 0x0000000089700000| PB 0x0000000089700000| Untracked 
|  98|0x0000000089800000, 0x0000000089800000, 0x0000000089900000|  0%| F|  |TAMS 0x0000000089800000| PB 0x0000000089800000| Untracked 
|  99|0x0000000089900000, 0x0000000089900000, 0x0000000089a00000|  0%| F|  |TAMS 0x0000000089900000| PB 0x0000000089900000| Untracked 
| 100|0x0000000089a00000, 0x0000000089a00000, 0x0000000089b00000|  0%| F|  |TAMS 0x0000000089a00000| PB 0x0000000089a00000| Untracked 
| 101|0x0000000089b00000, 0x0000000089b00000, 0x0000000089c00000|  0%| F|  |TAMS 0x0000000089b00000| PB 0x0000000089b00000| Untracked 
| 102|0x0000000089c00000, 0x0000000089c00000, 0x0000000089d00000|  0%| F|  |TAMS 0x0000000089c00000| PB 0x0000000089c00000| Untracked 
| 103|0x0000000089d00000, 0x0000000089d00000, 0x0000000089e00000|  0%| F|  |TAMS 0x0000000089d00000| PB 0x0000000089d00000| Untracked 
| 104|0x0000000089e00000, 0x0000000089e00000, 0x0000000089f00000|  0%| F|  |TAMS 0x0000000089e00000| PB 0x0000000089e00000| Untracked 
| 105|0x0000000089f00000, 0x0000000089f00000, 0x000000008a000000|  0%| F|  |TAMS 0x0000000089f00000| PB 0x0000000089f00000| Untracked 
| 106|0x000000008a000000, 0x000000008a000000, 0x000000008a100000|  0%| F|  |TAMS 0x000000008a000000| PB 0x000000008a000000| Untracked 
| 107|0x000000008a100000, 0x000000008a100000, 0x000000008a200000|  0%| F|  |TAMS 0x000000008a100000| PB 0x000000008a100000| Untracked 
| 108|0x000000008a200000, 0x000000008a200000, 0x000000008a300000|  0%| F|  |TAMS 0x000000008a200000| PB 0x000000008a200000| Untracked 
| 109|0x000000008a300000, 0x000000008a300000, 0x000000008a400000|  0%| F|  |TAMS 0x000000008a300000| PB 0x000000008a300000| Untracked 
| 110|0x000000008a400000, 0x000000008a400000, 0x000000008a500000|  0%| F|  |TAMS 0x000000008a400000| PB 0x000000008a400000| Untracked 
| 111|0x000000008a500000, 0x000000008a500000, 0x000000008a600000|  0%| F|  |TAMS 0x000000008a500000| PB 0x000000008a500000| Untracked 
| 112|0x000000008a600000, 0x000000008a600000, 0x000000008a700000|  0%| F|  |TAMS 0x000000008a600000| PB 0x000000008a600000| Untracked 
| 113|0x000000008a700000, 0x000000008a700000, 0x000000008a800000|  0%| F|  |TAMS 0x000000008a700000| PB 0x000000008a700000| Untracked 
| 114|0x000000008a800000, 0x000000008a800000, 0x000000008a900000|  0%| F|  |TAMS 0x000000008a800000| PB 0x000000008a800000| Untracked 
| 115|0x000000008a900000, 0x000000008a900000, 0x000000008aa00000|  0%| F|  |TAMS 0x000000008a900000| PB 0x000000008a900000| Untracked 
| 116|0x000000008aa00000, 0x000000008aa00000, 0x000000008ab00000|  0%| F|  |TAMS 0x000000008aa00000| PB 0x000000008aa00000| Untracked 
| 117|0x000000008ab00000, 0x000000008ab00000, 0x000000008ac00000|  0%| F|  |TAMS 0x000000008ab00000| PB 0x000000008ab00000| Untracked 
| 118|0x000000008ac00000, 0x000000008ac85ef0, 0x000000008ad00000| 52%| E|  |TAMS 0x000000008ac00000| PB 0x000000008ac00000| Complete 
| 119|0x000000008ad00000, 0x000000008ae00000, 0x000000008ae00000|100%| E|CS|TAMS 0x000000008ad00000| PB 0x000000008ad00000| Complete 
| 120|0x000000008ae00000, 0x000000008af00000, 0x000000008af00000|100%| E|CS|TAMS 0x000000008ae00000| PB 0x000000008ae00000| Complete 
| 121|0x000000008af00000, 0x000000008b000000, 0x000000008b000000|100%| E|CS|TAMS 0x000000008af00000| PB 0x000000008af00000| Complete 
| 122|0x000000008b000000, 0x000000008b100000, 0x000000008b100000|100%| E|CS|TAMS 0x000000008b000000| PB 0x000000008b000000| Complete 
| 123|0x000000008b100000, 0x000000008b200000, 0x000000008b200000|100%| E|CS|TAMS 0x000000008b100000| PB 0x000000008b100000| Complete 
| 124|0x000000008b200000, 0x000000008b300000, 0x000000008b300000|100%| E|CS|TAMS 0x000000008b200000| PB 0x000000008b200000| Complete 
| 125|0x000000008b300000, 0x000000008b400000, 0x000000008b400000|100%| E|CS|TAMS 0x000000008b300000| PB 0x000000008b300000| Complete 

Card table byte_map: [0x000001fee4700000,0x000001fee4af0000] _byte_map_base: 0x000001fee42e5000

Marking Bits: (CMBitMap*) 0x000001fecaeb8a70
 Bits: [0x000001fee4af0000, 0x000001fee6a18000)

Polling page: 0x000001fecab40000

Metaspace:

Usage:
  Non-class:     13.52 MB used.
      Class:      2.03 MB used.
       Both:     15.55 MB used.

Virtual space:
  Non-class space:       64.00 MB reserved,      13.69 MB ( 21%) committed,  1 nodes.
      Class space:        1.00 GB reserved,       2.19 MB ( <1%) committed,  1 nodes.
             Both:        1.06 GB reserved,      15.88 MB (  1%) committed. 

Chunk freelists:
   Non-Class:  2.33 MB
       Class:  13.76 MB
        Both:  16.09 MB

MaxMetaspaceSize: unlimited
CompressedClassSpaceSize: 1.00 GB
Initial GC threshold: 21.00 MB
Current GC threshold: 21.00 MB
CDS: on
 - commit_granule_bytes: 65536.
 - commit_granule_words: 8192.
 - virtual_space_node_default_size: 8388608.
 - enlarge_chunks_in_place: 1.
 - use_allocation_guard: 0.


Internal statistics:

num_allocs_failed_limit: 0.
num_arena_births: 378.
num_arena_deaths: 0.
num_vsnodes_births: 2.
num_vsnodes_deaths: 0.
num_space_committed: 254.
num_space_uncommitted: 0.
num_chunks_returned_to_freelist: 0.
num_chunks_taken_from_freelist: 921.
num_chunk_merges: 0.
num_chunk_splits: 613.
num_chunks_enlarged: 426.
num_inconsistent_stats: 0.

CodeHeap 'non-profiled nmethods': size=120000Kb used=730Kb max_used=730Kb free=119270Kb
 bounds [0x000001fedc380000, 0x000001fedc5f0000, 0x000001fee38b0000]
CodeHeap 'profiled nmethods': size=120000Kb used=3893Kb max_used=3893Kb free=116106Kb
 bounds [0x000001fed48b0000, 0x000001fed4c80000, 0x000001fedbde0000]
CodeHeap 'non-nmethods': size=5760Kb used=1565Kb max_used=1579Kb free=4195Kb
 bounds [0x000001fedbde0000, 0x000001fedc050000, 0x000001fedc380000]
 total_blobs=2638 nmethods=2131 adapters=411
 compilation: enabled
              stopped_count=0, restarted_count=0
 full_count=0

Compilation events (20 events):
Event: 1.264 Thread 0x000001fee95f2830 2006   !   3       java.lang.invoke.BoundMethodHandle$Species_L::copyWithExtendL (31 bytes)
Event: 1.265 Thread 0x000001fee95f2830 nmethod 2006 0x000001fed4c46f90 code [0x000001fed4c471e0, 0x000001fed4c47cf8]
Event: 1.265 Thread 0x000001fee95f2830 2013       3       java.lang.String::compareTo (63 bytes)
Event: 1.265 Thread 0x000001fee95f2830 nmethod 2013 0x000001fed4c48010 code [0x000001fed4c48220, 0x000001fed4c486c0]
Event: 1.266 Thread 0x000001fee95f2830 2014       3       java.lang.StringLatin1::compareTo (14 bytes)
Event: 1.266 Thread 0x000001fee95f2830 nmethod 2014 0x000001fed4c48890 code [0x000001fed4c48a40, 0x000001fed4c48b68]
Event: 1.266 Thread 0x000001fee95f2830 2015       3       java.util.Arrays$ArrayList::size (6 bytes)
Event: 1.266 Thread 0x000001fee95f2830 nmethod 2015 0x000001fed4c48c90 code [0x000001fed4c48e20, 0x000001fed4c48f38]
Event: 1.266 Thread 0x000001fee95f2830 2016       3       java.util.HashSet::isEmpty (8 bytes)
Event: 1.266 Thread 0x000001fee95f2830 nmethod 2016 0x000001fed4c49010 code [0x000001fed4c491c0, 0x000001fed4c49418]
Event: 1.266 Thread 0x000001fee95f2830 2019       3       org.springframework.core.annotation.AttributeMethods::indexOf (37 bytes)
Event: 1.267 Thread 0x000001fee95f2830 nmethod 2019 0x000001fed4c49510 code [0x000001fed4c496e0, 0x000001fed4c49990]
Event: 1.267 Thread 0x000001fee95f2830 2017       3       java.lang.String::isBlank (17 bytes)
Event: 1.268 Thread 0x000001fee95f2830 nmethod 2017 0x000001fed4c49b10 code [0x000001fed4c49d00, 0x000001fed4c4a150]
Event: 1.269 Thread 0x000001fee95f2830 2020       3       jdk.internal.util.ArraysSupport::mismatch (73 bytes)
Event: 1.270 Thread 0x000001fee95f2830 nmethod 2020 0x000001fed4c4a310 code [0x000001fed4c4a500, 0x000001fed4c4a920]
Event: 1.270 Thread 0x000001fee95f2830 2018       3       java.lang.String::indexOfNonWhitespace (25 bytes)
Event: 1.270 Thread 0x000001fee95f2830 nmethod 2018 0x000001fed4c4ab10 code [0x000001fed4c4ace0, 0x000001fed4c4af90]
Event: 1.270 Thread 0x000001fee95f2830 2021       3       java.security.AccessController::doPrivileged (9 bytes)
Event: 1.271 Thread 0x000001fee95f2830 nmethod 2021 0x000001fed4c4b090 code [0x000001fed4c4b260, 0x000001fed4c4b5a0]

GC Heap History (4 events):
Event: 0.685 GC heap before
{Heap before GC invocations=0 (full 0):
 garbage-first heap   total 129024K, used 24576K [0x0000000083600000, 0x0000000100000000)
  region size 1024K, 23 young (23552K), 0 survivors (0K)
 Metaspace       used 6376K, committed 6656K, reserved 1114112K
  class space    used 774K, committed 896K, reserved 1048576K
}
Event: 0.690 GC heap after
{Heap after GC invocations=1 (full 0):
 garbage-first heap   total 129024K, used 7894K [0x0000000083600000, 0x0000000100000000)
  region size 1024K, 3 young (3072K), 3 survivors (3072K)
 Metaspace       used 6376K, committed 6656K, reserved 1114112K
  class space    used 774K, committed 896K, reserved 1048576K
}
Event: 1.210 GC heap before
{Heap before GC invocations=1 (full 0):
 garbage-first heap   total 129024K, used 35542K [0x0000000083600000, 0x0000000100000000)
  region size 1024K, 31 young (31744K), 3 survivors (3072K)
 Metaspace       used 14226K, committed 14592K, reserved 1114112K
  class space    used 1927K, committed 2112K, reserved 1048576K
}
Event: 1.218 GC heap after
{Heap after GC invocations=2 (full 0):
 garbage-first heap   total 129024K, used 10173K [0x0000000083600000, 0x0000000100000000)
  region size 1024K, 3 young (3072K), 3 survivors (3072K)
 Metaspace       used 14226K, committed 14592K, reserved 1114112K
  class space    used 1927K, committed 2112K, reserved 1048576K
}

Dll operation events (6 events):
Event: 0.012 Loaded shared library C:\Program Files\Java\jdk-21\bin\java.dll
Event: 0.045 Loaded shared library C:\Program Files\Java\jdk-21\bin\jsvml.dll
Event: 0.106 Loaded shared library C:\Program Files\Java\jdk-21\bin\net.dll
Event: 0.109 Loaded shared library C:\Program Files\Java\jdk-21\bin\nio.dll
Event: 0.112 Loaded shared library C:\Program Files\Java\jdk-21\bin\zip.dll
Event: 0.225 Loaded shared library C:\Program Files\Java\jdk-21\bin\jimage.dll

Deoptimization events (20 events):
Event: 1.185 Thread 0x000001feca9fa730 Uncommon trap: trap_request=0xffffff45 fr.pc=0x000001fedc3d1160 relative=0x0000000000000200
Event: 1.185 Thread 0x000001feca9fa730 Uncommon trap: reason=unstable_if action=reinterpret pc=0x000001fedc3d1160 method=java.io.WinNTFileSystem.normalize(Ljava/lang/String;)Ljava/lang/String; @ 128 c2
Event: 1.185 Thread 0x000001feca9fa730 DEOPT PACKING pc=0x000001fedc3d1160 sp=0x000000efcb6fe430
Event: 1.185 Thread 0x000001feca9fa730 DEOPT UNPACKING pc=0x000001fedbe37da2 sp=0x000000efcb6fe3a8 mode 2
Event: 1.185 Thread 0x000001feca9fa730 Uncommon trap: trap_request=0xffffff45 fr.pc=0x000001fedc3b8ab0 relative=0x00000000000008b0
Event: 1.185 Thread 0x000001feca9fa730 Uncommon trap: reason=unstable_if action=reinterpret pc=0x000001fedc3b8ab0 method=java.util.zip.ZipCoder.hash(Ljava/lang/String;)I @ 23 c2
Event: 1.185 Thread 0x000001feca9fa730 DEOPT PACKING pc=0x000001fedc3b8ab0 sp=0x000000efcb6fe5b0
Event: 1.185 Thread 0x000001feca9fa730 DEOPT UNPACKING pc=0x000001fedbe37da2 sp=0x000000efcb6fe460 mode 2
Event: 1.185 Thread 0x000001feca9fa730 Uncommon trap: trap_request=0xffffff45 fr.pc=0x000001fedc3b5fc4 relative=0x0000000000000664
Event: 1.185 Thread 0x000001feca9fa730 Uncommon trap: reason=unstable_if action=reinterpret pc=0x000001fedc3b5fc4 method=java.util.zip.ZipCoder.hash(Ljava/lang/String;)I @ 23 c2
Event: 1.185 Thread 0x000001feca9fa730 DEOPT PACKING pc=0x000001fedc3b5fc4 sp=0x000000efcb6fe540
Event: 1.185 Thread 0x000001feca9fa730 DEOPT UNPACKING pc=0x000001fedbe37da2 sp=0x000000efcb6fe460 mode 2
Event: 1.185 Thread 0x000001feca9fa730 Uncommon trap: trap_request=0xffffff45 fr.pc=0x000001fedc3b3bec relative=0x000000000000036c
Event: 1.185 Thread 0x000001feca9fa730 Uncommon trap: reason=unstable_if action=reinterpret pc=0x000001fedc3b3bec method=java.util.zip.ZipCoder.hash(Ljava/lang/String;)I @ 23 c2
Event: 1.185 Thread 0x000001feca9fa730 DEOPT PACKING pc=0x000001fedc3b3bec sp=0x000000efcb6fe4d0
Event: 1.185 Thread 0x000001feca9fa730 DEOPT UNPACKING pc=0x000001fedbe37da2 sp=0x000000efcb6fe458 mode 2
Event: 1.188 Thread 0x000001feca9fa730 Uncommon trap: trap_request=0xffffff45 fr.pc=0x000001fedc38f6ec relative=0x000000000000004c
Event: 1.188 Thread 0x000001feca9fa730 Uncommon trap: reason=unstable_if action=reinterpret pc=0x000001fedc38f6ec method=sun.nio.fs.WindowsPathParser.isSlash(C)Z @ 9 c2
Event: 1.188 Thread 0x000001feca9fa730 DEOPT PACKING pc=0x000001fedc38f6ec sp=0x000000efcb6fe640
Event: 1.188 Thread 0x000001feca9fa730 DEOPT UNPACKING pc=0x000001fedbe37da2 sp=0x000000efcb6fe5c8 mode 2

Classes loaded (20 events):
Event: 1.209 Loading class java/nio/channels/spi/AbstractSelectableChannel
Event: 1.210 Loading class java/nio/channels/SelectableChannel
Event: 1.210 Loading class java/nio/channels/SelectableChannel done
Event: 1.210 Loading class java/nio/channels/spi/AbstractSelectableChannel done
Event: 1.210 Loading class java/nio/channels/SocketChannel done
Event: 1.210 Loading class sun/nio/ch/SocketChannelImpl done
Event: 1.210 Loading class sun/nio/ch/ChannelInputStream
Event: 1.210 Loading class sun/nio/ch/ChannelInputStream done
Event: 1.224 Loading class sun/nio/ch/NativeThread
Event: 1.224 Loading class sun/nio/ch/NativeThread done
Event: 1.224 Loading class sun/nio/ch/IOStatus
Event: 1.224 Loading class sun/nio/ch/IOStatus done
Event: 1.224 Loading class sun/nio/ch/Util
Event: 1.225 Loading class sun/nio/ch/Util done
Event: 1.225 Loading class sun/nio/ch/Util$1
Event: 1.225 Loading class sun/nio/ch/Util$1 done
Event: 1.225 Loading class sun/nio/ch/Util$BufferCache
Event: 1.225 Loading class sun/nio/ch/Util$BufferCache done
Event: 1.225 Loading class java/nio/DirectByteBuffer$Deallocator
Event: 1.225 Loading class java/nio/DirectByteBuffer$Deallocator done

Classes unloaded (0 events):
No events

Classes redefined (0 events):
No events

Internal exceptions (20 events):
Event: 0.718 Thread 0x000001feca9fa730 Exception <a 'java/lang/NoSuchMethodError'{0x000000008b271458}: 'int java.lang.invoke.DirectMethodHandle$Holder.invokeStaticInit(java.lang.Object, double, double)'> (0x000000008b271458) 
thrown [s\open\src\hotspot\share\interpreter\linkResolver.cpp, line 773]
Event: 0.718 Thread 0x000001feca9fa730 Exception <a 'java/lang/NoSuchMethodError'{0x000000008b2757c0}: 'int java.lang.invoke.DirectMethodHandle$Holder.invokeStatic(java.lang.Object, long)'> (0x000000008b2757c0) 
thrown [s\open\src\hotspot\share\interpreter\linkResolver.cpp, line 773]
Event: 0.721 Thread 0x000001feca9fa730 Exception <a 'java/lang/NoSuchMethodError'{0x000000008b296f58}: 'int java.lang.invoke.Invokers$Holder.linkToTargetMethod(java.lang.Object, java.lang.Object)'> (0x000000008b296f58) 
thrown [s\open\src\hotspot\share\interpreter\linkResolver.cpp, line 773]
Event: 0.730 Thread 0x000001feca9fa730 Exception <a 'java/lang/NoSuchMethodError'{0x000000008b10e7a8}: 'java.lang.Object java.lang.invoke.DirectMethodHandle$Holder.invokeSpecial(java.lang.Object, java.lang.Object, java.lang.Object, int, java.lang.Object)'> (0x000000008b10e7a8) 
thrown [s\open\src\hotspot\share\interpreter\linkResolver.cpp, line 773]
Event: 0.730 Thread 0x000001feca9fa730 Exception <a 'java/lang/NoSuchMethodError'{0x000000008b115fa0}: 'java.lang.Object java.lang.invoke.DirectMethodHandle$Holder.newInvokeSpecial(java.lang.Object, java.lang.Object, java.lang.Object, int, java.lang.Object)'> (0x000000008b115fa0) 
thrown [s\open\src\hotspot\share\interpreter\linkResolver.cpp, line 773]
Event: 0.731 Thread 0x000001feca9fa730 Exception <a 'java/lang/NoSuchMethodError'{0x000000008b11d458}: 'java.lang.Object java.lang.invoke.Invokers$Holder.linkToTargetMethod(java.lang.Object, java.lang.Object, int, java.lang.Object, java.lang.Object)'> (0x000000008b11d458) 
thrown [s\open\src\hotspot\share\interpreter\linkResolver.cpp, line 773]
Event: 0.732 Thread 0x000001feca9fa730 Exception <a 'java/lang/NoSuchMethodError'{0x000000008b12b8e8}: 'java.lang.Object java.lang.invoke.DirectMethodHandle$Holder.newInvokeSpecial(java.lang.Object, int, java.lang.Object)'> (0x000000008b12b8e8) 
thrown [s\open\src\hotspot\share\interpreter\linkResolver.cpp, line 773]
Event: 0.732 Thread 0x000001feca9fa730 Exception <a 'java/lang/NoSuchMethodError'{0x000000008b130110}: 'int java.lang.invoke.DirectMethodHandle$Holder.invokeSpecialIFC(java.lang.Object, java.lang.Object, java.lang.Object, java.lang.Object)'> (0x000000008b130110) 
thrown [s\open\src\hotspot\share\interpreter\linkResolver.cpp, line 773]
Event: 0.757 Thread 0x000001feca9fa730 Exception <a 'java/lang/NoSuchMethodError'{0x000000008b1e4340}: 'void java.lang.invoke.DirectMethodHandle$Holder.invokeInterface(java.lang.Object, java.lang.Object, java.lang.Object)'> (0x000000008b1e4340) 
thrown [s\open\src\hotspot\share\interpreter\linkResolver.cpp, line 773]
Event: 0.774 Thread 0x000001feca9fa730 Exception <a 'java/lang/NoSuchMethodError'{0x000000008b064580}: 'void java.lang.invoke.DirectMethodHandle$Holder.invokeStaticInit(java.lang.Object, java.lang.Object, java.lang.Object)'> (0x000000008b064580) 
thrown [s\open\src\hotspot\share\interpreter\linkResolver.cpp, line 773]
Event: 0.776 Thread 0x000001feca9fa730 Exception <a 'java/lang/NoSuchMethodError'{0x000000008b09b578}: 'java.lang.Object java.lang.invoke.DirectMethodHandle$Holder.invokeStaticInit(java.lang.Object, int)'> (0x000000008b09b578) 
thrown [s\open\src\hotspot\share\interpreter\linkResolver.cpp, line 773]
Event: 0.778 Thread 0x000001feca9fa730 Exception <a 'java/lang/NoSuchMethodError'{0x000000008b0a55f8}: 'java.lang.Object java.lang.invoke.DirectMethodHandle$Holder.invokeStatic(java.lang.Object, int, java.lang.Object)'> (0x000000008b0a55f8) 
thrown [s\open\src\hotspot\share\interpreter\linkResolver.cpp, line 773]
Event: 0.778 Thread 0x000001feca9fa730 Exception <a 'java/lang/NoSuchMethodError'{0x000000008b0a8c48}: 'java.lang.Object java.lang.invoke.DirectMethodHandle$Holder.invokeStaticInit(java.lang.Object, int, java.lang.Object)'> (0x000000008b0a8c48) 
thrown [s\open\src\hotspot\share\interpreter\linkResolver.cpp, line 773]
Event: 0.798 Thread 0x000001feca9fa730 Exception <a 'java/lang/NoSuchMethodError'{0x000000008af51540}: 'void java.lang.invoke.DirectMethodHandle$Holder.invokeVirtual(java.lang.Object, java.lang.Object, java.lang.Object, java.lang.Object)'> (0x000000008af51540) 
thrown [s\open\src\hotspot\share\interpreter\linkResolver.cpp, line 773]
Event: 0.865 Thread 0x000001feca9fa730 Exception <a 'java/lang/NoSuchMethodError'{0x000000008ad86858}: 'java.lang.Object java.lang.invoke.Invokers$Holder.invoke_MT(java.lang.Object, java.lang.Object, java.lang.Object, java.lang.Object, java.lang.Object, java.lang.Object, java.lang.Object, java.lang.Object, java.lang.Object)'> (0x000000008ad86858) 
thrown [s\open\src\hotspot\share\interpreter\linkResolver.cpp, line 773]
Event: 0.872 Thread 0x000001feca9fa730 Exception <a 'java/lang/NoSuchMethodError'{0x000000008adb4118}: 'java.lang.reflect.Field[] java.lang.Class.getDeclaredFields(java.lang.Class)'> (0x000000008adb4118) 
thrown [s\open\src\hotspot\share\interpreter\linkResolver.cpp, line 773]
Event: 0.883 Thread 0x000001feca9fa730 Exception <a 'java/lang/IncompatibleClassChangeError'{0x000000008ac5de60}: Found class java.lang.Object, but interface was expected> (0x000000008ac5de60) 
thrown [s\open\src\hotspot\share\interpreter\linkResolver.cpp, line 840]
Event: 1.178 Thread 0x000001feca9fa730 Exception <a 'java/lang/NoSuchMethodError'{0x000000008965f690}: 'java.lang.Object java.lang.invoke.DirectMethodHandle$Holder.invokeVirtual(java.lang.Object, java.lang.Object, java.lang.Object)'> (0x000000008965f690) 
thrown [s\open\src\hotspot\share\interpreter\linkResolver.cpp, line 773]
Event: 1.189 Thread 0x000001feca9fa730 Exception <a 'java/lang/NoSuchMethodError'{0x000000008950b0b8}: 'int java.lang.invoke.DirectMethodHandle$Holder.invokeSpecial(java.lang.Object, java.lang.Object, java.lang.Object, java.lang.Object, java.lang.Object)'> (0x000000008950b0b8) 
thrown [s\open\src\hotspot\share\interpreter\linkResolver.cpp, line 773]
Event: 1.191 Thread 0x000001feca9fa730 Exception <a 'java/lang/NoSuchMethodError'{0x00000000895132e0}: 'void java.lang.invoke.DirectMethodHandle$Holder.invokeVirtual(java.lang.Object, java.lang.Object)'> (0x00000000895132e0) 
thrown [s\open\src\hotspot\share\interpreter\linkResolver.cpp, line 773]

ZGC Phase Switch (0 events):
No events

VM Operations (20 events):
Event: 0.436 Executing VM operation: HandshakeAllThreads (Deoptimize)
Event: 0.436 Executing VM operation: HandshakeAllThreads (Deoptimize) done
Event: 0.524 Executing VM operation: HandshakeAllThreads (Deoptimize)
Event: 0.524 Executing VM operation: HandshakeAllThreads (Deoptimize) done
Event: 0.535 Executing VM operation: HandshakeAllThreads (Deoptimize)
Event: 0.535 Executing VM operation: HandshakeAllThreads (Deoptimize) done
Event: 0.685 Executing VM operation: G1CollectForAllocation (G1 Evacuation Pause)
Event: 0.690 Executing VM operation: G1CollectForAllocation (G1 Evacuation Pause) done
Event: 0.714 Executing VM operation: HandshakeAllThreads (Deoptimize)
Event: 0.714 Executing VM operation: HandshakeAllThreads (Deoptimize) done
Event: 0.854 Executing VM operation: HandshakeAllThreads (Deoptimize)
Event: 0.855 Executing VM operation: HandshakeAllThreads (Deoptimize) done
Event: 0.856 Executing VM operation: HandshakeAllThreads (Deoptimize)
Event: 0.856 Executing VM operation: HandshakeAllThreads (Deoptimize) done
Event: 1.014 Executing VM operation: ICBufferFull
Event: 1.014 Executing VM operation: ICBufferFull done
Event: 1.158 Executing VM operation: HandshakeAllThreads (Deoptimize)
Event: 1.159 Executing VM operation: HandshakeAllThreads (Deoptimize) done
Event: 1.210 Executing VM operation: G1CollectForAllocation (G1 Evacuation Pause)
Event: 1.218 Executing VM operation: G1CollectForAllocation (G1 Evacuation Pause) done

Events (14 events):
Event: 0.028 Thread 0x000001feca9fa730 Thread added: 0x000001feca9fa730
Event: 0.042 Thread 0x000001fee8f4d460 Thread added: 0x000001fee8f4d460
Event: 0.042 Thread 0x000001fee8f4fed0 Thread added: 0x000001fee8f4fed0
Event: 0.042 Thread 0x000001fee8f51030 Thread added: 0x000001fee8f51030
Event: 0.042 Thread 0x000001fee8f53330 Thread added: 0x000001fee8f53330
Event: 0.042 Thread 0x000001fee8f55fc0 Thread added: 0x000001fee8f55fc0
Event: 0.042 Thread 0x000001fee8f589b0 Thread added: 0x000001fee8f589b0
Event: 0.042 Thread 0x000001fee8f5d680 Thread added: 0x000001fee8f5d680
Event: 0.042 Thread 0x000001fee95f2830 Thread added: 0x000001fee95f2830
Event: 0.096 Thread 0x000001fee9792f20 Thread added: 0x000001fee9792f20
Event: 0.100 Thread 0x000001fee97942d0 Thread added: 0x000001fee97942d0
Event: 0.148 Thread 0x000001fee97d3a30 Thread added: 0x000001fee97d3a30
Event: 0.863 Thread 0x000001fee9794960 Thread added: 0x000001fee9794960
Event: 1.258 Thread 0x000001feeee5b290 Thread added: 0x000001feeee5b290


Dynamic libraries:
0x00007ff668eb0000 - 0x00007ff668ec0000 	C:\Program Files\Java\jdk-21\bin\java.exe
0x00007ff900460000 - 0x00007ff9006c7000 	C:\WINDOWS\SYSTEM32\ntdll.dll
0x00007ff8ff970000 - 0x00007ff8ffa39000 	C:\WINDOWS\System32\KERNEL32.DLL
0x00007ff8fddf0000 - 0x00007ff8fe1e0000 	C:\WINDOWS\System32\KERNELBASE.dll
0x00007ff8fd590000 - 0x00007ff8fd6db000 	C:\WINDOWS\System32\ucrtbase.dll
0x00007ff8d4c30000 - 0x00007ff8d4c4b000 	C:\Program Files\Java\jdk-21\bin\VCRUNTIME140.dll
0x00007ff8d0670000 - 0x00007ff8d0689000 	C:\Program Files\Java\jdk-21\bin\jli.dll
0x00007ff8ff6a0000 - 0x00007ff8ff754000 	C:\WINDOWS\System32\ADVAPI32.dll
0x00007ff8fee00000 - 0x00007ff8feea9000 	C:\WINDOWS\System32\msvcrt.dll
0x00007ff9002e0000 - 0x00007ff900386000 	C:\WINDOWS\System32\sechost.dll
0x00007ff8ff760000 - 0x00007ff8ff878000 	C:\WINDOWS\System32\RPCRT4.dll
0x00007ff8ffa50000 - 0x00007ff8ffc15000 	C:\WINDOWS\System32\USER32.dll
0x00007ff8fd9b0000 - 0x00007ff8fd9d7000 	C:\WINDOWS\System32\win32u.dll
0x00007ff8e75c0000 - 0x00007ff8e785a000 	C:\WINDOWS\WinSxS\amd64_microsoft.windows.common-controls_6595b64144ccf1df_6.0.26100.4768_none_3e0c112ce331287c\COMCTL32.dll
0x00007ff9002b0000 - 0x00007ff9002db000 	C:\WINDOWS\System32\GDI32.dll
0x00007ff8fdc00000 - 0x00007ff8fdd38000 	C:\WINDOWS\System32\gdi32full.dll
0x00007ff8fdd40000 - 0x00007ff8fdde3000 	C:\WINDOWS\System32\msvcp_win.dll
0x00007ff8ecf10000 - 0x00007ff8ecf1b000 	C:\WINDOWS\SYSTEM32\VERSION.dll
0x00007ff8fe220000 - 0x00007ff8fe24f000 	C:\WINDOWS\System32\IMM32.DLL
0x00007ff8daef0000 - 0x00007ff8daefc000 	C:\Program Files\Java\jdk-21\bin\vcruntime140_1.dll
0x00007ff892d20000 - 0x00007ff892dae000 	C:\Program Files\Java\jdk-21\bin\msvcp140.dll
0x00007ff848050000 - 0x00007ff848d65000 	C:\Program Files\Java\jdk-21\bin\server\jvm.dll
0x00007ff8fffb0000 - 0x00007ff900024000 	C:\WINDOWS\System32\WS2_32.dll
0x00007ff8fd3f0000 - 0x00007ff8fd44e000 	C:\WINDOWS\SYSTEM32\POWRPROF.dll
0x00007ff8e7860000 - 0x00007ff8e7895000 	C:\WINDOWS\SYSTEM32\WINMM.dll
0x00007ff8fd3d0000 - 0x00007ff8fd3e4000 	C:\WINDOWS\SYSTEM32\UMPDC.dll
0x00007ff8fc310000 - 0x00007ff8fc32b000 	C:\WINDOWS\SYSTEM32\kernel.appcore.dll
0x00007ff8d4cf0000 - 0x00007ff8d4cfa000 	C:\Program Files\Java\jdk-21\bin\jimage.dll
0x00007ff8fac60000 - 0x00007ff8faea1000 	C:\WINDOWS\SYSTEM32\DBGHELP.DLL
0x00007ff8ffc20000 - 0x00007ff8fffa5000 	C:\WINDOWS\System32\combase.dll
0x00007ff8feba0000 - 0x00007ff8fec80000 	C:\WINDOWS\System32\OLEAUT32.dll
0x00007ff8de430000 - 0x00007ff8de473000 	C:\WINDOWS\SYSTEM32\dbgcore.DLL
0x00007ff8fdb60000 - 0x00007ff8fdbf9000 	C:\WINDOWS\System32\bcryptPrimitives.dll
0x00007ff8cb270000 - 0x00007ff8cb28f000 	C:\Program Files\Java\jdk-21\bin\java.dll
0x00007ff8feeb0000 - 0x00007ff8ff5fd000 	C:\WINDOWS\System32\SHELL32.dll
0x00007ff8fd9e0000 - 0x00007ff8fdb53000 	C:\WINDOWS\System32\wintypes.dll
0x00007ff8fb150000 - 0x00007ff8fb9b0000 	C:\WINDOWS\SYSTEM32\windows.storage.dll
0x00007ff8fe7a0000 - 0x00007ff8fe895000 	C:\WINDOWS\System32\SHCORE.dll
0x00007ff900240000 - 0x00007ff9002aa000 	C:\WINDOWS\System32\shlwapi.dll
0x00007ff8fd4b0000 - 0x00007ff8fd4d9000 	C:\WINDOWS\SYSTEM32\profapi.dll
0x00007ff892ab0000 - 0x00007ff892b87000 	C:\Program Files\Java\jdk-21\bin\jsvml.dll
0x00007ff8cb260000 - 0x00007ff8cb270000 	C:\Program Files\Java\jdk-21\bin\net.dll
0x00007ff8f41a0000 - 0x00007ff8f42be000 	C:\WINDOWS\SYSTEM32\WINHTTP.dll
0x00007ff8fc8a0000 - 0x00007ff8fc90b000 	C:\WINDOWS\system32\mswsock.dll
0x00007ff8cb160000 - 0x00007ff8cb176000 	C:\Program Files\Java\jdk-21\bin\nio.dll
0x00007ff8cb140000 - 0x00007ff8cb158000 	C:\Program Files\Java\jdk-21\bin\zip.dll
0x00007ff8c9da0000 - 0x00007ff8c9eba000 	C:\Program Files\Topaz OFD\Warsaw\wslbscr64.dll
0x00007ff8fc440000 - 0x00007ff8fc476000 	C:\WINDOWS\SYSTEM32\ntmarta.dll
0x00007ff8c9ca0000 - 0x00007ff8c9d9a000 	C:\Program Files\Topaz OFD\Warsaw\wslbscrwh64.dll

dbghelp: loaded successfully - version: 4.0.5 - missing functions: none
symbol engine: initialized successfully - sym options: 0x614 - pdb path: .;C:\Program Files\Java\jdk-21\bin;C:\WINDOWS\SYSTEM32;C:\WINDOWS\WinSxS\amd64_microsoft.windows.common-controls_6595b64144ccf1df_6.0.26100.4768_none_3e0c112ce331287c;C:\Program Files\Java\jdk-21\bin\server;C:\Program Files\Topaz OFD\Warsaw

VM Arguments:
jvm_args: -XX:+ShowCodeDetailsInExceptionMessages 
java_command: com.hortanaporta.api.ApiApplication
java_class_path (initial): C:\Users\migue\Downloads\api\target\classes;C:\Users\migue\.m2\repository\org\springframework\boot\spring-boot-starter-data-jpa\3.5.3\spring-boot-starter-data-jpa-3.5.3.jar;C:\Users\migue\.m2\repository\org\springframework\boot\spring-boot-starter\3.5.3\spring-boot-starter-3.5.3.jar;C:\Users\migue\.m2\repository\org\springframework\boot\spring-boot\3.5.3\spring-boot-3.5.3.jar;C:\Users\migue\.m2\repository\org\springframework\boot\spring-boot-autoconfigure\3.5.3\spring-boot-autoconfigure-3.5.3.jar;C:\Users\migue\.m2\repository\org\springframework\boot\spring-boot-starter-logging\3.5.3\spring-boot-starter-logging-3.5.3.jar;C:\Users\migue\.m2\repository\ch\qos\logback\logback-classic\1.5.18\logback-classic-1.5.18.jar;C:\Users\migue\.m2\repository\ch\qos\logback\logback-core\1.5.18\logback-core-1.5.18.jar;C:\Users\migue\.m2\repository\org\apache\logging\log4j\log4j-to-slf4j\2.24.3\log4j-to-slf4j-2.24.3.jar;C:\Users\migue\.m2\repository\org\apache\logging\log4j\log4j-api\2.24.3\log4j-api-2.24.3.jar;C:\Users\migue\.m2\repository\org\slf4j\jul-to-slf4j\2.0.17\jul-to-slf4j-2.0.17.jar;C:\Users\migue\.m2\repository\jakarta\annotation\jakarta.annotation-api\2.1.1\jakarta.annotation-api-2.1.1.jar;C:\Users\migue\.m2\repository\org\yaml\snakeyaml\2.4\snakeyaml-2.4.jar;C:\Users\migue\.m2\repository\org\springframework\boot\spring-boot-starter-jdbc\3.5.3\spring-boot-starter-jdbc-3.5.3.jar;C:\Users\migue\.m2\repository\com\zaxxer\HikariCP\6.3.0\HikariCP-6.3.0.jar;C:\Users\migue\.m2\repository\org\springframework\spring-jdbc\6.2.8\spring-jdbc-6.2.8.jar;C:\Users\migue\.m2\repository\org\hibernate\orm\hibernate-core\6.6.18.Final\hibernate-core-6.6.18.Final.jar;C:\Users\migue\.m2\repository\jakarta\persistence\jakarta.persistence-api\3.1.0\jakarta.persistence-api-3.1.0.jar;C:\Users\migue\.m2\repository\jakarta\transaction\jakarta.transaction-api\2.0.1\jakarta.transaction-api-2.0.1.jar;C:\Users\migue\.m2\repository\org\jboss\logging\jboss-logging\3.6.1.Final\jboss-logging-3.6.1.Final.jar;C:\Users\migue\.m2\repository\org\hibernate\common\hibernate-commons-annotations\7.0.3.Final\hibernate-commons-annotations-7.0.3.Final.jar;C:\Users\migue\.m2\repository\io\smallrye\jandex\3.2.0\jandex-3.2.0.jar;C:\Users\migue\.m2\repository\com\fasterxml\classmate\1.7.0\classmate-1.7.0.jar;C:\Users\migue\.m2\repository\org\glassfish\jaxb\jaxb-runtime\4.0.5\jaxb-runtime-4.0.5.jar;C:\Users\migue\.m2\repository\org\glassfish\jaxb\jaxb-core\4.0.5\jaxb-core-4.0.5.jar;C:\Users\migue\.m2\repository\org\eclipse\angus\angus-activation\2.0.2\angus-activation-2.0.2.jar;C:\Users\migue\.m2\repository\org\glassfish\jaxb\txw2\4.0.5\txw2-4.0.5.jar;C:\Users\migue\.m2\repository\com\sun\istack\istack-commons-runtime\4.1.2\istack-commons-runtime-4.1.2.jar;C:\Users\migue\.m2\repository\jakarta\inject\jakarta.inject-api\2.0.1\jakarta.inject-api-2.0.1.jar;C:\Users\migue\.m2\repository\org\antlr\antlr4-runtime\4.13.0\antlr4-runtime-4.13.0.jar;C:\Users\migue\.m2\repository\org\springframework\data\spring-data-jpa\3.5.1\spring-data-jpa-3.5.1.jar;C:\Users\migue\.m2\repository\org\springframework\data\spring-data-commons\3.5.1\spring-data-commons-3.5.1.jar;C:\Users\migue\.m2\repository\org\springframework\spring-orm\6.2.8\spring-orm-6.2.8.jar;C:\Users\migue\.m2\repository\org\springframework\spring-context\6.2.8\spring-context-6.2.8.jar;C:\Users\migue\.m2\repository\org\springframework\spring-aop\6.2.8\spring-aop-6.2.8.jar;C:\Users\migue\.m2\repository\org\springframework\spring-tx\6.2.8\spring-tx-6.2.8.jar;C:\Users\migue\.m2\repository\org\springframework\spring-beans\6.2.8\spring-beans-6.2.8.jar;C:\Users\migue\.m2\repository\org\slf4j\slf4j-api\2.0.17\slf4j-api-2.0.17.jar;C:\Users\migue\.m2\repository\org\springframework\spring-aspects\6.2.8\spring-aspects-6.2.8.jar;C:\Users\migue\.m2\repository\org\aspectj\aspectjweaver\1.9.24\aspectjweaver-1.9.24.jar;C:\Users\migue\.m2\repository\org\springframework\boot\spring-boot-starter-web\3.5.3\spring-boot-starter-web-3.5.3.jar;C:\Users\migue\.m2\repository\org\springframework\boot\spring-boot-starter-json\3.5.3\spring-boot-starter-json-3.5.3.jar;C:\Users\migue\.m2\repository\com\fasterxml\jackson\datatype\jackson-datatype-jdk8\2.19.1\jackson-datatype-jdk8-2.19.1.jar;C:\Users\migue\.m2\repository\com\fasterxml\jackson\datatype\jackson-datatype-jsr310\2.19.1\jackson-datatype-jsr310-2.19.1.jar;C:\Users\migue\.m2\repository\com\fasterxml\jackson\module\jackson-module-parameter-names\2.19.1\jackson-module-parameter-names-2.19.1.jar;C:\Users\migue\.m2\repository\org\springframework\boot\spring-boot-starter-tomcat\3.5.3\spring-boot-starter-tomcat-3.5.3.jar;C:\Users\migue\.m2\repository\org\apache\tomcat\embed\tomcat-embed-core\10.1.42\tomcat-embed-core-10.1.42.jar;C:\Users\migue\.m2\repository\org\apache\tomcat\embed\tomcat-embed-websocket\10.1.42\tomcat-embed-websocket-10.1.42.jar;C:\Users\migue\.m2\repository\org\springframework\spring-web\6.2.8\spring-web-6.2.8.jar;C:\Users\migue\.m2\repository\io\micrometer\micrometer-observation\1.15.1\micrometer-observation-1.15.1.jar;C:\Users\migue\.m2\repository\io\micrometer\micrometer-commons\1.15.1\micrometer-commons-1.15.1.jar;C:\Users\migue\.m2\repository\org\springframework\spring-webmvc\6.2.8\spring-webmvc-6.2.8.jar;C:\Users\migue\.m2\repository\org\springframework\spring-expression\6.2.8\spring-expression-6.2.8.jar;C:\Users\migue\.m2\repository\org\springframework\boot\spring-boot-starter-validation\3.5.3\spring-boot-starter-validation-3.5.3.jar;C:\Users\migue\.m2\repository\org\apache\tomcat\embed\tomcat-embed-el\10.1.42\tomcat-embed-el-10.1.42.jar;C:\Users\migue\.m2\repository\org\hibernate\validator\hibernate-validator\8.0.2.Final\hibernate-validator-8.0.2.Final.jar;C:\Users\migue\.m2\repository\jakarta\validation\jakarta.validation-api\3.0.2\jakarta.validation-api-3.0.2.jar;C:\Users\migue\.m2\repository\com\mysql\mysql-connector-j\9.2.0\mysql-connector-j-9.2.0.jar;C:\Users\migue\.m2\repository\org\projectlombok\lombok\1.18.38\lombok-1.18.38.jar;C:\Users\migue\.m2\repository\jakarta\xml\bind\jakarta.xml.bind-api\4.0.2\jakarta.xml.bind-api-4.0.2.jar;C:\Users\migue\.m2\repository\jakarta\activation\jakarta.activation-api\2.1.3\jakarta.activation-api-2.1.3.jar;C:\Users\migue\.m2\repository\org\springframework\spring-core\6.2.8\spring-core-6.2.8.jar;C:\Users\migue\.m2\repository\org\springframework\spring-jcl\6.2.8\spring-jcl-6.2.8.jar;C:\Users\migue\.m2\repository\com\fasterxml\jackson\core\jackson-databind\2.17.0\jackson-databind-2.17.0.jar;C:\Users\migue\.m2\repository\net\bytebuddy\byte-buddy\1.17.6\byte-buddy-1.17.6.jar;C:\Users\migue\.m2\repository\com\fasterxml\jackson\core\jackson-annotations\2.17.0\jackson-annotations-2.17.0.jar;C:\Users\migue\.m2\repository\com\fasterxml\jackson\core\jackson-core\2.17.0\jackson-core-2.17.0.jar
Launcher Type: SUN_STANDARD

[Global flags]
     intx CICompilerCount                          = 4                                         {product} {ergonomic}
     uint ConcGCThreads                            = 2                                         {product} {ergonomic}
     uint G1ConcRefinementThreads                  = 8                                         {product} {ergonomic}
   size_t G1HeapRegionSize                         = 1048576                                   {product} {ergonomic}
    uintx GCDrainStackTargetSize                   = 64                                        {product} {ergonomic}
   size_t InitialHeapSize                          = 132120576                                 {product} {ergonomic}
   size_t MarkStackSize                            = 4194304                                   {product} {ergonomic}
   size_t MaxHeapSize                              = 2090860544                                {product} {ergonomic}
   size_t MaxNewSize                               = 1254096896                                {product} {ergonomic}
   size_t MinHeapDeltaBytes                        = 1048576                                   {product} {ergonomic}
   size_t MinHeapSize                              = 8388608                                   {product} {ergonomic}
    uintx NonNMethodCodeHeapSize                   = 5839372                                {pd product} {ergonomic}
    uintx NonProfiledCodeHeapSize                  = 122909434                              {pd product} {ergonomic}
    uintx ProfiledCodeHeapSize                     = 122909434                              {pd product} {ergonomic}
    uintx ReservedCodeCacheSize                    = 251658240                              {pd product} {ergonomic}
     bool SegmentedCodeCache                       = true                                      {product} {ergonomic}
     bool ShowCodeDetailsInExceptionMessages       = true                                   {manageable} {command line}
   size_t SoftMaxHeapSize                          = 2090860544                             {manageable} {ergonomic}
     bool UseCompressedOops                        = true                           {product lp64_product} {ergonomic}
     bool UseG1GC                                  = true                                      {product} {ergonomic}
     bool UseLargePagesIndividualAllocation        = false                                  {pd product} {ergonomic}

Logging:
Log output configuration:
 #0: stdout all=warning uptime,level,tags foldmultilines=false
 #1: stderr all=off uptime,level,tags foldmultilines=false

Environment Variables:
JAVA_HOME=C:\Program Files\Java\jdk-21
PATH=C:\Program Files\Common Files\Oracle\Java\javapath;C:\Program Files (x86)\Common Files\Oracle\Java\javapath;C:\WINDOWS\system32;C:\WINDOWS;C:\WINDOWS\System32\Wbem;C:\WINDOWS\System32\WindowsPowerShell\v1.0\;C:\WINDOWS\System32\OpenSSH\;C:\Program Files\Git\cmd;C:\Program Files\dotnet\;C:\Program Files\nodejs\;C:\Users\migue\AppData\Local\Muse Hub\lib;C:\Program Files\Java\jre-1.8\bin;C:\Program Files\Common Files\Oracle\Java\javapath;C:\Program Files (x86)\Common Files\Oracle\Java\javapath;C:\WINDOWS\system32;C:\WINDOWS;C:\WINDOWS\System32\Wbem;C:\WINDOWS\System32\WindowsPowerShell\v1.0\;C:\WINDOWS\System32\OpenSSH\;C:\Program Files\Git\cmd;C:\Program Files\dotnet\;C:\Program Files\nodejs\;C:\Users\migue\AppData\Local\Microsoft\WindowsApps;C:\Users\migue\AppData\Local\Programs\Microsoft VS Code\bin;C:\Users\migue\AppData\Local\Muse Hub\lib;C:\Users\migue\AppData\Roaming\npm;C:\Users\migue\AppData\Local\Muse Hub\lib;C:\Program Files\Java\jdk-21\bin;
USERNAME=migue
LANG=en_US.UTF-8
OS=Windows_NT
PROCESSOR_IDENTIFIER=Intel64 Family 6 Model 140 Stepping 1, GenuineIntel
TMP=C:\Users\migue\AppData\Local\Temp
TEMP=C:\Users\migue\AppData\Local\Temp




Periodic native trim disabled

---------------  S Y S T E M  ---------------

OS:
 Windows 11 , 64 bit Build 26100 (10.0.26100.4768)
OS uptime: 1 days 2:19 hours
Hyper-V role detected

CPU: total 8 (initial active 8) (4 cores per cpu, 2 threads per core) family 6 model 140 stepping 1 microcode 0x8a, cx8, cmov, fxsr, ht, mmx, 3dnowpref, sse, sse2, sse3, ssse3, sse4.1, sse4.2, popcnt, lzcnt, tsc, tscinvbit, avx, avx2, aes, erms, clmul, bmi1, bmi2, adx, avx512f, avx512dq, avx512cd, avx512bw, avx512vl, sha, fma, vzeroupper, avx512_vpopcntdq, avx512_vpclmulqdq, avx512_vaes, avx512_vnni, clflush, clflushopt, clwb, avx512_vbmi2, avx512_vbmi, hv, rdtscp, rdpid, fsrm, gfni, avx512_bitalg, f16c, cet_ibt, cet_ss, avx512_ifma
Processor Information for all 8 processors :
  Max Mhz: 2419, Current Mhz: 2419, Mhz Limit: 2419

Memory: 4k page, system-wide physical 7971M (604M free)
TotalPageFile size 16896M (AvailPageFile size 1M)
current process WorkingSet (physical memory assigned to process): 132M, peak: 133M
current process commit charge ("private bytes"): 257M, peak: 259M

vm_info: Java HotSpot(TM) 64-Bit Server VM (21.0.1+12-LTS-29) for windows-amd64 JRE (21.0.1+12-LTS-29), built on 2023-10-05T13:27:09Z by "mach5one" with MS VC++ 17.1 (VS2022)

END.
