#
# There is insufficient memory for the Java Runtime Environment to continue.
# Native memory allocation (malloc) failed to allocate 297984 bytes for Chunk::new
# Possible reasons:
#   The system is out of physical RAM or swap space
#   The process is running with CompressedOops enabled, and the Java Heap may be blocking the growth of the native heap
# Possible solutions:
#   Reduce memory load on the system
#   Increase physical memory or swap space
#   Check if swap backing store is full
#   Decrease Java heap size (-Xmx/-Xms)
#   Decrease number of Java threads
#   Decrease Java thread stack sizes (-Xss)
#   Set larger code cache with -XX:ReservedCodeCacheSize=
#   JVM is running with Unscaled Compressed Oops mode in which the Java heap is
#     placed in the first 4GB address space. The Java Heap base address is the
#     maximum limit for the native heap growth. Please use -XX:HeapBaseMinAddress
#     to set the Java Heap base and to place the Java Heap above 4GB virtual address.
# This output file may be truncated or incomplete.
#
#  Out of Memory Error (arena.cpp:168), pid=52912, tid=53104
#
# JRE version: Java(TM) SE Runtime Environment (21.0.1+12) (build 21.0.1+12-LTS-29)
# Java VM: Java HotSpot(TM) 64-Bit Server VM (21.0.1+12-LTS-29, mixed mode, sharing, tiered, compressed oops, compressed class ptrs, g1 gc, windows-amd64)
# No core dump will be written. Minidumps are not enabled by default on client versions of Windows
#

---------------  S U M M A R Y ------------

Command Line: -XX:+ShowCodeDetailsInExceptionMessages com.hortanaporta.api.ApiApplication

Host: 11th Gen Intel(R) Core(TM) i5-1135G7 @ 2.40GHz, 8 cores, 7G,  Windows 11 , 64 bit Build 26100 (10.0.26100.4202)
Time: Mon Jul 14 17:00:39 2025 Hora oficial do Brasil elapsed time: 0.376191 seconds (0d 0h 0m 0s)

---------------  T H R E A D  ---------------

Current thread (0x000001dc7fa376c0):  JavaThread "C2 CompilerThread1" daemon [_thread_in_native, id=53104, stack(0x0000003bf7000000,0x0000003bf7100000) (1024K)]


Current CompileTask:
C2:    376  591       4       java.io.DataInputStream::readFully (59 bytes)

Stack: [0x0000003bf7000000,0x0000003bf7100000]
Native frames: (J=compiled Java code, j=interpreted, Vv=VM code, C=native code)
V  [jvm.dll+0x6c9029]
V  [jvm.dll+0x854b81]
V  [jvm.dll+0x856e5e]
V  [jvm.dll+0x857543]
V  [jvm.dll+0x280c06]
V  [jvm.dll+0xc3ead]
V  [jvm.dll+0xc43c3]
V  [jvm.dll+0x3b576c]
V  [jvm.dll+0x1e20b9]
V  [jvm.dll+0x249c22]
V  [jvm.dll+0x2490b1]
V  [jvm.dll+0x1c9ca1]
V  [jvm.dll+0x2586b9]
V  [jvm.dll+0x256c9a]
V  [jvm.dll+0x3ef1b6]
V  [jvm.dll+0x7fd728]
V  [jvm.dll+0x6c777d]
C  [ucrtbase.dll+0x37b0]
C  [KERNEL32.DLL+0x2e8d7]
C  [ntdll.dll+0x3c34c]


---------------  P R O C E S S  ---------------

Threads class SMR info:
_java_thread_list=0x000001dc7f9d0370, length=12, elements={
0x000001dc6fa981d0, 0x000001dc7f7e6aa0, 0x000001dc7f7e8420, 0x000001dc7f7ed530,
0x000001dc7f7f0700, 0x000001dc7f7f7350, 0x000001dc7f7fbb50, 0x000001dc7f80be90,
0x000001dc7f832570, 0x000001dc7f7fa110, 0x000001dc7f7f9a80, 0x000001dc7fa376c0
}

Java Threads: ( => current thread )
  0x000001dc6fa981d0 JavaThread "main"                              [_thread_in_Java, id=57912, stack(0x0000003bf5e00000,0x0000003bf5f00000) (1024K)]
  0x000001dc7f7e6aa0 JavaThread "Reference Handler"          daemon [_thread_blocked, id=53244, stack(0x0000003bf6600000,0x0000003bf6700000) (1024K)]
  0x000001dc7f7e8420 JavaThread "Finalizer"                  daemon [_thread_blocked, id=10680, stack(0x0000003bf6700000,0x0000003bf6800000) (1024K)]
  0x000001dc7f7ed530 JavaThread "Signal Dispatcher"          daemon [_thread_blocked, id=59204, stack(0x0000003bf6800000,0x0000003bf6900000) (1024K)]
  0x000001dc7f7f0700 JavaThread "Attach Listener"            daemon [_thread_blocked, id=46984, stack(0x0000003bf6900000,0x0000003bf6a00000) (1024K)]
  0x000001dc7f7f7350 JavaThread "Service Thread"             daemon [_thread_blocked, id=41752, stack(0x0000003bf6a00000,0x0000003bf6b00000) (1024K)]
  0x000001dc7f7fbb50 JavaThread "Monitor Deflation Thread"   daemon [_thread_blocked, id=59572, stack(0x0000003bf6b00000,0x0000003bf6c00000) (1024K)]
  0x000001dc7f80be90 JavaThread "C2 CompilerThread0"         daemon [_thread_in_native, id=49892, stack(0x0000003bf6c00000,0x0000003bf6d00000) (1024K)]
  0x000001dc7f832570 JavaThread "C1 CompilerThread0"         daemon [_thread_blocked, id=54740, stack(0x0000003bf6d00000,0x0000003bf6e00000) (1024K)]
  0x000001dc7f7fa110 JavaThread "Notification Thread"        daemon [_thread_blocked, id=13816, stack(0x0000003bf6e00000,0x0000003bf6f00000) (1024K)]
  0x000001dc7f7f9a80 JavaThread "Common-Cleaner"             daemon [_thread_blocked, id=47496, stack(0x0000003bf6f00000,0x0000003bf7000000) (1024K)]
=>0x000001dc7fa376c0 JavaThread "C2 CompilerThread1"         daemon [_thread_in_native, id=53104, stack(0x0000003bf7000000,0x0000003bf7100000) (1024K)]
Total: 12

Other Threads:
  0x000001dc7cdb5350 VMThread "VM Thread"                           [id=52400, stack(0x0000003bf6500000,0x0000003bf6600000) (1024K)]
  0x000001dc7cd96960 WatcherThread "VM Periodic Task Thread"        [id=65712, stack(0x0000003bf6400000,0x0000003bf6500000) (1024K)]
  0x000001dc715df480 WorkerThread "GC Thread#0"                     [id=56876, stack(0x0000003bf5f00000,0x0000003bf6000000) (1024K)]
  0x000001dc7cbd3ee0 ConcurrentGCThread "G1 Main Marker"            [id=65276, stack(0x0000003bf6000000,0x0000003bf6100000) (1024K)]
  0x000001dc7cbd48f0 WorkerThread "G1 Conc#0"                       [id=62504, stack(0x0000003bf6100000,0x0000003bf6200000) (1024K)]
  0x000001dc7cc61d20 ConcurrentGCThread "G1 Refine#0"               [id=51768, stack(0x0000003bf6200000,0x0000003bf6300000) (1024K)]
  0x000001dc7cc626a0 ConcurrentGCThread "G1 Service"                [id=47008, stack(0x0000003bf6300000,0x0000003bf6400000) (1024K)]
Total: 7

Threads with active compile tasks:
C2 CompilerThread0      418  654   !   4       java.util.zip.ZipFile::getEntry (59 bytes)
C2 CompilerThread1      418  591       4       java.io.DataInputStream::readFully (59 bytes)
Total: 2

VM state: not at safepoint (normal execution)

VM Mutex/Monitor currently owned by a thread: None

Heap address: 0x0000000083600000, size: 1994 MB, Compressed Oops mode: 32-bit

CDS archive(s) mapped at: [0x000001dc0f000000-0x000001dc0fc90000-0x000001dc0fc90000), size 13172736, SharedBaseAddress: 0x000001dc0f000000, ArchiveRelocationMode: 1.
Compressed class space mapped at: 0x000001dc10000000-0x000001dc50000000, reserved size: 1073741824
Narrow klass base: 0x000001dc0f000000, Narrow klass shift: 0, Narrow klass range: 0x100000000

GC Precious Log:
 CardTable entry size: 512
 Card Set container configuration: InlinePtr #cards 5 size 8 Array Of Cards #cards 12 size 40 Howl #buckets 4 coarsen threshold 1843 Howl Bitmap #cards 512 size 80 coarsen threshold 460 Card regions per heap region 1 cards per card region 2048
 CPUs: 8 total, 8 available
 Memory: 7971M
 Large Page Support: Disabled
 NUMA Support: Disabled
 Compressed Oops: Enabled (32-bit)
 Heap Region Size: 1M
 Heap Min Capacity: 8M
 Heap Initial Capacity: 126M
 Heap Max Capacity: 1994M
 Pre-touch: Disabled
 Parallel Workers: 8
 Concurrent Workers: 2
 Concurrent Refinement Workers: 8
 Periodic GC: Disabled

Heap:
 garbage-first heap   total 129024K, used 12288K [0x0000000083600000, 0x0000000100000000)
  region size 1024K, 12 young (12288K), 0 survivors (0K)
 Metaspace       used 2293K, committed 2432K, reserved 1114112K
  class space    used 225K, committed 320K, reserved 1048576K

Heap Regions: E=young(eden), S=young(survivor), O=old, HS=humongous(starts), HC=humongous(continues), CS=collection set, F=free, TAMS=top-at-mark-start, PB=parsable bottom
|   0|0x0000000083600000, 0x0000000083700000, 0x0000000083700000|100%|HS|  |TAMS 0x0000000083600000| PB 0x0000000083600000| Complete 
|   1|0x0000000083700000, 0x0000000083800000, 0x0000000083800000|100%|HS|  |TAMS 0x0000000083700000| PB 0x0000000083700000| Complete 
|   2|0x0000000083800000, 0x0000000083800000, 0x0000000083900000|  0%| F|  |TAMS 0x0000000083800000| PB 0x0000000083800000| Untracked 
|   3|0x0000000083900000, 0x0000000083900000, 0x0000000083a00000|  0%| F|  |TAMS 0x0000000083900000| PB 0x0000000083900000| Untracked 
|   4|0x0000000083a00000, 0x0000000083a00000, 0x0000000083b00000|  0%| F|  |TAMS 0x0000000083a00000| PB 0x0000000083a00000| Untracked 
|   5|0x0000000083b00000, 0x0000000083b00000, 0x0000000083c00000|  0%| F|  |TAMS 0x0000000083b00000| PB 0x0000000083b00000| Untracked 
|   6|0x0000000083c00000, 0x0000000083c00000, 0x0000000083d00000|  0%| F|  |TAMS 0x0000000083c00000| PB 0x0000000083c00000| Untracked 
|   7|0x0000000083d00000, 0x0000000083d00000, 0x0000000083e00000|  0%| F|  |TAMS 0x0000000083d00000| PB 0x0000000083d00000| Untracked 
|   8|0x0000000083e00000, 0x0000000083e00000, 0x0000000083f00000|  0%| F|  |TAMS 0x0000000083e00000| PB 0x0000000083e00000| Untracked 
|   9|0x0000000083f00000, 0x0000000083f00000, 0x0000000084000000|  0%| F|  |TAMS 0x0000000083f00000| PB 0x0000000083f00000| Untracked 
|  10|0x0000000084000000, 0x0000000084000000, 0x0000000084100000|  0%| F|  |TAMS 0x0000000084000000| PB 0x0000000084000000| Untracked 
|  11|0x0000000084100000, 0x0000000084100000, 0x0000000084200000|  0%| F|  |TAMS 0x0000000084100000| PB 0x0000000084100000| Untracked 
|  12|0x0000000084200000, 0x0000000084200000, 0x0000000084300000|  0%| F|  |TAMS 0x0000000084200000| PB 0x0000000084200000| Untracked 
|  13|0x0000000084300000, 0x0000000084300000, 0x0000000084400000|  0%| F|  |TAMS 0x0000000084300000| PB 0x0000000084300000| Untracked 
|  14|0x0000000084400000, 0x0000000084400000, 0x0000000084500000|  0%| F|  |TAMS 0x0000000084400000| PB 0x0000000084400000| Untracked 
|  15|0x0000000084500000, 0x0000000084500000, 0x0000000084600000|  0%| F|  |TAMS 0x0000000084500000| PB 0x0000000084500000| Untracked 
|  16|0x0000000084600000, 0x0000000084600000, 0x0000000084700000|  0%| F|  |TAMS 0x0000000084600000| PB 0x0000000084600000| Untracked 
|  17|0x0000000084700000, 0x0000000084700000, 0x0000000084800000|  0%| F|  |TAMS 0x0000000084700000| PB 0x0000000084700000| Untracked 
|  18|0x0000000084800000, 0x0000000084800000, 0x0000000084900000|  0%| F|  |TAMS 0x0000000084800000| PB 0x0000000084800000| Untracked 
|  19|0x0000000084900000, 0x0000000084900000, 0x0000000084a00000|  0%| F|  |TAMS 0x0000000084900000| PB 0x0000000084900000| Untracked 
|  20|0x0000000084a00000, 0x0000000084a00000, 0x0000000084b00000|  0%| F|  |TAMS 0x0000000084a00000| PB 0x0000000084a00000| Untracked 
|  21|0x0000000084b00000, 0x0000000084b00000, 0x0000000084c00000|  0%| F|  |TAMS 0x0000000084b00000| PB 0x0000000084b00000| Untracked 
|  22|0x0000000084c00000, 0x0000000084c00000, 0x0000000084d00000|  0%| F|  |TAMS 0x0000000084c00000| PB 0x0000000084c00000| Untracked 
|  23|0x0000000084d00000, 0x0000000084d00000, 0x0000000084e00000|  0%| F|  |TAMS 0x0000000084d00000| PB 0x0000000084d00000| Untracked 
|  24|0x0000000084e00000, 0x0000000084e00000, 0x0000000084f00000|  0%| F|  |TAMS 0x0000000084e00000| PB 0x0000000084e00000| Untracked 
|  25|0x0000000084f00000, 0x0000000084f00000, 0x0000000085000000|  0%| F|  |TAMS 0x0000000084f00000| PB 0x0000000084f00000| Untracked 
|  26|0x0000000085000000, 0x0000000085000000, 0x0000000085100000|  0%| F|  |TAMS 0x0000000085000000| PB 0x0000000085000000| Untracked 
|  27|0x0000000085100000, 0x0000000085100000, 0x0000000085200000|  0%| F|  |TAMS 0x0000000085100000| PB 0x0000000085100000| Untracked 
|  28|0x0000000085200000, 0x0000000085200000, 0x0000000085300000|  0%| F|  |TAMS 0x0000000085200000| PB 0x0000000085200000| Untracked 
|  29|0x0000000085300000, 0x0000000085300000, 0x0000000085400000|  0%| F|  |TAMS 0x0000000085300000| PB 0x0000000085300000| Untracked 
|  30|0x0000000085400000, 0x0000000085400000, 0x0000000085500000|  0%| F|  |TAMS 0x0000000085400000| PB 0x0000000085400000| Untracked 
|  31|0x0000000085500000, 0x0000000085500000, 0x0000000085600000|  0%| F|  |TAMS 0x0000000085500000| PB 0x0000000085500000| Untracked 
|  32|0x0000000085600000, 0x0000000085600000, 0x0000000085700000|  0%| F|  |TAMS 0x0000000085600000| PB 0x0000000085600000| Untracked 
|  33|0x0000000085700000, 0x0000000085700000, 0x0000000085800000|  0%| F|  |TAMS 0x0000000085700000| PB 0x0000000085700000| Untracked 
|  34|0x0000000085800000, 0x0000000085800000, 0x0000000085900000|  0%| F|  |TAMS 0x0000000085800000| PB 0x0000000085800000| Untracked 
|  35|0x0000000085900000, 0x0000000085900000, 0x0000000085a00000|  0%| F|  |TAMS 0x0000000085900000| PB 0x0000000085900000| Untracked 
|  36|0x0000000085a00000, 0x0000000085a00000, 0x0000000085b00000|  0%| F|  |TAMS 0x0000000085a00000| PB 0x0000000085a00000| Untracked 
|  37|0x0000000085b00000, 0x0000000085b00000, 0x0000000085c00000|  0%| F|  |TAMS 0x0000000085b00000| PB 0x0000000085b00000| Untracked 
|  38|0x0000000085c00000, 0x0000000085c00000, 0x0000000085d00000|  0%| F|  |TAMS 0x0000000085c00000| PB 0x0000000085c00000| Untracked 
|  39|0x0000000085d00000, 0x0000000085d00000, 0x0000000085e00000|  0%| F|  |TAMS 0x0000000085d00000| PB 0x0000000085d00000| Untracked 
|  40|0x0000000085e00000, 0x0000000085e00000, 0x0000000085f00000|  0%| F|  |TAMS 0x0000000085e00000| PB 0x0000000085e00000| Untracked 
|  41|0x0000000085f00000, 0x0000000085f00000, 0x0000000086000000|  0%| F|  |TAMS 0x0000000085f00000| PB 0x0000000085f00000| Untracked 
|  42|0x0000000086000000, 0x0000000086000000, 0x0000000086100000|  0%| F|  |TAMS 0x0000000086000000| PB 0x0000000086000000| Untracked 
|  43|0x0000000086100000, 0x0000000086100000, 0x0000000086200000|  0%| F|  |TAMS 0x0000000086100000| PB 0x0000000086100000| Untracked 
|  44|0x0000000086200000, 0x0000000086200000, 0x0000000086300000|  0%| F|  |TAMS 0x0000000086200000| PB 0x0000000086200000| Untracked 
|  45|0x0000000086300000, 0x0000000086300000, 0x0000000086400000|  0%| F|  |TAMS 0x0000000086300000| PB 0x0000000086300000| Untracked 
|  46|0x0000000086400000, 0x0000000086400000, 0x0000000086500000|  0%| F|  |TAMS 0x0000000086400000| PB 0x0000000086400000| Untracked 
|  47|0x0000000086500000, 0x0000000086500000, 0x0000000086600000|  0%| F|  |TAMS 0x0000000086500000| PB 0x0000000086500000| Untracked 
|  48|0x0000000086600000, 0x0000000086600000, 0x0000000086700000|  0%| F|  |TAMS 0x0000000086600000| PB 0x0000000086600000| Untracked 
|  49|0x0000000086700000, 0x0000000086700000, 0x0000000086800000|  0%| F|  |TAMS 0x0000000086700000| PB 0x0000000086700000| Untracked 
|  50|0x0000000086800000, 0x0000000086800000, 0x0000000086900000|  0%| F|  |TAMS 0x0000000086800000| PB 0x0000000086800000| Untracked 
|  51|0x0000000086900000, 0x0000000086900000, 0x0000000086a00000|  0%| F|  |TAMS 0x0000000086900000| PB 0x0000000086900000| Untracked 
|  52|0x0000000086a00000, 0x0000000086a00000, 0x0000000086b00000|  0%| F|  |TAMS 0x0000000086a00000| PB 0x0000000086a00000| Untracked 
|  53|0x0000000086b00000, 0x0000000086b00000, 0x0000000086c00000|  0%| F|  |TAMS 0x0000000086b00000| PB 0x0000000086b00000| Untracked 
|  54|0x0000000086c00000, 0x0000000086c00000, 0x0000000086d00000|  0%| F|  |TAMS 0x0000000086c00000| PB 0x0000000086c00000| Untracked 
|  55|0x0000000086d00000, 0x0000000086d00000, 0x0000000086e00000|  0%| F|  |TAMS 0x0000000086d00000| PB 0x0000000086d00000| Untracked 
|  56|0x0000000086e00000, 0x0000000086e00000, 0x0000000086f00000|  0%| F|  |TAMS 0x0000000086e00000| PB 0x0000000086e00000| Untracked 
|  57|0x0000000086f00000, 0x0000000086f00000, 0x0000000087000000|  0%| F|  |TAMS 0x0000000086f00000| PB 0x0000000086f00000| Untracked 
|  58|0x0000000087000000, 0x0000000087000000, 0x0000000087100000|  0%| F|  |TAMS 0x0000000087000000| PB 0x0000000087000000| Untracked 
|  59|0x0000000087100000, 0x0000000087100000, 0x0000000087200000|  0%| F|  |TAMS 0x0000000087100000| PB 0x0000000087100000| Untracked 
|  60|0x0000000087200000, 0x0000000087200000, 0x0000000087300000|  0%| F|  |TAMS 0x0000000087200000| PB 0x0000000087200000| Untracked 
|  61|0x0000000087300000, 0x0000000087300000, 0x0000000087400000|  0%| F|  |TAMS 0x0000000087300000| PB 0x0000000087300000| Untracked 
|  62|0x0000000087400000, 0x0000000087400000, 0x0000000087500000|  0%| F|  |TAMS 0x0000000087400000| PB 0x0000000087400000| Untracked 
|  63|0x0000000087500000, 0x0000000087500000, 0x0000000087600000|  0%| F|  |TAMS 0x0000000087500000| PB 0x0000000087500000| Untracked 
|  64|0x0000000087600000, 0x0000000087600000, 0x0000000087700000|  0%| F|  |TAMS 0x0000000087600000| PB 0x0000000087600000| Untracked 
|  65|0x0000000087700000, 0x0000000087700000, 0x0000000087800000|  0%| F|  |TAMS 0x0000000087700000| PB 0x0000000087700000| Untracked 
|  66|0x0000000087800000, 0x0000000087800000, 0x0000000087900000|  0%| F|  |TAMS 0x0000000087800000| PB 0x0000000087800000| Untracked 
|  67|0x0000000087900000, 0x0000000087900000, 0x0000000087a00000|  0%| F|  |TAMS 0x0000000087900000| PB 0x0000000087900000| Untracked 
|  68|0x0000000087a00000, 0x0000000087a00000, 0x0000000087b00000|  0%| F|  |TAMS 0x0000000087a00000| PB 0x0000000087a00000| Untracked 
|  69|0x0000000087b00000, 0x0000000087b00000, 0x0000000087c00000|  0%| F|  |TAMS 0x0000000087b00000| PB 0x0000000087b00000| Untracked 
|  70|0x0000000087c00000, 0x0000000087c00000, 0x0000000087d00000|  0%| F|  |TAMS 0x0000000087c00000| PB 0x0000000087c00000| Untracked 
|  71|0x0000000087d00000, 0x0000000087d00000, 0x0000000087e00000|  0%| F|  |TAMS 0x0000000087d00000| PB 0x0000000087d00000| Untracked 
|  72|0x0000000087e00000, 0x0000000087e00000, 0x0000000087f00000|  0%| F|  |TAMS 0x0000000087e00000| PB 0x0000000087e00000| Untracked 
|  73|0x0000000087f00000, 0x0000000087f00000, 0x0000000088000000|  0%| F|  |TAMS 0x0000000087f00000| PB 0x0000000087f00000| Untracked 
|  74|0x0000000088000000, 0x0000000088000000, 0x0000000088100000|  0%| F|  |TAMS 0x0000000088000000| PB 0x0000000088000000| Untracked 
|  75|0x0000000088100000, 0x0000000088100000, 0x0000000088200000|  0%| F|  |TAMS 0x0000000088100000| PB 0x0000000088100000| Untracked 
|  76|0x0000000088200000, 0x0000000088200000, 0x0000000088300000|  0%| F|  |TAMS 0x0000000088200000| PB 0x0000000088200000| Untracked 
|  77|0x0000000088300000, 0x0000000088300000, 0x0000000088400000|  0%| F|  |TAMS 0x0000000088300000| PB 0x0000000088300000| Untracked 
|  78|0x0000000088400000, 0x0000000088400000, 0x0000000088500000|  0%| F|  |TAMS 0x0000000088400000| PB 0x0000000088400000| Untracked 
|  79|0x0000000088500000, 0x0000000088500000, 0x0000000088600000|  0%| F|  |TAMS 0x0000000088500000| PB 0x0000000088500000| Untracked 
|  80|0x0000000088600000, 0x0000000088600000, 0x0000000088700000|  0%| F|  |TAMS 0x0000000088600000| PB 0x0000000088600000| Untracked 
|  81|0x0000000088700000, 0x0000000088700000, 0x0000000088800000|  0%| F|  |TAMS 0x0000000088700000| PB 0x0000000088700000| Untracked 
|  82|0x0000000088800000, 0x0000000088800000, 0x0000000088900000|  0%| F|  |TAMS 0x0000000088800000| PB 0x0000000088800000| Untracked 
|  83|0x0000000088900000, 0x0000000088900000, 0x0000000088a00000|  0%| F|  |TAMS 0x0000000088900000| PB 0x0000000088900000| Untracked 
|  84|0x0000000088a00000, 0x0000000088a00000, 0x0000000088b00000|  0%| F|  |TAMS 0x0000000088a00000| PB 0x0000000088a00000| Untracked 
|  85|0x0000000088b00000, 0x0000000088b00000, 0x0000000088c00000|  0%| F|  |TAMS 0x0000000088b00000| PB 0x0000000088b00000| Untracked 
|  86|0x0000000088c00000, 0x0000000088c00000, 0x0000000088d00000|  0%| F|  |TAMS 0x0000000088c00000| PB 0x0000000088c00000| Untracked 
|  87|0x0000000088d00000, 0x0000000088d00000, 0x0000000088e00000|  0%| F|  |TAMS 0x0000000088d00000| PB 0x0000000088d00000| Untracked 
|  88|0x0000000088e00000, 0x0000000088e00000, 0x0000000088f00000|  0%| F|  |TAMS 0x0000000088e00000| PB 0x0000000088e00000| Untracked 
|  89|0x0000000088f00000, 0x0000000088f00000, 0x0000000089000000|  0%| F|  |TAMS 0x0000000088f00000| PB 0x0000000088f00000| Untracked 
|  90|0x0000000089000000, 0x0000000089000000, 0x0000000089100000|  0%| F|  |TAMS 0x0000000089000000| PB 0x0000000089000000| Untracked 
|  91|0x0000000089100000, 0x0000000089100000, 0x0000000089200000|  0%| F|  |TAMS 0x0000000089100000| PB 0x0000000089100000| Untracked 
|  92|0x0000000089200000, 0x0000000089200000, 0x0000000089300000|  0%| F|  |TAMS 0x0000000089200000| PB 0x0000000089200000| Untracked 
|  93|0x0000000089300000, 0x0000000089300000, 0x0000000089400000|  0%| F|  |TAMS 0x0000000089300000| PB 0x0000000089300000| Untracked 
|  94|0x0000000089400000, 0x0000000089400000, 0x0000000089500000|  0%| F|  |TAMS 0x0000000089400000| PB 0x0000000089400000| Untracked 
|  95|0x0000000089500000, 0x0000000089500000, 0x0000000089600000|  0%| F|  |TAMS 0x0000000089500000| PB 0x0000000089500000| Untracked 
|  96|0x0000000089600000, 0x0000000089600000, 0x0000000089700000|  0%| F|  |TAMS 0x0000000089600000| PB 0x0000000089600000| Untracked 
|  97|0x0000000089700000, 0x0000000089700000, 0x0000000089800000|  0%| F|  |TAMS 0x0000000089700000| PB 0x0000000089700000| Untracked 
|  98|0x0000000089800000, 0x0000000089800000, 0x0000000089900000|  0%| F|  |TAMS 0x0000000089800000| PB 0x0000000089800000| Untracked 
|  99|0x0000000089900000, 0x0000000089900000, 0x0000000089a00000|  0%| F|  |TAMS 0x0000000089900000| PB 0x0000000089900000| Untracked 
| 100|0x0000000089a00000, 0x0000000089a00000, 0x0000000089b00000|  0%| F|  |TAMS 0x0000000089a00000| PB 0x0000000089a00000| Untracked 
| 101|0x0000000089b00000, 0x0000000089b00000, 0x0000000089c00000|  0%| F|  |TAMS 0x0000000089b00000| PB 0x0000000089b00000| Untracked 
| 102|0x0000000089c00000, 0x0000000089c00000, 0x0000000089d00000|  0%| F|  |TAMS 0x0000000089c00000| PB 0x0000000089c00000| Untracked 
| 103|0x0000000089d00000, 0x0000000089d00000, 0x0000000089e00000|  0%| F|  |TAMS 0x0000000089d00000| PB 0x0000000089d00000| Untracked 
| 104|0x0000000089e00000, 0x0000000089e00000, 0x0000000089f00000|  0%| F|  |TAMS 0x0000000089e00000| PB 0x0000000089e00000| Untracked 
| 105|0x0000000089f00000, 0x0000000089f00000, 0x000000008a000000|  0%| F|  |TAMS 0x0000000089f00000| PB 0x0000000089f00000| Untracked 
| 106|0x000000008a000000, 0x000000008a000000, 0x000000008a100000|  0%| F|  |TAMS 0x000000008a000000| PB 0x000000008a000000| Untracked 
| 107|0x000000008a100000, 0x000000008a100000, 0x000000008a200000|  0%| F|  |TAMS 0x000000008a100000| PB 0x000000008a100000| Untracked 
| 108|0x000000008a200000, 0x000000008a200000, 0x000000008a300000|  0%| F|  |TAMS 0x000000008a200000| PB 0x000000008a200000| Untracked 
| 109|0x000000008a300000, 0x000000008a300000, 0x000000008a400000|  0%| F|  |TAMS 0x000000008a300000| PB 0x000000008a300000| Untracked 
| 110|0x000000008a400000, 0x000000008a400000, 0x000000008a500000|  0%| F|  |TAMS 0x000000008a400000| PB 0x000000008a400000| Untracked 
| 111|0x000000008a500000, 0x000000008a500000, 0x000000008a600000|  0%| F|  |TAMS 0x000000008a500000| PB 0x000000008a500000| Untracked 
| 112|0x000000008a600000, 0x000000008a600000, 0x000000008a700000|  0%| F|  |TAMS 0x000000008a600000| PB 0x000000008a600000| Untracked 
| 113|0x000000008a700000, 0x000000008a700000, 0x000000008a800000|  0%| F|  |TAMS 0x000000008a700000| PB 0x000000008a700000| Untracked 
| 114|0x000000008a800000, 0x000000008a878e30, 0x000000008a900000| 47%| E|  |TAMS 0x000000008a800000| PB 0x000000008a800000| Complete 
| 115|0x000000008a900000, 0x000000008aa00000, 0x000000008aa00000|100%| E|CS|TAMS 0x000000008a900000| PB 0x000000008a900000| Complete 
| 116|0x000000008aa00000, 0x000000008ab00000, 0x000000008ab00000|100%| E|  |TAMS 0x000000008aa00000| PB 0x000000008aa00000| Complete 
| 117|0x000000008ab00000, 0x000000008ac00000, 0x000000008ac00000|100%| E|CS|TAMS 0x000000008ab00000| PB 0x000000008ab00000| Complete 
| 118|0x000000008ac00000, 0x000000008ad00000, 0x000000008ad00000|100%| E|CS|TAMS 0x000000008ac00000| PB 0x000000008ac00000| Complete 
| 119|0x000000008ad00000, 0x000000008ae00000, 0x000000008ae00000|100%| E|CS|TAMS 0x000000008ad00000| PB 0x000000008ad00000| Complete 
| 120|0x000000008ae00000, 0x000000008af00000, 0x000000008af00000|100%| E|CS|TAMS 0x000000008ae00000| PB 0x000000008ae00000| Complete 
| 121|0x000000008af00000, 0x000000008b000000, 0x000000008b000000|100%| E|CS|TAMS 0x000000008af00000| PB 0x000000008af00000| Complete 
| 122|0x000000008b000000, 0x000000008b100000, 0x000000008b100000|100%| E|CS|TAMS 0x000000008b000000| PB 0x000000008b000000| Complete 
| 123|0x000000008b100000, 0x000000008b200000, 0x000000008b200000|100%| E|CS|TAMS 0x000000008b100000| PB 0x000000008b100000| Complete 
| 124|0x000000008b200000, 0x000000008b300000, 0x000000008b300000|100%| E|CS|TAMS 0x000000008b200000| PB 0x000000008b200000| Complete 
| 125|0x000000008b300000, 0x000000008b400000, 0x000000008b400000|100%| E|CS|TAMS 0x000000008b300000| PB 0x000000008b300000| Complete 

Card table byte_map: [0x000001dc7a820000,0x000001dc7ac10000] _byte_map_base: 0x000001dc7a405000

Marking Bits: (CMBitMap*) 0x000001dc715dfa90
 Bits: [0x000001dc7ac10000, 0x000001dc7cb38000)

Polling page: 0x000001dc715f0000

Metaspace:

Usage:
  Non-class:      2.07 MB used.
      Class:    240.89 KB used.
       Both:      2.30 MB used.

Virtual space:
  Non-class space:       64.00 MB reserved,       2.12 MB (  3%) committed,  1 nodes.
      Class space:        1.00 GB reserved,     320.00 KB ( <1%) committed,  1 nodes.
             Both:        1.06 GB reserved,       2.44 MB ( <1%) committed. 

Chunk freelists:
   Non-Class:  10.86 MB
       Class:  15.56 MB
        Both:  26.42 MB

MaxMetaspaceSize: unlimited
CompressedClassSpaceSize: 1.00 GB
Initial GC threshold: 21.00 MB
Current GC threshold: 21.00 MB
CDS: on
 - commit_granule_bytes: 65536.
 - commit_granule_words: 8192.
 - virtual_space_node_default_size: 8388608.
 - enlarge_chunks_in_place: 1.
 - use_allocation_guard: 0.


Internal statistics:

num_allocs_failed_limit: 0.
num_arena_births: 84.
num_arena_deaths: 0.
num_vsnodes_births: 2.
num_vsnodes_deaths: 0.
num_space_committed: 40.
num_space_uncommitted: 0.
num_chunks_returned_to_freelist: 0.
num_chunks_taken_from_freelist: 178.
num_chunk_merges: 0.
num_chunk_splits: 95.
num_chunks_enlarged: 38.
num_inconsistent_stats: 0.

CodeHeap 'non-profiled nmethods': size=120000Kb used=242Kb max_used=242Kb free=119758Kb
 bounds [0x000001dc07ad0000, 0x000001dc07d40000, 0x000001dc0f000000]
CodeHeap 'profiled nmethods': size=120000Kb used=1095Kb max_used=1095Kb free=118904Kb
 bounds [0x000001dc00000000, 0x000001dc00270000, 0x000001dc07530000]
CodeHeap 'non-nmethods': size=5760Kb used=1466Kb max_used=1482Kb free=4294Kb
 bounds [0x000001dc07530000, 0x000001dc077a0000, 0x000001dc07ad0000]
 total_blobs=1157 nmethods=711 adapters=351
 compilation: enabled
              stopped_count=0, restarted_count=0
 full_count=0

Compilation events (20 events):
Event: 0.347 Thread 0x000001dc7f832570  626       1       java.lang.invoke.MethodTypeForm::basicType (5 bytes)
Event: 0.348 Thread 0x000001dc7f832570 nmethod 626 0x000001dc07b02b10 code [0x000001dc07b02ca0, 0x000001dc07b02d68]
Event: 0.348 Thread 0x000001dc7f80be90 nmethod 592 0x000001dc07b02e10 code [0x000001dc07b02fa0, 0x000001dc07b03028]
Event: 0.348 Thread 0x000001dc7f832570  624       1       java.util.HashMap$Node::getKey (5 bytes)
Event: 0.348 Thread 0x000001dc7f832570 nmethod 624 0x000001dc07b03110 code [0x000001dc07b032a0, 0x000001dc07b03368]
Event: 0.348 Thread 0x000001dc7f832570  627   !   3       java.util.zip.Inflater::needsInput (55 bytes)
Event: 0.348 Thread 0x000001dc7f832570 nmethod 627 0x000001dc000eaa10 code [0x000001dc000eabc0, 0x000001dc000eaf90]
Event: 0.348 Thread 0x000001dc7f832570  628   !   3       java.util.zip.Inflater::inflate (456 bytes)
Event: 0.350 Thread 0x000001dc7f832570 nmethod 628 0x000001dc000eb110 code [0x000001dc000eb500, 0x000001dc000ed2a8]
Event: 0.350 Thread 0x000001dc7f832570  629       3       java.lang.String::equalsIgnoreCase (45 bytes)
Event: 0.351 Thread 0x000001dc7f832570 nmethod 629 0x000001dc000ee210 code [0x000001dc000ee400, 0x000001dc000ee960]
Event: 0.353 Thread 0x000001dc7f80be90  630       4       java.util.zip.ZipFile::ensureOpen (40 bytes)
Event: 0.354 Thread 0x000001dc7f80be90 nmethod 630 0x000001dc07b03410 code [0x000001dc07b035a0, 0x000001dc07b03678]
Event: 0.354 Thread 0x000001dc7f80be90  631       4       java.util.Objects::requireNonNull (15 bytes)
Event: 0.354 Thread 0x000001dc7f80be90 nmethod 631 0x000001dc07b03790 code [0x000001dc07b03920, 0x000001dc07b039a8]
Event: 0.357 Thread 0x000001dc7f80be90  632       4       java.lang.AbstractStringBuilder::append (45 bytes)
Event: 0.361 Thread 0x000001dc7f832570  635       3       jdk.internal.loader.BuiltinClassLoader::findLoadedModule (33 bytes)
Event: 0.361 Thread 0x000001dc7f832570 nmethod 635 0x000001dc000eeb10 code [0x000001dc000eed40, 0x000001dc000ef3a8]
Event: 0.371 Thread 0x000001dc7f80be90 nmethod 632 0x000001dc07b04210 code [0x000001dc07b043e0, 0x000001dc07b04b78]
Event: 0.372 Thread 0x000001dc7f80be90  633       4       java.lang.StringLatin1::hashCode (52 bytes)

GC Heap History (0 events):
No events

Dll operation events (6 events):
Event: 0.015 Loaded shared library C:\Program Files\Java\jdk-21\bin\java.dll
Event: 0.064 Loaded shared library C:\Program Files\Java\jdk-21\bin\jsvml.dll
Event: 0.142 Loaded shared library C:\Program Files\Java\jdk-21\bin\net.dll
Event: 0.145 Loaded shared library C:\Program Files\Java\jdk-21\bin\nio.dll
Event: 0.149 Loaded shared library C:\Program Files\Java\jdk-21\bin\zip.dll
Event: 0.258 Loaded shared library C:\Program Files\Java\jdk-21\bin\jimage.dll

Deoptimization events (20 events):
Event: 0.161 Thread 0x000001dc6fa981d0 DEOPT PACKING pc=0x000001dc0001dbe7 sp=0x0000003bf5ef9f90
Event: 0.161 Thread 0x000001dc6fa981d0 DEOPT UNPACKING pc=0x000001dc075888e2 sp=0x0000003bf5ef9400 mode 0
Event: 0.162 Thread 0x000001dc6fa981d0 DEOPT PACKING pc=0x000001dc0001dbe7 sp=0x0000003bf5ef9f90
Event: 0.162 Thread 0x000001dc6fa981d0 DEOPT UNPACKING pc=0x000001dc075888e2 sp=0x0000003bf5ef9400 mode 0
Event: 0.162 Thread 0x000001dc6fa981d0 DEOPT PACKING pc=0x000001dc0001dbe7 sp=0x0000003bf5ef9f90
Event: 0.162 Thread 0x000001dc6fa981d0 DEOPT UNPACKING pc=0x000001dc075888e2 sp=0x0000003bf5ef9400 mode 0
Event: 0.164 Thread 0x000001dc6fa981d0 DEOPT PACKING pc=0x000001dc0001dbe7 sp=0x0000003bf5ef9f90
Event: 0.164 Thread 0x000001dc6fa981d0 DEOPT UNPACKING pc=0x000001dc075888e2 sp=0x0000003bf5ef9400 mode 0
Event: 0.198 Thread 0x000001dc6fa981d0 DEOPT PACKING pc=0x000001dc0001b199 sp=0x0000003bf5ef9f40
Event: 0.198 Thread 0x000001dc6fa981d0 DEOPT UNPACKING pc=0x000001dc075888e2 sp=0x0000003bf5ef9360 mode 0
Event: 0.205 Thread 0x000001dc6fa981d0 DEOPT PACKING pc=0x000001dc00009161 sp=0x0000003bf5ef9ec0
Event: 0.205 Thread 0x000001dc6fa981d0 DEOPT UNPACKING pc=0x000001dc075888e2 sp=0x0000003bf5ef9328 mode 0
Event: 0.262 Thread 0x000001dc6fa981d0 Uncommon trap: trap_request=0xffffff45 fr.pc=0x000001dc07adb490 relative=0x0000000000000070
Event: 0.262 Thread 0x000001dc6fa981d0 Uncommon trap: reason=unstable_if action=reinterpret pc=0x000001dc07adb490 method=java.io.WinNTFileSystem.isSlash(C)Z @ 9 c2
Event: 0.262 Thread 0x000001dc6fa981d0 DEOPT PACKING pc=0x000001dc07adb490 sp=0x0000003bf5efdaa0
Event: 0.262 Thread 0x000001dc6fa981d0 DEOPT UNPACKING pc=0x000001dc07587da2 sp=0x0000003bf5efda28 mode 2
Event: 0.264 Thread 0x000001dc6fa981d0 DEOPT PACKING pc=0x000001dc0002ab88 sp=0x0000003bf5efce20
Event: 0.264 Thread 0x000001dc6fa981d0 DEOPT UNPACKING pc=0x000001dc075888e2 sp=0x0000003bf5efc2b0 mode 0
Event: 0.265 Thread 0x000001dc6fa981d0 DEOPT PACKING pc=0x000001dc0002ab88 sp=0x0000003bf5ef95e0
Event: 0.265 Thread 0x000001dc6fa981d0 DEOPT UNPACKING pc=0x000001dc075888e2 sp=0x0000003bf5ef8a70 mode 0

Classes loaded (20 events):
Event: 0.332 Loading class java/time/zone/ZoneRulesProvider$1
Event: 0.332 Loading class java/time/zone/ZoneRulesProvider$1 done
Event: 0.332 Loading class java/time/zone/TzdbZoneRulesProvider
Event: 0.332 Loading class java/time/zone/TzdbZoneRulesProvider done
Event: 0.335 Loading class java/util/Arrays$ArrayItr
Event: 0.335 Loading class java/util/Arrays$ArrayItr done
Event: 0.339 Loading class java/time/zone/Ser
Event: 0.339 Loading class java/io/Externalizable
Event: 0.339 Loading class java/io/Externalizable done
Event: 0.339 Loading class java/time/zone/Ser done
Event: 0.340 Loading class java/time/zone/ZoneOffsetTransition
Event: 0.340 Loading class java/time/zone/ZoneOffsetTransition done
Event: 0.348 Loading class java/util/concurrent/atomic/AtomicReference
Event: 0.348 Loading class java/util/concurrent/atomic/AtomicReference done
Event: 0.350 Loading class java/lang/NumberFormatException
Event: 0.350 Loading class java/lang/NumberFormatException done
Event: 0.358 Loading class java/lang/InterruptedException
Event: 0.358 Loading class java/lang/InterruptedException done
Event: 0.358 Loading class java/util/concurrent/TimeoutException
Event: 0.358 Loading class java/util/concurrent/TimeoutException done

Classes unloaded (0 events):
No events

Classes redefined (0 events):
No events

Internal exceptions (2 events):
Event: 0.300 Thread 0x000001dc6fa981d0 Exception <a 'java/lang/NoSuchMethodError'{0x000000008ab69218}: 'java.lang.Object java.lang.invoke.DirectMethodHandle$Holder.invokeSpecial(java.lang.Object, java.lang.Object, java.lang.Object, long, java.lang.Object)'> (0x000000008ab69218) 
thrown [s\open\src\hotspot\share\interpreter\linkResolver.cpp, line 773]
Event: 0.300 Thread 0x000001dc6fa981d0 Exception <a 'java/lang/NoSuchMethodError'{0x000000008ab6cb68}: 'java.lang.Object java.lang.invoke.Invokers$Holder.linkToTargetMethod(java.lang.Object, long, java.lang.Object, java.lang.Object)'> (0x000000008ab6cb68) 
thrown [s\open\src\hotspot\share\interpreter\linkResolver.cpp, line 773]

ZGC Phase Switch (0 events):
No events

VM Operations (6 events):
Event: 0.153 Executing VM operation: HandshakeAllThreads (Deoptimize)
Event: 0.153 Executing VM operation: HandshakeAllThreads (Deoptimize) done
Event: 0.221 Executing VM operation: HandshakeAllThreads (Deoptimize)
Event: 0.221 Executing VM operation: HandshakeAllThreads (Deoptimize) done
Event: 0.262 Executing VM operation: HandshakeAllThreads (Deoptimize)
Event: 0.262 Executing VM operation: HandshakeAllThreads (Deoptimize) done

Events (12 events):
Event: 0.042 Thread 0x000001dc6fa981d0 Thread added: 0x000001dc6fa981d0
Event: 0.059 Thread 0x000001dc7f7e6aa0 Thread added: 0x000001dc7f7e6aa0
Event: 0.059 Thread 0x000001dc7f7e8420 Thread added: 0x000001dc7f7e8420
Event: 0.059 Thread 0x000001dc7f7ed530 Thread added: 0x000001dc7f7ed530
Event: 0.059 Thread 0x000001dc7f7f0700 Thread added: 0x000001dc7f7f0700
Event: 0.060 Thread 0x000001dc7f7f7350 Thread added: 0x000001dc7f7f7350
Event: 0.060 Thread 0x000001dc7f7fbb50 Thread added: 0x000001dc7f7fbb50
Event: 0.060 Thread 0x000001dc7f80be90 Thread added: 0x000001dc7f80be90
Event: 0.060 Thread 0x000001dc7f832570 Thread added: 0x000001dc7f832570
Event: 0.131 Thread 0x000001dc7f7fa110 Thread added: 0x000001dc7f7fa110
Event: 0.134 Thread 0x000001dc7f7f9a80 Thread added: 0x000001dc7f7f9a80
Event: 0.193 Thread 0x000001dc7fa376c0 Thread added: 0x000001dc7fa376c0


Dynamic libraries:
0x00007ff7e3140000 - 0x00007ff7e3150000 	C:\Program Files\Java\jdk-21\bin\java.exe
0x00007ffd5ebe0000 - 0x00007ffd5ee45000 	C:\WINDOWS\SYSTEM32\ntdll.dll
0x00007ffd5e210000 - 0x00007ffd5e2d9000 	C:\WINDOWS\System32\KERNEL32.DLL
0x00007ffd5c0a0000 - 0x00007ffd5c488000 	C:\WINDOWS\System32\KERNELBASE.dll
0x00007ffd5c800000 - 0x00007ffd5c94b000 	C:\WINDOWS\System32\ucrtbase.dll
0x00007ffd24080000 - 0x00007ffd24099000 	C:\Program Files\Java\jdk-21\bin\jli.dll
0x00007ffd5cb90000 - 0x00007ffd5cc43000 	C:\WINDOWS\System32\ADVAPI32.dll
0x00007ffd5dbb0000 - 0x00007ffd5dc59000 	C:\WINDOWS\System32\msvcrt.dll
0x00007ffd5e590000 - 0x00007ffd5e636000 	C:\WINDOWS\System32\sechost.dll
0x00007ffd5e0f0000 - 0x00007ffd5e205000 	C:\WINDOWS\System32\RPCRT4.dll
0x00007ffd5d950000 - 0x00007ffd5db1a000 	C:\WINDOWS\System32\USER32.dll
0x00007ffd5c950000 - 0x00007ffd5c977000 	C:\WINDOWS\System32\win32u.dll
0x00007ffd5c980000 - 0x00007ffd5c9ab000 	C:\WINDOWS\System32\GDI32.dll
0x00007ffd5c6c0000 - 0x00007ffd5c7f7000 	C:\WINDOWS\System32\gdi32full.dll
0x00007ffd5c610000 - 0x00007ffd5c6b3000 	C:\WINDOWS\System32\msvcp_win.dll
0x00007ffd295a0000 - 0x00007ffd295bb000 	C:\Program Files\Java\jdk-21\bin\VCRUNTIME140.dll
0x00007ffd46500000 - 0x00007ffd4679a000 	C:\WINDOWS\WinSxS\amd64_microsoft.windows.common-controls_6595b64144ccf1df_6.0.26100.4202_none_3e0698d4e335f517\COMCTL32.dll
0x00007ffd4e160000 - 0x00007ffd4e16b000 	C:\WINDOWS\SYSTEM32\VERSION.dll
0x00007ffd5e770000 - 0x00007ffd5e7a0000 	C:\WINDOWS\System32\IMM32.DLL
0x00007ffd1f630000 - 0x00007ffd1f74a000 	C:\Program Files\Topaz OFD\Warsaw\wslbscr64.dll
0x00007ffd5d1d0000 - 0x00007ffd5d912000 	C:\WINDOWS\System32\SHELL32.dll
0x00007ffd5bf20000 - 0x00007ffd5c094000 	C:\WINDOWS\System32\wintypes.dll
0x00007ffd5dcf0000 - 0x00007ffd5e075000 	C:\WINDOWS\System32\combase.dll
0x00007ffd5ac10000 - 0x00007ffd5ac46000 	C:\WINDOWS\SYSTEM32\ntmarta.dll
0x00007ffd1f3c0000 - 0x00007ffd1f4ba000 	C:\Program Files\Topaz OFD\Warsaw\wslbscrwh64.dll
0x00007ffd41e10000 - 0x00007ffd41e1c000 	C:\Program Files\Java\jdk-21\bin\vcruntime140_1.dll
0x00007ffcfea80000 - 0x00007ffcfeb0e000 	C:\Program Files\Java\jdk-21\bin\msvcp140.dll
0x00007ffca0bf0000 - 0x00007ffca1905000 	C:\Program Files\Java\jdk-21\bin\server\jvm.dll
0x00007ffd5eb20000 - 0x00007ffd5eb94000 	C:\WINDOWS\System32\WS2_32.dll
0x00007ffd5b4a0000 - 0x00007ffd5b4fe000 	C:\WINDOWS\SYSTEM32\POWRPROF.dll
0x00007ffd46840000 - 0x00007ffd46875000 	C:\WINDOWS\SYSTEM32\WINMM.dll
0x00007ffd5b480000 - 0x00007ffd5b494000 	C:\WINDOWS\SYSTEM32\UMPDC.dll
0x00007ffd5aaf0000 - 0x00007ffd5ab0b000 	C:\WINDOWS\SYSTEM32\kernel.appcore.dll
0x00007ffd41da0000 - 0x00007ffd41daa000 	C:\Program Files\Java\jdk-21\bin\jimage.dll
0x00007ffd59460000 - 0x00007ffd596a1000 	C:\WINDOWS\SYSTEM32\DBGHELP.DLL
0x00007ffd5ea30000 - 0x00007ffd5eb11000 	C:\WINDOWS\System32\OLEAUT32.dll
0x00007ffd3f6e0000 - 0x00007ffd3f719000 	C:\WINDOWS\SYSTEM32\dbgcore.DLL
0x00007ffd5bdf0000 - 0x00007ffd5be89000 	C:\WINDOWS\System32\bcryptPrimitives.dll
0x00007ffd1e0a0000 - 0x00007ffd1e0bf000 	C:\Program Files\Java\jdk-21\bin\java.dll
0x00007ffd59970000 - 0x00007ffd5a1c8000 	C:\WINDOWS\SYSTEM32\windows.storage.dll
0x00007ffd5e7b0000 - 0x00007ffd5e8a1000 	C:\WINDOWS\System32\SHCORE.dll
0x000001dc7f770000 - 0x000001dc7f7da000 	C:\WINDOWS\System32\shlwapi.dll
0x00007ffd5bc40000 - 0x00007ffd5bc6f000 	C:\WINDOWS\SYSTEM32\profapi.dll
0x00007ffcf8e40000 - 0x00007ffcf8f17000 	C:\Program Files\Java\jdk-21\bin\jsvml.dll
0x00007ffd391a0000 - 0x00007ffd391b0000 	C:\Program Files\Java\jdk-21\bin\net.dll
0x00007ffd4c990000 - 0x00007ffd4caae000 	C:\WINDOWS\SYSTEM32\WINHTTP.dll
0x00007ffd5b0d0000 - 0x00007ffd5b13a000 	C:\WINDOWS\system32\mswsock.dll
0x00007ffd1e080000 - 0x00007ffd1e096000 	C:\Program Files\Java\jdk-21\bin\nio.dll
0x00007ffd1dff0000 - 0x00007ffd1e008000 	C:\Program Files\Java\jdk-21\bin\zip.dll

dbghelp: loaded successfully - version: 4.0.5 - missing functions: none
symbol engine: initialized successfully - sym options: 0x614 - pdb path: .;C:\Program Files\Java\jdk-21\bin;C:\WINDOWS\SYSTEM32;C:\WINDOWS\WinSxS\amd64_microsoft.windows.common-controls_6595b64144ccf1df_6.0.26100.4202_none_3e0698d4e335f517;C:\Program Files\Topaz OFD\Warsaw;C:\Program Files\Java\jdk-21\bin\server

VM Arguments:
jvm_args: -XX:+ShowCodeDetailsInExceptionMessages 
java_command: com.hortanaporta.api.ApiApplication
java_class_path (initial): C:\Users\migue\Downloads\api\target\classes;C:\Users\migue\.m2\repository\org\springframework\boot\spring-boot-starter-data-jpa\3.5.3\spring-boot-starter-data-jpa-3.5.3.jar;C:\Users\migue\.m2\repository\org\springframework\boot\spring-boot-starter\3.5.3\spring-boot-starter-3.5.3.jar;C:\Users\migue\.m2\repository\org\springframework\boot\spring-boot\3.5.3\spring-boot-3.5.3.jar;C:\Users\migue\.m2\repository\org\springframework\boot\spring-boot-autoconfigure\3.5.3\spring-boot-autoconfigure-3.5.3.jar;C:\Users\migue\.m2\repository\org\springframework\boot\spring-boot-starter-logging\3.5.3\spring-boot-starter-logging-3.5.3.jar;C:\Users\migue\.m2\repository\ch\qos\logback\logback-classic\1.5.18\logback-classic-1.5.18.jar;C:\Users\migue\.m2\repository\ch\qos\logback\logback-core\1.5.18\logback-core-1.5.18.jar;C:\Users\migue\.m2\repository\org\apache\logging\log4j\log4j-to-slf4j\2.24.3\log4j-to-slf4j-2.24.3.jar;C:\Users\migue\.m2\repository\org\apache\logging\log4j\log4j-api\2.24.3\log4j-api-2.24.3.jar;C:\Users\migue\.m2\repository\org\slf4j\jul-to-slf4j\2.0.17\jul-to-slf4j-2.0.17.jar;C:\Users\migue\.m2\repository\jakarta\annotation\jakarta.annotation-api\2.1.1\jakarta.annotation-api-2.1.1.jar;C:\Users\migue\.m2\repository\org\yaml\snakeyaml\2.4\snakeyaml-2.4.jar;C:\Users\migue\.m2\repository\org\springframework\boot\spring-boot-starter-jdbc\3.5.3\spring-boot-starter-jdbc-3.5.3.jar;C:\Users\migue\.m2\repository\com\zaxxer\HikariCP\6.3.0\HikariCP-6.3.0.jar;C:\Users\migue\.m2\repository\org\springframework\spring-jdbc\6.2.8\spring-jdbc-6.2.8.jar;C:\Users\migue\.m2\repository\org\hibernate\orm\hibernate-core\6.6.18.Final\hibernate-core-6.6.18.Final.jar;C:\Users\migue\.m2\repository\jakarta\persistence\jakarta.persistence-api\3.1.0\jakarta.persistence-api-3.1.0.jar;C:\Users\migue\.m2\repository\jakarta\transaction\jakarta.transaction-api\2.0.1\jakarta.transaction-api-2.0.1.jar;C:\Users\migue\.m2\repository\org\jboss\logging\jboss-logging\3.6.1.Final\jboss-logging-3.6.1.Final.jar;C:\Users\migue\.m2\repository\org\hibernate\common\hibernate-commons-annotations\7.0.3.Final\hibernate-commons-annotations-7.0.3.Final.jar;C:\Users\migue\.m2\repository\io\smallrye\jandex\3.2.0\jandex-3.2.0.jar;C:\Users\migue\.m2\repository\com\fasterxml\classmate\1.7.0\classmate-1.7.0.jar;C:\Users\migue\.m2\repository\net\bytebuddy\byte-buddy\1.17.6\byte-buddy-1.17.6.jar;C:\Users\migue\.m2\repository\org\glassfish\jaxb\jaxb-runtime\4.0.5\jaxb-runtime-4.0.5.jar;C:\Users\migue\.m2\repository\org\glassfish\jaxb\jaxb-core\4.0.5\jaxb-core-4.0.5.jar;C:\Users\migue\.m2\repository\org\eclipse\angus\angus-activation\2.0.2\angus-activation-2.0.2.jar;C:\Users\migue\.m2\repository\org\glassfish\jaxb\txw2\4.0.5\txw2-4.0.5.jar;C:\Users\migue\.m2\repository\com\sun\istack\istack-commons-runtime\4.1.2\istack-commons-runtime-4.1.2.jar;C:\Users\migue\.m2\repository\jakarta\inject\jakarta.inject-api\2.0.1\jakarta.inject-api-2.0.1.jar;C:\Users\migue\.m2\repository\org\antlr\antlr4-runtime\4.13.0\antlr4-runtime-4.13.0.jar;C:\Users\migue\.m2\repository\org\springframework\data\spring-data-jpa\3.5.1\spring-data-jpa-3.5.1.jar;C:\Users\migue\.m2\repository\org\springframework\data\spring-data-commons\3.5.1\spring-data-commons-3.5.1.jar;C:\Users\migue\.m2\repository\org\springframework\spring-orm\6.2.8\spring-orm-6.2.8.jar;C:\Users\migue\.m2\repository\org\springframework\spring-context\6.2.8\spring-context-6.2.8.jar;C:\Users\migue\.m2\repository\org\springframework\spring-aop\6.2.8\spring-aop-6.2.8.jar;C:\Users\migue\.m2\repository\org\springframework\spring-tx\6.2.8\spring-tx-6.2.8.jar;C:\Users\migue\.m2\repository\org\springframework\spring-beans\6.2.8\spring-beans-6.2.8.jar;C:\Users\migue\.m2\repository\org\slf4j\slf4j-api\2.0.17\slf4j-api-2.0.17.jar;C:\Users\migue\.m2\repository\org\springframework\spring-aspects\6.2.8\spring-aspects-6.2.8.jar;C:\Users\migue\.m2\repository\org\aspectj\aspectjweaver\1.9.24\aspectjweaver-1.9.24.jar;C:\Users\migue\.m2\repository\org\springframework\boot\spring-boot-starter-web\3.5.3\spring-boot-starter-web-3.5.3.jar;C:\Users\migue\.m2\repository\org\springframework\boot\spring-boot-starter-json\3.5.3\spring-boot-starter-json-3.5.3.jar;C:\Users\migue\.m2\repository\com\fasterxml\jackson\core\jackson-databind\2.19.1\jackson-databind-2.19.1.jar;C:\Users\migue\.m2\repository\com\fasterxml\jackson\core\jackson-annotations\2.19.1\jackson-annotations-2.19.1.jar;C:\Users\migue\.m2\repository\com\fasterxml\jackson\core\jackson-core\2.19.1\jackson-core-2.19.1.jar;C:\Users\migue\.m2\repository\com\fasterxml\jackson\datatype\jackson-datatype-jdk8\2.19.1\jackson-datatype-jdk8-2.19.1.jar;C:\Users\migue\.m2\repository\com\fasterxml\jackson\datatype\jackson-datatype-jsr310\2.19.1\jackson-datatype-jsr310-2.19.1.jar;C:\Users\migue\.m2\repository\com\fasterxml\jackson\module\jackson-module-parameter-names\2.19.1\jackson-module-parameter-names-2.19.1.jar;C:\Users\migue\.m2\repository\org\springframework\boot\spring-boot-starter-tomcat\3.5.3\spring-boot-starter-tomcat-3.5.3.jar;C:\Users\migue\.m2\repository\org\apache\tomcat\embed\tomcat-embed-core\10.1.42\tomcat-embed-core-10.1.42.jar;C:\Users\migue\.m2\repository\org\apache\tomcat\embed\tomcat-embed-el\10.1.42\tomcat-embed-el-10.1.42.jar;C:\Users\migue\.m2\repository\org\apache\tomcat\embed\tomcat-embed-websocket\10.1.42\tomcat-embed-websocket-10.1.42.jar;C:\Users\migue\.m2\repository\org\springframework\spring-web\6.2.8\spring-web-6.2.8.jar;C:\Users\migue\.m2\repository\io\micrometer\micrometer-observation\1.15.1\micrometer-observation-1.15.1.jar;C:\Users\migue\.m2\repository\io\micrometer\micrometer-commons\1.15.1\micrometer-commons-1.15.1.jar;C:\Users\migue\.m2\repository\org\springframework\spring-webmvc\6.2.8\spring-webmvc-6.2.8.jar;C:\Users\migue\.m2\repository\org\springframework\spring-expression\6.2.8\spring-expression-6.2.8.jar;C:\Users\migue\.m2\repository\com\mysql\mysql-connector-j\9.2.0\mysql-connector-j-9.2.0.jar;C:\Users\migue\.m2\repository\org\projectlombok\lombok\1.18.38\lombok-1.18.38.jar;C:\Users\migue\.m2\repository\jakarta\xml\bind\jakarta.xml.bind-api\4.0.2\jakarta.xml.bind-api-4.0.2.jar;C:\Users\migue\.m2\repository\jakarta\activation\jakarta.activation-api\2.1.3\jakarta.activation-api-2.1.3.jar;C:\Users\migue\.m2\repository\org\springframework\spring-core\6.2.8\spring-core-6.2.8.jar;C:\Users\migue\.m2\repository\org\springframework\spring-jcl\6.2.8\spring-jcl-6.2.8.jar
Launcher Type: SUN_STANDARD

[Global flags]
     intx CICompilerCount                          = 4                                         {product} {ergonomic}
     uint ConcGCThreads                            = 2                                         {product} {ergonomic}
     uint G1ConcRefinementThreads                  = 8                                         {product} {ergonomic}
   size_t G1HeapRegionSize                         = 1048576                                   {product} {ergonomic}
    uintx GCDrainStackTargetSize                   = 64                                        {product} {ergonomic}
   size_t InitialHeapSize                          = 132120576                                 {product} {ergonomic}
   size_t MarkStackSize                            = 4194304                                   {product} {ergonomic}
   size_t MaxHeapSize                              = 2090860544                                {product} {ergonomic}
   size_t MaxNewSize                               = 1254096896                                {product} {ergonomic}
   size_t MinHeapDeltaBytes                        = 1048576                                   {product} {ergonomic}
   size_t MinHeapSize                              = 8388608                                   {product} {ergonomic}
    uintx NonNMethodCodeHeapSize                   = 5839372                                {pd product} {ergonomic}
    uintx NonProfiledCodeHeapSize                  = 122909434                              {pd product} {ergonomic}
    uintx ProfiledCodeHeapSize                     = 122909434                              {pd product} {ergonomic}
    uintx ReservedCodeCacheSize                    = 251658240                              {pd product} {ergonomic}
     bool SegmentedCodeCache                       = true                                      {product} {ergonomic}
     bool ShowCodeDetailsInExceptionMessages       = true                                   {manageable} {command line}
   size_t SoftMaxHeapSize                          = 2090860544                             {manageable} {ergonomic}
     bool UseCompressedOops                        = true                           {product lp64_product} {ergonomic}
     bool UseG1GC                                  = true                                      {product} {ergonomic}
     bool UseLargePagesIndividualAllocation        = false                                  {pd product} {ergonomic}

Logging:
Log output configuration:
 #0: stdout all=warning uptime,level,tags foldmultilines=false
 #1: stderr all=off uptime,level,tags foldmultilines=false

Environment Variables:
JAVA_HOME=C:\Program Files\Java\jdk-21
PATH=C:\Program Files\Common Files\Oracle\Java\javapath;C:\Program Files (x86)\Common Files\Oracle\Java\javapath;C:\WINDOWS\system32;C:\WINDOWS;C:\WINDOWS\System32\Wbem;C:\WINDOWS\System32\WindowsPowerShell\v1.0\;C:\WINDOWS\System32\OpenSSH\;C:\Program Files\Git\cmd;C:\Program Files\dotnet\;C:\Program Files\nodejs\;C:\Program Files\Java\jre-1.8\bin;C:\Program Files\Common Files\Oracle\Java\javapath;C:\Program Files (x86)\Common Files\Oracle\Java\javapath;C:\WINDOWS\system32;C:\WINDOWS;C:\WINDOWS\System32\Wbem;C:\WINDOWS\System32\WindowsPowerShell\v1.0\;C:\WINDOWS\System32\OpenSSH\;C:\Program Files\Git\cmd;C:\Program Files\dotnet\;C:\Program Files\nodejs\;C:\Users\migue\AppData\Local\Microsoft\WindowsApps;C:\Users\migue\AppData\Local\Programs\Microsoft VS Code\bin;C:\Users\migue\AppData\Local\Muse Hub\lib;C:\Users\migue\AppData\Roaming\npm;C:\Users\migue\AppData\Local\Muse Hub\lib;C:\Program Files\Java\jdk-21\bin;
USERNAME=migue
LANG=en_US.UTF-8
OS=Windows_NT
PROCESSOR_IDENTIFIER=Intel64 Family 6 Model 140 Stepping 1, GenuineIntel
TMP=C:\Users\migue\AppData\Local\Temp
TEMP=C:\Users\migue\AppData\Local\Temp




Periodic native trim disabled

---------------  S Y S T E M  ---------------

OS:
 Windows 11 , 64 bit Build 26100 (10.0.26100.4202)
OS uptime: 3 days 21:28 hours
Hyper-V role detected

CPU: total 8 (initial active 8) (4 cores per cpu, 2 threads per core) family 6 model 140 stepping 1 microcode 0x8a, cx8, cmov, fxsr, ht, mmx, 3dnowpref, sse, sse2, sse3, ssse3, sse4.1, sse4.2, popcnt, lzcnt, tsc, tscinvbit, avx, avx2, aes, erms, clmul, bmi1, bmi2, adx, avx512f, avx512dq, avx512cd, avx512bw, avx512vl, sha, fma, vzeroupper, avx512_vpopcntdq, avx512_vpclmulqdq, avx512_vaes, avx512_vnni, clflush, clflushopt, clwb, avx512_vbmi2, avx512_vbmi, hv, rdtscp, rdpid, fsrm, gfni, avx512_bitalg, f16c, cet_ibt, cet_ss, avx512_ifma
Processor Information for all 8 processors :
  Max Mhz: 2419, Current Mhz: 2419, Mhz Limit: 2419

Memory: 4k page, system-wide physical 7971M (857M free)
TotalPageFile size 22327M (AvailPageFile size 0M)
current process WorkingSet (physical memory assigned to process): 63M, peak: 63M
current process commit charge ("private bytes"): 218M, peak: 218M

vm_info: Java HotSpot(TM) 64-Bit Server VM (21.0.1+12-LTS-29) for windows-amd64 JRE (21.0.1+12-LTS-29), built on 2023-10-05T13:27:09Z by "mach5one" with MS VC++ 17.1 (VS2022)

END.
