#
# There is insufficient memory for the Java Runtime Environment to continue.
# Native memory allocation (malloc) failed to allocate 2773072 bytes. Error detail: Chunk::new
# Possible reasons:
#   The system is out of physical RAM or swap space
#   This process is running with CompressedOops enabled, and the Java Heap may be blocking the growth of the native heap
# Possible solutions:
#   Reduce memory load on the system
#   Increase physical memory or swap space
#   Check if swap backing store is full
#   Decrease Java heap size (-Xmx/-Xms)
#   Decrease number of Java threads
#   Decrease Java thread stack sizes (-Xss)
#   Set larger code cache with -XX:ReservedCodeCacheSize=
#   JVM is running with Unscaled Compressed Oops mode in which the Java heap is
#     placed in the first 4GB address space. The Java Heap base address is the
#     maximum limit for the native heap growth. Please use -XX:HeapBaseMinAddress
#     to set the Java Heap base and to place the Java Heap above 4GB virtual address.
# This output file may be truncated or incomplete.
#
#  Out of Memory Error (arena.cpp:168), pid=8760, tid=25448
#
# JRE version: OpenJDK Runtime Environment Temurin-21.0.7+6 (21.0.7+6) (build 21.0.7+6-LTS)
# Java VM: OpenJDK 64-Bit Server VM Temurin-21.0.7+6 (21.0.7+6-LTS, mixed mode, sharing, tiered, compressed oops, compressed class ptrs, parallel gc, windows-amd64)
# No core dump will be written. Minidumps are not enabled by default on client versions of Windows
#

---------------  S U M M A R Y ------------

Command Line: --add-modules=ALL-SYSTEM --add-opens=java.base/java.util=ALL-UNNAMED --add-opens=java.base/java.lang=ALL-UNNAMED --add-opens=java.base/sun.nio.fs=ALL-UNNAMED -Declipse.application=org.eclipse.jdt.ls.core.id1 -Dosgi.bundles.defaultStartLevel=4 -Declipse.product=org.eclipse.jdt.ls.core.product -Djava.import.generatesMetadataFilesAtProjectRoot=false -DDetectVMInstallationsJob.disabled=true -Dfile.encoding=utf8 -XX:+UseParallelGC -XX:GCTimeRatio=4 -XX:AdaptiveSizePolicyWeight=90 -Dsun.zip.disableMemoryMapping=true -Xmx2G -Xms100m -Xlog:disable -javaagent:c:\Users\migue\.vscode\extensions\redhat.java-1.43.1-win32-x64\lombok\lombok-1.18.39-4050.jar -XX:+HeapDumpOnOutOfMemoryError -XX:HeapDumpPath=c:\Users\migue\AppData\Roaming\Code\User\workspaceStorage\a639b46f90215a13307bf9c14b7ca7a8\redhat.java -Daether.dependencyCollector.impl=bf c:\Users\migue\.vscode\extensions\redhat.java-1.43.1-win32-x64\server\plugins\org.eclipse.equinox.launcher_1.7.0.v20250519-0528.jar -configuration c:\Users\migue\AppData\Roaming\Code\User\globalStorage\redhat.java\1.43.1\config_win -data c:\Users\migue\AppData\Roaming\Code\User\workspaceStorage\a639b46f90215a13307bf9c14b7ca7a8\redhat.java\jdt_ws --pipe=\\.\pipe\lsp-02d5c825c0350d625db09a8eb7f3e6aa-sock

Host: 11th Gen Intel(R) Core(TM) i5-1135G7 @ 2.40GHz, 8 cores, 7G,  Windows 11 , 64 bit Build 26100 (10.0.26100.4484)
Time: Thu Jul 17 11:47:52 2025 Hora oficial do Brasil elapsed time: 95.455216 seconds (0d 0h 1m 35s)

---------------  T H R E A D  ---------------

Current thread (0x000001d990ed2f70):  JavaThread "C2 CompilerThread0" daemon [_thread_in_native, id=25448, stack(0x000000471a500000,0x000000471a600000) (1024K)]


Current CompileTask:
C2:95455 12386   !   4       org.eclipse.jdt.internal.core.search.indexing.BinaryIndexer::indexDocument (1168 bytes)

Stack: [0x000000471a500000,0x000000471a600000]
Native frames: (J=compiled Java code, j=interpreted, Vv=VM code, C=native code)
V  [jvm.dll+0x6ce119]
V  [jvm.dll+0x8a84a1]
V  [jvm.dll+0x8aa9ce]
V  [jvm.dll+0x8ab0b3]
V  [jvm.dll+0x27f8a6]
V  [jvm.dll+0xc507d]
V  [jvm.dll+0xc55b3]
V  [jvm.dll+0x3b692c]
V  [jvm.dll+0x1e0029]
V  [jvm.dll+0x247c42]
V  [jvm.dll+0x2470cf]
V  [jvm.dll+0x1c760e]
V  [jvm.dll+0x25695a]
V  [jvm.dll+0x254efa]
V  [jvm.dll+0x3f03f6]
V  [jvm.dll+0x851f6b]
V  [jvm.dll+0x6cc7dd]
C  [ucrtbase.dll+0x37b0]
C  [KERNEL32.DLL+0x2e8d7]
C  [ntdll.dll+0x3c34c]


---------------  P R O C E S S  ---------------

Threads class SMR info:
_java_thread_list=0x000001d9f514de90, length=64, elements={
0x000001d98f4842f0, 0x000001d990ec5100, 0x000001d990ec6450, 0x000001d990ec9810,
0x000001d990ecc4f0, 0x000001d990eceb60, 0x000001d990ecf1c0, 0x000001d990ed2f70,
0x000001d9ea13eae0, 0x000001d9ea1f95a0, 0x000001d9ef0d74a0, 0x000001d9ef788970,
0x000001d9ef830800, 0x000001d9ef8c3370, 0x000001d9ef9ea320, 0x000001d9ef649bf0,
0x000001d9ef64b630, 0x000001d9ef64a910, 0x000001d9ef64afa0, 0x000001d9ef648840,
0x000001d9ef648ed0, 0x000001d9ef649560, 0x000001d9f2764b60, 0x000001d9f27644d0,
0x000001d9f27651f0, 0x000001d9f2763120, 0x000001d9f2765880, 0x000001d9f27637b0,
0x000001d9f2765f10, 0x000001d9f27665a0, 0x000001d9f2766c30, 0x000001d9f27672c0,
0x000001d9f2763e40, 0x000001d9f2769a20, 0x000001d9f2767fe0, 0x000001d9f2768d00,
0x000001d9f2768670, 0x000001d9f2769390, 0x000001d9ef64a280, 0x000001d9f38a75a0,
0x000001d9f38a9d00, 0x000001d9f38a8fe0, 0x000001d9f38a7c30, 0x000001d9f38a9670,
0x000001d9f38a82c0, 0x000001d9f38a6880, 0x000001d9f38a6f10, 0x000001d9f38ad810,
0x000001d9f38ad180, 0x000001d9f38aa390, 0x000001d9f38adea0, 0x000001d9f38acaf0,
0x000001d9f38aaa20, 0x000001d9f38ab740, 0x000001d9f38ac460, 0x000001d9f191c320,
0x000001d9f191f7a0, 0x000001d9f191fe30, 0x000001d9f19204c0, 0x000001d9f191d6d0,
0x000001d9f19211e0, 0x000001d9f191dd60, 0x000001d9f1921870, 0x000001d9f24f98d0
}

Java Threads: ( => current thread )
  0x000001d98f4842f0 JavaThread "main"                              [_thread_blocked, id=29384, stack(0x0000004719b00000,0x0000004719c00000) (1024K)]
  0x000001d990ec5100 JavaThread "Reference Handler"          daemon [_thread_blocked, id=32896, stack(0x0000004719f00000,0x000000471a000000) (1024K)]
  0x000001d990ec6450 JavaThread "Finalizer"                  daemon [_thread_blocked, id=41624, stack(0x000000471a000000,0x000000471a100000) (1024K)]
  0x000001d990ec9810 JavaThread "Signal Dispatcher"          daemon [_thread_blocked, id=36616, stack(0x000000471a100000,0x000000471a200000) (1024K)]
  0x000001d990ecc4f0 JavaThread "Attach Listener"            daemon [_thread_blocked, id=38656, stack(0x000000471a200000,0x000000471a300000) (1024K)]
  0x000001d990eceb60 JavaThread "Service Thread"             daemon [_thread_blocked, id=37564, stack(0x000000471a300000,0x000000471a400000) (1024K)]
  0x000001d990ecf1c0 JavaThread "Monitor Deflation Thread"   daemon [_thread_blocked, id=37752, stack(0x000000471a400000,0x000000471a500000) (1024K)]
=>0x000001d990ed2f70 JavaThread "C2 CompilerThread0"         daemon [_thread_in_native, id=25448, stack(0x000000471a500000,0x000000471a600000) (1024K)]
  0x000001d9ea13eae0 JavaThread "C1 CompilerThread0"         daemon [_thread_blocked, id=32816, stack(0x000000471a600000,0x000000471a700000) (1024K)]
  0x000001d9ea1f95a0 JavaThread "Common-Cleaner"             daemon [_thread_blocked, id=34760, stack(0x000000471a700000,0x000000471a800000) (1024K)]
  0x000001d9ef0d74a0 JavaThread "Notification Thread"        daemon [_thread_blocked, id=23964, stack(0x000000471a900000,0x000000471aa00000) (1024K)]
  0x000001d9ef788970 JavaThread "Active Thread: Equinox Container: d7d17cec-aebb-463f-8ffd-8091901bd2df"        [_thread_blocked, id=35784, stack(0x000000471b100000,0x000000471b200000) (1024K)]
  0x000001d9ef830800 JavaThread "Refresh Thread: Equinox Container: d7d17cec-aebb-463f-8ffd-8091901bd2df" daemon [_thread_blocked, id=11344, stack(0x000000471b300000,0x000000471b400000) (1024K)]
  0x000001d9ef8c3370 JavaThread "Framework Event Dispatcher: Equinox Container: d7d17cec-aebb-463f-8ffd-8091901bd2df" daemon [_thread_blocked, id=38152, stack(0x000000471b400000,0x000000471b500000) (1024K)]
  0x000001d9ef9ea320 JavaThread "Start Level: Equinox Container: d7d17cec-aebb-463f-8ffd-8091901bd2df" daemon [_thread_blocked, id=36576, stack(0x000000471b500000,0x000000471b600000) (1024K)]
  0x000001d9ef649bf0 JavaThread "Bundle File Closer"         daemon [_thread_blocked, id=37264, stack(0x000000471b600000,0x000000471b700000) (1024K)]
  0x000001d9ef64b630 JavaThread "SCR Component Actor"        daemon [_thread_blocked, id=4228, stack(0x000000471b700000,0x000000471b800000) (1024K)]
  0x000001d9ef64a910 JavaThread "Worker-JM"                         [_thread_blocked, id=34624, stack(0x000000471aa00000,0x000000471ab00000) (1024K)]
  0x000001d9ef64afa0 JavaThread "JNA Cleaner"                daemon [_thread_blocked, id=33912, stack(0x000000471b900000,0x000000471ba00000) (1024K)]
  0x000001d9ef648840 JavaThread "Worker-0"                          [_thread_blocked, id=35740, stack(0x000000471ba00000,0x000000471bb00000) (1024K)]
  0x000001d9ef648ed0 JavaThread "Worker-1"                          [_thread_blocked, id=41044, stack(0x000000471bb00000,0x000000471bc00000) (1024K)]
  0x000001d9ef649560 JavaThread "Java indexing"              daemon [_thread_blocked, id=42528, stack(0x000000471bd00000,0x000000471be00000) (1024K)]
  0x000001d9f2764b60 JavaThread "Worker-2: Java indexing... "        [_thread_blocked, id=42532, stack(0x000000471be00000,0x000000471bf00000) (1024K)]
  0x000001d9f27644d0 JavaThread "Worker-3"                          [_thread_blocked, id=42780, stack(0x000000471c100000,0x000000471c200000) (1024K)]
  0x000001d9f27651f0 JavaThread "Worker-4"                          [_thread_blocked, id=42808, stack(0x000000471c200000,0x000000471c300000) (1024K)]
  0x000001d9f2763120 JavaThread "Thread-2"                   daemon [_thread_in_native, id=42820, stack(0x000000471c300000,0x000000471c400000) (1024K)]
  0x000001d9f2765880 JavaThread "Thread-3"                   daemon [_thread_in_native, id=42824, stack(0x000000471c400000,0x000000471c500000) (1024K)]
  0x000001d9f27637b0 JavaThread "Thread-4"                   daemon [_thread_in_native, id=42828, stack(0x000000471c500000,0x000000471c600000) (1024K)]
  0x000001d9f2765f10 JavaThread "Thread-5"                   daemon [_thread_in_native, id=42832, stack(0x000000471c600000,0x000000471c700000) (1024K)]
  0x000001d9f27665a0 JavaThread "Thread-6"                   daemon [_thread_in_native, id=42836, stack(0x000000471c700000,0x000000471c800000) (1024K)]
  0x000001d9f2766c30 JavaThread "Thread-7"                   daemon [_thread_in_native, id=42840, stack(0x000000471c800000,0x000000471c900000) (1024K)]
  0x000001d9f27672c0 JavaThread "Thread-8"                   daemon [_thread_in_native, id=42844, stack(0x000000471c900000,0x000000471ca00000) (1024K)]
  0x000001d9f2763e40 JavaThread "Thread-9"                   daemon [_thread_in_native, id=42848, stack(0x000000471ca00000,0x000000471cb00000) (1024K)]
  0x000001d9f2769a20 JavaThread "Thread-10"                  daemon [_thread_in_native, id=42852, stack(0x000000471cb00000,0x000000471cc00000) (1024K)]
  0x000001d9f2767fe0 JavaThread "pool-2-thread-1"                   [_thread_blocked, id=42868, stack(0x000000471cc00000,0x000000471cd00000) (1024K)]
  0x000001d9f2768d00 JavaThread "WorkspaceEventsHandler"            [_thread_blocked, id=42884, stack(0x000000471cd00000,0x000000471ce00000) (1024K)]
  0x000001d9f2768670 JavaThread "pool-1-thread-1"                   [_thread_blocked, id=42888, stack(0x000000471ce00000,0x000000471cf00000) (1024K)]
  0x000001d9f2769390 JavaThread "Worker-5: Check JDK Index"         [_thread_blocked, id=43332, stack(0x000000471b800000,0x000000471b900000) (1024K)]
  0x000001d9ef64a280 JavaThread "Worker-6"                          [_thread_blocked, id=43604, stack(0x000000471cf00000,0x000000471d000000) (1024K)]
  0x000001d9f38a75a0 JavaThread "LocalFile Deleter"          daemon [_thread_blocked, id=43984, stack(0x000000471a800000,0x000000471a900000) (1024K)]
  0x000001d9f38a9d00 JavaThread "LocalFile Deleter"          daemon [_thread_blocked, id=40220, stack(0x000000471bc00000,0x000000471bd00000) (1024K)]
  0x000001d9f38a8fe0 JavaThread "LocalFile Deleter"          daemon [_thread_blocked, id=44464, stack(0x000000471d000000,0x000000471d100000) (1024K)]
  0x000001d9f38a7c30 JavaThread "LocalFile Deleter"          daemon [_thread_blocked, id=44160, stack(0x000000471d100000,0x000000471d200000) (1024K)]
  0x000001d9f38a9670 JavaThread "LocalFile Deleter"          daemon [_thread_blocked, id=43372, stack(0x000000471d200000,0x000000471d300000) (1024K)]
  0x000001d9f38a82c0 JavaThread "LocalFile Deleter"          daemon [_thread_blocked, id=28412, stack(0x000000471d300000,0x000000471d400000) (1024K)]
  0x000001d9f38a6880 JavaThread "LocalFile Deleter"          daemon [_thread_blocked, id=44036, stack(0x000000471d400000,0x000000471d500000) (1024K)]
  0x000001d9f38a6f10 JavaThread "LocalFile Deleter"          daemon [_thread_blocked, id=43116, stack(0x000000471d500000,0x000000471d600000) (1024K)]
  0x000001d9f38ad810 JavaThread "Compiler Source File Reader" daemon [_thread_blocked, id=42500, stack(0x000000471d600000,0x000000471d700000) (1024K)]
  0x000001d9f38ad180 JavaThread "Compiler Source File Reader" daemon [_thread_blocked, id=43196, stack(0x000000471d700000,0x000000471d800000) (1024K)]
  0x000001d9f38aa390 JavaThread "Compiler Source File Reader" daemon [_thread_blocked, id=43632, stack(0x000000471d800000,0x000000471d900000) (1024K)]
  0x000001d9f38adea0 JavaThread "Compiler Source File Reader" daemon [_thread_blocked, id=44424, stack(0x000000471d900000,0x000000471da00000) (1024K)]
  0x000001d9f38acaf0 JavaThread "Compiler Source File Reader" daemon [_thread_blocked, id=44604, stack(0x000000471da00000,0x000000471db00000) (1024K)]
  0x000001d9f38aaa20 JavaThread "Compiler Source File Reader" daemon [_thread_blocked, id=44432, stack(0x000000471db00000,0x000000471dc00000) (1024K)]
  0x000001d9f38ab740 JavaThread "<un-named>"                        [_thread_blocked, id=44988, stack(0x000000471de00000,0x000000471df00000) (1024K)]
  0x000001d9f38ac460 
[error occurred during error reporting (printing all threads), id 0xc0000005, EXCEPTION_ACCESS_VIOLATION (0xc0000005) at pc=0x00007ffd0bce2c70]
VM state: at safepoint (normal execution)

VM Mutex/Monitor currently owned by a thread:  ([mutex/lock_event])
[0x00007ffd0c84e308] Threads_lock - owner thread: 0x000001d9ea110090
[0x00007ffd0c84e408] Heap_lock - owner thread: 0x000001d9ef649560

Heap address: 0x0000000080000000, size: 2048 MB, Compressed Oops mode: 32-bit

CDS archive(s) mapped at: [0x000001d9a8000000-0x000001d9a8ba0000-0x000001d9a8ba0000), size 12189696, SharedBaseAddress: 0x000001d9a8000000, ArchiveRelocationMode: 1.
Compressed class space mapped at: 0x000001d9a9000000-0x000001d9e9000000, reserved size: 1073741824
Narrow klass base: 0x000001d9a8000000, Narrow klass shift: 0, Narrow klass range: 0x100000000

GC Precious Log:
 CardTable entry size: 512
 CPUs: 8 total, 8 available
 Memory: 7971M
 Large Page Support: Disabled
 NUMA Support: Disabled
 Compressed Oops: Enabled (32-bit)
 Alignments: Space 512K, Generation 512K, Heap 2M
 Heap Min Capacity: 100M
 Heap Initial Capacity: 100M
 Heap Max Capacity: 2G
 Pre-touch: Disabled
 Parallel Workers: 8

Heap:
 PSYoungGen      total 4096K, used 3810K [0x00000000d5580000, 0x00000000d5a80000, 0x0000000100000000)
  eden space 3072K, 100% used [0x00000000d5580000,0x00000000d5880000,0x00000000d5880000)
  from space 1024K, 72% used [0x00000000d5980000,0x00000000d5a38848,0x00000000d5a80000)
  to   space 1024K, 73% used [0x00000000d5880000,0x00000000d593c138,0x00000000d5980000)
 ParOldGen       total 515072K, used 514842K [0x0000000080000000, 0x000000009f700000, 0x00000000d5580000)
  object space 515072K, 99% used [0x0000000080000000,0x000000009f6c6ad8,0x000000009f700000)
 Metaspace       used 66468K, committed 68032K, reserved 1114112K
  class space    used 6839K, committed 7552K, reserved 1048576K

Card table byte_map: [0x000001d9a3350000,0x000001d9a3760000] _byte_map_base: 0x000001d9a2f50000

Marking Bits: (ParMarkBitMap*) 0x00007ffd0c8531f0
 Begin Bits: [0x000001d9a3a10000, 0x000001d9a5a10000)
 End Bits:   [0x000001d9a5a10000, 0x000001d9a7a10000)

Polling page: 0x000001d990ee0000

Metaspace:

Usage:
  Non-class:     58.23 MB used.
      Class:      6.68 MB used.
       Both:     64.91 MB used.

Virtual space:
  Non-class space:       64.00 MB reserved,      59.06 MB ( 92%) committed,  1 nodes.
      Class space:        1.00 GB reserved,       7.38 MB ( <1%) committed,  1 nodes.
             Both:        1.06 GB reserved,      66.44 MB (  6%) committed. 

Chunk freelists:
   Non-Class:  4.58 MB
       Class:  8.47 MB
        Both:  13.05 MB

MaxMetaspaceSize: unlimited
CompressedClassSpaceSize: 1.00 GB
Initial GC threshold: 21.00 MB
Current GC threshold: 98.12 MB
CDS: on
 - commit_granule_bytes: 65536.
 - commit_granule_words: 8192.
 - virtual_space_node_default_size: 8388608.
 - enlarge_chunks_in_place: 1.
 - use_allocation_guard: 0.


Internal statistics:

num_allocs_failed_limit: 13.
num_arena_births: 1270.
num_arena_deaths: 14.
num_vsnodes_births: 2.
num_vsnodes_deaths: 0.
num_space_committed: 1063.
num_space_uncommitted: 0.
num_chunks_returned_to_freelist: 27.
num_chunks_taken_from_freelist: 4441.
num_chunk_merges: 8.
num_chunk_splits: 2716.
num_chunks_enlarged: 1558.
num_inconsistent_stats: 0.

CodeHeap 'non-profiled nmethods': size=120000Kb used=9210Kb max_used=10163Kb free=110789Kb
 bounds [0x000001d99bc30000, 0x000001d99c620000, 0x000001d9a3160000]
CodeHeap 'profiled nmethods': size=120000Kb used=23263Kb max_used=26397Kb free=96736Kb
 bounds [0x000001d994160000, 0x000001d995b30000, 0x000001d99b690000]
CodeHeap 'non-nmethods': size=5760Kb used=1460Kb max_used=1548Kb free=4300Kb
 bounds [0x000001d99b690000, 0x000001d99b900000, 0x000001d99bc30000]
 total_blobs=11469 nmethods=10701 adapters=673
 compilation: enabled
              stopped_count=0, restarted_count=0
 full_count=0

Compilation events (20 events):
Event: 93.996 Thread 0x000001d990ed2f70 nmethod 12377 0x000001d99c613490 code [0x000001d99c613760, 0x000001d99c613f48]
Event: 94.018 Thread 0x000001d990ed2f70 12379       4       org.eclipse.jdt.internal.compiler.classfmt.FieldInfo::createField (450 bytes)
Event: 94.086 Thread 0x000001d990ed2f70 nmethod 12379 0x000001d99c614790 code [0x000001d99c614a00, 0x000001d99c6166a0]
Event: 94.086 Thread 0x000001d990ed2f70 12380   !   4       org.eclipse.jdt.internal.core.search.indexing.IndexManager::indexDocument (31 bytes)
Event: 94.125 Thread 0x000001d990ed2f70 nmethod 12380 0x000001d99c617210 code [0x000001d99c6174e0, 0x000001d99c6186b8]
Event: 94.126 Thread 0x000001d990ed2f70 12381       4       org.eclipse.jdt.internal.core.search.JavaSearchDocument::<init> (21 bytes)
Event: 94.140 Thread 0x000001d990ed2f70 nmethod 12381 0x000001d99c619590 code [0x000001d99c619780, 0x000001d99c619f00]
Event: 94.177 Thread 0x000001d9ea13eae0 12382       3       org.eclipse.jdt.internal.compiler.classfmt.TypeAnnotationInfo::<init> (445 bytes)
Event: 94.178 Thread 0x000001d9ea13eae0 nmethod 12382 0x000001d995b23b90 code [0x000001d995b23e40, 0x000001d995b25370]
Event: 94.178 Thread 0x000001d9ea13eae0 12383       3       org.eclipse.jdt.internal.compiler.classfmt.TypeAnnotationInfo::<init> (18 bytes)
Event: 94.178 Thread 0x000001d9ea13eae0 nmethod 12383 0x000001d995b25b10 code [0x000001d995b25cc0, 0x000001d995b25ec8]
Event: 94.296 Thread 0x000001d990ed2f70 12384   !   4       org.eclipse.jdt.internal.core.search.indexing.BinaryContainer::isValidPackageNameForClassOrisModule (158 bytes)
Event: 94.341 Thread 0x000001d990ed2f70 nmethod 12384 0x000001d99c61a890 code [0x000001d99c61ab40, 0x000001d99c61bdf0]
Event: 94.352 Thread 0x000001d990ed2f70 12385   !   4       org.eclipse.jdt.internal.compiler.util.Util::getZipEntryByteContent (84 bytes)
Event: 94.356 Thread 0x000001d990ed2f70 nmethod 12385 0x000001d99c61c890 code [0x000001d99c61ca60, 0x000001d99c61cc20]
Event: 94.457 Thread 0x000001d990ed2f70 12386   !   4       org.eclipse.jdt.internal.core.search.indexing.BinaryIndexer::indexDocument (1168 bytes)
Event: 94.553 Thread 0x000001d9ea13eae0 12387       3       org.eclipse.jdt.internal.compiler.classfmt.MethodInfo::decodeTypeAnnotations (88 bytes)
Event: 94.554 Thread 0x000001d9ea13eae0 nmethod 12387 0x000001d995b26010 code [0x000001d995b26200, 0x000001d995b26870]
Event: 94.625 Thread 0x000001d9ea13eae0 12389       3       org.eclipse.jdt.internal.compiler.classfmt.FieldInfo::decodeTypeAnnotations (88 bytes)
Event: 94.626 Thread 0x000001d9ea13eae0 nmethod 12389 0x000001d995b26b10 code [0x000001d995b26d00, 0x000001d995b27390]

GC Heap History (20 events):
Event: 95.188 GC heap after
{Heap after GC invocations=613 (full 3):
 PSYoungGen      total 4096K, used 512K [0x00000000d5580000, 0x00000000d5a80000, 0x0000000100000000)
  eden space 3072K, 0% used [0x00000000d5580000,0x00000000d5580000,0x00000000d5880000)
  from space 1024K, 50% used [0x00000000d5980000,0x00000000d5a00000,0x00000000d5a80000)
  to   space 1024K, 0% used [0x00000000d5880000,0x00000000d5880000,0x00000000d5980000)
 ParOldGen       total 510976K, used 510972K [0x0000000080000000, 0x000000009f300000, 0x00000000d5580000)
  object space 510976K, 99% used [0x0000000080000000,0x000000009f2ff2b0,0x000000009f300000)
 Metaspace       used 66468K, committed 68032K, reserved 1114112K
  class space    used 6839K, committed 7552K, reserved 1048576K
}
Event: 95.205 GC heap before
{Heap before GC invocations=614 (full 3):
 PSYoungGen      total 4096K, used 3584K [0x00000000d5580000, 0x00000000d5a80000, 0x0000000100000000)
  eden space 3072K, 100% used [0x00000000d5580000,0x00000000d5880000,0x00000000d5880000)
  from space 1024K, 50% used [0x00000000d5980000,0x00000000d5a00000,0x00000000d5a80000)
  to   space 1024K, 0% used [0x00000000d5880000,0x00000000d5880000,0x00000000d5980000)
 ParOldGen       total 510976K, used 510972K [0x0000000080000000, 0x000000009f300000, 0x00000000d5580000)
  object space 510976K, 99% used [0x0000000080000000,0x000000009f2ff2b0,0x000000009f300000)
 Metaspace       used 66468K, committed 68032K, reserved 1114112K
  class space    used 6839K, committed 7552K, reserved 1048576K
}
Event: 95.207 GC heap after
{Heap after GC invocations=614 (full 3):
 PSYoungGen      total 4096K, used 512K [0x00000000d5580000, 0x00000000d5a80000, 0x0000000100000000)
  eden space 3072K, 0% used [0x00000000d5580000,0x00000000d5580000,0x00000000d5880000)
  from space 1024K, 50% used [0x00000000d5880000,0x00000000d5900000,0x00000000d5980000)
  to   space 1024K, 0% used [0x00000000d5980000,0x00000000d5980000,0x00000000d5a80000)
 ParOldGen       total 511488K, used 511404K [0x0000000080000000, 0x000000009f380000, 0x00000000d5580000)
  object space 511488K, 99% used [0x0000000080000000,0x000000009f36b2b0,0x000000009f380000)
 Metaspace       used 66468K, committed 68032K, reserved 1114112K
  class space    used 6839K, committed 7552K, reserved 1048576K
}
Event: 95.225 GC heap before
{Heap before GC invocations=615 (full 3):
 PSYoungGen      total 4096K, used 3584K [0x00000000d5580000, 0x00000000d5a80000, 0x0000000100000000)
  eden space 3072K, 100% used [0x00000000d5580000,0x00000000d5880000,0x00000000d5880000)
  from space 1024K, 50% used [0x00000000d5880000,0x00000000d5900000,0x00000000d5980000)
  to   space 1024K, 0% used [0x00000000d5980000,0x00000000d5980000,0x00000000d5a80000)
 ParOldGen       total 511488K, used 511404K [0x0000000080000000, 0x000000009f380000, 0x00000000d5580000)
  object space 511488K, 99% used [0x0000000080000000,0x000000009f36b2b0,0x000000009f380000)
 Metaspace       used 66468K, committed 68032K, reserved 1114112K
  class space    used 6839K, committed 7552K, reserved 1048576K
}
Event: 95.228 GC heap after
{Heap after GC invocations=615 (full 3):
 PSYoungGen      total 4096K, used 578K [0x00000000d5580000, 0x00000000d5a80000, 0x0000000100000000)
  eden space 3072K, 0% used [0x00000000d5580000,0x00000000d5580000,0x00000000d5880000)
  from space 1024K, 56% used [0x00000000d5980000,0x00000000d5a10b98,0x00000000d5a80000)
  to   space 1024K, 0% used [0x00000000d5880000,0x00000000d5880000,0x00000000d5980000)
 ParOldGen       total 512000K, used 511836K [0x0000000080000000, 0x000000009f400000, 0x00000000d5580000)
  object space 512000K, 99% used [0x0000000080000000,0x000000009f3d72b0,0x000000009f400000)
 Metaspace       used 66468K, committed 68032K, reserved 1114112K
  class space    used 6839K, committed 7552K, reserved 1048576K
}
Event: 95.245 GC heap before
{Heap before GC invocations=616 (full 3):
 PSYoungGen      total 4096K, used 3650K [0x00000000d5580000, 0x00000000d5a80000, 0x0000000100000000)
  eden space 3072K, 100% used [0x00000000d5580000,0x00000000d5880000,0x00000000d5880000)
  from space 1024K, 56% used [0x00000000d5980000,0x00000000d5a10b98,0x00000000d5a80000)
  to   space 1024K, 0% used [0x00000000d5880000,0x00000000d5880000,0x00000000d5980000)
 ParOldGen       total 512000K, used 511836K [0x0000000080000000, 0x000000009f400000, 0x00000000d5580000)
  object space 512000K, 99% used [0x0000000080000000,0x000000009f3d72b0,0x000000009f400000)
 Metaspace       used 66468K, committed 68032K, reserved 1114112K
  class space    used 6839K, committed 7552K, reserved 1048576K
}
Event: 95.247 GC heap after
{Heap after GC invocations=616 (full 3):
 PSYoungGen      total 4096K, used 791K [0x00000000d5580000, 0x00000000d5a80000, 0x0000000100000000)
  eden space 3072K, 0% used [0x00000000d5580000,0x00000000d5580000,0x00000000d5880000)
  from space 1024K, 77% used [0x00000000d5880000,0x00000000d5945ca8,0x00000000d5980000)
  to   space 1024K, 0% used [0x00000000d5980000,0x00000000d5980000,0x00000000d5a80000)
 ParOldGen       total 512512K, used 512252K [0x0000000080000000, 0x000000009f480000, 0x00000000d5580000)
  object space 512512K, 99% used [0x0000000080000000,0x000000009f43f2b0,0x000000009f480000)
 Metaspace       used 66468K, committed 68032K, reserved 1114112K
  class space    used 6839K, committed 7552K, reserved 1048576K
}
Event: 95.267 GC heap before
{Heap before GC invocations=617 (full 3):
 PSYoungGen      total 4096K, used 3863K [0x00000000d5580000, 0x00000000d5a80000, 0x0000000100000000)
  eden space 3072K, 100% used [0x00000000d5580000,0x00000000d5880000,0x00000000d5880000)
  from space 1024K, 77% used [0x00000000d5880000,0x00000000d5945ca8,0x00000000d5980000)
  to   space 1024K, 0% used [0x00000000d5980000,0x00000000d5980000,0x00000000d5a80000)
 ParOldGen       total 512512K, used 512252K [0x0000000080000000, 0x000000009f480000, 0x00000000d5580000)
  object space 512512K, 99% used [0x0000000080000000,0x000000009f43f2b0,0x000000009f480000)
 Metaspace       used 66468K, committed 68032K, reserved 1114112K
  class space    used 6839K, committed 7552K, reserved 1048576K
}
Event: 95.270 GC heap after
{Heap after GC invocations=617 (full 3):
 PSYoungGen      total 4096K, used 573K [0x00000000d5580000, 0x00000000d5a80000, 0x0000000100000000)
  eden space 3072K, 0% used [0x00000000d5580000,0x00000000d5580000,0x00000000d5880000)
  from space 1024K, 56% used [0x00000000d5980000,0x00000000d5a0f638,0x00000000d5a80000)
  to   space 1024K, 0% used [0x00000000d5880000,0x00000000d5880000,0x00000000d5980000)
 ParOldGen       total 513024K, used 512644K [0x0000000080000000, 0x000000009f500000, 0x00000000d5580000)
  object space 513024K, 99% used [0x0000000080000000,0x000000009f4a12b0,0x000000009f500000)
 Metaspace       used 66468K, committed 68032K, reserved 1114112K
  class space    used 6839K, committed 7552K, reserved 1048576K
}
Event: 95.286 GC heap before
{Heap before GC invocations=618 (full 3):
 PSYoungGen      total 4096K, used 3645K [0x00000000d5580000, 0x00000000d5a80000, 0x0000000100000000)
  eden space 3072K, 100% used [0x00000000d5580000,0x00000000d5880000,0x00000000d5880000)
  from space 1024K, 56% used [0x00000000d5980000,0x00000000d5a0f638,0x00000000d5a80000)
  to   space 1024K, 0% used [0x00000000d5880000,0x00000000d5880000,0x00000000d5980000)
 ParOldGen       total 513024K, used 512644K [0x0000000080000000, 0x000000009f500000, 0x00000000d5580000)
  object space 513024K, 99% used [0x0000000080000000,0x000000009f4a12b0,0x000000009f500000)
 Metaspace       used 66468K, committed 68032K, reserved 1114112K
  class space    used 6839K, committed 7552K, reserved 1048576K
}
Event: 95.289 GC heap after
{Heap after GC invocations=618 (full 3):
 PSYoungGen      total 4096K, used 448K [0x00000000d5580000, 0x00000000d5a00000, 0x0000000100000000)
  eden space 3072K, 0% used [0x00000000d5580000,0x00000000d5580000,0x00000000d5880000)
  from space 1024K, 43% used [0x00000000d5880000,0x00000000d58f0000,0x00000000d5980000)
  to   space 512K, 0% used [0x00000000d5980000,0x00000000d5980000,0x00000000d5a00000)
 ParOldGen       total 513536K, used 513094K [0x0000000080000000, 0x000000009f580000, 0x00000000d5580000)
  object space 513536K, 99% used [0x0000000080000000,0x000000009f511ac8,0x000000009f580000)
 Metaspace       used 66468K, committed 68032K, reserved 1114112K
  class space    used 6839K, committed 7552K, reserved 1048576K
}
Event: 95.304 GC heap before
{Heap before GC invocations=619 (full 3):
 PSYoungGen      total 4096K, used 3520K [0x00000000d5580000, 0x00000000d5a00000, 0x0000000100000000)
  eden space 3072K, 100% used [0x00000000d5580000,0x00000000d5880000,0x00000000d5880000)
  from space 1024K, 43% used [0x00000000d5880000,0x00000000d58f0000,0x00000000d5980000)
  to   space 512K, 0% used [0x00000000d5980000,0x00000000d5980000,0x00000000d5a00000)
 ParOldGen       total 513536K, used 513094K [0x0000000080000000, 0x000000009f580000, 0x00000000d5580000)
  object space 513536K, 99% used [0x0000000080000000,0x000000009f511ac8,0x000000009f580000)
 Metaspace       used 66468K, committed 68032K, reserved 1114112K
  class space    used 6839K, committed 7552K, reserved 1048576K
}
Event: 95.306 GC heap after
{Heap after GC invocations=619 (full 3):
 PSYoungGen      total 3584K, used 502K [0x00000000d5580000, 0x00000000d5a00000, 0x0000000100000000)
  eden space 3072K, 0% used [0x00000000d5580000,0x00000000d5580000,0x00000000d5880000)
  from space 512K, 98% used [0x00000000d5980000,0x00000000d59fd9d8,0x00000000d5a00000)
  to   space 1024K, 0% used [0x00000000d5880000,0x00000000d5880000,0x00000000d5980000)
 ParOldGen       total 513536K, used 513526K [0x0000000080000000, 0x000000009f580000, 0x00000000d5580000)
  object space 513536K, 99% used [0x0000000080000000,0x000000009f57dac8,0x000000009f580000)
 Metaspace       used 66468K, committed 68032K, reserved 1114112K
  class space    used 6839K, committed 7552K, reserved 1048576K
}
Event: 95.314 GC heap before
{Heap before GC invocations=620 (full 3):
 PSYoungGen      total 3584K, used 3574K [0x00000000d5580000, 0x00000000d5a00000, 0x0000000100000000)
  eden space 3072K, 100% used [0x00000000d5580000,0x00000000d5880000,0x00000000d5880000)
  from space 512K, 98% used [0x00000000d5980000,0x00000000d59fd9d8,0x00000000d5a00000)
  to   space 1024K, 0% used [0x00000000d5880000,0x00000000d5880000,0x00000000d5980000)
 ParOldGen       total 513536K, used 513526K [0x0000000080000000, 0x000000009f580000, 0x00000000d5580000)
  object space 513536K, 99% used [0x0000000080000000,0x000000009f57dac8,0x000000009f580000)
 Metaspace       used 66468K, committed 68032K, reserved 1114112K
  class space    used 6839K, committed 7552K, reserved 1048576K
}
Event: 95.316 GC heap after
{Heap after GC invocations=620 (full 3):
 PSYoungGen      total 4096K, used 384K [0x00000000d5580000, 0x00000000d5a80000, 0x0000000100000000)
  eden space 3072K, 0% used [0x00000000d5580000,0x00000000d5580000,0x00000000d5880000)
  from space 1024K, 37% used [0x00000000d5880000,0x00000000d58e0000,0x00000000d5980000)
  to   space 1024K, 0% used [0x00000000d5980000,0x00000000d5980000,0x00000000d5a80000)
 ParOldGen       total 514048K, used 513982K [0x0000000080000000, 0x000000009f600000, 0x00000000d5580000)
  object space 514048K, 99% used [0x0000000080000000,0x000000009f5efac8,0x000000009f600000)
 Metaspace       used 66468K, committed 68032K, reserved 1114112K
  class space    used 6839K, committed 7552K, reserved 1048576K
}
Event: 95.329 GC heap before
{Heap before GC invocations=621 (full 3):
 PSYoungGen      total 4096K, used 3456K [0x00000000d5580000, 0x00000000d5a80000, 0x0000000100000000)
  eden space 3072K, 100% used [0x00000000d5580000,0x00000000d5880000,0x00000000d5880000)
  from space 1024K, 37% used [0x00000000d5880000,0x00000000d58e0000,0x00000000d5980000)
  to   space 1024K, 0% used [0x00000000d5980000,0x00000000d5980000,0x00000000d5a80000)
 ParOldGen       total 514048K, used 513982K [0x0000000080000000, 0x000000009f600000, 0x00000000d5580000)
  object space 514048K, 99% used [0x0000000080000000,0x000000009f5efac8,0x000000009f600000)
 Metaspace       used 66468K, committed 68032K, reserved 1114112K
  class space    used 6839K, committed 7552K, reserved 1048576K
}
Event: 95.331 GC heap after
{Heap after GC invocations=621 (full 3):
 PSYoungGen      total 4096K, used 738K [0x00000000d5580000, 0x00000000d5a80000, 0x0000000100000000)
  eden space 3072K, 0% used [0x00000000d5580000,0x00000000d5580000,0x00000000d5880000)
  from space 1024K, 72% used [0x00000000d5980000,0x00000000d5a38848,0x00000000d5a80000)
  to   space 1024K, 0% used [0x00000000d5880000,0x00000000d5880000,0x00000000d5980000)
 ParOldGen       total 514560K, used 514302K [0x0000000080000000, 0x000000009f680000, 0x00000000d5580000)
  object space 514560K, 99% used [0x0000000080000000,0x000000009f63fac8,0x000000009f680000)
 Metaspace       used 66468K, committed 68032K, reserved 1114112K
  class space    used 6839K, committed 7552K, reserved 1048576K
}
Event: 95.345 GC heap before
{Heap before GC invocations=622 (full 3):
 PSYoungGen      total 4096K, used 3810K [0x00000000d5580000, 0x00000000d5a80000, 0x0000000100000000)
  eden space 3072K, 100% used [0x00000000d5580000,0x00000000d5880000,0x00000000d5880000)
  from space 1024K, 72% used [0x00000000d5980000,0x00000000d5a38848,0x00000000d5a80000)
  to   space 1024K, 0% used [0x00000000d5880000,0x00000000d5880000,0x00000000d5980000)
 ParOldGen       total 514560K, used 514302K [0x0000000080000000, 0x000000009f680000, 0x00000000d5580000)
  object space 514560K, 99% used [0x0000000080000000,0x000000009f63fac8,0x000000009f680000)
 Metaspace       used 66468K, committed 68032K, reserved 1114112K
  class space    used 6839K, committed 7552K, reserved 1048576K
}
Event: 95.348 GC heap after
{Heap after GC invocations=622 (full 3):
 PSYoungGen      total 4096K, used 3810K [0x00000000d5580000, 0x00000000d5a80000, 0x0000000100000000)
  eden space 3072K, 100% used [0x00000000d5580000,0x00000000d5880000,0x00000000d5880000)
  from space 1024K, 72% used [0x00000000d5980000,0x00000000d5a38848,0x00000000d5a80000)
  to   space 1024K, 73% used [0x00000000d5880000,0x00000000d593c138,0x00000000d5980000)
 ParOldGen       total 515072K, used 514842K [0x0000000080000000, 0x000000009f700000, 0x00000000d5580000)
  object space 515072K, 99% used [0x0000000080000000,0x000000009f6c6ad8,0x000000009f700000)
 Metaspace       used 66468K, committed 68032K, reserved 1114112K
  class space    used 6839K, committed 7552K, reserved 1048576K
}
Event: 95.349 GC heap before
{Heap before GC invocations=623 (full 4):
 PSYoungGen      total 4096K, used 3810K [0x00000000d5580000, 0x00000000d5a80000, 0x0000000100000000)
  eden space 3072K, 100% used [0x00000000d5580000,0x00000000d5880000,0x00000000d5880000)
  from space 1024K, 72% used [0x00000000d5980000,0x00000000d5a38848,0x00000000d5a80000)
  to   space 1024K, 73% used [0x00000000d5880000,0x00000000d593c138,0x00000000d5980000)
 ParOldGen       total 515072K, used 514842K [0x0000000080000000, 0x000000009f700000, 0x00000000d5580000)
  object space 515072K, 99% used [0x0000000080000000,0x000000009f6c6ad8,0x000000009f700000)
 Metaspace       used 66468K, committed 68032K, reserved 1114112K
  class space    used 6839K, committed 7552K, reserved 1048576K
}

Dll operation events (10 events):
Event: 0.041 Loaded shared library c:\Users\migue\.vscode\extensions\redhat.java-1.43.1-win32-x64\jre\21.0.7-win32-x86_64\bin\java.dll
Event: 0.196 Loaded shared library c:\Users\migue\.vscode\extensions\redhat.java-1.43.1-win32-x64\jre\21.0.7-win32-x86_64\bin\zip.dll
Event: 0.242 Loaded shared library C:\Users\migue\.vscode\extensions\redhat.java-1.43.1-win32-x64\jre\21.0.7-win32-x86_64\bin\instrument.dll
Event: 0.252 Loaded shared library C:\Users\migue\.vscode\extensions\redhat.java-1.43.1-win32-x64\jre\21.0.7-win32-x86_64\bin\net.dll
Event: 0.258 Loaded shared library C:\Users\migue\.vscode\extensions\redhat.java-1.43.1-win32-x64\jre\21.0.7-win32-x86_64\bin\nio.dll
Event: 0.264 Loaded shared library C:\Users\migue\.vscode\extensions\redhat.java-1.43.1-win32-x64\jre\21.0.7-win32-x86_64\bin\zip.dll
Event: 0.292 Loaded shared library C:\Users\migue\.vscode\extensions\redhat.java-1.43.1-win32-x64\jre\21.0.7-win32-x86_64\bin\jimage.dll
Event: 0.414 Loaded shared library c:\Users\migue\.vscode\extensions\redhat.java-1.43.1-win32-x64\jre\21.0.7-win32-x86_64\bin\verify.dll
Event: 1.973 Loaded shared library C:\Users\migue\AppData\Roaming\Code\User\globalStorage\redhat.java\1.43.1\config_win\org.eclipse.equinox.launcher\org.eclipse.equinox.launcher.win32.win32.x86_64_1.2.1300.v20250331-1702\eclipse_11911.dll
Event: 4.101 Loaded shared library C:\Users\migue\AppData\Local\Temp\jna-103894555\jna7431418399314561109.dll

Deoptimization events (20 events):
Event: 94.197 Thread 0x000001d9ef649560 Uncommon trap: trap_request=0xffffffc6 fr.pc=0x000001d99c5f3384 relative=0x0000000000008484
Event: 94.197 Thread 0x000001d9ef649560 Uncommon trap: reason=bimorphic_or_optimized_type_check action=maybe_recompile pc=0x000001d99c5f3384 method=org.eclipse.jdt.internal.core.search.indexing.BinaryIndexer.indexDocument()V @ 995 c2
Event: 94.197 Thread 0x000001d9ef649560 DEOPT PACKING pc=0x000001d99c5f3384 sp=0x000000471bdff2a0
Event: 94.197 Thread 0x000001d9ef649560 DEOPT UNPACKING pc=0x000001d99b6e6da2 sp=0x000000471bdff230 mode 2
Event: 94.205 Thread 0x000001d9ef649560 Uncommon trap: trap_request=0xffffffc6 fr.pc=0x000001d99c5f3384 relative=0x0000000000008484
Event: 94.205 Thread 0x000001d9ef649560 Uncommon trap: reason=bimorphic_or_optimized_type_check action=maybe_recompile pc=0x000001d99c5f3384 method=org.eclipse.jdt.internal.core.search.indexing.BinaryIndexer.indexDocument()V @ 995 c2
Event: 94.205 Thread 0x000001d9ef649560 DEOPT PACKING pc=0x000001d99c5f3384 sp=0x000000471bdff2a0
Event: 94.205 Thread 0x000001d9ef649560 DEOPT UNPACKING pc=0x000001d99b6e6da2 sp=0x000000471bdff230 mode 2
Event: 94.214 Thread 0x000001d9ef649560 Uncommon trap: trap_request=0xffffffc6 fr.pc=0x000001d99c5f3384 relative=0x0000000000008484
Event: 94.214 Thread 0x000001d9ef649560 Uncommon trap: reason=bimorphic_or_optimized_type_check action=maybe_recompile pc=0x000001d99c5f3384 method=org.eclipse.jdt.internal.core.search.indexing.BinaryIndexer.indexDocument()V @ 995 c2
Event: 94.214 Thread 0x000001d9ef649560 DEOPT PACKING pc=0x000001d99c5f3384 sp=0x000000471bdff2a0
Event: 94.214 Thread 0x000001d9ef649560 DEOPT UNPACKING pc=0x000001d99b6e6da2 sp=0x000000471bdff230 mode 2
Event: 94.428 Thread 0x000001d9ef649560 Uncommon trap: trap_request=0xffffffc6 fr.pc=0x000001d99c5f3384 relative=0x0000000000008484
Event: 94.428 Thread 0x000001d9ef649560 Uncommon trap: reason=bimorphic_or_optimized_type_check action=maybe_recompile pc=0x000001d99c5f3384 method=org.eclipse.jdt.internal.core.search.indexing.BinaryIndexer.indexDocument()V @ 995 c2
Event: 94.428 Thread 0x000001d9ef649560 DEOPT PACKING pc=0x000001d99c5f3384 sp=0x000000471bdff2a0
Event: 94.428 Thread 0x000001d9ef649560 DEOPT UNPACKING pc=0x000001d99b6e6da2 sp=0x000000471bdff230 mode 2
Event: 95.308 Thread 0x000001d9ef649560 Uncommon trap: trap_request=0xffffffc6 fr.pc=0x000001d99c5afee8 relative=0x000000000000b948
Event: 95.308 Thread 0x000001d9ef649560 Uncommon trap: reason=bimorphic_or_optimized_type_check action=maybe_recompile pc=0x000001d99c5afee8 method=org.eclipse.jdt.internal.core.search.indexing.BinaryIndexer.indexDocument()V @ 995 c2
Event: 95.308 Thread 0x000001d9ef649560 DEOPT PACKING pc=0x000001d99c5afee8 sp=0x000000471bdff270
Event: 95.308 Thread 0x000001d9ef649560 DEOPT UNPACKING pc=0x000001d99b6e6da2 sp=0x000000471bdff230 mode 2

Classes loaded (20 events):
Event: 80.617 Loading class sun/util/resources/TimeZoneNames_en
Event: 80.625 Loading class sun/util/resources/TimeZoneNames_en done
Event: 80.812 Loading class java/lang/UnsupportedClassVersionError
Event: 80.812 Loading class java/lang/UnsupportedClassVersionError done
Event: 80.911 Loading class java/lang/invoke/MethodHandleImpl$CountingWrapper$1
Event: 80.911 Loading class java/lang/invoke/MethodHandleImpl$CountingWrapper$1 done
Event: 85.554 Loading class java/util/HashMap$EntrySpliterator
Event: 85.556 Loading class java/util/HashMap$EntrySpliterator done
Event: 85.588 Loading class java/util/stream/ReduceOps$5
Event: 85.588 Loading class java/util/stream/ReduceOps$5 done
Event: 85.588 Loading class java/util/stream/ReduceOps$CountingSink$OfRef
Event: 85.610 Loading class java/util/stream/ReduceOps$CountingSink
Event: 85.610 Loading class java/util/stream/ReduceOps$CountingSink done
Event: 85.610 Loading class java/util/stream/ReduceOps$CountingSink$OfRef done
Event: 85.844 Loading class java/util/stream/ReduceOps$1
Event: 85.844 Loading class java/util/stream/ReduceOps$1 done
Event: 85.844 Loading class java/util/stream/ReduceOps$1ReducingSink
Event: 85.845 Loading class java/util/stream/ReduceOps$1ReducingSink done
Event: 90.835 Loading class sun/nio/fs/WindowsFileCopy
Event: 90.836 Loading class sun/nio/fs/WindowsFileCopy done

Classes unloaded (7 events):
Event: 4.845 Thread 0x000001d9ea110090 Unloading class 0x000001d9a919c000 'java/lang/invoke/LambdaForm$MH+0x000001d9a919c000'
Event: 4.845 Thread 0x000001d9ea110090 Unloading class 0x000001d9a919bc00 'java/lang/invoke/LambdaForm$MH+0x000001d9a919bc00'
Event: 4.845 Thread 0x000001d9ea110090 Unloading class 0x000001d9a919b800 'java/lang/invoke/LambdaForm$MH+0x000001d9a919b800'
Event: 4.845 Thread 0x000001d9ea110090 Unloading class 0x000001d9a919b400 'java/lang/invoke/LambdaForm$MH+0x000001d9a919b400'
Event: 4.845 Thread 0x000001d9ea110090 Unloading class 0x000001d9a919b000 'java/lang/invoke/LambdaForm$BMH+0x000001d9a919b000'
Event: 4.845 Thread 0x000001d9ea110090 Unloading class 0x000001d9a919ac00 'java/lang/invoke/LambdaForm$DMH+0x000001d9a919ac00'
Event: 4.845 Thread 0x000001d9ea110090 Unloading class 0x000001d9a9199800 'java/lang/invoke/LambdaForm$DMH+0x000001d9a9199800'

Classes redefined (0 events):
No events

Internal exceptions (20 events):
Event: 84.961 Thread 0x000001d9ef648ed0 Exception <a 'sun/nio/fs/WindowsException'{0x00000000d57599c0}> (0x00000000d57599c0) 
thrown [s\src\hotspot\share\prims\jni.cpp, line 520]
Event: 85.611 Thread 0x000001d9ef648ed0 Exception <a 'sun/nio/fs/WindowsException'{0x00000000d55c63c0}> (0x00000000d55c63c0) 
thrown [s\src\hotspot\share\prims\jni.cpp, line 520]
Event: 85.612 Thread 0x000001d9ef648ed0 Exception <a 'sun/nio/fs/WindowsException'{0x00000000d55c69f0}> (0x00000000d55c69f0) 
thrown [s\src\hotspot\share\prims\jni.cpp, line 520]
Event: 85.878 Thread 0x000001d9ef648ed0 Exception <a 'java/lang/NoSuchMethodError'{0x00000000d58897a8}: 'java.lang.Object java.lang.invoke.DirectMethodHandle$Holder.invokeStatic(java.lang.Object, java.lang.Object, int, java.lang.Object)'> (0x00000000d58897a8) 
thrown [s\src\hotspot\share\interpreter\linkResolver.cpp, line 773]
Event: 90.836 Thread 0x000001d9ef649560 Exception <a 'sun/nio/fs/WindowsException'{0x00000000d5687fa0}> (0x00000000d5687fa0) 
thrown [s\src\hotspot\share\prims\jni.cpp, line 520]
Event: 90.867 Thread 0x000001d9ef649560 Exception <a 'sun/nio/fs/WindowsException'{0x00000000d56b2110}> (0x00000000d56b2110) 
thrown [s\src\hotspot\share\prims\jni.cpp, line 520]
Event: 90.879 Thread 0x000001d9ef649560 Exception <a 'sun/nio/fs/WindowsException'{0x00000000d56c8918}> (0x00000000d56c8918) 
thrown [s\src\hotspot\share\prims\jni.cpp, line 520]
Event: 91.657 Thread 0x000001d9ef649560 Exception <a 'sun/nio/fs/WindowsException'{0x00000000d55c11f0}> (0x00000000d55c11f0) 
thrown [s\src\hotspot\share\prims\jni.cpp, line 520]
Event: 92.553 Thread 0x000001d9ef649560 Exception <a 'sun/nio/fs/WindowsException'{0x00000000d563b938}> (0x00000000d563b938) 
thrown [s\src\hotspot\share\prims\jni.cpp, line 520]
Event: 92.579 Thread 0x000001d9ef649560 Exception <a 'sun/nio/fs/WindowsException'{0x00000000d5655450}> (0x00000000d5655450) 
thrown [s\src\hotspot\share\prims\jni.cpp, line 520]
Event: 92.722 Thread 0x000001d9ef649560 Exception <a 'sun/nio/fs/WindowsException'{0x00000000d56498d0}> (0x00000000d56498d0) 
thrown [s\src\hotspot\share\prims\jni.cpp, line 520]
Event: 92.962 Thread 0x000001d9ef649560 Exception <a 'sun/nio/fs/WindowsException'{0x00000000d55c1928}> (0x00000000d55c1928) 
thrown [s\src\hotspot\share\prims\jni.cpp, line 520]
Event: 93.016 Thread 0x000001d9ef649560 Exception <a 'sun/nio/fs/WindowsException'{0x00000000d5669f10}> (0x00000000d5669f10) 
thrown [s\src\hotspot\share\prims\jni.cpp, line 520]
Event: 93.263 Thread 0x000001d9ef649560 Exception <a 'sun/nio/fs/WindowsException'{0x00000000d56b19f0}> (0x00000000d56b19f0) 
thrown [s\src\hotspot\share\prims\jni.cpp, line 520]
Event: 93.279 Thread 0x000001d9ef649560 Exception <a 'sun/nio/fs/WindowsException'{0x00000000d56de5a0}> (0x00000000d56de5a0) 
thrown [s\src\hotspot\share\prims\jni.cpp, line 520]
Event: 93.313 Thread 0x000001d9ef649560 Exception <a 'sun/nio/fs/WindowsException'{0x00000000d55fae58}> (0x00000000d55fae58) 
thrown [s\src\hotspot\share\prims\jni.cpp, line 520]
Event: 93.467 Thread 0x000001d9ef649560 Exception <a 'sun/nio/fs/WindowsException'{0x00000000d560a4a0}> (0x00000000d560a4a0) 
thrown [s\src\hotspot\share\prims\jni.cpp, line 520]
Event: 93.494 Thread 0x000001d9ef649560 Exception <a 'sun/nio/fs/WindowsException'{0x00000000d5621888}> (0x00000000d5621888) 
thrown [s\src\hotspot\share\prims\jni.cpp, line 520]
Event: 93.596 Thread 0x000001d9ef649560 Exception <a 'sun/nio/fs/WindowsException'{0x00000000d5639ff0}> (0x00000000d5639ff0) 
thrown [s\src\hotspot\share\prims\jni.cpp, line 520]
Event: 93.747 Thread 0x000001d9ef649560 Exception <a 'sun/nio/fs/WindowsException'{0x00000000d566c740}> (0x00000000d566c740) 
thrown [s\src\hotspot\share\prims\jni.cpp, line 520]

ZGC Phase Switch (0 events):
No events

VM Operations (20 events):
Event: 95.167 Executing VM operation: ParallelGCFailedAllocation (Allocation Failure) done
Event: 95.186 Executing VM operation: ParallelGCFailedAllocation (Allocation Failure)
Event: 95.188 Executing VM operation: ParallelGCFailedAllocation (Allocation Failure) done
Event: 95.205 Executing VM operation: ParallelGCFailedAllocation (Allocation Failure)
Event: 95.207 Executing VM operation: ParallelGCFailedAllocation (Allocation Failure) done
Event: 95.225 Executing VM operation: ParallelGCFailedAllocation (Allocation Failure)
Event: 95.228 Executing VM operation: ParallelGCFailedAllocation (Allocation Failure) done
Event: 95.245 Executing VM operation: ParallelGCFailedAllocation (Allocation Failure)
Event: 95.247 Executing VM operation: ParallelGCFailedAllocation (Allocation Failure) done
Event: 95.267 Executing VM operation: ParallelGCFailedAllocation (Allocation Failure)
Event: 95.270 Executing VM operation: ParallelGCFailedAllocation (Allocation Failure) done
Event: 95.286 Executing VM operation: ParallelGCFailedAllocation (Allocation Failure)
Event: 95.289 Executing VM operation: ParallelGCFailedAllocation (Allocation Failure) done
Event: 95.304 Executing VM operation: ParallelGCFailedAllocation (Allocation Failure)
Event: 95.306 Executing VM operation: ParallelGCFailedAllocation (Allocation Failure) done
Event: 95.314 Executing VM operation: ParallelGCFailedAllocation (Allocation Failure)
Event: 95.316 Executing VM operation: ParallelGCFailedAllocation (Allocation Failure) done
Event: 95.329 Executing VM operation: ParallelGCFailedAllocation (Allocation Failure)
Event: 95.331 Executing VM operation: ParallelGCFailedAllocation (Allocation Failure) done
Event: 95.345 Executing VM operation: ParallelGCFailedAllocation (Allocation Failure)

Memory protections (0 events):
No events

Nmethod flushes (20 events):
Event: 75.755 Thread 0x000001d9ea110090 flushing  nmethod 0x000001d994a73a90
Event: 75.755 Thread 0x000001d9ea110090 flushing  nmethod 0x000001d994a73f10
Event: 75.755 Thread 0x000001d9ea110090 flushing  nmethod 0x000001d994a74490
Event: 75.755 Thread 0x000001d9ea110090 flushing  nmethod 0x000001d994a75690
Event: 75.755 Thread 0x000001d9ea110090 flushing  nmethod 0x000001d994a76590
Event: 75.755 Thread 0x000001d9ea110090 flushing  nmethod 0x000001d994a76b90
Event: 75.755 Thread 0x000001d9ea110090 flushing  nmethod 0x000001d994a77790
Event: 75.755 Thread 0x000001d9ea110090 flushing  nmethod 0x000001d994a77d10
Event: 75.755 Thread 0x000001d9ea110090 flushing  nmethod 0x000001d994a78490
Event: 75.755 Thread 0x000001d9ea110090 flushing  nmethod 0x000001d994a78990
Event: 75.755 Thread 0x000001d9ea110090 flushing  nmethod 0x000001d994a78e90
Event: 75.755 Thread 0x000001d9ea110090 flushing  nmethod 0x000001d994a79990
Event: 75.755 Thread 0x000001d9ea110090 flushing  nmethod 0x000001d994a92e90
Event: 75.755 Thread 0x000001d9ea110090 flushing  nmethod 0x000001d994aa7f10
Event: 75.755 Thread 0x000001d9ea110090 flushing  nmethod 0x000001d994aa9390
Event: 75.755 Thread 0x000001d9ea110090 flushing  nmethod 0x000001d994aaa110
Event: 75.755 Thread 0x000001d9ea110090 flushing  nmethod 0x000001d994aaa710
Event: 75.755 Thread 0x000001d9ea110090 flushing  nmethod 0x000001d994aaaf90
Event: 75.755 Thread 0x000001d9ea110090 flushing  nmethod 0x000001d994aab790
Event: 75.755 Thread 0x000001d9ea110090 flushing  nmethod 0x000001d994ab5290

Events (20 events):
Event: 79.049 Thread 0x000001d9f1922c20 Thread exited: 0x000001d9f1922c20
Event: 79.049 Thread 0x000001d9f19232b0 Thread exited: 0x000001d9f19232b0
Event: 79.049 Thread 0x000001d9f191dd60 Thread exited: 0x000001d9f191dd60
Event: 79.049 Thread 0x000001d9f19211e0 Thread exited: 0x000001d9f19211e0
Event: 80.380 Thread 0x000001d9f2768670 Thread added: 0x000001d9f19211e0
Event: 80.397 Thread 0x000001d9f2768670 Thread added: 0x000001d9f191dd60
Event: 80.428 Thread 0x000001d9f2768670 Thread added: 0x000001d9f1921870
Event: 80.581 Thread 0x000001d9ef648ed0 Thread added: 0x000001d9f1922590
Event: 83.840 Thread 0x000001d9ef648840 Thread added: 0x000001d9f24f98d0
Event: 85.582 Thread 0x000001d9f1922590 Thread exited: 0x000001d9f1922590
Event: 85.847 Thread 0x000001d9f16dc050 Thread exited: 0x000001d9f16dc050
Event: 85.847 Thread 0x000001d9f16de930 Thread exited: 0x000001d9f16de930
Event: 85.880 Thread 0x000001d9ea13eae0 Thread added: 0x000001d9f16de930
Event: 86.402 Thread 0x000001d9f16de930 Thread exited: 0x000001d9f16de930
Event: 87.206 Thread 0x000001d990ed2f70 Thread added: 0x000001d9f16de930
Event: 88.028 Thread 0x000001d9f16de930 Thread exited: 0x000001d9f16de930
Event: 90.895 Thread 0x000001d990ed2f70 Thread added: 0x000001d9f16dc050
Event: 90.897 Thread 0x000001d9ea13eae0 Thread added: 0x000001d9f16dc720
Event: 93.630 Thread 0x000001d9f16dc720 Thread exited: 0x000001d9f16dc720
Event: 93.694 Thread 0x000001d9f16dc050 Thread exited: 0x000001d9f16dc050


Dynamic libraries:
0x00007ff648f90000 - 0x00007ff648f9e000 	c:\Users\migue\.vscode\extensions\redhat.java-1.43.1-win32-x64\jre\21.0.7-win32-x86_64\bin\java.exe
0x00007ffde5b00000 - 0x00007ffde5d68000 	C:\WINDOWS\SYSTEM32\ntdll.dll
0x00007ffde4eb0000 - 0x00007ffde4f79000 	C:\WINDOWS\System32\KERNEL32.DLL
0x00007ffde2c50000 - 0x00007ffde303d000 	C:\WINDOWS\System32\KERNELBASE.dll
0x00007ffde3580000 - 0x00007ffde36cb000 	C:\WINDOWS\System32\ucrtbase.dll
0x00007ffd9ab80000 - 0x00007ffd9ab98000 	c:\Users\migue\.vscode\extensions\redhat.java-1.43.1-win32-x64\jre\21.0.7-win32-x86_64\bin\jli.dll
0x00007ffde3fd0000 - 0x00007ffde419c000 	C:\WINDOWS\System32\USER32.dll
0x00007ffde3490000 - 0x00007ffde34b7000 	C:\WINDOWS\System32\win32u.dll
0x00007ffde50e0000 - 0x00007ffde510b000 	C:\WINDOWS\System32\GDI32.dll
0x00007ffde36d0000 - 0x00007ffde3807000 	C:\WINDOWS\System32\gdi32full.dll
0x00007ffde3340000 - 0x00007ffde33e3000 	C:\WINDOWS\System32\msvcp_win.dll
0x00007ffd9ab60000 - 0x00007ffd9ab7e000 	c:\Users\migue\.vscode\extensions\redhat.java-1.43.1-win32-x64\jre\21.0.7-win32-x86_64\bin\VCRUNTIME140.dll
0x00007ffdcaf30000 - 0x00007ffdcb1ca000 	C:\WINDOWS\WinSxS\amd64_microsoft.windows.common-controls_6595b64144ccf1df_6.0.26100.4484_none_3e0e6d4ce32ef3b3\COMCTL32.dll
0x00007ffde4ba0000 - 0x00007ffde4c49000 	C:\WINDOWS\System32\msvcrt.dll
0x00007ffde5450000 - 0x00007ffde547f000 	C:\WINDOWS\System32\IMM32.DLL
0x00007ffda2350000 - 0x00007ffda246a000 	C:\Program Files\Topaz OFD\Warsaw\wslbscr64.dll
0x00007ffde4f80000 - 0x00007ffde5034000 	C:\WINDOWS\System32\ADVAPI32.dll
0x00007ffde52a0000 - 0x00007ffde5346000 	C:\WINDOWS\System32\sechost.dll
0x00007ffde3eb0000 - 0x00007ffde3fc8000 	C:\WINDOWS\System32\RPCRT4.dll
0x00007ffde4350000 - 0x00007ffde4a9a000 	C:\WINDOWS\System32\SHELL32.dll
0x00007ffde31c0000 - 0x00007ffde3334000 	C:\WINDOWS\System32\wintypes.dll
0x00007ffde3940000 - 0x00007ffde3cc6000 	C:\WINDOWS\System32\combase.dll
0x00007ffde1b90000 - 0x00007ffde1bc6000 	C:\WINDOWS\SYSTEM32\ntmarta.dll
0x00007ffda2250000 - 0x00007ffda234a000 	C:\Program Files\Topaz OFD\Warsaw\wslbscrwh64.dll
0x00007ffda40a0000 - 0x00007ffda40ac000 	c:\Users\migue\.vscode\extensions\redhat.java-1.43.1-win32-x64\jre\21.0.7-win32-x86_64\bin\vcruntime140_1.dll
0x00007ffd4b310000 - 0x00007ffd4b39d000 	c:\Users\migue\.vscode\extensions\redhat.java-1.43.1-win32-x64\jre\21.0.7-win32-x86_64\bin\msvcp140.dll
0x00007ffd0bba0000 - 0x00007ffd0c930000 	c:\Users\migue\.vscode\extensions\redhat.java-1.43.1-win32-x64\jre\21.0.7-win32-x86_64\bin\server\jvm.dll
0x00007ffde5060000 - 0x00007ffde50d4000 	C:\WINDOWS\System32\WS2_32.dll
0x00007ffde2140000 - 0x00007ffde219e000 	C:\WINDOWS\SYSTEM32\POWRPROF.dll
0x00007ffdcda00000 - 0x00007ffdcda35000 	C:\WINDOWS\SYSTEM32\WINMM.dll
0x00007ffdd0420000 - 0x00007ffdd042b000 	C:\WINDOWS\SYSTEM32\VERSION.dll
0x00007ffde2120000 - 0x00007ffde2134000 	C:\WINDOWS\SYSTEM32\UMPDC.dll
0x00007ffde19f0000 - 0x00007ffde1a0b000 	C:\WINDOWS\SYSTEM32\kernel.appcore.dll
0x00007ffd9fcb0000 - 0x00007ffd9fcba000 	c:\Users\migue\.vscode\extensions\redhat.java-1.43.1-win32-x64\jre\21.0.7-win32-x86_64\bin\jimage.dll
0x00007ffde0380000 - 0x00007ffde05c1000 	C:\WINDOWS\SYSTEM32\DBGHELP.DLL
0x00007ffde51a0000 - 0x00007ffde5280000 	C:\WINDOWS\System32\OLEAUT32.dll
0x00007ffdc3160000 - 0x00007ffdc31a3000 	C:\WINDOWS\SYSTEM32\dbgcore.DLL
0x00007ffde33f0000 - 0x00007ffde3489000 	C:\WINDOWS\System32\bcryptPrimitives.dll
0x00007ffd9ab50000 - 0x00007ffd9ab5f000 	c:\Users\migue\.vscode\extensions\redhat.java-1.43.1-win32-x64\jre\21.0.7-win32-x86_64\bin\instrument.dll
0x00007ffd9aaf0000 - 0x00007ffd9ab0f000 	c:\Users\migue\.vscode\extensions\redhat.java-1.43.1-win32-x64\jre\21.0.7-win32-x86_64\bin\java.dll
0x00007ffde0860000 - 0x00007ffde10bb000 	C:\WINDOWS\SYSTEM32\windows.storage.dll
0x00007ffde5350000 - 0x00007ffde5445000 	C:\WINDOWS\System32\SHCORE.dll
0x000001d9a7f60000 - 0x000001d9a7fca000 	C:\WINDOWS\System32\shlwapi.dll
0x00007ffde2b60000 - 0x00007ffde2b8f000 	C:\WINDOWS\SYSTEM32\profapi.dll
0x00007ffd77050000 - 0x00007ffd77068000 	c:\Users\migue\.vscode\extensions\redhat.java-1.43.1-win32-x64\jre\21.0.7-win32-x86_64\bin\zip.dll
0x00007ffd7cb10000 - 0x00007ffd7cb20000 	C:\Users\migue\.vscode\extensions\redhat.java-1.43.1-win32-x64\jre\21.0.7-win32-x86_64\bin\net.dll
0x00007ffdd4490000 - 0x00007ffdd45ae000 	C:\WINDOWS\SYSTEM32\WINHTTP.dll
0x00007ffde1ff0000 - 0x00007ffde205a000 	C:\WINDOWS\system32\mswsock.dll
0x00007ffd76ee0000 - 0x00007ffd76ef6000 	C:\Users\migue\.vscode\extensions\redhat.java-1.43.1-win32-x64\jre\21.0.7-win32-x86_64\bin\nio.dll
0x00007ffd7c950000 - 0x00007ffd7c960000 	c:\Users\migue\.vscode\extensions\redhat.java-1.43.1-win32-x64\jre\21.0.7-win32-x86_64\bin\verify.dll
0x00007ffda0250000 - 0x00007ffda0295000 	C:\Users\migue\AppData\Roaming\Code\User\globalStorage\redhat.java\1.43.1\config_win\org.eclipse.equinox.launcher\org.eclipse.equinox.launcher.win32.win32.x86_64_1.2.1300.v20250331-1702\eclipse_11911.dll
0x000001d9f07d0000 - 0x000001d9f096e000 	C:\WINDOWS\System32\ole32.dll
0x00007ffde2350000 - 0x00007ffde236b000 	C:\WINDOWS\SYSTEM32\CRYPTSP.dll
0x00007ffde1950000 - 0x00007ffde198b000 	C:\WINDOWS\system32\rsaenh.dll
0x00007ffde20b0000 - 0x00007ffde20db000 	C:\WINDOWS\SYSTEM32\USERENV.dll
0x00007ffde2b30000 - 0x00007ffde2b56000 	C:\WINDOWS\SYSTEM32\bcrypt.dll
0x00007ffde2370000 - 0x00007ffde237c000 	C:\WINDOWS\SYSTEM32\CRYPTBASE.dll
0x00007ffde1490000 - 0x00007ffde14c3000 	C:\WINDOWS\SYSTEM32\IPHLPAPI.DLL
0x00007ffde38a0000 - 0x00007ffde38aa000 	C:\WINDOWS\System32\NSI.dll
0x00007ffd9d2b0000 - 0x00007ffd9d2f9000 	C:\Users\migue\AppData\Local\Temp\jna-103894555\jna7431418399314561109.dll
0x00007ffde4da0000 - 0x00007ffde4da8000 	C:\WINDOWS\System32\PSAPI.DLL
0x00007ffdd80d0000 - 0x00007ffdd80ef000 	C:\WINDOWS\SYSTEM32\dhcpcsvc6.DLL
0x00007ffdd45c0000 - 0x00007ffdd45e5000 	C:\WINDOWS\SYSTEM32\dhcpcsvc.DLL

dbghelp: loaded successfully - version: 4.0.5 - missing functions: none
symbol engine: initialized successfully - sym options: 0x614 - pdb path: .;c:\Users\migue\.vscode\extensions\redhat.java-1.43.1-win32-x64\jre\21.0.7-win32-x86_64\bin;C:\WINDOWS\SYSTEM32;C:\WINDOWS\WinSxS\amd64_microsoft.windows.common-controls_6595b64144ccf1df_6.0.26100.4484_none_3e0e6d4ce32ef3b3;C:\Program Files\Topaz OFD\Warsaw;c:\Users\migue\.vscode\extensions\redhat.java-1.43.1-win32-x64\jre\21.0.7-win32-x86_64\bin\server;C:\Users\migue\AppData\Roaming\Code\User\globalStorage\redhat.java\1.43.1\config_win\org.eclipse.equinox.launcher\org.eclipse.equinox.launcher.win32.win32.x86_64_1.2.1300.v20250331-1702;C:\Users\migue\AppData\Local\Temp\jna-103894555

VM Arguments:
jvm_args: --add-modules=ALL-SYSTEM --add-opens=java.base/java.util=ALL-UNNAMED --add-opens=java.base/java.lang=ALL-UNNAMED --add-opens=java.base/sun.nio.fs=ALL-UNNAMED -Declipse.application=org.eclipse.jdt.ls.core.id1 -Dosgi.bundles.defaultStartLevel=4 -Declipse.product=org.eclipse.jdt.ls.core.product -Djava.import.generatesMetadataFilesAtProjectRoot=false -DDetectVMInstallationsJob.disabled=true -Dfile.encoding=utf8 -XX:+UseParallelGC -XX:GCTimeRatio=4 -XX:AdaptiveSizePolicyWeight=90 -Dsun.zip.disableMemoryMapping=true -Xmx2G -Xms100m -Xlog:disable -javaagent:c:\Users\migue\.vscode\extensions\redhat.java-1.43.1-win32-x64\lombok\lombok-1.18.39-4050.jar -XX:+HeapDumpOnOutOfMemoryError -XX:HeapDumpPath=c:\Users\migue\AppData\Roaming\Code\User\workspaceStorage\a639b46f90215a13307bf9c14b7ca7a8\redhat.java -Daether.dependencyCollector.impl=bf 
java_command: c:\Users\migue\.vscode\extensions\redhat.java-1.43.1-win32-x64\server\plugins\org.eclipse.equinox.launcher_1.7.0.v20250519-0528.jar -configuration c:\Users\migue\AppData\Roaming\Code\User\globalStorage\redhat.java\1.43.1\config_win -data c:\Users\migue\AppData\Roaming\Code\User\workspaceStorage\a639b46f90215a13307bf9c14b7ca7a8\redhat.java\jdt_ws --pipe=\\.\pipe\lsp-02d5c825c0350d625db09a8eb7f3e6aa-sock
java_class_path (initial): c:\Users\migue\.vscode\extensions\redhat.java-1.43.1-win32-x64\server\plugins\org.eclipse.equinox.launcher_1.7.0.v20250519-0528.jar
Launcher Type: SUN_STANDARD

[Global flags]
    uintx AdaptiveSizePolicyWeight                 = 90                                        {product} {command line}
     intx CICompilerCount                          = 4                                         {product} {ergonomic}
    uintx GCTimeRatio                              = 4                                         {product} {command line}
     bool HeapDumpOnOutOfMemoryError               = true                                   {manageable} {command line}
    ccstr HeapDumpPath                             = c:\Users\migue\AppData\Roaming\Code\User\workspaceStorage\a639b46f90215a13307bf9c14b7ca7a8\redhat.java         {manageable} {command line}
   size_t InitialHeapSize                          = 104857600                                 {product} {command line}
   size_t MaxHeapSize                              = 2147483648                                {product} {command line}
   size_t MaxNewSize                               = 715653120                                 {product} {ergonomic}
   size_t MinHeapDeltaBytes                        = 524288                                    {product} {ergonomic}
   size_t MinHeapSize                              = 104857600                                 {product} {command line}
   size_t NewSize                                  = 34603008                                  {product} {ergonomic}
    uintx NonNMethodCodeHeapSize                   = 5839372                                {pd product} {ergonomic}
    uintx NonProfiledCodeHeapSize                  = 122909434                              {pd product} {ergonomic}
   size_t OldSize                                  = 70254592                                  {product} {ergonomic}
    uintx ProfiledCodeHeapSize                     = 122909434                              {pd product} {ergonomic}
    uintx ReservedCodeCacheSize                    = 251658240                              {pd product} {ergonomic}
     bool SegmentedCodeCache                       = true                                      {product} {ergonomic}
   size_t SoftMaxHeapSize                          = 2147483648                             {manageable} {ergonomic}
     bool UseCompressedOops                        = true                           {product lp64_product} {ergonomic}
     bool UseLargePagesIndividualAllocation        = false                                  {pd product} {ergonomic}
     bool UseParallelGC                            = true                                      {product} {command line}

Logging:
Log output configuration:
 #0: stdout all=off uptime,level,tags foldmultilines=false
 #1: stderr all=off uptime,level,tags foldmultilines=false

Environment Variables:
JAVA_HOME=C:\Program Files\Java\jdk-21
PATH=C:\Program Files\Common Files\Oracle\Java\javapath;C:\Program Files (x86)\Common Files\Oracle\Java\javapath;C:\WINDOWS\system32;C:\WINDOWS;C:\WINDOWS\System32\Wbem;C:\WINDOWS\System32\WindowsPowerShell\v1.0\;C:\WINDOWS\System32\OpenSSH\;C:\Program Files\Git\cmd;C:\Program Files\dotnet\;C:\Program Files\nodejs\;C:\Users\migue\AppData\Local\Muse Hub\lib;C:\Program Files\Java\jre-1.8\bin;C:\Program Files\Common Files\Oracle\Java\javapath;C:\Program Files (x86)\Common Files\Oracle\Java\javapath;C:\WINDOWS\system32;C:\WINDOWS;C:\WINDOWS\System32\Wbem;C:\WINDOWS\System32\WindowsPowerShell\v1.0\;C:\WINDOWS\System32\OpenSSH\;C:\Program Files\Git\cmd;C:\Program Files\dotnet\;C:\Program Files\nodejs\;C:\Users\migue\AppData\Local\Microsoft\WindowsApps;C:\Users\migue\AppData\Local\Programs\Microsoft VS Code\bin;C:\Users\migue\AppData\Local\Muse Hub\lib;C:\Users\migue\AppData\Roaming\npm;C:\Users\migue\AppData\Local\Muse Hub\lib;C:\Program Files\Java\jdk-21\bin;
USERNAME=migue
OS=Windows_NT
PROCESSOR_IDENTIFIER=Intel64 Family 6 Model 140 Stepping 1, GenuineIntel
TMP=C:\Users\migue\AppData\Local\Temp
TEMP=C:\Users\migue\AppData\Local\Temp




Periodic native trim disabled

---------------  S Y S T E M  ---------------

OS:
 Windows 11 , 64 bit Build 26100 (10.0.26100.4484)
OS uptime: 1 days 18:49 hours
Hyper-V role detected

CPU: total 8 (initial active 8) (4 cores per cpu, 2 threads per core) family 6 model 140 stepping 1 microcode 0x8a, cx8, cmov, fxsr, ht, mmx, 3dnowpref, sse, sse2, sse3, ssse3, sse4.1, sse4.2, popcnt, lzcnt, tsc, tscinvbit, avx, avx2, aes, erms, clmul, bmi1, bmi2, adx, avx512f, avx512dq, avx512cd, avx512bw, avx512vl, sha, fma, vzeroupper, avx512_vpopcntdq, avx512_vpclmulqdq, avx512_vaes, avx512_vnni, clflush, clflushopt, clwb, avx512_vbmi2, avx512_vbmi, hv, rdtscp, rdpid, fsrm, gfni, avx512_bitalg, f16c, cet_ibt, cet_ss, avx512_ifma
Processor Information for the first 8 processors :
  Max Mhz: 2419, Current Mhz: 2419, Mhz Limit: 2419

Memory: 4k page, system-wide physical 7971M (543M free)
TotalPageFile size 18332M (AvailPageFile size 3M)
current process WorkingSet (physical memory assigned to process): 740M, peak: 740M
current process commit charge ("private bytes"): 845M, peak: 1709M

vm_info: OpenJDK 64-Bit Server VM (21.0.7+6-LTS) for windows-amd64 JRE (21.0.7+6-LTS), built on 2025-04-15T00:00:00Z by "admin" with MS VC++ 17.7 (VS2022)

END.
