#
# There is insufficient memory for the Java Runtime Environment to continue.
# Native memory allocation (malloc) failed to allocate 1070896 bytes. Error detail: Chunk::new
# Possible reasons:
#   The system is out of physical RAM or swap space
#   This process is running with CompressedOops enabled, and the Java Heap may be blocking the growth of the native heap
# Possible solutions:
#   Reduce memory load on the system
#   Increase physical memory or swap space
#   Check if swap backing store is full
#   Decrease Java heap size (-Xmx/-Xms)
#   Decrease number of Java threads
#   Decrease Java thread stack sizes (-Xss)
#   Set larger code cache with -XX:ReservedCodeCacheSize=
#   JVM is running with Unscaled Compressed Oops mode in which the Java heap is
#     placed in the first 4GB address space. The Java Heap base address is the
#     maximum limit for the native heap growth. Please use -XX:HeapBaseMinAddress
#     to set the Java Heap base and to place the Java Heap above 4GB virtual address.
# This output file may be truncated or incomplete.
#
#  Out of Memory Error (arena.cpp:168), pid=26356, tid=64300
#
# JRE version: OpenJDK Runtime Environment Temurin-21.0.7+6 (21.0.7+6) (build 21.0.7+6-LTS)
# Java VM: OpenJDK 64-Bit Server VM Temurin-21.0.7+6 (21.0.7+6-LTS, mixed mode, sharing, tiered, compressed oops, compressed class ptrs, parallel gc, windows-amd64)
# No core dump will be written. Minidumps are not enabled by default on client versions of Windows
#

---------------  S U M M A R Y ------------

Command Line: --add-modules=ALL-SYSTEM --add-opens=java.base/java.util=ALL-UNNAMED --add-opens=java.base/java.lang=ALL-UNNAMED --add-opens=java.base/sun.nio.fs=ALL-UNNAMED -Declipse.application=org.eclipse.jdt.ls.core.id1 -Dosgi.bundles.defaultStartLevel=4 -Declipse.product=org.eclipse.jdt.ls.core.product -Djava.import.generatesMetadataFilesAtProjectRoot=false -DDetectVMInstallationsJob.disabled=true -Dfile.encoding=utf8 -XX:+UseParallelGC -XX:GCTimeRatio=4 -XX:AdaptiveSizePolicyWeight=90 -Dsun.zip.disableMemoryMapping=true -Xmx2G -Xms100m -Xlog:disable -javaagent:c:\Users\migue\.vscode\extensions\redhat.java-1.43.1-win32-x64\lombok\lombok-1.18.39-4050.jar -XX:+HeapDumpOnOutOfMemoryError -XX:HeapDumpPath=c:\Users\migue\AppData\Roaming\Code\User\workspaceStorage\a639b46f90215a13307bf9c14b7ca7a8\redhat.java -Daether.dependencyCollector.impl=bf c:\Users\migue\.vscode\extensions\redhat.java-1.43.1-win32-x64\server\plugins\org.eclipse.equinox.launcher_1.7.0.v20250519-0528.jar -configuration c:\Users\migue\AppData\Roaming\Code\User\globalStorage\redhat.java\1.43.1\config_win -data c:\Users\migue\AppData\Roaming\Code\User\workspaceStorage\a639b46f90215a13307bf9c14b7ca7a8\redhat.java\jdt_ws --pipe=\\.\pipe\lsp-f55bb3b9dddddf06071d9ab3cd84fb9f-sock

Host: 11th Gen Intel(R) Core(TM) i5-1135G7 @ 2.40GHz, 8 cores, 7G,  Windows 11 , 64 bit Build 26100 (10.0.26100.4202)
Time: Mon Jul 14 16:26:29 2025 Hora oficial do Brasil elapsed time: 65.133158 seconds (0d 0h 1m 5s)

---------------  T H R E A D  ---------------

Current thread (0x00000242a62175b0):  JavaThread "C2 CompilerThread1" daemon [_thread_in_native, id=64300, stack(0x000000f332200000,0x000000f332300000) (1024K)]


Current CompileTask:
C2:65133 17109   !   4       org.eclipse.osgi.internal.loader.BundleLoader::findRequiredSource (283 bytes)

Stack: [0x000000f332200000,0x000000f332300000]
Native frames: (J=compiled Java code, j=interpreted, Vv=VM code, C=native code)
V  [jvm.dll+0x6ce119]
V  [jvm.dll+0x8a84a1]
V  [jvm.dll+0x8aa9ce]
V  [jvm.dll+0x8ab0b3]
V  [jvm.dll+0x27f8a6]
V  [jvm.dll+0xc507d]
V  [jvm.dll+0xc55b3]
V  [jvm.dll+0x2f2c6d]
V  [jvm.dll+0x5f6bca]
V  [jvm.dll+0x250cb2]
V  [jvm.dll+0x25106f]
V  [jvm.dll+0x249934]
V  [jvm.dll+0x246fc4]
V  [jvm.dll+0x1c760e]
V  [jvm.dll+0x25695a]
V  [jvm.dll+0x254efa]
V  [jvm.dll+0x3f03f6]
V  [jvm.dll+0x851f6b]
V  [jvm.dll+0x6cc7dd]
C  [ucrtbase.dll+0x37b0]
C  [KERNEL32.DLL+0x2e8d7]
C  [ntdll.dll+0x3c34c]


---------------  P R O C E S S  ---------------

Threads class SMR info:
_java_thread_list=0x000002429991c940, length=72, elements={
0x0000024236555d20, 0x0000024238845b70, 0x0000024238849460, 0x000002423884c6a0,
0x000002423884d2f0, 0x0000024291bb6c20, 0x0000024291bbab40, 0x0000024291bc00b0,
0x0000024291bd3c60, 0x0000024291cb69e0, 0x0000024296148940, 0x00000242965f53d0,
0x00000242969a6180, 0x000002429638d050, 0x00000242966db740, 0x0000024296b5e5c0,
0x0000024296b5ec50, 0x0000024296b60000, 0x0000024296b613b0, 0x0000024296b60d20,
0x0000024296b5f970, 0x0000024296b60690, 0x00000242965f85e0, 0x00000242965f6ba0,
0x00000242965f7230, 0x00000242965f9300, 0x00000242965f8c70, 0x00000242965f5e80,
0x00000242965f9990, 0x00000242965f6510, 0x00000242965fad40, 0x00000242965fa020,
0x00000242965f7f50, 0x00000242965fa6b0, 0x00000242965f78c0, 0x00000242965fce10,
0x00000242965fd4a0, 0x00000242965fb3d0, 0x00000242965fba60, 0x00000242965fc0f0,
0x00000242965fc780, 0x0000024299ff2260, 0x0000024299ff5050, 0x0000024299ff56e0,
0x0000024299ff5d70, 0x0000024299ff28f0, 0x0000024299ff6400, 0x0000024299ff2f80,
0x0000024299ff6a90, 0x0000024299ff3610, 0x0000024299ff3ca0, 0x0000024299ff7120,
0x0000024299ff77b0, 0x0000024299ff7e40, 0x0000024299ff84d0, 0x0000024296b5f2e0,
0x000002429b397bb0, 0x000002429b396170, 0x000002429b398f60, 0x000002429b396800,
0x000002429b396e90, 0x000002429b3988d0, 0x000002429b39a310, 0x000002429b39a9a0,
0x000002429b397520, 0x000002429b39b030, 0x000002429b39b6c0, 0x000002429b39d100,
0x000002429b39bd50, 0x00000242a4bafa10, 0x00000242a62175b0, 0x00000242a62197c0
}

Java Threads: ( => current thread )
  0x0000024236555d20 JavaThread "main"                              [_thread_blocked, id=60424, stack(0x000000f330200000,0x000000f330300000) (1024K)]
  0x0000024238845b70 JavaThread "Reference Handler"          daemon [_thread_blocked, id=66976, stack(0x000000f330600000,0x000000f330700000) (1024K)]
  0x0000024238849460 JavaThread "Finalizer"                  daemon [_thread_blocked, id=59124, stack(0x000000f330700000,0x000000f330800000) (1024K)]
  0x000002423884c6a0 JavaThread "Signal Dispatcher"          daemon [_thread_blocked, id=10748, stack(0x000000f330800000,0x000000f330900000) (1024K)]
  0x000002423884d2f0 JavaThread "Attach Listener"            daemon [_thread_blocked, id=33380, stack(0x000000f330900000,0x000000f330a00000) (1024K)]
  0x0000024291bb6c20 JavaThread "Service Thread"             daemon [_thread_blocked, id=62220, stack(0x000000f330a00000,0x000000f330b00000) (1024K)]
  0x0000024291bbab40 JavaThread "Monitor Deflation Thread"   daemon [_thread_blocked, id=51952, stack(0x000000f330b00000,0x000000f330c00000) (1024K)]
  0x0000024291bc00b0 JavaThread "C2 CompilerThread0"         daemon [_thread_blocked, id=59460, stack(0x000000f330c00000,0x000000f330d00000) (1024K)]
  0x0000024291bd3c60 JavaThread "C1 CompilerThread0"         daemon [_thread_blocked, id=38976, stack(0x000000f330d00000,0x000000f330e00000) (1024K)]
  0x0000024291cb69e0 JavaThread "Common-Cleaner"             daemon [_thread_blocked, id=61104, stack(0x000000f330e00000,0x000000f330f00000) (1024K)]
  0x0000024296148940 JavaThread "Notification Thread"        daemon [_thread_blocked, id=67188, stack(0x000000f331000000,0x000000f331100000) (1024K)]
  0x00000242965f53d0 JavaThread "Active Thread: Equinox Container: 4f720b42-66ee-41eb-8fbd-f244cabc52d5"        [_thread_blocked, id=50624, stack(0x000000f331800000,0x000000f331900000) (1024K)]
  0x00000242969a6180 JavaThread "Refresh Thread: Equinox Container: 4f720b42-66ee-41eb-8fbd-f244cabc52d5" daemon [_thread_blocked, id=56632, stack(0x000000f331a00000,0x000000f331b00000) (1024K)]
  0x000002429638d050 JavaThread "Framework Event Dispatcher: Equinox Container: 4f720b42-66ee-41eb-8fbd-f244cabc52d5" daemon [_thread_blocked, id=54384, stack(0x000000f331b00000,0x000000f331c00000) (1024K)]
  0x00000242966db740 JavaThread "Start Level: Equinox Container: 4f720b42-66ee-41eb-8fbd-f244cabc52d5" daemon [_thread_blocked, id=48024, stack(0x000000f331c00000,0x000000f331d00000) (1024K)]
  0x0000024296b5e5c0 JavaThread "Bundle File Closer"         daemon [_thread_blocked, id=19060, stack(0x000000f331d00000,0x000000f331e00000) (1024K)]
  0x0000024296b5ec50 JavaThread "SCR Component Actor"        daemon [_thread_blocked, id=62748, stack(0x000000f331e00000,0x000000f331f00000) (1024K)]
  0x0000024296b60000 JavaThread "Worker-JM"                         [_thread_blocked, id=13276, stack(0x000000f331100000,0x000000f331200000) (1024K)]
  0x0000024296b613b0 JavaThread "JNA Cleaner"                daemon [_thread_blocked, id=49704, stack(0x000000f330f00000,0x000000f331000000) (1024K)]
  0x0000024296b60d20 JavaThread "Worker-0"                          [_thread_blocked, id=67048, stack(0x000000f332000000,0x000000f332100000) (1024K)]
  0x0000024296b5f970 JavaThread "Worker-1"                          [_thread_blocked, id=44996, stack(0x000000f332100000,0x000000f332200000) (1024K)]
  0x0000024296b60690 JavaThread "Worker-2"                          [_thread_blocked, id=66348, stack(0x000000f332300000,0x000000f332400000) (1024K)]
  0x00000242965f85e0 JavaThread "Java indexing"              daemon [_thread_blocked, id=41824, stack(0x000000f332400000,0x000000f332500000) (1024K)]
  0x00000242965f6ba0 JavaThread "Worker-3"                          [_thread_blocked, id=43488, stack(0x000000f332500000,0x000000f332600000) (1024K)]
  0x00000242965f7230 JavaThread "Worker-4"                          [_thread_blocked, id=55500, stack(0x000000f332700000,0x000000f332800000) (1024K)]
  0x00000242965f9300 JavaThread "Worker-5"                          [_thread_blocked, id=36716, stack(0x000000f332a00000,0x000000f332b00000) (1024K)]
  0x00000242965f8c70 JavaThread "Worker-6"                          [_thread_blocked, id=49132, stack(0x000000f332b00000,0x000000f332c00000) (1024K)]
  0x00000242965f5e80 JavaThread "Thread-2"                   daemon [_thread_in_native, id=18876, stack(0x000000f332c00000,0x000000f332d00000) (1024K)]
  0x00000242965f9990 JavaThread "Thread-3"                   daemon [_thread_in_native, id=29636, stack(0x000000f332d00000,0x000000f332e00000) (1024K)]
  0x00000242965f6510 JavaThread "Thread-4"                   daemon [_thread_in_native, id=12220, stack(0x000000f332e00000,0x000000f332f00000) (1024K)]
  0x00000242965fad40 JavaThread "Thread-5"                   daemon [_thread_in_native, id=67192, stack(0x000000f332f00000,0x000000f333000000) (1024K)]
  0x00000242965fa020 JavaThread "Thread-6"                   daemon [_thread_in_native, id=24068, stack(0x000000f333000000,0x000000f333100000) (1024K)]
  0x00000242965f7f50 JavaThread "Thread-7"                   daemon [_thread_in_native, id=39288, stack(0x000000f333100000,0x000000f333200000) (1024K)]
  0x00000242965fa6b0 JavaThread "Thread-8"                   daemon [_thread_in_native, id=52948, stack(0x000000f333200000,0x000000f333300000) (1024K)]
  0x00000242965f78c0 JavaThread "Thread-9"                   daemon [_thread_in_native, id=52196, stack(0x000000f333300000,0x000000f333400000) (1024K)]
  0x00000242965fce10 JavaThread "Thread-10"                  daemon [_thread_in_native, id=58236, stack(0x000000f333400000,0x000000f333500000) (1024K)]
  0x00000242965fd4a0 JavaThread "pool-2-thread-1"                   [_thread_blocked, id=44376, stack(0x000000f333500000,0x000000f333600000) (1024K)]
  0x00000242965fb3d0 JavaThread "Worker-7"                          [_thread_blocked, id=50256, stack(0x000000f333600000,0x000000f333700000) (1024K)]
  0x00000242965fba60 JavaThread "Worker-8"                          [_thread_blocked, id=31172, stack(0x000000f333700000,0x000000f333800000) (1024K)]
  0x00000242965fc0f0 JavaThread "WorkspaceEventsHandler"            [_thread_blocked, id=66232, stack(0x000000f333800000,0x000000f333900000) (1024K)]
  0x00000242965fc780 JavaThread "pool-1-thread-1"                   [_thread_blocked, id=57644, stack(0x000000f333900000,0x000000f333a00000) (1024K)]
  0x0000024299ff2260 JavaThread "LocalFile Deleter"          daemon [_thread_blocked, id=66764, stack(0x000000f333a00000,0x000000f333b00000) (1024K)]
  0x0000024299ff5050 JavaThread "LocalFile Deleter"          daemon [_thread_blocked, id=47260, stack(0x000000f333b00000,0x000000f333c00000) (1024K)]
  0x0000024299ff56e0 JavaThread "LocalFile Deleter"          daemon [_thread_blocked, id=33616, stack(0x000000f333c00000,0x000000f333d00000) (1024K)]
  0x0000024299ff5d70 JavaThread "LocalFile Deleter"          daemon [_thread_blocked, id=42840, stack(0x000000f333d00000,0x000000f333e00000) (1024K)]
  0x0000024299ff28f0 JavaThread "LocalFile Deleter"          daemon [_thread_blocked, id=17784, stack(0x000000f333e00000,0x000000f333f00000) (1024K)]
  0x0000024299ff6400 JavaThread "LocalFile Deleter"          daemon [_thread_blocked, id=49332, stack(0x000000f333f00000,0x000000f334000000) (1024K)]
  0x0000024299ff2f80 JavaThread "LocalFile Deleter"          daemon [_thread_blocked, id=48744, stack(0x000000f334000000,0x000000f334100000) (1024K)]
  0x0000024299ff6a90 JavaThread "LocalFile Deleter"          daemon [_thread_blocked, id=3588, stack(0x000000f334100000,0x000000f334200000) (1024K)]
  0x0000024299ff3610 JavaThread "Compiler Source File Reader" daemon [_thread_blocked, id=29196, stack(0x000000f334200000,0x000000f334300000) (1024K)]
  0x0000024299ff3ca0 JavaThread "Compiler Source File Reader" daemon [_thread_blocked, id=65868, stack(0x000000f334300000,0x000000f334400000) (1024K)]
  0x0000024299ff7120 JavaThread "Compiler Source File Reader" daemon [_thread_blocked, id=6792, stack(0x000000f334400000,0x000000f334500000) (1024K)]
  0x0000024299ff77b0 JavaThread "Compiler Source File Reader" daemon [_thread_blocked, id=55408, stack(0x000000f334500000,0x000000f334600000) (1024K)]
  0x0000024299ff7e40 JavaThread "Compiler Source File Reader" daemon [_thread_blocked, id=61732, stack(0x000000f334600000,0x000000f334700000) (1024K)]
  0x0000024299ff84d0 JavaThread "Compiler Source File Reader" daemon [_thread_blocked, id=61088, stack(0x000000f334700000,0x000000f334800000) (1024K)]
  0x0000024296b5f2e0 JavaThread "Compiler Processing Task"   daemon [_thread_blocked, id=14732, stack(0x000000f331f00000,0x000000f332000000) (1024K)]
  0x000002429b397bb0 JavaThread "Compiler Class File Writer" daemon [_thread_blocked, id=65004, stack(0x000000f334800000,0x000000f334900000) (1024K)]
  0x000002429b396170 JavaThread "Compiler Class File Writer" daemon [_thread_blocked, id=57228, stack(0x000000f334900000,0x000000f334a00000) (1024K)]
  0x000002429b398f60 JavaThread "Compiler Class File Writer" daemon [_thread_blocked, id=62024, stack(0x000000f334a00000,0x000000f334b00000) (1024K)]
  0x000002429b396800 JavaThread "Compiler Class File Writer" daemon [_thread_blocked, id=63360, stack(0x000000f334b00000,0x000000f334c00000) (1024K)]
  0x000002429b396e90 JavaThread "Compiler Class File Writer" daemon [_thread_blocked, id=58140, stack(0x000000f334c00000,0x000000f334d00000) (1024K)]
  0x000002429b3988d0 JavaThread "Compiler Class File Writer" daemon [_thread_blocked, id=64700, stack(0x000000f334d00000,0x000000f334e00000) (1024K)]
  0x000002429b39a310 JavaThread "ForkJoinPool.commonPool-worker-1" daemon [_thread_blocked, id=62604, stack(0x000000f334e00000,0x000000f334f00000) (1024K)]
  0x000002429b39a9a0 JavaThread "ForkJoinPool.commonPool-worker-2" daemon [_thread_blocked, id=31096, stack(0x000000f334f00000,0x000000f335000000) (1024K)]
  0x000002429b397520 JavaThread "ForkJoinPool.commonPool-worker-3" daemon [_thread_blocked, id=21700, stack(0x000000f335000000,0x000000f335100000) (1024K)]
  0x000002429b39b030 JavaThread "ForkJoinPool.commonPool-worker-4" daemon [_thread_blocked, id=55724, stack(0x000000f335100000,0x000000f335200000) (1024K)]
  0x000002429b39b6c0 JavaThread "ForkJoinPool.commonPool-worker-5" daemon [_thread_blocked, id=59804, stack(0x000000f335200000,0x000000f335300000) (1024K)]
  0x000002429b39d100 JavaThread "ForkJoinPool.commonPool-worker-6" daemon [_thread_blocked, id=63456, stack(0x000000f335300000,0x000000f335400000) (1024K)]
  0x000002429b39bd50 JavaThread "ForkJoinPool.commonPool-worker-7" daemon [_thread_blocked, id=56064, stack(0x000000f335400000,0x000000f335500000) (1024K)]
  0x00000242a4bafa10 JavaThread "Cleaner-0"                  daemon [_thread_blocked, id=47992, stack(0x000000f335500000,0x000000f335600000) (1024K)]
=>0x00000242a62175b0 JavaThread "C2 CompilerThread1"         daemon [_thread_in_native, id=64300, stack(0x000000f332200000,0x000000f332300000) (1024K)]
  0x00000242a62197c0 JavaThread "C2 CompilerThread2"         daemon [_thread_blocked, id=26196, stack(0x000000f332600000,0x000000f332700000) (1024K)]
Total: 72

Other Threads:
  0x00000242365fe8d0 VMThread "VM Thread"                           [id=54772, stack(0x000000f330500000,0x000000f330600000) (1024K)]
  0x0000024238941e20 WatcherThread "VM Periodic Task Thread"        [id=62392, stack(0x000000f330400000,0x000000f330500000) (1024K)]
  0x00000242388ef650 WorkerThread "GC Thread#0"                     [id=64532, stack(0x000000f330300000,0x000000f330400000) (1024K)]
  0x00000242969a9a00 WorkerThread "GC Thread#1"                     [id=55132, stack(0x000000f331200000,0x000000f331300000) (1024K)]
  0x000002429635de90 WorkerThread "GC Thread#2"                     [id=66728, stack(0x000000f331300000,0x000000f331400000) (1024K)]
  0x0000024296a3db70 WorkerThread "GC Thread#3"                     [id=49876, stack(0x000000f331400000,0x000000f331500000) (1024K)]
  0x00000242963612c0 WorkerThread "GC Thread#4"                     [id=28912, stack(0x000000f331500000,0x000000f331600000) (1024K)]
  0x0000024296361660 WorkerThread "GC Thread#5"                     [id=57264, stack(0x000000f331600000,0x000000f331700000) (1024K)]
  0x000002429651fb50 WorkerThread "GC Thread#6"                     [id=60092, stack(0x000000f331700000,0x000000f331800000) (1024K)]
  0x000002429651e1f0 WorkerThread "GC Thread#7"                     [id=62808, stack(0x000000f331900000,0x000000f331a00000) (1024K)]
Total: 10

Threads with active compile tasks:
C2 CompilerThread1  65206 17109   !   4       org.eclipse.osgi.internal.loader.BundleLoader::findRequiredSource (283 bytes)
Total: 1

VM state: not at safepoint (normal execution)

VM Mutex/Monitor currently owned by a thread: None

Heap address: 0x0000000080000000, size: 2048 MB, Compressed Oops mode: 32-bit

CDS archive(s) mapped at: [0x0000024250000000-0x0000024250ba0000-0x0000024250ba0000), size 12189696, SharedBaseAddress: 0x0000024250000000, ArchiveRelocationMode: 1.
Compressed class space mapped at: 0x0000024251000000-0x0000024291000000, reserved size: 1073741824
Narrow klass base: 0x0000024250000000, Narrow klass shift: 0, Narrow klass range: 0x100000000

GC Precious Log:
 CardTable entry size: 512
 CPUs: 8 total, 8 available
 Memory: 7971M
 Large Page Support: Disabled
 NUMA Support: Disabled
 Compressed Oops: Enabled (32-bit)
 Alignments: Space 512K, Generation 512K, Heap 2M
 Heap Min Capacity: 100M
 Heap Initial Capacity: 100M
 Heap Max Capacity: 2G
 Pre-touch: Disabled
 Parallel Workers: 8

Heap:
 PSYoungGen      total 7168K, used 205K [0x00000000d5580000, 0x00000000d6600000, 0x0000000100000000)
  eden space 6144K, 3% used [0x00000000d5580000,0x00000000d55b3588,0x00000000d5b80000)
  from space 1024K, 0% used [0x00000000d6400000,0x00000000d6400000,0x00000000d6500000)
  to   space 512K, 0% used [0x00000000d6580000,0x00000000d6580000,0x00000000d6600000)
 ParOldGen       total 1033216K, used 206498K [0x0000000080000000, 0x00000000bf100000, 0x00000000d5580000)
  object space 1033216K, 19% used [0x0000000080000000,0x000000008c9a8860,0x00000000bf100000)
 Metaspace       used 75888K, committed 77504K, reserved 1179648K
  class space    used 7614K, committed 8320K, reserved 1048576K

Card table byte_map: [0x0000024238240000,0x0000024238650000] _byte_map_base: 0x0000024237e40000

Marking Bits: (ParMarkBitMap*) 0x00007ffca83131f0
 Begin Bits: [0x000002424ad40000, 0x000002424cd40000)
 End Bits:   [0x000002424cd40000, 0x000002424ed40000)

Polling page: 0x00000242366c0000

Metaspace:

Usage:
  Non-class:     66.67 MB used.
      Class:      7.44 MB used.
       Both:     74.11 MB used.

Virtual space:
  Non-class space:      128.00 MB reserved,      67.56 MB ( 53%) committed,  2 nodes.
      Class space:        1.00 GB reserved,       8.12 MB ( <1%) committed,  1 nodes.
             Both:        1.12 GB reserved,      75.69 MB (  7%) committed. 

Chunk freelists:
   Non-Class:  12.34 MB
       Class:  7.90 MB
        Both:  20.24 MB

MaxMetaspaceSize: unlimited
CompressedClassSpaceSize: 1.00 GB
Initial GC threshold: 21.00 MB
Current GC threshold: 126.19 MB
CDS: on
 - commit_granule_bytes: 65536.
 - commit_granule_words: 8192.
 - virtual_space_node_default_size: 8388608.
 - enlarge_chunks_in_place: 1.
 - use_allocation_guard: 0.


Internal statistics:

num_allocs_failed_limit: 9.
num_arena_births: 1480.
num_arena_deaths: 34.
num_vsnodes_births: 3.
num_vsnodes_deaths: 0.
num_space_committed: 1211.
num_space_uncommitted: 0.
num_chunks_returned_to_freelist: 52.
num_chunks_taken_from_freelist: 5350.
num_chunk_merges: 17.
num_chunk_splits: 3185.
num_chunks_enlarged: 1642.
num_inconsistent_stats: 0.

CodeHeap 'non-profiled nmethods': size=120000Kb used=14640Kb max_used=15699Kb free=105359Kb
 bounds [0x0000024243560000, 0x00000242444c0000, 0x000002424aa90000]
CodeHeap 'profiled nmethods': size=120000Kb used=34956Kb max_used=39553Kb free=85044Kb
 bounds [0x000002423ba90000, 0x000002423e140000, 0x0000024242fc0000]
CodeHeap 'non-nmethods': size=5760Kb used=1486Kb max_used=1592Kb free=4273Kb
 bounds [0x0000024242fc0000, 0x0000024243230000, 0x0000024243560000]
 total_blobs=15742 nmethods=14943 adapters=701
 compilation: enabled
              stopped_count=0, restarted_count=0
 full_count=0

Compilation events (20 events):
Event: 64.125 Thread 0x0000024291bc00b0 nmethod 17115 0x00000242444ac490 code [0x00000242444ac620, 0x00000242444ac768]
Event: 64.125 Thread 0x0000024291bc00b0 17110       4       sun.nio.fs.WindowsPath::elementAsString (62 bytes)
Event: 64.136 Thread 0x00000242a62197c0 nmethod 17116 0x00000242444ac890 code [0x00000242444acc40, 0x00000242444aeba0]
Event: 64.137 Thread 0x00000242a62197c0 17119       4       org.eclipse.jdt.internal.compiler.parser.diagnose.LexStream::start (9 bytes)
Event: 64.141 Thread 0x00000242a62197c0 nmethod 17119 0x00000242444b0610 code [0x00000242444b07c0, 0x00000242444b0a18]
Event: 64.141 Thread 0x00000242a62197c0 17117       4       lombok.core.AST::fieldsOf (69 bytes)
Event: 64.153 Thread 0x00000242a62197c0 nmethod 17117 0x00000242444b0c90 code [0x00000242444b0ea0, 0x00000242444b1388]
Event: 64.153 Thread 0x00000242a62197c0 17083       4       org.lombokweb.asm.MethodWriter::visitLineNumber (50 bytes)
Event: 64.161 Thread 0x0000024291bc00b0 nmethod 17110 0x00000242444b1890 code [0x00000242444b1b60, 0x00000242444b2e60]
Event: 64.161 Thread 0x0000024291bc00b0 17114       4       lombok.core.handlers.HandlerUtil::removePrefix (195 bytes)
Event: 64.162 Thread 0x00000242a62197c0 nmethod 17083 0x00000242444b3a10 code [0x00000242444b3be0, 0x00000242444b40e0]
Event: 64.162 Thread 0x00000242a62197c0 17099       4       org.jsoup.parser.CharacterReader::advance (11 bytes)
Event: 64.162 Thread 0x00000242a62197c0 nmethod 17099 0x00000242444b4490 code [0x00000242444b4620, 0x00000242444b46a8]
Event: 64.162 Thread 0x0000024291bc00b0 nmethod 17114 0x00000242444b4790 code [0x00000242444b4920, 0x00000242444b49d0]
Event: 64.193 Thread 0x0000024291bd3c60 17120       3       java.util.concurrent.ForkJoinPool::signalWork (199 bytes)
Event: 64.194 Thread 0x0000024291bd3c60 nmethod 17120 0x000002423e12b610 code [0x000002423e12b840, 0x000002423e12c0a8]
Event: 64.199 Thread 0x0000024291bd3c60 17121       3       java.util.regex.Pattern::sequence (647 bytes)
Event: 64.203 Thread 0x0000024291bd3c60 nmethod 17121 0x000002423e12c310 code [0x000002423e12c900, 0x000002423e12f700]
Event: 64.203 Thread 0x0000024291bd3c60 17123       3       java.lang.invoke.InvokerBytecodeGenerator::emitReturn (107 bytes)
Event: 65.074 Thread 0x0000024291bd3c60 nmethod 17123 0x000002423bb60010 code [0x000002423bb60220, 0x000002423bb606d8]

GC Heap History (20 events):
Event: 62.689 GC heap before
{Heap before GC invocations=1220 (full 3):
 PSYoungGen      total 6144K, used 5788K [0x00000000d5580000, 0x00000000d5f80000, 0x0000000100000000)
  eden space 4608K, 99% used [0x00000000d5580000,0x00000000d59fffe8,0x00000000d5a00000)
  from space 1536K, 76% used [0x00000000d5e00000,0x00000000d5f273d8,0x00000000d5f80000)
  to   space 2560K, 0% used [0x00000000d5a80000,0x00000000d5a80000,0x00000000d5d00000)
 ParOldGen       total 986112K, used 985697K [0x0000000080000000, 0x00000000bc300000, 0x00000000d5580000)
  object space 986112K, 99% used [0x0000000080000000,0x00000000bc298538,0x00000000bc300000)
 Metaspace       used 74772K, committed 76352K, reserved 1179648K
  class space    used 7474K, committed 8192K, reserved 1048576K
}
Event: 62.694 GC heap after
{Heap after GC invocations=1220 (full 3):
 PSYoungGen      total 7680K, used 2548K [0x00000000d5580000, 0x00000000d6500000, 0x0000000100000000)
  eden space 5120K, 0% used [0x00000000d5580000,0x00000000d5580000,0x00000000d5a80000)
  from space 2560K, 99% used [0x00000000d5a80000,0x00000000d5cfd170,0x00000000d5d00000)
  to   space 5120K, 0% used [0x00000000d6000000,0x00000000d6000000,0x00000000d6500000)
 ParOldGen       total 987648K, used 987448K [0x0000000080000000, 0x00000000bc480000, 0x00000000d5580000)
  object space 987648K, 99% used [0x0000000080000000,0x00000000bc44e340,0x00000000bc480000)
 Metaspace       used 74772K, committed 76352K, reserved 1179648K
  class space    used 7474K, committed 8192K, reserved 1048576K
}
Event: 62.730 GC heap before
{Heap before GC invocations=1221 (full 3):
 PSYoungGen      total 7680K, used 7668K [0x00000000d5580000, 0x00000000d6500000, 0x0000000100000000)
  eden space 5120K, 100% used [0x00000000d5580000,0x00000000d5a80000,0x00000000d5a80000)
  from space 2560K, 99% used [0x00000000d5a80000,0x00000000d5cfd170,0x00000000d5d00000)
  to   space 5120K, 0% used [0x00000000d6000000,0x00000000d6000000,0x00000000d6500000)
 ParOldGen       total 987648K, used 987448K [0x0000000080000000, 0x00000000bc480000, 0x00000000d5580000)
  object space 987648K, 99% used [0x0000000080000000,0x00000000bc44e340,0x00000000bc480000)
 Metaspace       used 74779K, committed 76352K, reserved 1179648K
  class space    used 7474K, committed 8192K, reserved 1048576K
}
Event: 62.736 GC heap after
{Heap after GC invocations=1221 (full 3):
 PSYoungGen      total 10752K, used 4044K [0x00000000d5580000, 0x00000000d6480000, 0x0000000100000000)
  eden space 6144K, 0% used [0x00000000d5580000,0x00000000d5580000,0x00000000d5b80000)
  from space 4608K, 87% used [0x00000000d6000000,0x00000000d63f3130,0x00000000d6480000)
  to   space 4608K, 0% used [0x00000000d5b80000,0x00000000d5b80000,0x00000000d6000000)
 ParOldGen       total 990208K, used 990003K [0x0000000080000000, 0x00000000bc700000, 0x00000000d5580000)
  object space 990208K, 99% used [0x0000000080000000,0x00000000bc6ccd08,0x00000000bc700000)
 Metaspace       used 74779K, committed 76352K, reserved 1179648K
  class space    used 7474K, committed 8192K, reserved 1048576K
}
Event: 62.772 GC heap before
{Heap before GC invocations=1222 (full 3):
 PSYoungGen      total 10752K, used 10188K [0x00000000d5580000, 0x00000000d6480000, 0x0000000100000000)
  eden space 6144K, 100% used [0x00000000d5580000,0x00000000d5b80000,0x00000000d5b80000)
  from space 4608K, 87% used [0x00000000d6000000,0x00000000d63f3130,0x00000000d6480000)
  to   space 4608K, 0% used [0x00000000d5b80000,0x00000000d5b80000,0x00000000d6000000)
 ParOldGen       total 998400K, used 997683K [0x0000000080000000, 0x00000000bcf00000, 0x00000000d5580000)
  object space 998400K, 99% used [0x0000000080000000,0x00000000bce4cd18,0x00000000bcf00000)
 Metaspace       used 74785K, committed 76352K, reserved 1179648K
  class space    used 7474K, committed 8192K, reserved 1048576K
}
Event: 62.783 GC heap after
{Heap after GC invocations=1222 (full 3):
 PSYoungGen      total 10752K, used 4592K [0x00000000d5580000, 0x00000000d7100000, 0x0000000100000000)
  eden space 6144K, 0% used [0x00000000d5580000,0x00000000d5580000,0x00000000d5b80000)
  from space 4608K, 99% used [0x00000000d5b80000,0x00000000d5ffc020,0x00000000d6000000)
  to   space 10240K, 0% used [0x00000000d6700000,0x00000000d6700000,0x00000000d7100000)
 ParOldGen       total 1002496K, used 1002282K [0x0000000080000000, 0x00000000bd300000, 0x00000000d5580000)
  object space 1002496K, 99% used [0x0000000080000000,0x00000000bd2ca9c8,0x00000000bd300000)
 Metaspace       used 74785K, committed 76352K, reserved 1179648K
  class space    used 7474K, committed 8192K, reserved 1048576K
}
Event: 63.427 GC heap before
{Heap before GC invocations=1223 (full 3):
 PSYoungGen      total 10752K, used 10736K [0x00000000d5580000, 0x00000000d7100000, 0x0000000100000000)
  eden space 6144K, 100% used [0x00000000d5580000,0x00000000d5b80000,0x00000000d5b80000)
  from space 4608K, 99% used [0x00000000d5b80000,0x00000000d5ffc020,0x00000000d6000000)
  to   space 10240K, 0% used [0x00000000d6700000,0x00000000d6700000,0x00000000d7100000)
 ParOldGen       total 1026048K, used 1025322K [0x0000000080000000, 0x00000000bea00000, 0x00000000d5580000)
  object space 1026048K, 99% used [0x0000000080000000,0x00000000be94a9e8,0x00000000bea00000)
 Metaspace       used 74804K, committed 76416K, reserved 1179648K
  class space    used 7474K, committed 8192K, reserved 1048576K
}
Event: 63.437 GC heap after
{Heap after GC invocations=1223 (full 3):
 PSYoungGen      total 8192K, used 1786K [0x00000000d5580000, 0x00000000d6900000, 0x0000000100000000)
  eden space 6144K, 0% used [0x00000000d5580000,0x00000000d5580000,0x00000000d5b80000)
  from space 2048K, 87% used [0x00000000d6700000,0x00000000d68be900,0x00000000d6900000)
  to   space 4608K, 0% used [0x00000000d6000000,0x00000000d6000000,0x00000000d6480000)
 ParOldGen       total 1029632K, used 1029426K [0x0000000080000000, 0x00000000bed80000, 0x00000000d5580000)
  object space 1029632K, 99% used [0x0000000080000000,0x00000000bed4c9e8,0x00000000bed80000)
 Metaspace       used 74804K, committed 76416K, reserved 1179648K
  class space    used 7474K, committed 8192K, reserved 1048576K
}
Event: 63.468 GC heap before
{Heap before GC invocations=1224 (full 3):
 PSYoungGen      total 8192K, used 7930K [0x00000000d5580000, 0x00000000d6900000, 0x0000000100000000)
  eden space 6144K, 100% used [0x00000000d5580000,0x00000000d5b80000,0x00000000d5b80000)
  from space 2048K, 87% used [0x00000000d6700000,0x00000000d68be900,0x00000000d6900000)
  to   space 4608K, 0% used [0x00000000d6000000,0x00000000d6000000,0x00000000d6480000)
 ParOldGen       total 1029632K, used 1029426K [0x0000000080000000, 0x00000000bed80000, 0x00000000d5580000)
  object space 1029632K, 99% used [0x0000000080000000,0x00000000bed4c9e8,0x00000000bed80000)
 Metaspace       used 74807K, committed 76416K, reserved 1179648K
  class space    used 7474K, committed 8192K, reserved 1048576K
}
Event: 63.473 GC heap after
{Heap after GC invocations=1224 (full 3):
 PSYoungGen      total 10752K, used 980K [0x00000000d5580000, 0x00000000d6780000, 0x0000000100000000)
  eden space 6144K, 0% used [0x00000000d5580000,0x00000000d5580000,0x00000000d5b80000)
  from space 4608K, 21% used [0x00000000d6000000,0x00000000d60f5200,0x00000000d6480000)
  to   space 2048K, 0% used [0x00000000d6580000,0x00000000d6580000,0x00000000d6780000)
 ParOldGen       total 1031168K, used 1031023K [0x0000000080000000, 0x00000000bef00000, 0x00000000d5580000)
  object space 1031168K, 99% used [0x0000000080000000,0x00000000beedbc18,0x00000000bef00000)
 Metaspace       used 74807K, committed 76416K, reserved 1179648K
  class space    used 7474K, committed 8192K, reserved 1048576K
}
Event: 63.793 GC heap before
{Heap before GC invocations=1225 (full 3):
 PSYoungGen      total 10752K, used 7124K [0x00000000d5580000, 0x00000000d6780000, 0x0000000100000000)
  eden space 6144K, 100% used [0x00000000d5580000,0x00000000d5b80000,0x00000000d5b80000)
  from space 4608K, 21% used [0x00000000d6000000,0x00000000d60f5200,0x00000000d6480000)
  to   space 2048K, 0% used [0x00000000d6580000,0x00000000d6580000,0x00000000d6780000)
 ParOldGen       total 1031168K, used 1031023K [0x0000000080000000, 0x00000000bef00000, 0x00000000d5580000)
  object space 1031168K, 99% used [0x0000000080000000,0x00000000beedbc18,0x00000000bef00000)
 Metaspace       used 74827K, committed 76416K, reserved 1179648K
  class space    used 7474K, committed 8192K, reserved 1048576K
}
Event: 63.797 GC heap after
{Heap after GC invocations=1225 (full 3):
 PSYoungGen      total 7168K, used 826K [0x00000000d5580000, 0x00000000d6680000, 0x0000000100000000)
  eden space 6144K, 0% used [0x00000000d5580000,0x00000000d5580000,0x00000000d5b80000)
  from space 1024K, 80% used [0x00000000d6580000,0x00000000d664e900,0x00000000d6680000)
  to   space 1024K, 0% used [0x00000000d6480000,0x00000000d6480000,0x00000000d6580000)
 ParOldGen       total 1032192K, used 1031848K [0x0000000080000000, 0x00000000bf000000, 0x00000000d5580000)
  object space 1032192K, 99% used [0x0000000080000000,0x00000000befaa080,0x00000000bf000000)
 Metaspace       used 74827K, committed 76416K, reserved 1179648K
  class space    used 7474K, committed 8192K, reserved 1048576K
}
Event: 63.893 GC heap before
{Heap before GC invocations=1226 (full 3):
 PSYoungGen      total 7168K, used 6963K [0x00000000d5580000, 0x00000000d6680000, 0x0000000100000000)
  eden space 6144K, 99% used [0x00000000d5580000,0x00000000d5b7e5f0,0x00000000d5b80000)
  from space 1024K, 80% used [0x00000000d6580000,0x00000000d664e900,0x00000000d6680000)
  to   space 1024K, 0% used [0x00000000d6480000,0x00000000d6480000,0x00000000d6580000)
 ParOldGen       total 1032192K, used 1031848K [0x0000000080000000, 0x00000000bf000000, 0x00000000d5580000)
  object space 1032192K, 99% used [0x0000000080000000,0x00000000befaa080,0x00000000bf000000)
 Metaspace       used 75351K, committed 76992K, reserved 1179648K
  class space    used 7535K, committed 8256K, reserved 1048576K
}
Event: 63.896 GC heap after
{Heap after GC invocations=1226 (full 3):
 PSYoungGen      total 7168K, used 256K [0x00000000d5580000, 0x00000000d6600000, 0x0000000100000000)
  eden space 6144K, 0% used [0x00000000d5580000,0x00000000d5580000,0x00000000d5b80000)
  from space 1024K, 25% used [0x00000000d6480000,0x00000000d64c0000,0x00000000d6580000)
  to   space 512K, 0% used [0x00000000d6580000,0x00000000d6580000,0x00000000d6600000)
 ParOldGen       total 1032704K, used 1032496K [0x0000000080000000, 0x00000000bf080000, 0x00000000d5580000)
  object space 1032704K, 99% used [0x0000000080000000,0x00000000bf04c1a8,0x00000000bf080000)
 Metaspace       used 75351K, committed 76992K, reserved 1179648K
  class space    used 7535K, committed 8256K, reserved 1048576K
}
Event: 64.028 GC heap before
{Heap before GC invocations=1227 (full 3):
 PSYoungGen      total 7168K, used 6400K [0x00000000d5580000, 0x00000000d6600000, 0x0000000100000000)
  eden space 6144K, 100% used [0x00000000d5580000,0x00000000d5b80000,0x00000000d5b80000)
  from space 1024K, 25% used [0x00000000d6480000,0x00000000d64c0000,0x00000000d6580000)
  to   space 512K, 0% used [0x00000000d6580000,0x00000000d6580000,0x00000000d6600000)
 ParOldGen       total 1032704K, used 1032496K [0x0000000080000000, 0x00000000bf080000, 0x00000000d5580000)
  object space 1032704K, 99% used [0x0000000080000000,0x00000000bf04c1a8,0x00000000bf080000)
 Metaspace       used 75857K, committed 77504K, reserved 1179648K
  class space    used 7611K, committed 8320K, reserved 1048576K
}
Event: 64.032 GC heap after
{Heap after GC invocations=1227 (full 3):
 PSYoungGen      total 6656K, used 505K [0x00000000d5580000, 0x00000000d6600000, 0x0000000100000000)
  eden space 6144K, 0% used [0x00000000d5580000,0x00000000d5580000,0x00000000d5b80000)
  from space 512K, 98% used [0x00000000d6580000,0x00000000d65fe548,0x00000000d6600000)
  to   space 1024K, 0% used [0x00000000d6400000,0x00000000d6400000,0x00000000d6500000)
 ParOldGen       total 1032704K, used 1032600K [0x0000000080000000, 0x00000000bf080000, 0x00000000d5580000)
  object space 1032704K, 99% used [0x0000000080000000,0x00000000bf0661a8,0x00000000bf080000)
 Metaspace       used 75857K, committed 77504K, reserved 1179648K
  class space    used 7611K, committed 8320K, reserved 1048576K
}
Event: 64.204 GC heap before
{Heap before GC invocations=1228 (full 3):
 PSYoungGen      total 6656K, used 2211K [0x00000000d5580000, 0x00000000d6600000, 0x0000000100000000)
  eden space 6144K, 27% used [0x00000000d5580000,0x00000000d572a8c8,0x00000000d5b80000)
  from space 512K, 98% used [0x00000000d6580000,0x00000000d65fe548,0x00000000d6600000)
  to   space 1024K, 0% used [0x00000000d6400000,0x00000000d6400000,0x00000000d6500000)
 ParOldGen       total 1032704K, used 1032600K [0x0000000080000000, 0x00000000bf080000, 0x00000000d5580000)
  object space 1032704K, 99% used [0x0000000080000000,0x00000000bf0661a8,0x00000000bf080000)
 Metaspace       used 75895K, committed 77504K, reserved 1179648K
  class space    used 7616K, committed 8320K, reserved 1048576K
}
Event: 64.214 GC heap after
{Heap after GC invocations=1228 (full 3):
 PSYoungGen      total 7168K, used 224K [0x00000000d5580000, 0x00000000d6600000, 0x0000000100000000)
  eden space 6144K, 0% used [0x00000000d5580000,0x00000000d5580000,0x00000000d5b80000)
  from space 1024K, 21% used [0x00000000d6400000,0x00000000d6438000,0x00000000d6500000)
  to   space 512K, 0% used [0x00000000d6580000,0x00000000d6580000,0x00000000d6600000)
 ParOldGen       total 1033216K, used 1032888K [0x0000000080000000, 0x00000000bf100000, 0x00000000d5580000)
  object space 1033216K, 99% used [0x0000000080000000,0x00000000bf0ae310,0x00000000bf100000)
 Metaspace       used 75895K, committed 77504K, reserved 1179648K
  class space    used 7616K, committed 8320K, reserved 1048576K
}
Event: 64.214 GC heap before
{Heap before GC invocations=1229 (full 4):
 PSYoungGen      total 7168K, used 224K [0x00000000d5580000, 0x00000000d6600000, 0x0000000100000000)
  eden space 6144K, 0% used [0x00000000d5580000,0x00000000d5580000,0x00000000d5b80000)
  from space 1024K, 21% used [0x00000000d6400000,0x00000000d6438000,0x00000000d6500000)
  to   space 512K, 0% used [0x00000000d6580000,0x00000000d6580000,0x00000000d6600000)
 ParOldGen       total 1033216K, used 1032888K [0x0000000080000000, 0x00000000bf100000, 0x00000000d5580000)
  object space 1033216K, 99% used [0x0000000080000000,0x00000000bf0ae310,0x00000000bf100000)
 Metaspace       used 75895K, committed 77504K, reserved 1179648K
  class space    used 7616K, committed 8320K, reserved 1048576K
}
Event: 65.074 GC heap after
{Heap after GC invocations=1229 (full 4):
 PSYoungGen      total 7168K, used 0K [0x00000000d5580000, 0x00000000d6600000, 0x0000000100000000)
  eden space 6144K, 0% used [0x00000000d5580000,0x00000000d5580000,0x00000000d5b80000)
  from space 1024K, 0% used [0x00000000d6400000,0x00000000d6400000,0x00000000d6500000)
  to   space 512K, 0% used [0x00000000d6580000,0x00000000d6580000,0x00000000d6600000)
 ParOldGen       total 1033216K, used 206498K [0x0000000080000000, 0x00000000bf100000, 0x00000000d5580000)
  object space 1033216K, 19% used [0x0000000080000000,0x000000008c9a8860,0x00000000bf100000)
 Metaspace       used 75885K, committed 77504K, reserved 1179648K
  class space    used 7613K, committed 8320K, reserved 1048576K
}

Dll operation events (10 events):
Event: 0.009 Loaded shared library c:\Users\migue\.vscode\extensions\redhat.java-1.43.1-win32-x64\jre\21.0.7-win32-x86_64\bin\java.dll
Event: 0.083 Loaded shared library c:\Users\migue\.vscode\extensions\redhat.java-1.43.1-win32-x64\jre\21.0.7-win32-x86_64\bin\zip.dll
Event: 0.111 Loaded shared library C:\Users\migue\.vscode\extensions\redhat.java-1.43.1-win32-x64\jre\21.0.7-win32-x86_64\bin\instrument.dll
Event: 0.119 Loaded shared library C:\Users\migue\.vscode\extensions\redhat.java-1.43.1-win32-x64\jre\21.0.7-win32-x86_64\bin\net.dll
Event: 0.124 Loaded shared library C:\Users\migue\.vscode\extensions\redhat.java-1.43.1-win32-x64\jre\21.0.7-win32-x86_64\bin\nio.dll
Event: 0.127 Loaded shared library C:\Users\migue\.vscode\extensions\redhat.java-1.43.1-win32-x64\jre\21.0.7-win32-x86_64\bin\zip.dll
Event: 0.146 Loaded shared library C:\Users\migue\.vscode\extensions\redhat.java-1.43.1-win32-x64\jre\21.0.7-win32-x86_64\bin\jimage.dll
Event: 0.239 Loaded shared library c:\Users\migue\.vscode\extensions\redhat.java-1.43.1-win32-x64\jre\21.0.7-win32-x86_64\bin\verify.dll
Event: 1.865 Loaded shared library C:\Users\migue\AppData\Roaming\Code\User\globalStorage\redhat.java\1.43.1\config_win\org.eclipse.equinox.launcher\org.eclipse.equinox.launcher.win32.win32.x86_64_1.2.1300.v20250331-1702\eclipse_11911.dll
Event: 3.949 Loaded shared library C:\Users\migue\AppData\Local\Temp\jna-103894555\jna4825475896735600195.dll

Deoptimization events (20 events):
Event: 63.861 Thread 0x000002429b39d100 Uncommon trap: trap_request=0xffffff45 fr.pc=0x0000024243e3d5b8 relative=0x0000000000000118
Event: 63.861 Thread 0x000002429b39d100 Uncommon trap: reason=unstable_if action=reinterpret pc=0x0000024243e3d5b8 method=java.util.regex.Pattern.RemoveQEQuoting()V @ 41 c2
Event: 63.861 Thread 0x000002429b39d100 DEOPT PACKING pc=0x0000024243e3d5b8 sp=0x000000f3353fdb50
Event: 63.861 Thread 0x000002429b39d100 DEOPT UNPACKING pc=0x0000024243016da2 sp=0x000000f3353fdaa0 mode 2
Event: 63.861 Thread 0x000002429b39d100 Uncommon trap: trap_request=0xffffff45 fr.pc=0x0000024244220948 relative=0x0000000000000628
Event: 63.861 Thread 0x000002429b39d100 Uncommon trap: reason=unstable_if action=reinterpret pc=0x0000024244220948 method=java.util.regex.Pattern.escape(ZZZ)I @ 8 c2
Event: 63.861 Thread 0x000002429b39d100 DEOPT PACKING pc=0x0000024244220948 sp=0x000000f3353fd5d0
Event: 63.861 Thread 0x000002429b39d100 DEOPT UNPACKING pc=0x0000024243016da2 sp=0x000000f3353fd548 mode 2
Event: 63.915 Thread 0x000002429b39d100 Uncommon trap: trap_request=0xffffff45 fr.pc=0x00000242440d7e84 relative=0x0000000000000fa4
Event: 63.915 Thread 0x000002429b39d100 Uncommon trap: reason=unstable_if action=reinterpret pc=0x00000242440d7e84 method=java.util.regex.Pattern.sequence(Ljava/util/regex/Pattern$Node;)Ljava/util/regex/Pattern$Node; @ 144 c2
Event: 63.915 Thread 0x000002429b39d100 DEOPT PACKING pc=0x00000242440d7e84 sp=0x000000f3353fb9f0
Event: 63.915 Thread 0x000002429b39d100 DEOPT UNPACKING pc=0x0000024243016da2 sp=0x000000f3353fb980 mode 2
Event: 63.968 Thread 0x000002429b39d100 Uncommon trap: trap_request=0xffffff45 fr.pc=0x0000024243b1cf90 relative=0x0000000000000170
Event: 63.968 Thread 0x000002429b39d100 Uncommon trap: reason=unstable_if action=reinterpret pc=0x0000024243b1cf90 method=java.lang.String.valueOf(C)Ljava/lang/String; @ 10 c2
Event: 63.968 Thread 0x000002429b39d100 DEOPT PACKING pc=0x0000024243b1cf90 sp=0x000000f3353fd520
Event: 63.968 Thread 0x000002429b39d100 DEOPT UNPACKING pc=0x0000024243016da2 sp=0x000000f3353fd4c0 mode 2
Event: 64.011 Thread 0x000002429b39d100 Uncommon trap: trap_request=0xffffffd6 fr.pc=0x00000242443f5120 relative=0x0000000000000aa0
Event: 64.011 Thread 0x000002429b39d100 Uncommon trap: reason=array_check action=maybe_recompile pc=0x00000242443f5120 method=com.google.gson.internal.GsonTypes$ParameterizedTypeImpl.<init>(Ljava/lang/reflect/Type;Ljava/lang/Class;[Ljava/lang/reflect/Type;)V @ 136 c2
Event: 64.011 Thread 0x000002429b39d100 DEOPT PACKING pc=0x00000242443f5120 sp=0x000000f3353fe020
Event: 64.011 Thread 0x000002429b39d100 DEOPT UNPACKING pc=0x0000024243016da2 sp=0x000000f3353fdf60 mode 2

Classes loaded (20 events):
Event: 39.322 Loading class java/util/stream/ReduceOps$1
Event: 39.322 Loading class java/util/stream/ReduceOps$1 done
Event: 39.322 Loading class java/util/stream/ReduceOps$1ReducingSink
Event: 39.322 Loading class java/util/stream/ReduceOps$1ReducingSink done
Event: 41.347 Loading class jdk/internal/ref/CleanerImpl$InnocuousThreadFactory
Event: 41.347 Loading class jdk/internal/ref/CleanerImpl$InnocuousThreadFactory done
Event: 42.237 Loading class jdk/internal/module/IllegalAccessLogger
Event: 42.237 Loading class jdk/internal/module/IllegalAccessLogger done
Event: 42.534 Loading class java/nio/BufferMismatch
Event: 42.535 Loading class java/nio/BufferMismatch done
Event: 44.451 Loading class jdk/internal/module/IllegalAccessLogger
Event: 44.451 Loading class jdk/internal/module/IllegalAccessLogger done
Event: 46.967 Loading class jdk/internal/module/IllegalAccessLogger
Event: 46.967 Loading class jdk/internal/module/IllegalAccessLogger done
Event: 62.683 Loading class jdk/internal/module/IllegalAccessLogger
Event: 62.683 Loading class jdk/internal/module/IllegalAccessLogger done
Event: 63.914 Loading class java/io/CharArrayReader
Event: 63.914 Loading class java/io/CharArrayReader done
Event: 63.915 Loading class java/util/regex/Pattern$Bound
Event: 63.915 Loading class java/util/regex/Pattern$Bound done

Classes unloaded (17 events):
Event: 4.660 Thread 0x00000242365fe8d0 Unloading class 0x00000242511a1000 'java/lang/invoke/LambdaForm$MH+0x00000242511a1000'
Event: 4.660 Thread 0x00000242365fe8d0 Unloading class 0x00000242511a0c00 'java/lang/invoke/LambdaForm$MH+0x00000242511a0c00'
Event: 4.660 Thread 0x00000242365fe8d0 Unloading class 0x00000242511a0800 'java/lang/invoke/LambdaForm$MH+0x00000242511a0800'
Event: 4.660 Thread 0x00000242365fe8d0 Unloading class 0x00000242511a0400 'java/lang/invoke/LambdaForm$MH+0x00000242511a0400'
Event: 4.660 Thread 0x00000242365fe8d0 Unloading class 0x00000242511a0000 'java/lang/invoke/LambdaForm$BMH+0x00000242511a0000'
Event: 4.660 Thread 0x00000242365fe8d0 Unloading class 0x000002425119fc00 'java/lang/invoke/LambdaForm$DMH+0x000002425119fc00'
Event: 4.660 Thread 0x00000242365fe8d0 Unloading class 0x000002425119e800 'java/lang/invoke/LambdaForm$DMH+0x000002425119e800'
Event: 15.222 Thread 0x00000242365fe8d0 Unloading class 0x0000024251685000 'java/lang/invoke/LambdaForm$DMH+0x0000024251685000'
Event: 15.222 Thread 0x00000242365fe8d0 Unloading class 0x0000024251685400 'java/lang/invoke/LambdaForm$DMH+0x0000024251685400'
Event: 15.222 Thread 0x00000242365fe8d0 Unloading class 0x0000024251684c00 'java/lang/invoke/LambdaForm$DMH+0x0000024251684c00'
Event: 15.222 Thread 0x00000242365fe8d0 Unloading class 0x0000024251684800 'java/lang/invoke/LambdaForm$DMH+0x0000024251684800'
Event: 64.360 Thread 0x00000242365fe8d0 Unloading class 0x00000242517aa400 'java/lang/invoke/LambdaForm$MH+0x00000242517aa400'
Event: 64.360 Thread 0x00000242365fe8d0 Unloading class 0x00000242517aa000 'java/lang/invoke/LambdaForm$MH+0x00000242517aa000'
Event: 64.360 Thread 0x00000242365fe8d0 Unloading class 0x00000242517a9000 'java/lang/invoke/LambdaForm$MH+0x00000242517a9000'
Event: 64.360 Thread 0x00000242365fe8d0 Unloading class 0x00000242517a8c00 'java/lang/invoke/LambdaForm$MH+0x00000242517a8c00'
Event: 64.360 Thread 0x00000242365fe8d0 Unloading class 0x00000242517a8400 'java/lang/invoke/LambdaForm$MH+0x00000242517a8400'
Event: 64.360 Thread 0x00000242365fe8d0 Unloading class 0x000002425173c400 'java/lang/invoke/LambdaForm$DMH+0x000002425173c400'

Classes redefined (0 events):
No events

Internal exceptions (20 events):
Event: 49.746 Thread 0x000002429b397520 Exception <a 'java/lang/ArrayIndexOutOfBoundsException'{0x00000000d5778de8}> (0x00000000d5778de8) 
thrown [s\src\hotspot\share\runtime\sharedRuntime.cpp, line 625]
Event: 49.746 Thread 0x000002429b397520 Exception <a 'java/lang/ArrayIndexOutOfBoundsException'{0x00000000d5779410}> (0x00000000d5779410) 
thrown [s\src\hotspot\share\runtime\sharedRuntime.cpp, line 625]
Event: 49.746 Thread 0x000002429b397520 Exception <a 'java/lang/ArrayIndexOutOfBoundsException'{0x00000000d5779788}> (0x00000000d5779788) 
thrown [s\src\hotspot\share\runtime\sharedRuntime.cpp, line 625]
Event: 60.651 Thread 0x00000242965fc780 Exception <a 'java/lang/ArrayIndexOutOfBoundsException'{0x00000000d55e7430}> (0x00000000d55e7430) 
thrown [s\src\hotspot\share\runtime\sharedRuntime.cpp, line 625]
Event: 60.651 Thread 0x00000242965fc780 Exception <a 'java/lang/ArrayIndexOutOfBoundsException'{0x00000000d55e7a58}> (0x00000000d55e7a58) 
thrown [s\src\hotspot\share\runtime\sharedRuntime.cpp, line 625]
Event: 60.651 Thread 0x00000242965fc780 Exception <a 'java/lang/ArrayIndexOutOfBoundsException'{0x00000000d55e8058}> (0x00000000d55e8058) 
thrown [s\src\hotspot\share\runtime\sharedRuntime.cpp, line 625]
Event: 60.673 Thread 0x00000242965fc780 Exception <a 'java/lang/IncompatibleClassChangeError'{0x00000000d57b2758}: Found class java.lang.Object, but interface was expected> (0x00000000d57b2758) 
thrown [s\src\hotspot\share\interpreter\linkResolver.cpp, line 840]
Event: 60.823 Thread 0x00000242965fc780 Exception <a 'java/lang/ArrayIndexOutOfBoundsException'{0x00000000d5643ad0}> (0x00000000d5643ad0) 
thrown [s\src\hotspot\share\runtime\sharedRuntime.cpp, line 625]
Event: 60.823 Thread 0x00000242965fc780 Exception <a 'java/lang/ArrayIndexOutOfBoundsException'{0x00000000d56440f8}> (0x00000000d56440f8) 
thrown [s\src\hotspot\share\runtime\sharedRuntime.cpp, line 625]
Event: 60.823 Thread 0x00000242965fc780 Exception <a 'java/lang/ArrayIndexOutOfBoundsException'{0x00000000d56446c0}> (0x00000000d56446c0) 
thrown [s\src\hotspot\share\runtime\sharedRuntime.cpp, line 625]
Event: 60.920 Thread 0x00000242965fc780 Exception <a 'java/lang/ArrayIndexOutOfBoundsException'{0x00000000d56453b8}> (0x00000000d56453b8) 
thrown [s\src\hotspot\share\runtime\sharedRuntime.cpp, line 625]
Event: 60.920 Thread 0x00000242965fc780 Exception <a 'java/lang/ArrayIndexOutOfBoundsException'{0x00000000d56459e0}> (0x00000000d56459e0) 
thrown [s\src\hotspot\share\runtime\sharedRuntime.cpp, line 625]
Event: 60.921 Thread 0x00000242965fc780 Exception <a 'java/lang/ArrayIndexOutOfBoundsException'{0x00000000d5645d58}> (0x00000000d5645d58) 
thrown [s\src\hotspot\share\runtime\sharedRuntime.cpp, line 625]
Event: 60.982 Thread 0x00000242965fc780 Exception <a 'java/lang/ArrayIndexOutOfBoundsException'{0x00000000d56459d0}> (0x00000000d56459d0) 
thrown [s\src\hotspot\share\runtime\sharedRuntime.cpp, line 625]
Event: 60.982 Thread 0x00000242965fc780 Exception <a 'java/lang/ArrayIndexOutOfBoundsException'{0x00000000d5645ff8}> (0x00000000d5645ff8) 
thrown [s\src\hotspot\share\runtime\sharedRuntime.cpp, line 625]
Event: 60.982 Thread 0x00000242965fc780 Exception <a 'java/lang/ArrayIndexOutOfBoundsException'{0x00000000d5646370}> (0x00000000d5646370) 
thrown [s\src\hotspot\share\runtime\sharedRuntime.cpp, line 625]
Event: 62.494 Thread 0x00000242965f85e0 Exception <a 'sun/nio/fs/WindowsException'{0x00000000d5590b78}> (0x00000000d5590b78) 
thrown [s\src\hotspot\share\prims\jni.cpp, line 520]
Event: 62.855 Thread 0x00000242965f85e0 Exception <a 'sun/nio/fs/WindowsException'{0x00000000d56dc9c8}> (0x00000000d56dc9c8) 
thrown [s\src\hotspot\share\prims\jni.cpp, line 520]
Event: 64.191 Thread 0x00000242965fc780 Exception <a 'java/lang/IncompatibleClassChangeError'{0x00000000d56d6ff0}: Found class java.lang.Object, but interface was expected> (0x00000000d56d6ff0) 
thrown [s\src\hotspot\share\interpreter\linkResolver.cpp, line 840]
Event: 64.199 Thread 0x000002429b39d100 Exception <a 'java/lang/NoSuchMethodError'{0x00000000d56fbd20}: 'java.lang.Object java.lang.invoke.DirectMethodHandle$Holder.invokeStatic(java.lang.Object, int, int, java.lang.Object)'> (0x00000000d56fbd20) 
thrown [s\src\hotspot\share\interpreter\linkResolver.cpp, line 773]

ZGC Phase Switch (0 events):
No events

VM Operations (20 events):
Event: 62.729 Executing VM operation: ParallelGCFailedAllocation (Allocation Failure)
Event: 62.736 Executing VM operation: ParallelGCFailedAllocation (Allocation Failure) done
Event: 62.772 Executing VM operation: ParallelGCFailedAllocation (Allocation Failure)
Event: 62.783 Executing VM operation: ParallelGCFailedAllocation (Allocation Failure) done
Event: 63.427 Executing VM operation: ParallelGCFailedAllocation (Allocation Failure)
Event: 63.437 Executing VM operation: ParallelGCFailedAllocation (Allocation Failure) done
Event: 63.468 Executing VM operation: ParallelGCFailedAllocation (Allocation Failure)
Event: 63.473 Executing VM operation: ParallelGCFailedAllocation (Allocation Failure) done
Event: 63.793 Executing VM operation: ParallelGCFailedAllocation (Allocation Failure)
Event: 63.797 Executing VM operation: ParallelGCFailedAllocation (Allocation Failure) done
Event: 63.893 Executing VM operation: ParallelGCFailedAllocation (Allocation Failure)
Event: 63.896 Executing VM operation: ParallelGCFailedAllocation (Allocation Failure) done
Event: 63.913 Executing VM operation: HandshakeAllThreads (Deoptimize)
Event: 63.913 Executing VM operation: HandshakeAllThreads (Deoptimize) done
Event: 63.995 Executing VM operation: HandshakeAllThreads (Deoptimize)
Event: 63.995 Executing VM operation: HandshakeAllThreads (Deoptimize) done
Event: 64.028 Executing VM operation: ParallelGCFailedAllocation (Allocation Failure)
Event: 64.032 Executing VM operation: ParallelGCFailedAllocation (Allocation Failure) done
Event: 64.204 Executing VM operation: ParallelGCSystemGC (CodeCache GC Threshold)
Event: 65.074 Executing VM operation: ParallelGCSystemGC (CodeCache GC Threshold) done

Memory protections (0 events):
No events

Nmethod flushes (20 events):
Event: 64.563 Thread 0x00000242365fe8d0 flushing  nmethod 0x000002423cd1c190
Event: 64.563 Thread 0x00000242365fe8d0 flushing  nmethod 0x000002423cd3a790
Event: 64.563 Thread 0x00000242365fe8d0 flushing  nmethod 0x000002423cd57b90
Event: 64.563 Thread 0x00000242365fe8d0 flushing  nmethod 0x000002423ce38410
Event: 64.563 Thread 0x00000242365fe8d0 flushing  nmethod 0x000002423ce61490
Event: 64.563 Thread 0x00000242365fe8d0 flushing  nmethod 0x000002423ce61e10
Event: 64.563 Thread 0x00000242365fe8d0 flushing  nmethod 0x000002423ce62790
Event: 64.563 Thread 0x00000242365fe8d0 flushing  nmethod 0x000002423ce69290
Event: 64.563 Thread 0x00000242365fe8d0 flushing  nmethod 0x000002423ce6ab90
Event: 64.563 Thread 0x00000242365fe8d0 flushing  nmethod 0x000002423ce6d610
Event: 64.563 Thread 0x00000242365fe8d0 flushing  nmethod 0x000002423ce6fe90
Event: 64.563 Thread 0x00000242365fe8d0 flushing  nmethod 0x000002423ce72190
Event: 64.563 Thread 0x00000242365fe8d0 flushing  nmethod 0x000002423ce76d10
Event: 64.563 Thread 0x00000242365fe8d0 flushing  nmethod 0x000002423ce87410
Event: 64.563 Thread 0x00000242365fe8d0 flushing  nmethod 0x000002423ceaeb10
Event: 64.563 Thread 0x00000242365fe8d0 flushing  nmethod 0x000002423cee2190
Event: 64.563 Thread 0x00000242365fe8d0 flushing  nmethod 0x000002423cefbe10
Event: 64.563 Thread 0x00000242365fe8d0 flushing  nmethod 0x000002423ceff990
Event: 64.563 Thread 0x00000242365fe8d0 flushing  nmethod 0x000002423cf06010
Event: 64.563 Thread 0x00000242365fe8d0 flushing  nmethod 0x000002423cf55310

Events (20 events):
Event: 60.830 Thread 0x0000024291bd3c60 Thread added: 0x00000242a6218350
Event: 61.306 Thread 0x00000242a6218350 Thread added: 0x00000242a6216810
Event: 61.558 Thread 0x00000242a6216810 Thread exited: 0x00000242a6216810
Event: 61.558 Thread 0x00000242a6218350 Thread exited: 0x00000242a6218350
Event: 61.614 Thread 0x0000024291bd3c60 Thread added: 0x00000242a6218350
Event: 61.622 Thread 0x0000024291bd3c60 Thread added: 0x00000242a62197c0
Event: 61.749 Thread 0x00000242a62197c0 Thread exited: 0x00000242a62197c0
Event: 61.749 Thread 0x00000242a6218350 Thread exited: 0x00000242a6218350
Event: 61.775 Thread 0x0000024291bd3c60 Thread added: 0x00000242a6216810
Event: 62.077 Thread 0x0000024291bd3c60 Thread added: 0x00000242a6218350
Event: 62.545 Thread 0x00000242a6218350 Thread exited: 0x00000242a6218350
Event: 62.702 Thread 0x0000024291bd3c60 Thread added: 0x00000242a6216140
Event: 63.414 Thread 0x00000242a6216140 Thread exited: 0x00000242a6216140
Event: 63.414 Thread 0x00000242a6216810 Thread exited: 0x00000242a6216810
Event: 63.450 Thread 0x0000024291bd3c60 Thread added: 0x00000242a6216140
Event: 63.450 Thread 0x0000024291bd3c60 Thread added: 0x00000242a62175b0
Event: 63.774 Thread 0x00000242a62175b0 Thread exited: 0x00000242a62175b0
Event: 63.778 Thread 0x00000242a6216140 Thread exited: 0x00000242a6216140
Event: 63.925 Thread 0x0000024291bd3c60 Thread added: 0x00000242a62175b0
Event: 64.021 Thread 0x00000242a62175b0 Thread added: 0x00000242a62197c0


Dynamic libraries:
0x00007ff631ea0000 - 0x00007ff631eae000 	c:\Users\migue\.vscode\extensions\redhat.java-1.43.1-win32-x64\jre\21.0.7-win32-x86_64\bin\java.exe
0x00007ffd5ebe0000 - 0x00007ffd5ee45000 	C:\WINDOWS\SYSTEM32\ntdll.dll
0x00007ffd5e210000 - 0x00007ffd5e2d9000 	C:\WINDOWS\System32\KERNEL32.DLL
0x00007ffd5c0a0000 - 0x00007ffd5c488000 	C:\WINDOWS\System32\KERNELBASE.dll
0x00007ffd5c800000 - 0x00007ffd5c94b000 	C:\WINDOWS\System32\ucrtbase.dll
0x00007ffd4de50000 - 0x00007ffd4de68000 	c:\Users\migue\.vscode\extensions\redhat.java-1.43.1-win32-x64\jre\21.0.7-win32-x86_64\bin\jli.dll
0x00007ffd5d950000 - 0x00007ffd5db1a000 	C:\WINDOWS\System32\USER32.dll
0x00007ffd5c950000 - 0x00007ffd5c977000 	C:\WINDOWS\System32\win32u.dll
0x00007ffd5c980000 - 0x00007ffd5c9ab000 	C:\WINDOWS\System32\GDI32.dll
0x00007ffd5c6c0000 - 0x00007ffd5c7f7000 	C:\WINDOWS\System32\gdi32full.dll
0x00007ffd5c610000 - 0x00007ffd5c6b3000 	C:\WINDOWS\System32\msvcp_win.dll
0x00007ffd39000000 - 0x00007ffd3901e000 	c:\Users\migue\.vscode\extensions\redhat.java-1.43.1-win32-x64\jre\21.0.7-win32-x86_64\bin\VCRUNTIME140.dll
0x00007ffd46500000 - 0x00007ffd4679a000 	C:\WINDOWS\WinSxS\amd64_microsoft.windows.common-controls_6595b64144ccf1df_6.0.26100.4202_none_3e0698d4e335f517\COMCTL32.dll
0x00007ffd5dbb0000 - 0x00007ffd5dc59000 	C:\WINDOWS\System32\msvcrt.dll
0x00007ffd5e770000 - 0x00007ffd5e7a0000 	C:\WINDOWS\System32\IMM32.DLL
0x00007ffd1f630000 - 0x00007ffd1f74a000 	C:\Program Files\Topaz OFD\Warsaw\wslbscr64.dll
0x00007ffd5cb90000 - 0x00007ffd5cc43000 	C:\WINDOWS\System32\ADVAPI32.dll
0x00007ffd5e590000 - 0x00007ffd5e636000 	C:\WINDOWS\System32\sechost.dll
0x00007ffd5e0f0000 - 0x00007ffd5e205000 	C:\WINDOWS\System32\RPCRT4.dll
0x00007ffd5d1d0000 - 0x00007ffd5d912000 	C:\WINDOWS\System32\SHELL32.dll
0x00007ffd5bf20000 - 0x00007ffd5c094000 	C:\WINDOWS\System32\wintypes.dll
0x00007ffd5dcf0000 - 0x00007ffd5e075000 	C:\WINDOWS\System32\combase.dll
0x00007ffd5ac10000 - 0x00007ffd5ac46000 	C:\WINDOWS\SYSTEM32\ntmarta.dll
0x00007ffd1f3c0000 - 0x00007ffd1f4ba000 	C:\Program Files\Topaz OFD\Warsaw\wslbscrwh64.dll
0x00007ffd4dbe0000 - 0x00007ffd4dbec000 	c:\Users\migue\.vscode\extensions\redhat.java-1.43.1-win32-x64\jre\21.0.7-win32-x86_64\bin\vcruntime140_1.dll
0x00007ffd1d370000 - 0x00007ffd1d3fd000 	c:\Users\migue\.vscode\extensions\redhat.java-1.43.1-win32-x64\jre\21.0.7-win32-x86_64\bin\msvcp140.dll
0x00007ffca7660000 - 0x00007ffca83f0000 	c:\Users\migue\.vscode\extensions\redhat.java-1.43.1-win32-x64\jre\21.0.7-win32-x86_64\bin\server\jvm.dll
0x00007ffd5eb20000 - 0x00007ffd5eb94000 	C:\WINDOWS\System32\WS2_32.dll
0x00007ffd5b4a0000 - 0x00007ffd5b4fe000 	C:\WINDOWS\SYSTEM32\POWRPROF.dll
0x00007ffd46840000 - 0x00007ffd46875000 	C:\WINDOWS\SYSTEM32\WINMM.dll
0x00007ffd4e160000 - 0x00007ffd4e16b000 	C:\WINDOWS\SYSTEM32\VERSION.dll
0x00007ffd5b480000 - 0x00007ffd5b494000 	C:\WINDOWS\SYSTEM32\UMPDC.dll
0x00007ffd5aaf0000 - 0x00007ffd5ab0b000 	C:\WINDOWS\SYSTEM32\kernel.appcore.dll
0x00007ffd41f30000 - 0x00007ffd41f3a000 	c:\Users\migue\.vscode\extensions\redhat.java-1.43.1-win32-x64\jre\21.0.7-win32-x86_64\bin\jimage.dll
0x00007ffd59460000 - 0x00007ffd596a1000 	C:\WINDOWS\SYSTEM32\DBGHELP.DLL
0x00007ffd5ea30000 - 0x00007ffd5eb11000 	C:\WINDOWS\System32\OLEAUT32.dll
0x00007ffd3f6e0000 - 0x00007ffd3f719000 	C:\WINDOWS\SYSTEM32\dbgcore.DLL
0x00007ffd5bdf0000 - 0x00007ffd5be89000 	C:\WINDOWS\System32\bcryptPrimitives.dll
0x00007ffd392b0000 - 0x00007ffd392bf000 	c:\Users\migue\.vscode\extensions\redhat.java-1.43.1-win32-x64\jre\21.0.7-win32-x86_64\bin\instrument.dll
0x00007ffd38fe0000 - 0x00007ffd38fff000 	c:\Users\migue\.vscode\extensions\redhat.java-1.43.1-win32-x64\jre\21.0.7-win32-x86_64\bin\java.dll
0x00007ffd59970000 - 0x00007ffd5a1c8000 	C:\WINDOWS\SYSTEM32\windows.storage.dll
0x00007ffd5e7b0000 - 0x00007ffd5e8a1000 	C:\WINDOWS\System32\SHCORE.dll
0x000002424ff30000 - 0x000002424ff9a000 	C:\WINDOWS\System32\shlwapi.dll
0x00007ffd5bc40000 - 0x00007ffd5bc6f000 	C:\WINDOWS\SYSTEM32\profapi.dll
0x00007ffd38af0000 - 0x00007ffd38b08000 	c:\Users\migue\.vscode\extensions\redhat.java-1.43.1-win32-x64\jre\21.0.7-win32-x86_64\bin\zip.dll
0x00007ffd36fc0000 - 0x00007ffd36fd0000 	C:\Users\migue\.vscode\extensions\redhat.java-1.43.1-win32-x64\jre\21.0.7-win32-x86_64\bin\net.dll
0x00007ffd4c990000 - 0x00007ffd4caae000 	C:\WINDOWS\SYSTEM32\WINHTTP.dll
0x00007ffd5b0d0000 - 0x00007ffd5b13a000 	C:\WINDOWS\system32\mswsock.dll
0x00007ffd36050000 - 0x00007ffd36066000 	C:\Users\migue\.vscode\extensions\redhat.java-1.43.1-win32-x64\jre\21.0.7-win32-x86_64\bin\nio.dll
0x00007ffd36ee0000 - 0x00007ffd36ef0000 	c:\Users\migue\.vscode\extensions\redhat.java-1.43.1-win32-x64\jre\21.0.7-win32-x86_64\bin\verify.dll
0x00007ffd36000000 - 0x00007ffd36045000 	C:\Users\migue\AppData\Roaming\Code\User\globalStorage\redhat.java\1.43.1\config_win\org.eclipse.equinox.launcher\org.eclipse.equinox.launcher.win32.win32.x86_64_1.2.1300.v20250331-1702\eclipse_11911.dll
0x0000024297940000 - 0x0000024297ade000 	C:\WINDOWS\System32\ole32.dll
0x00007ffd5b380000 - 0x00007ffd5b39b000 	C:\WINDOWS\SYSTEM32\CRYPTSP.dll
0x00007ffd5aa50000 - 0x00007ffd5aa8a000 	C:\WINDOWS\system32\rsaenh.dll
0x00007ffd5b170000 - 0x00007ffd5b19b000 	C:\WINDOWS\SYSTEM32\USERENV.dll
0x00007ffd5bc10000 - 0x00007ffd5bc36000 	C:\WINDOWS\SYSTEM32\bcrypt.dll
0x00007ffd5b3a0000 - 0x00007ffd5b3ac000 	C:\WINDOWS\SYSTEM32\CRYPTBASE.dll
0x00007ffd5a590000 - 0x00007ffd5a5c3000 	C:\WINDOWS\SYSTEM32\IPHLPAPI.DLL
0x00007ffd5cc60000 - 0x00007ffd5cc6a000 	C:\WINDOWS\System32\NSI.dll
0x00007ffd1e030000 - 0x00007ffd1e079000 	C:\Users\migue\AppData\Local\Temp\jna-103894555\jna4825475896735600195.dll
0x00007ffd5cc50000 - 0x00007ffd5cc58000 	C:\WINDOWS\System32\PSAPI.DLL
0x00007ffd4cd80000 - 0x00007ffd4cd9f000 	C:\WINDOWS\SYSTEM32\dhcpcsvc6.DLL
0x00007ffd4cbe0000 - 0x00007ffd4cc05000 	C:\WINDOWS\SYSTEM32\dhcpcsvc.DLL

dbghelp: loaded successfully - version: 4.0.5 - missing functions: none
symbol engine: initialized successfully - sym options: 0x614 - pdb path: .;c:\Users\migue\.vscode\extensions\redhat.java-1.43.1-win32-x64\jre\21.0.7-win32-x86_64\bin;C:\WINDOWS\SYSTEM32;C:\WINDOWS\WinSxS\amd64_microsoft.windows.common-controls_6595b64144ccf1df_6.0.26100.4202_none_3e0698d4e335f517;C:\Program Files\Topaz OFD\Warsaw;c:\Users\migue\.vscode\extensions\redhat.java-1.43.1-win32-x64\jre\21.0.7-win32-x86_64\bin\server;C:\Users\migue\AppData\Roaming\Code\User\globalStorage\redhat.java\1.43.1\config_win\org.eclipse.equinox.launcher\org.eclipse.equinox.launcher.win32.win32.x86_64_1.2.1300.v20250331-1702;C:\Users\migue\AppData\Local\Temp\jna-103894555

VM Arguments:
jvm_args: --add-modules=ALL-SYSTEM --add-opens=java.base/java.util=ALL-UNNAMED --add-opens=java.base/java.lang=ALL-UNNAMED --add-opens=java.base/sun.nio.fs=ALL-UNNAMED -Declipse.application=org.eclipse.jdt.ls.core.id1 -Dosgi.bundles.defaultStartLevel=4 -Declipse.product=org.eclipse.jdt.ls.core.product -Djava.import.generatesMetadataFilesAtProjectRoot=false -DDetectVMInstallationsJob.disabled=true -Dfile.encoding=utf8 -XX:+UseParallelGC -XX:GCTimeRatio=4 -XX:AdaptiveSizePolicyWeight=90 -Dsun.zip.disableMemoryMapping=true -Xmx2G -Xms100m -Xlog:disable -javaagent:c:\Users\migue\.vscode\extensions\redhat.java-1.43.1-win32-x64\lombok\lombok-1.18.39-4050.jar -XX:+HeapDumpOnOutOfMemoryError -XX:HeapDumpPath=c:\Users\migue\AppData\Roaming\Code\User\workspaceStorage\a639b46f90215a13307bf9c14b7ca7a8\redhat.java -Daether.dependencyCollector.impl=bf 
java_command: c:\Users\migue\.vscode\extensions\redhat.java-1.43.1-win32-x64\server\plugins\org.eclipse.equinox.launcher_1.7.0.v20250519-0528.jar -configuration c:\Users\migue\AppData\Roaming\Code\User\globalStorage\redhat.java\1.43.1\config_win -data c:\Users\migue\AppData\Roaming\Code\User\workspaceStorage\a639b46f90215a13307bf9c14b7ca7a8\redhat.java\jdt_ws --pipe=\\.\pipe\lsp-f55bb3b9dddddf06071d9ab3cd84fb9f-sock
java_class_path (initial): c:\Users\migue\.vscode\extensions\redhat.java-1.43.1-win32-x64\server\plugins\org.eclipse.equinox.launcher_1.7.0.v20250519-0528.jar
Launcher Type: SUN_STANDARD

[Global flags]
    uintx AdaptiveSizePolicyWeight                 = 90                                        {product} {command line}
     intx CICompilerCount                          = 4                                         {product} {ergonomic}
    uintx GCTimeRatio                              = 4                                         {product} {command line}
     bool HeapDumpOnOutOfMemoryError               = true                                   {manageable} {command line}
    ccstr HeapDumpPath                             = c:\Users\migue\AppData\Roaming\Code\User\workspaceStorage\a639b46f90215a13307bf9c14b7ca7a8\redhat.java         {manageable} {command line}
   size_t InitialHeapSize                          = 104857600                                 {product} {command line}
   size_t MaxHeapSize                              = 2147483648                                {product} {command line}
   size_t MaxNewSize                               = 715653120                                 {product} {ergonomic}
   size_t MinHeapDeltaBytes                        = 524288                                    {product} {ergonomic}
   size_t MinHeapSize                              = 104857600                                 {product} {command line}
   size_t NewSize                                  = 34603008                                  {product} {ergonomic}
    uintx NonNMethodCodeHeapSize                   = 5839372                                {pd product} {ergonomic}
    uintx NonProfiledCodeHeapSize                  = 122909434                              {pd product} {ergonomic}
   size_t OldSize                                  = 70254592                                  {product} {ergonomic}
    uintx ProfiledCodeHeapSize                     = 122909434                              {pd product} {ergonomic}
    uintx ReservedCodeCacheSize                    = 251658240                              {pd product} {ergonomic}
     bool SegmentedCodeCache                       = true                                      {product} {ergonomic}
   size_t SoftMaxHeapSize                          = 2147483648                             {manageable} {ergonomic}
     bool UseCompressedOops                        = true                           {product lp64_product} {ergonomic}
     bool UseLargePagesIndividualAllocation        = false                                  {pd product} {ergonomic}
     bool UseParallelGC                            = true                                      {product} {command line}

Logging:
Log output configuration:
 #0: stdout all=off uptime,level,tags foldmultilines=false
 #1: stderr all=off uptime,level,tags foldmultilines=false

Environment Variables:
JAVA_HOME=C:\Program Files\Java\jdk-21
PATH=C:\Program Files\Common Files\Oracle\Java\javapath;C:\Program Files (x86)\Common Files\Oracle\Java\javapath;C:\WINDOWS\system32;C:\WINDOWS;C:\WINDOWS\System32\Wbem;C:\WINDOWS\System32\WindowsPowerShell\v1.0\;C:\WINDOWS\System32\OpenSSH\;C:\Program Files\Git\cmd;C:\Program Files\dotnet\;C:\Program Files\nodejs\;C:\Program Files\Java\jre-1.8\bin;C:\Program Files\Common Files\Oracle\Java\javapath;C:\Program Files (x86)\Common Files\Oracle\Java\javapath;C:\WINDOWS\system32;C:\WINDOWS;C:\WINDOWS\System32\Wbem;C:\WINDOWS\System32\WindowsPowerShell\v1.0\;C:\WINDOWS\System32\OpenSSH\;C:\Program Files\Git\cmd;C:\Program Files\dotnet\;C:\Program Files\nodejs\;C:\Users\migue\AppData\Local\Microsoft\WindowsApps;C:\Users\migue\AppData\Local\Programs\Microsoft VS Code\bin;C:\Users\migue\AppData\Local\Muse Hub\lib;C:\Users\migue\AppData\Roaming\npm;C:\Users\migue\AppData\Local\Muse Hub\lib;C:\Program Files\Java\jdk-21\bin;
USERNAME=migue
OS=Windows_NT
PROCESSOR_IDENTIFIER=Intel64 Family 6 Model 140 Stepping 1, GenuineIntel
TMP=C:\Users\migue\AppData\Local\Temp
TEMP=C:\Users\migue\AppData\Local\Temp




Periodic native trim disabled

---------------  S Y S T E M  ---------------

OS:
 Windows 11 , 64 bit Build 26100 (10.0.26100.4202)
OS uptime: 3 days 20:54 hours
Hyper-V role detected

CPU: total 8 (initial active 8) (4 cores per cpu, 2 threads per core) family 6 model 140 stepping 1 microcode 0x8a, cx8, cmov, fxsr, ht, mmx, 3dnowpref, sse, sse2, sse3, ssse3, sse4.1, sse4.2, popcnt, lzcnt, tsc, tscinvbit, avx, avx2, aes, erms, clmul, bmi1, bmi2, adx, avx512f, avx512dq, avx512cd, avx512bw, avx512vl, sha, fma, vzeroupper, avx512_vpopcntdq, avx512_vpclmulqdq, avx512_vaes, avx512_vnni, clflush, clflushopt, clwb, avx512_vbmi2, avx512_vbmi, hv, rdtscp, rdpid, fsrm, gfni, avx512_bitalg, f16c, cet_ibt, cet_ss, avx512_ifma
Processor Information for processor 0
  Max Mhz: 2419, Current Mhz: 2419, Mhz Limit: 2419
Processor Information for processor 1
  Max Mhz: 2419, Current Mhz: 2419, Mhz Limit: 2419
Processor Information for processor 2
  Max Mhz: 2419, Current Mhz: 2419, Mhz Limit: 2419
Processor Information for processor 3
  Max Mhz: 2419, Current Mhz: 2419, Mhz Limit: 2419
Processor Information for processor 4
  Max Mhz: 2419, Current Mhz: 2419, Mhz Limit: 2419
Processor Information for processor 5
  Max Mhz: 2419, Current Mhz: 1209, Mhz Limit: 2419
Processor Information for processor 6
  Max Mhz: 2419, Current Mhz: 2419, Mhz Limit: 2419
Processor Information for processor 7
  Max Mhz: 2419, Current Mhz: 2419, Mhz Limit: 2419

Memory: 4k page, system-wide physical 7971M (447M free)
TotalPageFile size 22181M (AvailPageFile size 2M)
current process WorkingSet (physical memory assigned to process): 567M, peak: 1193M
current process commit charge ("private bytes"): 1391M, peak: 1394M

vm_info: OpenJDK 64-Bit Server VM (21.0.7+6-LTS) for windows-amd64 JRE (21.0.7+6-LTS), built on 2025-04-15T00:00:00Z by "admin" with MS VC++ 17.7 (VS2022)

END.
