#
# There is insufficient memory for the Java Runtime Environment to continue.
# Native memory allocation (malloc) failed to allocate 918912 bytes. Error detail: Chunk::new
# Possible reasons:
#   The system is out of physical RAM or swap space
#   This process is running with CompressedOops enabled, and the Java Heap may be blocking the growth of the native heap
# Possible solutions:
#   Reduce memory load on the system
#   Increase physical memory or swap space
#   Check if swap backing store is full
#   Decrease Java heap size (-Xmx/-Xms)
#   Decrease number of Java threads
#   Decrease Java thread stack sizes (-Xss)
#   Set larger code cache with -XX:ReservedCodeCacheSize=
#   JVM is running with Unscaled Compressed Oops mode in which the Java heap is
#     placed in the first 4GB address space. The Java Heap base address is the
#     maximum limit for the native heap growth. Please use -XX:HeapBaseMinAddress
#     to set the Java Heap base and to place the Java Heap above 4GB virtual address.
# This output file may be truncated or incomplete.
#
#  Out of Memory Error (arena.cpp:168), pid=66664, tid=53220
#
# JRE version: OpenJDK Runtime Environment Temurin-21.0.7+6 (21.0.7+6) (build 21.0.7+6-LTS)
# Java VM: OpenJDK 64-Bit Server VM Temurin-21.0.7+6 (21.0.7+6-LTS, mixed mode, sharing, tiered, compressed oops, compressed class ptrs, parallel gc, windows-amd64)
# No core dump will be written. Minidumps are not enabled by default on client versions of Windows
#

---------------  S U M M A R Y ------------

Command Line: --add-modules=ALL-SYSTEM --add-opens=java.base/java.util=ALL-UNNAMED --add-opens=java.base/java.lang=ALL-UNNAMED --add-opens=java.base/sun.nio.fs=ALL-UNNAMED -Declipse.application=org.eclipse.jdt.ls.core.id1 -Dosgi.bundles.defaultStartLevel=4 -Declipse.product=org.eclipse.jdt.ls.core.product -Djava.import.generatesMetadataFilesAtProjectRoot=false -DDetectVMInstallationsJob.disabled=true -Dfile.encoding=utf8 -XX:+UseParallelGC -XX:GCTimeRatio=4 -XX:AdaptiveSizePolicyWeight=90 -Dsun.zip.disableMemoryMapping=true -Xmx2G -Xms100m -Xlog:disable -javaagent:c:\Users\migue\.vscode\extensions\redhat.java-1.43.1-win32-x64\lombok\lombok-1.18.39-4050.jar -XX:+HeapDumpOnOutOfMemoryError -XX:HeapDumpPath=c:\Users\migue\AppData\Roaming\Code\User\workspaceStorage\a639b46f90215a13307bf9c14b7ca7a8\redhat.java -Daether.dependencyCollector.impl=bf c:\Users\migue\.vscode\extensions\redhat.java-1.43.1-win32-x64\server\plugins\org.eclipse.equinox.launcher_1.7.0.v20250519-0528.jar -configuration c:\Users\migue\AppData\Roaming\Code\User\globalStorage\redhat.java\1.43.1\config_win -data c:\Users\migue\AppData\Roaming\Code\User\workspaceStorage\a639b46f90215a13307bf9c14b7ca7a8\redhat.java\jdt_ws --pipe=\\.\pipe\lsp-42214cd570ec999daa7d5cbcea366fc9-sock

Host: 11th Gen Intel(R) Core(TM) i5-1135G7 @ 2.40GHz, 8 cores, 7G,  Windows 11 , 64 bit Build 26100 (10.0.26100.4202)
Time: Mon Jul 14 16:56:03 2025 Hora oficial do Brasil elapsed time: 502.380916 seconds (0d 0h 8m 22s)

---------------  T H R E A D  ---------------

Current thread (0x000001a0f0a02c60):  JavaThread "C2 CompilerThread0" daemon [_thread_in_native, id=53220, stack(0x0000002bdb900000,0x0000002bdba00000) (1024K)]


Current CompileTask:
C2:502381 18905       4       org.eclipse.jdt.internal.core.JavaProject::filterLimitedModules (179 bytes)

Stack: [0x0000002bdb900000,0x0000002bdba00000]
Native frames: (J=compiled Java code, j=interpreted, Vv=VM code, C=native code)
V  [jvm.dll+0x6ce119]
V  [jvm.dll+0x8a84a1]
V  [jvm.dll+0x8aa9ce]
V  [jvm.dll+0x8ab0b3]
V  [jvm.dll+0x27f8a6]
V  [jvm.dll+0xc507d]
V  [jvm.dll+0xc55b3]
V  [jvm.dll+0x3b692c]
V  [jvm.dll+0x382aa5]
V  [jvm.dll+0x381f0a]
V  [jvm.dll+0x247af0]
V  [jvm.dll+0x2470cf]
V  [jvm.dll+0x1c760e]
V  [jvm.dll+0x25695a]
V  [jvm.dll+0x254efa]
V  [jvm.dll+0x3f03f6]
V  [jvm.dll+0x851f6b]
V  [jvm.dll+0x6cc7dd]
C  [ucrtbase.dll+0x37b0]
C  [KERNEL32.DLL+0x2e8d7]
C  [ntdll.dll+0x3c34c]


---------------  P R O C E S S  ---------------

Threads class SMR info:
_java_thread_list=0x000001a0fac352a0, length=56, elements={
0x000001a095335e90, 0x000001a0976c2ba0, 0x000001a0976c57e0, 0x000001a0976cb6c0,
0x000001a0976ce320, 0x000001a0f0a00080, 0x000001a0f0a00cd0, 0x000001a0f0a02c60,
0x000001a0f0a7ca70, 0x000001a0977c32d0, 0x000001a0f0dac890, 0x000001a0f59d1790,
0x000001a0f59d24b0, 0x000001a0f59d1e20, 0x000001a0f59d3860, 0x000001a0f59d2b40,
0x000001a0f59d31d0, 0x000001a0f59d0a70, 0x000001a0f5181eb0, 0x000001a0f5181820,
0x000001a0f5181190, 0x000001a0f5180470, 0x000001a0f5184ca0, 0x000001a0f5186050,
0x000001a0f5185330, 0x000001a0f5183f80, 0x000001a0f5187400, 0x000001a0f51859c0,
0x000001a0f51866e0, 0x000001a0f5186d70, 0x000001a0f5184610, 0x000001a0f7066dd0,
0x000001a0f7065390, 0x000001a0f706a8e0, 0x000001a0f7069bc0, 0x000001a0f706a250,
0x000001a0f7069530, 0x000001a0f706af70, 0x000001a0f706b600, 0x000001a0f85f2280,
0x000001a0f85f3cc0, 0x000001a0f85f2fa0, 0x000001a0f85f1bf0, 0x000001a0f85f7e60,
0x000001a0f85f1560, 0x000001a0f85f6ab0, 0x000001a0f85f77d0, 0x000001a0f85f5700,
0x000001a0f5180b00, 0x000001a0f721de10, 0x000001a0f721b6b0, 0x000001a0f721bd40,
0x000001a0f721ca60, 0x000001a0f70660b0, 0x000001a0f65eb6a0, 0x000001a0f8257150
}

Java Threads: ( => current thread )
  0x000001a095335e90 JavaThread "main"                              [_thread_blocked, id=51000, stack(0x0000002bdaf00000,0x0000002bdb000000) (1024K)]
  0x000001a0976c2ba0 JavaThread "Reference Handler"          daemon [_thread_blocked, id=44016, stack(0x0000002bdb300000,0x0000002bdb400000) (1024K)]
  0x000001a0976c57e0 JavaThread "Finalizer"                  daemon [_thread_blocked, id=63824, stack(0x0000002bdb400000,0x0000002bdb500000) (1024K)]
  0x000001a0976cb6c0 JavaThread "Signal Dispatcher"          daemon [_thread_blocked, id=67360, stack(0x0000002bdb500000,0x0000002bdb600000) (1024K)]
  0x000001a0976ce320 JavaThread "Attach Listener"            daemon [_thread_blocked, id=65968, stack(0x0000002bdb600000,0x0000002bdb700000) (1024K)]
  0x000001a0f0a00080 JavaThread "Service Thread"             daemon [_thread_blocked, id=63000, stack(0x0000002bdb700000,0x0000002bdb800000) (1024K)]
  0x000001a0f0a00cd0 JavaThread "Monitor Deflation Thread"   daemon [_thread_blocked, id=66416, stack(0x0000002bdb800000,0x0000002bdb900000) (1024K)]
=>0x000001a0f0a02c60 JavaThread "C2 CompilerThread0"         daemon [_thread_in_native, id=53220, stack(0x0000002bdb900000,0x0000002bdba00000) (1024K)]
  0x000001a0f0a7ca70 JavaThread "C1 CompilerThread0"         daemon [_thread_blocked, id=8744, stack(0x0000002bdba00000,0x0000002bdbb00000) (1024K)]
  0x000001a0977c32d0 JavaThread "Common-Cleaner"             daemon [_thread_blocked, id=57952, stack(0x0000002bdbb00000,0x0000002bdbc00000) (1024K)]
  0x000001a0f0dac890 JavaThread "Notification Thread"        daemon [_thread_blocked, id=61620, stack(0x0000002bdbc00000,0x0000002bdbd00000) (1024K)]
  0x000001a0f59d1790 JavaThread "Active Thread: Equinox Container: f38a2a6c-56a1-4e96-9518-7e2af93c157e"        [_thread_blocked, id=60684, stack(0x0000002bdc500000,0x0000002bdc600000) (1024K)]
  0x000001a0f59d24b0 JavaThread "Refresh Thread: Equinox Container: f38a2a6c-56a1-4e96-9518-7e2af93c157e" daemon [_thread_blocked, id=58216, stack(0x0000002bdc600000,0x0000002bdc700000) (1024K)]
  0x000001a0f59d1e20 JavaThread "Framework Event Dispatcher: Equinox Container: f38a2a6c-56a1-4e96-9518-7e2af93c157e" daemon [_thread_blocked, id=55788, stack(0x0000002bdc800000,0x0000002bdc900000) (1024K)]
  0x000001a0f59d3860 JavaThread "Start Level: Equinox Container: f38a2a6c-56a1-4e96-9518-7e2af93c157e" daemon [_thread_blocked, id=48364, stack(0x0000002bdc900000,0x0000002bdca00000) (1024K)]
  0x000001a0f59d2b40 JavaThread "Bundle File Closer"         daemon [_thread_blocked, id=34052, stack(0x0000002bdca00000,0x0000002bdcb00000) (1024K)]
  0x000001a0f59d31d0 JavaThread "SCR Component Actor"        daemon [_thread_blocked, id=66728, stack(0x0000002bdcb00000,0x0000002bdcc00000) (1024K)]
  0x000001a0f59d0a70 JavaThread "Worker-JM"                         [_thread_blocked, id=30144, stack(0x0000002bdcc00000,0x0000002bdcd00000) (1024K)]
  0x000001a0f5181eb0 JavaThread "JNA Cleaner"                daemon [_thread_blocked, id=34808, stack(0x0000002bdcd00000,0x0000002bdce00000) (1024K)]
  0x000001a0f5181820 JavaThread "Java indexing"              daemon [_thread_blocked, id=57644, stack(0x0000002bdd100000,0x0000002bdd200000) (1024K)]
  0x000001a0f5181190 JavaThread "Thread-2"                   daemon [_thread_in_native, id=66508, stack(0x0000002bdd700000,0x0000002bdd800000) (1024K)]
  0x000001a0f5180470 JavaThread "Thread-3"                   daemon [_thread_in_native, id=58420, stack(0x0000002bdd800000,0x0000002bdd900000) (1024K)]
  0x000001a0f5184ca0 JavaThread "Thread-4"                   daemon [_thread_in_native, id=52812, stack(0x0000002bdd900000,0x0000002bdda00000) (1024K)]
  0x000001a0f5186050 JavaThread "Thread-5"                   daemon [_thread_in_native, id=57568, stack(0x0000002bdda00000,0x0000002bddb00000) (1024K)]
  0x000001a0f5185330 JavaThread "Thread-6"                   daemon [_thread_in_native, id=65200, stack(0x0000002bddb00000,0x0000002bddc00000) (1024K)]
  0x000001a0f5183f80 JavaThread "Thread-7"                   daemon [_thread_in_native, id=46684, stack(0x0000002bddc00000,0x0000002bddd00000) (1024K)]
  0x000001a0f5187400 JavaThread "Thread-8"                   daemon [_thread_in_native, id=17748, stack(0x0000002bddd00000,0x0000002bdde00000) (1024K)]
  0x000001a0f51859c0 JavaThread "Thread-9"                   daemon [_thread_in_native, id=49772, stack(0x0000002bdde00000,0x0000002bddf00000) (1024K)]
  0x000001a0f51866e0 JavaThread "Thread-10"                  daemon [_thread_in_native, id=47920, stack(0x0000002bddf00000,0x0000002bde000000) (1024K)]
  0x000001a0f5186d70 JavaThread "pool-2-thread-1"                   [_thread_blocked, id=42920, stack(0x0000002bde000000,0x0000002bde100000) (1024K)]
  0x000001a0f5184610 JavaThread "WorkspaceEventsHandler"            [_thread_blocked, id=33152, stack(0x0000002bde100000,0x0000002bde200000) (1024K)]
  0x000001a0f7066dd0 JavaThread "pool-1-thread-1"                   [_thread_blocked, id=32656, stack(0x0000002bde200000,0x0000002bde300000) (1024K)]
  0x000001a0f7065390 JavaThread "LocalFile Deleter"          daemon [_thread_blocked, id=57552, stack(0x0000002bde700000,0x0000002bde800000) (1024K)]
  0x000001a0f706a8e0 JavaThread "Compiler Source File Reader" daemon [_thread_blocked, id=56212, stack(0x0000002bdec00000,0x0000002bded00000) (1024K)]
  0x000001a0f7069bc0 JavaThread "Compiler Source File Reader" daemon [_thread_blocked, id=58784, stack(0x0000002bded00000,0x0000002bdee00000) (1024K)]
  0x000001a0f706a250 JavaThread "Compiler Source File Reader" daemon [_thread_blocked, id=61116, stack(0x0000002bdee00000,0x0000002bdef00000) (1024K)]
  0x000001a0f7069530 JavaThread "Compiler Source File Reader" daemon [_thread_blocked, id=61568, stack(0x0000002bdef00000,0x0000002bdf000000) (1024K)]
  0x000001a0f706af70 JavaThread "Compiler Source File Reader" daemon [_thread_blocked, id=56908, stack(0x0000002bdf000000,0x0000002bdf100000) (1024K)]
  0x000001a0f706b600 JavaThread "Compiler Source File Reader" daemon [_thread_blocked, id=65864, stack(0x0000002bdf100000,0x0000002bdf200000) (1024K)]
  0x000001a0f85f2280 JavaThread "ForkJoinPool.commonPool-worker-1" daemon [_thread_blocked, id=40972, stack(0x0000002bdf800000,0x0000002bdf900000) (1024K)]
  0x000001a0f85f3cc0 JavaThread "ForkJoinPool.commonPool-worker-4" daemon [_thread_blocked, id=51464, stack(0x0000002bdfb00000,0x0000002bdfc00000) (1024K)]
  0x000001a0f85f2fa0 JavaThread "ForkJoinPool.commonPool-worker-5" daemon [_thread_blocked, id=54840, stack(0x0000002bdfc00000,0x0000002bdfd00000) (1024K)]
  0x000001a0f85f1bf0 JavaThread "ForkJoinPool.commonPool-worker-6" daemon [_thread_blocked, id=53196, stack(0x0000002bdff00000,0x0000002be0000000) (1024K)]
  0x000001a0f85f7e60 JavaThread "ForkJoinPool.commonPool-worker-7" daemon [_thread_in_native, id=62204, stack(0x0000002be0000000,0x0000002be0100000) (1024K)]
  0x000001a0f85f1560 JavaThread "Cleaner-0"                  daemon [_thread_blocked, id=54128, stack(0x0000002bdfe00000,0x0000002bdff00000) (1024K)]
  0x000001a0f85f6ab0 JavaThread "Java Debug Server"          daemon [_thread_in_native, id=29400, stack(0x0000002bdbd00000,0x0000002bdbe00000) (1024K)]
  0x000001a0f85f77d0 JavaThread "RxSchedulerPurge-1"         daemon [_thread_blocked, id=63136, stack(0x0000002be0100000,0x0000002be0200000) (1024K)]
  0x000001a0f85f5700 JavaThread "RxCachedWorkerPoolEvictor-1" daemon [_thread_blocked, id=42532, stack(0x0000002be0200000,0x0000002be0300000) (1024K)]
  0x000001a0f5180b00 JavaThread "Worker-7"                          [_thread_blocked, id=46064, stack(0x0000002bdd300000,0x0000002bdd400000) (1024K)]
  0x000001a0f721de10 JavaThread "Worker-8"                          [_thread_blocked, id=33240, stack(0x0000002bdd000000,0x0000002bdd100000) (1024K)]
  0x000001a0f721b6b0 JavaThread "ForkJoinPool.commonPool-worker-8" daemon [_thread_blocked, id=66940, stack(0x0000002bdce00000,0x0000002bdcf00000) (1024K)]
  0x000001a0f721bd40 JavaThread "ForkJoinPool.commonPool-worker-9" daemon [_thread_blocked, id=64624, stack(0x0000002bdd200000,0x0000002bdd300000) (1024K)]
  0x000001a0f721ca60 JavaThread "Worker-9"                          [_thread_blocked, id=40788, stack(0x0000002bdbe00000,0x0000002bdbf00000) (1024K)]
  0x000001a0f70660b0 JavaThread "Compiler Processing Task"   daemon [_thread_blocked, id=54520, stack(0x0000002bdcf00000,0x0000002bdd000000) (1024K)]
  0x000001a0f65eb6a0 JavaThread "Worker-10"                         [_thread_blocked, id=61308, stack(0x0000002bdd600000,0x0000002bdd700000) (1024K)]
  0x000001a0f8257150 JavaThread "C2 CompilerThread1"         daemon [_thread_in_native, id=53608, stack(0x0000002bdd400000,0x0000002bdd500000) (1024K)]
Total: 56

Other Threads:
  0x000001a0977d3c10 VMThread "VM Thread"                           [id=28712, stack(0x0000002bdb200000,0x0000002bdb300000) (1024K)]
  0x000001a0977c2540 WatcherThread "VM Periodic Task Thread"        [id=54216, stack(0x0000002bdb100000,0x0000002bdb200000) (1024K)]
  0x000001a09776f910 WorkerThread "GC Thread#0"                     [id=64208, stack(0x0000002bdb000000,0x0000002bdb100000) (1024K)]
  0x000001a0f578c6b0 WorkerThread "GC Thread#1"                     [id=30188, stack(0x0000002bdbf00000,0x0000002bdc000000) (1024K)]
  0x000001a0f546bd30 WorkerThread "GC Thread#2"                     [id=66360, stack(0x0000002bdc000000,0x0000002bdc100000) (1024K)]
  0x000001a0f546c0d0 WorkerThread "GC Thread#3"                     [id=54624, stack(0x0000002bdc100000,0x0000002bdc200000) (1024K)]
  0x000001a0f546c470 WorkerThread "GC Thread#4"                     [id=17112, stack(0x0000002bdc200000,0x0000002bdc300000) (1024K)]
  0x000001a0f55f81a0 WorkerThread "GC Thread#5"                     [id=50820, stack(0x0000002bdc300000,0x0000002bdc400000) (1024K)]
  0x000001a0f55f8d50 WorkerThread "GC Thread#6"                     [id=41176, stack(0x0000002bdc400000,0x0000002bdc500000) (1024K)]
  0x000001a0f5876bc0 WorkerThread "GC Thread#7"                     [id=40300, stack(0x0000002bdc700000,0x0000002bdc800000) (1024K)]
Total: 10

Threads with active compile tasks:
C2 CompilerThread0  502436 18905       4       org.eclipse.jdt.internal.core.JavaProject::filterLimitedModules (179 bytes)
C2 CompilerThread1  502436 18909       4       org.eclipse.jdt.internal.compiler.lookup.SplitPackageBinding::combineAll (202 bytes)
Total: 2

VM state: not at safepoint (normal execution)

VM Mutex/Monitor currently owned by a thread: None

Heap address: 0x0000000080000000, size: 2048 MB, Compressed Oops mode: 32-bit

CDS archive(s) mapped at: [0x000001a0ae000000-0x000001a0aeba0000-0x000001a0aeba0000), size 12189696, SharedBaseAddress: 0x000001a0ae000000, ArchiveRelocationMode: 1.
Compressed class space mapped at: 0x000001a0af000000-0x000001a0ef000000, reserved size: 1073741824
Narrow klass base: 0x000001a0ae000000, Narrow klass shift: 0, Narrow klass range: 0x100000000

GC Precious Log:
 CardTable entry size: 512
 CPUs: 8 total, 8 available
 Memory: 7971M
 Large Page Support: Disabled
 NUMA Support: Disabled
 Compressed Oops: Enabled (32-bit)
 Alignments: Space 512K, Generation 512K, Heap 2M
 Heap Min Capacity: 100M
 Heap Initial Capacity: 100M
 Heap Max Capacity: 2G
 Pre-touch: Disabled
 Parallel Workers: 8

Heap:
 PSYoungGen      total 8192K, used 4907K [0x00000000d5580000, 0x00000000d6480000, 0x0000000100000000)
  eden space 6144K, 49% used [0x00000000d5580000,0x00000000d5876320,0x00000000d5b80000)
  from space 2048K, 91% used [0x00000000d6280000,0x00000000d6454a48,0x00000000d6480000)
  to   space 3584K, 0% used [0x00000000d5d80000,0x00000000d5d80000,0x00000000d6100000)
 ParOldGen       total 836608K, used 836594K [0x0000000080000000, 0x00000000b3100000, 0x00000000d5580000)
  object space 836608K, 99% used [0x0000000080000000,0x00000000b30fc9a8,0x00000000b3100000)
 Metaspace       used 83675K, committed 85440K, reserved 1179648K
  class space    used 8454K, committed 9216K, reserved 1048576K

Card table byte_map: [0x000001a0970c0000,0x000001a0974d0000] _byte_map_base: 0x000001a096cc0000

Marking Bits: (ParMarkBitMap*) 0x00007ffca2a131f0
 Begin Bits: [0x000001a0a9bc0000, 0x000001a0abbc0000)
 End Bits:   [0x000001a0abbc0000, 0x000001a0adbc0000)

Polling page: 0x000001a095560000

Metaspace:

Usage:
  Non-class:     73.46 MB used.
      Class:      8.26 MB used.
       Both:     81.71 MB used.

Virtual space:
  Non-class space:      128.00 MB reserved,      74.44 MB ( 58%) committed,  2 nodes.
      Class space:        1.00 GB reserved,       9.00 MB ( <1%) committed,  1 nodes.
             Both:        1.12 GB reserved,      83.44 MB (  7%) committed. 

Chunk freelists:
   Non-Class:  5.56 MB
       Class:  7.00 MB
        Both:  12.56 MB

MaxMetaspaceSize: unlimited
CompressedClassSpaceSize: 1.00 GB
Initial GC threshold: 21.00 MB
Current GC threshold: 134.38 MB
CDS: on
 - commit_granule_bytes: 65536.
 - commit_granule_words: 8192.
 - virtual_space_node_default_size: 8388608.
 - enlarge_chunks_in_place: 1.
 - use_allocation_guard: 0.


Internal statistics:

num_allocs_failed_limit: 9.
num_arena_births: 1656.
num_arena_deaths: 14.
num_vsnodes_births: 3.
num_vsnodes_deaths: 0.
num_space_committed: 1335.
num_space_uncommitted: 0.
num_chunks_returned_to_freelist: 23.
num_chunks_taken_from_freelist: 5796.
num_chunk_merges: 10.
num_chunk_splits: 3530.
num_chunks_enlarged: 1954.
num_inconsistent_stats: 0.

CodeHeap 'non-profiled nmethods': size=120000Kb used=18283Kb max_used=18283Kb free=101717Kb
 bounds [0x000001a0a23e0000, 0x000001a0a35c0000, 0x000001a0a9910000]
CodeHeap 'profiled nmethods': size=120000Kb used=40728Kb max_used=40728Kb free=79271Kb
 bounds [0x000001a09a910000, 0x000001a09d0e0000, 0x000001a0a1e40000]
CodeHeap 'non-nmethods': size=5760Kb used=1510Kb max_used=1568Kb free=4249Kb
 bounds [0x000001a0a1e40000, 0x000001a0a20b0000, 0x000001a0a23e0000]
 total_blobs=17510 nmethods=16686 adapters=724
 compilation: enabled
              stopped_count=0, restarted_count=0
 full_count=0

Compilation events (20 events):
Event: 501.730 Thread 0x000001a0f0a02c60 18902       4       org.eclipse.jdt.internal.compiler.lookup.ModuleBinding::<init> (82 bytes)
Event: 501.763 Thread 0x000001a0f0a02c60 nmethod 18902 0x000001a0a35b6e90 code [0x000001a0a35b70e0, 0x000001a0a35b8170]
Event: 501.763 Thread 0x000001a0f0a02c60 18903       4       org.eclipse.jdt.internal.compiler.lookup.ModuleBinding::storeAnnotations (97 bytes)
Event: 501.766 Thread 0x000001a0f0a02c60 nmethod 18903 0x000001a0a35b8910 code [0x000001a0a35b8ae0, 0x000001a0a35b8d78]
Event: 501.766 Thread 0x000001a0f0a02c60 18904       4       org.eclipse.jdt.internal.compiler.lookup.LookupEnvironment::<init> (211 bytes)
Event: 501.776 Thread 0x000001a0f0a02c60 nmethod 18904 0x000001a0a35b9010 code [0x000001a0a35b9220, 0x000001a0a35b9d88]
Event: 502.309 Thread 0x000001a0f0a02c60 18905       4       org.eclipse.jdt.internal.core.JavaProject::filterLimitedModules (179 bytes)
Event: 502.310 Thread 0x000001a0f0a7ca70 18906   !   3       org.eclipse.jdt.internal.core.builder.ClasspathLocation::forJrtSystem (121 bytes)
Event: 502.311 Thread 0x000001a0f0a7ca70 nmethod 18906 0x000001a09d0cf990 code [0x000001a09d0cfd00, 0x000001a09d0d1238]
Event: 502.311 Thread 0x000001a0f0a7ca70 18907       3       org.eclipse.jdt.internal.compiler.util.JRTUtil::getJdkRelease (19 bytes)
Event: 502.311 Thread 0x000001a0f0a7ca70 nmethod 18907 0x000001a09d0d1a90 code [0x000001a09d0d1c60, 0x000001a09d0d1ee8]
Event: 502.311 Thread 0x000001a0f0a7ca70 18908       3       org.eclipse.jdt.internal.compiler.util.JrtFileSystem::getJdkRelease (8 bytes)
Event: 502.311 Thread 0x000001a0f0a7ca70 nmethod 18908 0x000001a09d0d2010 code [0x000001a09d0d21a0, 0x000001a09d0d22b8]
Event: 502.343 Thread 0x000001a0f0a7ca70 18910       3       org.eclipse.jdt.internal.compiler.env.IModuleAwareNameEnvironment$LookupStrategy::get (37 bytes)
Event: 502.343 Thread 0x000001a0f0a7ca70 nmethod 18910 0x000001a09d0d2390 code [0x000001a09d0d2560, 0x000001a09d0d27a0]
Event: 502.365 Thread 0x000001a0f0a7ca70 18914       1       com.google.common.cache.LocalCache$AccessQueue$1::setNextInAccessQueue (6 bytes)
Event: 502.365 Thread 0x000001a0f0a7ca70 nmethod 18914 0x000001a0a35ba310 code [0x000001a0a35ba4a0, 0x000001a0a35ba580]
Event: 502.365 Thread 0x000001a0f0a7ca70 18915       1       com.google.common.cache.LocalCache$AccessQueue$1::setPreviousInAccessQueue (6 bytes)
Event: 502.365 Thread 0x000001a0f0a7ca70 nmethod 18915 0x000001a0a35ba610 code [0x000001a0a35ba7a0, 0x000001a0a35ba880]
Event: 502.366 Thread 0x000001a0f8257150 18909       4       org.eclipse.jdt.internal.compiler.lookup.SplitPackageBinding::combineAll (202 bytes)

GC Heap History (20 events):
Event: 498.180 GC heap before
{Heap before GC invocations=1397 (full 6):
 PSYoungGen      total 7680K, used 7130K [0x00000000d5580000, 0x00000000d6100000, 0x0000000100000000)
  eden space 4096K, 92% used [0x00000000d5580000,0x00000000d592ea08,0x00000000d5980000)
  from space 3584K, 93% used [0x00000000d5d00000,0x00000000d6048000,0x00000000d6080000)
  to   space 3584K, 0% used [0x00000000d5980000,0x00000000d5980000,0x00000000d5d00000)
 ParOldGen       total 823296K, used 822135K [0x0000000080000000, 0x00000000b2400000, 0x00000000d5580000)
  object space 823296K, 99% used [0x0000000080000000,0x00000000b22ddff8,0x00000000b2400000)
 Metaspace       used 83417K, committed 85184K, reserved 1179648K
  class space    used 8431K, committed 9216K, reserved 1048576K
}
Event: 498.184 GC heap after
{Heap after GC invocations=1397 (full 6):
 PSYoungGen      total 7680K, used 3024K [0x00000000d5580000, 0x00000000d6180000, 0x0000000100000000)
  eden space 4096K, 0% used [0x00000000d5580000,0x00000000d5580000,0x00000000d5980000)
  from space 3584K, 84% used [0x00000000d5980000,0x00000000d5c74010,0x00000000d5d00000)
  to   space 3584K, 0% used [0x00000000d5e00000,0x00000000d5e00000,0x00000000d6180000)
 ParOldGen       total 825856K, used 825407K [0x0000000080000000, 0x00000000b2680000, 0x00000000d5580000)
  object space 825856K, 99% used [0x0000000080000000,0x00000000b260fff8,0x00000000b2680000)
 Metaspace       used 83417K, committed 85184K, reserved 1179648K
  class space    used 8431K, committed 9216K, reserved 1048576K
}
Event: 498.703 GC heap before
{Heap before GC invocations=1398 (full 6):
 PSYoungGen      total 7680K, used 7119K [0x00000000d5580000, 0x00000000d6180000, 0x0000000100000000)
  eden space 4096K, 99% used [0x00000000d5580000,0x00000000d597ffe0,0x00000000d5980000)
  from space 3584K, 84% used [0x00000000d5980000,0x00000000d5c74010,0x00000000d5d00000)
  to   space 3584K, 0% used [0x00000000d5e00000,0x00000000d5e00000,0x00000000d6180000)
 ParOldGen       total 825856K, used 825407K [0x0000000080000000, 0x00000000b2680000, 0x00000000d5580000)
  object space 825856K, 99% used [0x0000000080000000,0x00000000b260fff8,0x00000000b2680000)
 Metaspace       used 83426K, committed 85184K, reserved 1179648K
  class space    used 8431K, committed 9216K, reserved 1048576K
}
Event: 498.706 GC heap after
{Heap after GC invocations=1398 (full 6):
 PSYoungGen      total 6656K, used 1396K [0x00000000d5580000, 0x00000000d5f80000, 0x0000000100000000)
  eden space 5120K, 0% used [0x00000000d5580000,0x00000000d5580000,0x00000000d5a80000)
  from space 1536K, 90% used [0x00000000d5e00000,0x00000000d5f5d210,0x00000000d5f80000)
  to   space 2048K, 0% used [0x00000000d5b80000,0x00000000d5b80000,0x00000000d5d80000)
 ParOldGen       total 828416K, used 827935K [0x0000000080000000, 0x00000000b2900000, 0x00000000d5580000)
  object space 828416K, 99% used [0x0000000080000000,0x00000000b2887ff8,0x00000000b2900000)
 Metaspace       used 83426K, committed 85184K, reserved 1179648K
  class space    used 8431K, committed 9216K, reserved 1048576K
}
Event: 498.717 GC heap before
{Heap before GC invocations=1399 (full 6):
 PSYoungGen      total 6656K, used 6516K [0x00000000d5580000, 0x00000000d5f80000, 0x0000000100000000)
  eden space 5120K, 100% used [0x00000000d5580000,0x00000000d5a80000,0x00000000d5a80000)
  from space 1536K, 90% used [0x00000000d5e00000,0x00000000d5f5d210,0x00000000d5f80000)
  to   space 2048K, 0% used [0x00000000d5b80000,0x00000000d5b80000,0x00000000d5d80000)
 ParOldGen       total 828416K, used 827935K [0x0000000080000000, 0x00000000b2900000, 0x00000000d5580000)
  object space 828416K, 99% used [0x0000000080000000,0x00000000b2887ff8,0x00000000b2900000)
 Metaspace       used 83430K, committed 85184K, reserved 1179648K
  class space    used 8431K, committed 9216K, reserved 1048576K
}
Event: 498.720 GC heap after
{Heap after GC invocations=1399 (full 6):
 PSYoungGen      total 8192K, used 490K [0x00000000d5580000, 0x00000000d5e80000, 0x0000000100000000)
  eden space 6144K, 0% used [0x00000000d5580000,0x00000000d5580000,0x00000000d5b80000)
  from space 2048K, 23% used [0x00000000d5b80000,0x00000000d5bfa910,0x00000000d5d80000)
  to   space 1024K, 0% used [0x00000000d5d80000,0x00000000d5d80000,0x00000000d5e80000)
 ParOldGen       total 828928K, used 828911K [0x0000000080000000, 0x00000000b2980000, 0x00000000d5580000)
  object space 828928K, 99% used [0x0000000080000000,0x00000000b297bff8,0x00000000b2980000)
 Metaspace       used 83430K, committed 85184K, reserved 1179648K
  class space    used 8431K, committed 9216K, reserved 1048576K
}
Event: 499.008 GC heap before
{Heap before GC invocations=1400 (full 6):
 PSYoungGen      total 8192K, used 6634K [0x00000000d5580000, 0x00000000d5e80000, 0x0000000100000000)
  eden space 6144K, 100% used [0x00000000d5580000,0x00000000d5b80000,0x00000000d5b80000)
  from space 2048K, 23% used [0x00000000d5b80000,0x00000000d5bfa910,0x00000000d5d80000)
  to   space 1024K, 0% used [0x00000000d5d80000,0x00000000d5d80000,0x00000000d5e80000)
 ParOldGen       total 828928K, used 828911K [0x0000000080000000, 0x00000000b2980000, 0x00000000d5580000)
  object space 828928K, 99% used [0x0000000080000000,0x00000000b297bff8,0x00000000b2980000)
 Metaspace       used 83433K, committed 85184K, reserved 1179648K
  class space    used 8431K, committed 9216K, reserved 1048576K
}
Event: 499.009 GC heap after
{Heap after GC invocations=1400 (full 6):
 PSYoungGen      total 7168K, used 538K [0x00000000d5580000, 0x00000000d5e80000, 0x0000000100000000)
  eden space 6144K, 0% used [0x00000000d5580000,0x00000000d5580000,0x00000000d5b80000)
  from space 1024K, 52% used [0x00000000d5d80000,0x00000000d5e06900,0x00000000d5e80000)
  to   space 1024K, 0% used [0x00000000d5c80000,0x00000000d5c80000,0x00000000d5d80000)
 ParOldGen       total 829440K, used 828935K [0x0000000080000000, 0x00000000b2a00000, 0x00000000d5580000)
  object space 829440K, 99% used [0x0000000080000000,0x00000000b2981ff8,0x00000000b2a00000)
 Metaspace       used 83433K, committed 85184K, reserved 1179648K
  class space    used 8431K, committed 9216K, reserved 1048576K
}
Event: 500.782 GC heap before
{Heap before GC invocations=1401 (full 6):
 PSYoungGen      total 7168K, used 6682K [0x00000000d5580000, 0x00000000d5e80000, 0x0000000100000000)
  eden space 6144K, 100% used [0x00000000d5580000,0x00000000d5b80000,0x00000000d5b80000)
  from space 1024K, 52% used [0x00000000d5d80000,0x00000000d5e06900,0x00000000d5e80000)
  to   space 1024K, 0% used [0x00000000d5c80000,0x00000000d5c80000,0x00000000d5d80000)
 ParOldGen       total 829440K, used 828935K [0x0000000080000000, 0x00000000b2a00000, 0x00000000d5580000)
  object space 829440K, 99% used [0x0000000080000000,0x00000000b2981ff8,0x00000000b2a00000)
 Metaspace       used 83438K, committed 85184K, reserved 1179648K
  class space    used 8431K, committed 9216K, reserved 1048576K
}
Event: 500.784 GC heap after
{Heap after GC invocations=1401 (full 6):
 PSYoungGen      total 7168K, used 570K [0x00000000d5580000, 0x00000000d5e00000, 0x0000000100000000)
  eden space 6144K, 0% used [0x00000000d5580000,0x00000000d5580000,0x00000000d5b80000)
  from space 1024K, 55% used [0x00000000d5c80000,0x00000000d5d0e900,0x00000000d5d80000)
  to   space 512K, 0% used [0x00000000d5d80000,0x00000000d5d80000,0x00000000d5e00000)
 ParOldGen       total 829440K, used 828983K [0x0000000080000000, 0x00000000b2a00000, 0x00000000d5580000)
  object space 829440K, 99% used [0x0000000080000000,0x00000000b298dff8,0x00000000b2a00000)
 Metaspace       used 83438K, committed 85184K, reserved 1179648K
  class space    used 8431K, committed 9216K, reserved 1048576K
}
Event: 501.717 GC heap before
{Heap before GC invocations=1402 (full 6):
 PSYoungGen      total 7168K, used 6714K [0x00000000d5580000, 0x00000000d5e00000, 0x0000000100000000)
  eden space 6144K, 100% used [0x00000000d5580000,0x00000000d5b80000,0x00000000d5b80000)
  from space 1024K, 55% used [0x00000000d5c80000,0x00000000d5d0e900,0x00000000d5d80000)
  to   space 512K, 0% used [0x00000000d5d80000,0x00000000d5d80000,0x00000000d5e00000)
 ParOldGen       total 829440K, used 828983K [0x0000000080000000, 0x00000000b2a00000, 0x00000000d5580000)
  object space 829440K, 99% used [0x0000000080000000,0x00000000b298dff8,0x00000000b2a00000)
 Metaspace       used 83446K, committed 85184K, reserved 1179648K
  class space    used 8431K, committed 9216K, reserved 1048576K
}
Event: 501.720 GC heap after
{Heap after GC invocations=1402 (full 6):
 PSYoungGen      total 6656K, used 481K [0x00000000d5580000, 0x00000000d5f80000, 0x0000000100000000)
  eden space 6144K, 0% used [0x00000000d5580000,0x00000000d5580000,0x00000000d5b80000)
  from space 512K, 94% used [0x00000000d5d80000,0x00000000d5df86c8,0x00000000d5e00000)
  to   space 2048K, 0% used [0x00000000d5b80000,0x00000000d5b80000,0x00000000d5d80000)
 ParOldGen       total 830464K, used 830303K [0x0000000080000000, 0x00000000b2b00000, 0x00000000d5580000)
  object space 830464K, 99% used [0x0000000080000000,0x00000000b2ad7dc0,0x00000000b2b00000)
 Metaspace       used 83446K, committed 85184K, reserved 1179648K
  class space    used 8431K, committed 9216K, reserved 1048576K
}
Event: 501.744 GC heap before
{Heap before GC invocations=1403 (full 6):
 PSYoungGen      total 6656K, used 6625K [0x00000000d5580000, 0x00000000d5f80000, 0x0000000100000000)
  eden space 6144K, 100% used [0x00000000d5580000,0x00000000d5b80000,0x00000000d5b80000)
  from space 512K, 94% used [0x00000000d5d80000,0x00000000d5df86c8,0x00000000d5e00000)
  to   space 2048K, 0% used [0x00000000d5b80000,0x00000000d5b80000,0x00000000d5d80000)
 ParOldGen       total 830464K, used 830303K [0x0000000080000000, 0x00000000b2b00000, 0x00000000d5580000)
  object space 830464K, 99% used [0x0000000080000000,0x00000000b2ad7dc0,0x00000000b2b00000)
 Metaspace       used 83446K, committed 85184K, reserved 1179648K
  class space    used 8431K, committed 9216K, reserved 1048576K
}
Event: 501.749 GC heap after
{Heap after GC invocations=1403 (full 6):
 PSYoungGen      total 8192K, used 2030K [0x00000000d5580000, 0x00000000d6480000, 0x0000000100000000)
  eden space 6144K, 0% used [0x00000000d5580000,0x00000000d5580000,0x00000000d5b80000)
  from space 2048K, 99% used [0x00000000d5b80000,0x00000000d5d7bb90,0x00000000d5d80000)
  to   space 4608K, 0% used [0x00000000d6000000,0x00000000d6000000,0x00000000d6480000)
 ParOldGen       total 832512K, used 832163K [0x0000000080000000, 0x00000000b2d00000, 0x00000000d5580000)
  object space 832512K, 99% used [0x0000000080000000,0x00000000b2ca8fc0,0x00000000b2d00000)
 Metaspace       used 83446K, committed 85184K, reserved 1179648K
  class space    used 8431K, committed 9216K, reserved 1048576K
}
Event: 502.313 GC heap before
{Heap before GC invocations=1404 (full 6):
 PSYoungGen      total 8192K, used 7971K [0x00000000d5580000, 0x00000000d6480000, 0x0000000100000000)
  eden space 6144K, 96% used [0x00000000d5580000,0x00000000d5b4d168,0x00000000d5b80000)
  from space 2048K, 99% used [0x00000000d5b80000,0x00000000d5d7bb90,0x00000000d5d80000)
  to   space 4608K, 0% used [0x00000000d6000000,0x00000000d6000000,0x00000000d6480000)
 ParOldGen       total 832512K, used 832163K [0x0000000080000000, 0x00000000b2d00000, 0x00000000d5580000)
  object space 832512K, 99% used [0x0000000080000000,0x00000000b2ca8fc0,0x00000000b2d00000)
 Metaspace       used 83449K, committed 85184K, reserved 1179648K
  class space    used 8431K, committed 9216K, reserved 1048576K
}
Event: 502.315 GC heap after
{Heap after GC invocations=1404 (full 6):
 PSYoungGen      total 7680K, used 1181K [0x00000000d5580000, 0x00000000d6180000, 0x0000000100000000)
  eden space 6144K, 0% used [0x00000000d5580000,0x00000000d5580000,0x00000000d5b80000)
  from space 1536K, 76% used [0x00000000d6000000,0x00000000d61277d0,0x00000000d6180000)
  to   space 2560K, 0% used [0x00000000d5c80000,0x00000000d5c80000,0x00000000d5f00000)
 ParOldGen       total 833024K, used 832779K [0x0000000080000000, 0x00000000b2d80000, 0x00000000d5580000)
  object space 833024K, 99% used [0x0000000080000000,0x00000000b2d42fc0,0x00000000b2d80000)
 Metaspace       used 83449K, committed 85184K, reserved 1179648K
  class space    used 8431K, committed 9216K, reserved 1048576K
}
Event: 502.333 GC heap before
{Heap before GC invocations=1405 (full 6):
 PSYoungGen      total 7680K, used 7325K [0x00000000d5580000, 0x00000000d6180000, 0x0000000100000000)
  eden space 6144K, 100% used [0x00000000d5580000,0x00000000d5b80000,0x00000000d5b80000)
  from space 1536K, 76% used [0x00000000d6000000,0x00000000d61277d0,0x00000000d6180000)
  to   space 2560K, 0% used [0x00000000d5c80000,0x00000000d5c80000,0x00000000d5f00000)
 ParOldGen       total 833024K, used 832779K [0x0000000080000000, 0x00000000b2d80000, 0x00000000d5580000)
  object space 833024K, 99% used [0x0000000080000000,0x00000000b2d42fc0,0x00000000b2d80000)
 Metaspace       used 83449K, committed 85184K, reserved 1179648K
  class space    used 8431K, committed 9216K, reserved 1048576K
}
Event: 502.337 GC heap after
{Heap after GC invocations=1405 (full 6):
 PSYoungGen      total 8704K, used 2545K [0x00000000d5580000, 0x00000000d6980000, 0x0000000100000000)
  eden space 6144K, 0% used [0x00000000d5580000,0x00000000d5580000,0x00000000d5b80000)
  from space 2560K, 99% used [0x00000000d5c80000,0x00000000d5efc5b8,0x00000000d5f00000)
  to   space 7168K, 0% used [0x00000000d6280000,0x00000000d6280000,0x00000000d6980000)
 ParOldGen       total 836608K, used 836498K [0x0000000080000000, 0x00000000b3100000, 0x00000000d5580000)
  object space 836608K, 99% used [0x0000000080000000,0x00000000b30e49a8,0x00000000b3100000)
 Metaspace       used 83449K, committed 85184K, reserved 1179648K
  class space    used 8431K, committed 9216K, reserved 1048576K
}
Event: 502.352 GC heap before
{Heap before GC invocations=1406 (full 6):
 PSYoungGen      total 8704K, used 8689K [0x00000000d5580000, 0x00000000d6980000, 0x0000000100000000)
  eden space 6144K, 100% used [0x00000000d5580000,0x00000000d5b80000,0x00000000d5b80000)
  from space 2560K, 99% used [0x00000000d5c80000,0x00000000d5efc5b8,0x00000000d5f00000)
  to   space 7168K, 0% used [0x00000000d6280000,0x00000000d6280000,0x00000000d6980000)
 ParOldGen       total 836608K, used 836498K [0x0000000080000000, 0x00000000b3100000, 0x00000000d5580000)
  object space 836608K, 99% used [0x0000000080000000,0x00000000b30e49a8,0x00000000b3100000)
 Metaspace       used 83450K, committed 85184K, reserved 1179648K
  class space    used 8432K, committed 9216K, reserved 1048576K
}
Event: 502.354 GC heap after
{Heap after GC invocations=1406 (full 6):
 PSYoungGen      total 8192K, used 1874K [0x00000000d5580000, 0x00000000d6480000, 0x0000000100000000)
  eden space 6144K, 0% used [0x00000000d5580000,0x00000000d5580000,0x00000000d5b80000)
  from space 2048K, 91% used [0x00000000d6280000,0x00000000d6454a48,0x00000000d6480000)
  to   space 3584K, 0% used [0x00000000d5d80000,0x00000000d5d80000,0x00000000d6100000)
 ParOldGen       total 836608K, used 836594K [0x0000000080000000, 0x00000000b3100000, 0x00000000d5580000)
  object space 836608K, 99% used [0x0000000080000000,0x00000000b30fc9a8,0x00000000b3100000)
 Metaspace       used 83450K, committed 85184K, reserved 1179648K
  class space    used 8432K, committed 9216K, reserved 1048576K
}

Dll operation events (11 events):
Event: 0.036 Loaded shared library c:\Users\migue\.vscode\extensions\redhat.java-1.43.1-win32-x64\jre\21.0.7-win32-x86_64\bin\java.dll
Event: 0.306 Loaded shared library c:\Users\migue\.vscode\extensions\redhat.java-1.43.1-win32-x64\jre\21.0.7-win32-x86_64\bin\zip.dll
Event: 0.355 Loaded shared library C:\Users\migue\.vscode\extensions\redhat.java-1.43.1-win32-x64\jre\21.0.7-win32-x86_64\bin\instrument.dll
Event: 0.365 Loaded shared library C:\Users\migue\.vscode\extensions\redhat.java-1.43.1-win32-x64\jre\21.0.7-win32-x86_64\bin\net.dll
Event: 0.375 Loaded shared library C:\Users\migue\.vscode\extensions\redhat.java-1.43.1-win32-x64\jre\21.0.7-win32-x86_64\bin\nio.dll
Event: 0.390 Loaded shared library C:\Users\migue\.vscode\extensions\redhat.java-1.43.1-win32-x64\jre\21.0.7-win32-x86_64\bin\zip.dll
Event: 0.419 Loaded shared library C:\Users\migue\.vscode\extensions\redhat.java-1.43.1-win32-x64\jre\21.0.7-win32-x86_64\bin\jimage.dll
Event: 0.600 Loaded shared library c:\Users\migue\.vscode\extensions\redhat.java-1.43.1-win32-x64\jre\21.0.7-win32-x86_64\bin\verify.dll
Event: 2.701 Loaded shared library C:\Users\migue\AppData\Roaming\Code\User\globalStorage\redhat.java\1.43.1\config_win\org.eclipse.equinox.launcher\org.eclipse.equinox.launcher.win32.win32.x86_64_1.2.1300.v20250331-1702\eclipse_11911.dll
Event: 5.963 Loaded shared library C:\Users\migue\AppData\Local\Temp\jna-103894555\jna8800917174271064395.dll
Event: 88.292 Loaded shared library C:\Users\migue\.vscode\extensions\redhat.java-1.43.1-win32-x64\jre\21.0.7-win32-x86_64\bin\extnet.dll

Deoptimization events (20 events):
Event: 502.341 Thread 0x000001a0f85f7e60 Uncommon trap: trap_request=0xffffffde fr.pc=0x000001a0a30a46b4 relative=0x00000000000002b4
Event: 502.341 Thread 0x000001a0f85f7e60 Uncommon trap: reason=class_check action=maybe_recompile pc=0x000001a0a30a46b4 method=org.eclipse.jdt.internal.compiler.lookup.PackageBinding.hasCompilationUnit(Z)Z @ 89 c2
Event: 502.341 Thread 0x000001a0f85f7e60 DEOPT PACKING pc=0x000001a0a30a46b4 sp=0x0000002be00fccb0
Event: 502.341 Thread 0x000001a0f85f7e60 DEOPT UNPACKING pc=0x000001a0a1e96da2 sp=0x0000002be00fcc20 mode 2
Event: 502.341 Thread 0x000001a0f85f7e60 Uncommon trap: trap_request=0xffffff45 fr.pc=0x000001a0a2f251b8 relative=0x0000000000000098
Event: 502.341 Thread 0x000001a0f85f7e60 Uncommon trap: reason=unstable_if action=reinterpret pc=0x000001a0a2f251b8 method=org.eclipse.jdt.internal.compiler.env.IModuleAwareNameEnvironment$LookupStrategy.get([C)Lorg/eclipse/jdt/internal/compiler/env/IModuleAwareNameEnvironment$LookupStrategy; @ 
Event: 502.341 Thread 0x000001a0f85f7e60 DEOPT PACKING pc=0x000001a0a2f251b8 sp=0x0000002be00fcb90
Event: 502.341 Thread 0x000001a0f85f7e60 DEOPT UNPACKING pc=0x000001a0a1e96da2 sp=0x0000002be00fcb28 mode 2
Event: 502.341 Thread 0x000001a0f85f7e60 Uncommon trap: trap_request=0xffffffc6 fr.pc=0x000001a0a306a840 relative=0x00000000000000a0
Event: 502.341 Thread 0x000001a0f85f7e60 Uncommon trap: reason=bimorphic_or_optimized_type_check action=maybe_recompile pc=0x000001a0a306a840 method=org.eclipse.jdt.internal.compiler.env.IModuleAwareNameEnvironment$LookupStrategy.matches(Ljava/lang/Object;Ljava/util/function/Predicate;)Z @ 8 c2
Event: 502.341 Thread 0x000001a0f85f7e60 DEOPT PACKING pc=0x000001a0a306a840 sp=0x0000002be00fcb80
Event: 502.341 Thread 0x000001a0f85f7e60 DEOPT UNPACKING pc=0x000001a0a1e96da2 sp=0x0000002be00fcb08 mode 2
Event: 502.366 Thread 0x000001a0f85f7e60 Uncommon trap: trap_request=0xffffff45 fr.pc=0x000001a0a3338db4 relative=0x0000000000002394
Event: 502.366 Thread 0x000001a0f85f7e60 Uncommon trap: reason=unstable_if action=reinterpret pc=0x000001a0a3338db4 method=sun.nio.fs.WindowsPathParser.isLetter(C)Z @ 21 c2
Event: 502.366 Thread 0x000001a0f85f7e60 DEOPT PACKING pc=0x000001a0a3338db4 sp=0x0000002be00fe510
Event: 502.366 Thread 0x000001a0f85f7e60 DEOPT UNPACKING pc=0x000001a0a1e96da2 sp=0x0000002be00fe478 mode 2
Event: 502.366 Thread 0x000001a0f85f7e60 Uncommon trap: trap_request=0xffffff45 fr.pc=0x000001a0a344c978 relative=0x0000000000000a18
Event: 502.366 Thread 0x000001a0f85f7e60 Uncommon trap: reason=unstable_if action=reinterpret pc=0x000001a0a344c978 method=sun.nio.fs.WindowsPath.getPathForWin32Calls(Z)Ljava/lang/String; @ 8 c2
Event: 502.366 Thread 0x000001a0f85f7e60 DEOPT PACKING pc=0x000001a0a344c978 sp=0x0000002be00fe5a0
Event: 502.366 Thread 0x000001a0f85f7e60 DEOPT UNPACKING pc=0x000001a0a1e96da2 sp=0x0000002be00fe488 mode 2

Classes loaded (20 events):
Event: 418.416 Loading class jdk/internal/module/IllegalAccessLogger
Event: 418.416 Loading class jdk/internal/module/IllegalAccessLogger done
Event: 419.567 Loading class java/io/CharArrayReader
Event: 419.568 Loading class java/io/CharArrayReader done
Event: 419.568 Loading class java/util/regex/Pattern$Bound
Event: 419.569 Loading class java/util/regex/Pattern$Bound done
Event: 420.966 Loading class jdk/internal/module/IllegalAccessLogger
Event: 420.966 Loading class jdk/internal/module/IllegalAccessLogger done
Event: 422.734 Loading class jdk/internal/module/IllegalAccessLogger
Event: 422.734 Loading class jdk/internal/module/IllegalAccessLogger done
Event: 451.064 Loading class jdk/internal/module/IllegalAccessLogger
Event: 451.064 Loading class jdk/internal/module/IllegalAccessLogger done
Event: 453.375 Loading class jdk/internal/module/IllegalAccessLogger
Event: 453.375 Loading class jdk/internal/module/IllegalAccessLogger done
Event: 486.408 Loading class jdk/internal/module/IllegalAccessLogger
Event: 486.408 Loading class jdk/internal/module/IllegalAccessLogger done
Event: 498.076 Loading class jdk/internal/module/IllegalAccessLogger
Event: 498.076 Loading class jdk/internal/module/IllegalAccessLogger done
Event: 502.369 Loading class java/security/DigestInputStream
Event: 502.371 Loading class java/security/DigestInputStream done

Classes unloaded (7 events):
Event: 6.940 Thread 0x000001a0977d3c10 Unloading class 0x000001a0af1a3000 'java/lang/invoke/LambdaForm$MH+0x000001a0af1a3000'
Event: 6.940 Thread 0x000001a0977d3c10 Unloading class 0x000001a0af1a2c00 'java/lang/invoke/LambdaForm$MH+0x000001a0af1a2c00'
Event: 6.940 Thread 0x000001a0977d3c10 Unloading class 0x000001a0af1a2800 'java/lang/invoke/LambdaForm$MH+0x000001a0af1a2800'
Event: 6.940 Thread 0x000001a0977d3c10 Unloading class 0x000001a0af1a2400 'java/lang/invoke/LambdaForm$MH+0x000001a0af1a2400'
Event: 6.940 Thread 0x000001a0977d3c10 Unloading class 0x000001a0af1a2000 'java/lang/invoke/LambdaForm$BMH+0x000001a0af1a2000'
Event: 6.940 Thread 0x000001a0977d3c10 Unloading class 0x000001a0af1a1c00 'java/lang/invoke/LambdaForm$DMH+0x000001a0af1a1c00'
Event: 6.940 Thread 0x000001a0977d3c10 Unloading class 0x000001a0af1a0800 'java/lang/invoke/LambdaForm$DMH+0x000001a0af1a0800'

Classes redefined (0 events):
No events

Internal exceptions (20 events):
Event: 486.415 Thread 0x000001a0f721de10 Implicit null exception at 0x000001a0a3497bac to 0x000001a0a3497c29
Event: 486.575 Thread 0x000001a0f5181820 Exception <a 'sun/nio/fs/WindowsException'{0x00000000d5810fa8}> (0x00000000d5810fa8) 
thrown [s\src\hotspot\share\prims\jni.cpp, line 520]
Event: 489.606 Thread 0x000001a0f85f2fa0 Exception <a 'java/lang/ArrayIndexOutOfBoundsException'{0x00000000d5a3f940}> (0x00000000d5a3f940) 
thrown [s\src\hotspot\share\runtime\sharedRuntime.cpp, line 625]
Event: 489.606 Thread 0x000001a0f85f2fa0 Exception <a 'java/lang/ArrayIndexOutOfBoundsException'{0x00000000d5a3ff78}> (0x00000000d5a3ff78) 
thrown [s\src\hotspot\share\runtime\sharedRuntime.cpp, line 625]
Event: 489.606 Thread 0x000001a0f85f2fa0 Exception <a 'java/lang/ArrayIndexOutOfBoundsException'{0x00000000d5a40300}> (0x00000000d5a40300) 
thrown [s\src\hotspot\share\runtime\sharedRuntime.cpp, line 625]
Event: 491.880 Thread 0x000001a0f85f2fa0 Exception <a 'java/lang/ArrayIndexOutOfBoundsException'{0x00000000d5690240}> (0x00000000d5690240) 
thrown [s\src\hotspot\share\runtime\sharedRuntime.cpp, line 625]
Event: 491.941 Thread 0x000001a0f85f2fa0 Exception <a 'java/lang/ArrayIndexOutOfBoundsException'{0x00000000d56412c0}> (0x00000000d56412c0) 
thrown [s\src\hotspot\share\runtime\sharedRuntime.cpp, line 625]
Event: 491.960 Thread 0x000001a0f85f2fa0 Exception <a 'java/lang/ArrayIndexOutOfBoundsException'{0x00000000d58342a8}> (0x00000000d58342a8) 
thrown [s\src\hotspot\share\runtime\sharedRuntime.cpp, line 625]
Event: 491.981 Thread 0x000001a0f85f2fa0 Exception <a 'java/lang/ArrayIndexOutOfBoundsException'{0x00000000d5626b90}> (0x00000000d5626b90) 
thrown [s\src\hotspot\share\runtime\sharedRuntime.cpp, line 625]
Event: 492.280 Thread 0x000001a0f85f7e60 Exception <a 'java/lang/ArrayIndexOutOfBoundsException'{0x00000000d58afa88}> (0x00000000d58afa88) 
thrown [s\src\hotspot\share\runtime\sharedRuntime.cpp, line 625]
Event: 492.280 Thread 0x000001a0f85f7e60 Exception <a 'java/lang/ArrayIndexOutOfBoundsException'{0x00000000d58b00c0}> (0x00000000d58b00c0) 
thrown [s\src\hotspot\share\runtime\sharedRuntime.cpp, line 625]
Event: 492.280 Thread 0x000001a0f85f7e60 Exception <a 'java/lang/ArrayIndexOutOfBoundsException'{0x00000000d58b0448}> (0x00000000d58b0448) 
thrown [s\src\hotspot\share\runtime\sharedRuntime.cpp, line 625]
Event: 494.393 Thread 0x000001a0f85f7e60 Exception <a 'java/lang/ArrayIndexOutOfBoundsException'{0x00000000d59fc300}> (0x00000000d59fc300) 
thrown [s\src\hotspot\share\runtime\sharedRuntime.cpp, line 625]
Event: 494.393 Thread 0x000001a0f85f7e60 Exception <a 'java/lang/ArrayIndexOutOfBoundsException'{0x00000000d59fc938}> (0x00000000d59fc938) 
thrown [s\src\hotspot\share\runtime\sharedRuntime.cpp, line 625]
Event: 494.393 Thread 0x000001a0f85f7e60 Exception <a 'java/lang/ArrayIndexOutOfBoundsException'{0x00000000d59fccc0}> (0x00000000d59fccc0) 
thrown [s\src\hotspot\share\runtime\sharedRuntime.cpp, line 625]
Event: 496.361 Thread 0x000001a0f85f7e60 Exception <a 'java/lang/ArrayIndexOutOfBoundsException'{0x00000000d59aced0}> (0x00000000d59aced0) 
thrown [s\src\hotspot\share\runtime\sharedRuntime.cpp, line 625]
Event: 496.361 Thread 0x000001a0f85f7e60 Exception <a 'java/lang/ArrayIndexOutOfBoundsException'{0x00000000d59ad508}> (0x00000000d59ad508) 
thrown [s\src\hotspot\share\runtime\sharedRuntime.cpp, line 625]
Event: 496.361 Thread 0x000001a0f85f7e60 Exception <a 'java/lang/ArrayIndexOutOfBoundsException'{0x00000000d59ad890}> (0x00000000d59ad890) 
thrown [s\src\hotspot\share\runtime\sharedRuntime.cpp, line 625]
Event: 497.914 Thread 0x000001a0f5181820 Exception <a 'sun/nio/fs/WindowsException'{0x00000000d5a58710}> (0x00000000d5a58710) 
thrown [s\src\hotspot\share\prims\jni.cpp, line 520]
Event: 498.231 Thread 0x000001a0f5181820 Exception <a 'sun/nio/fs/WindowsException'{0x00000000d581c998}> (0x00000000d581c998) 
thrown [s\src\hotspot\share\prims\jni.cpp, line 520]

ZGC Phase Switch (0 events):
No events

VM Operations (20 events):
Event: 498.703 Executing VM operation: ParallelGCFailedAllocation (Allocation Failure)
Event: 498.706 Executing VM operation: ParallelGCFailedAllocation (Allocation Failure) done
Event: 498.717 Executing VM operation: ParallelGCFailedAllocation (Allocation Failure)
Event: 498.720 Executing VM operation: ParallelGCFailedAllocation (Allocation Failure) done
Event: 499.008 Executing VM operation: ParallelGCFailedAllocation (Allocation Failure)
Event: 499.009 Executing VM operation: ParallelGCFailedAllocation (Allocation Failure) done
Event: 500.022 Executing VM operation: Cleanup
Event: 500.022 Executing VM operation: Cleanup done
Event: 500.782 Executing VM operation: ParallelGCFailedAllocation (Allocation Failure)
Event: 500.784 Executing VM operation: ParallelGCFailedAllocation (Allocation Failure) done
Event: 501.717 Executing VM operation: ParallelGCFailedAllocation (Allocation Failure)
Event: 501.720 Executing VM operation: ParallelGCFailedAllocation (Allocation Failure) done
Event: 501.744 Executing VM operation: ParallelGCFailedAllocation (Allocation Failure)
Event: 501.749 Executing VM operation: ParallelGCFailedAllocation (Allocation Failure) done
Event: 502.313 Executing VM operation: ParallelGCFailedAllocation (Allocation Failure)
Event: 502.315 Executing VM operation: ParallelGCFailedAllocation (Allocation Failure) done
Event: 502.333 Executing VM operation: ParallelGCFailedAllocation (Allocation Failure)
Event: 502.337 Executing VM operation: ParallelGCFailedAllocation (Allocation Failure) done
Event: 502.352 Executing VM operation: ParallelGCFailedAllocation (Allocation Failure)
Event: 502.354 Executing VM operation: ParallelGCFailedAllocation (Allocation Failure) done

Memory protections (0 events):
No events

Nmethod flushes (20 events):
Event: 414.042 Thread 0x000001a0977d3c10 flushing  nmethod 0x000001a09b8ba810
Event: 414.042 Thread 0x000001a0977d3c10 flushing  nmethod 0x000001a09b90e690
Event: 414.042 Thread 0x000001a0977d3c10 flushing  nmethod 0x000001a09b92de10
Event: 414.042 Thread 0x000001a0977d3c10 flushing  nmethod 0x000001a09b92ef10
Event: 414.042 Thread 0x000001a0977d3c10 flushing  nmethod 0x000001a09b936f90
Event: 414.042 Thread 0x000001a0977d3c10 flushing  nmethod 0x000001a09b956a90
Event: 414.042 Thread 0x000001a0977d3c10 flushing  nmethod 0x000001a09b97ea10
Event: 414.042 Thread 0x000001a0977d3c10 flushing  nmethod 0x000001a09b9cbe90
Event: 414.042 Thread 0x000001a0977d3c10 flushing  nmethod 0x000001a09b9d3e10
Event: 414.042 Thread 0x000001a0977d3c10 flushing  nmethod 0x000001a09ba3bd90
Event: 414.042 Thread 0x000001a0977d3c10 flushing  nmethod 0x000001a09ba4b190
Event: 414.042 Thread 0x000001a0977d3c10 flushing  nmethod 0x000001a09baef590
Event: 414.042 Thread 0x000001a0977d3c10 flushing  nmethod 0x000001a09bb15390
Event: 414.042 Thread 0x000001a0977d3c10 flushing  nmethod 0x000001a09bb87710
Event: 414.042 Thread 0x000001a0977d3c10 flushing  nmethod 0x000001a09bbeb110
Event: 414.042 Thread 0x000001a0977d3c10 flushing  nmethod 0x000001a09bd53710
Event: 414.042 Thread 0x000001a0977d3c10 flushing  nmethod 0x000001a09bd92690
Event: 414.042 Thread 0x000001a0977d3c10 flushing  nmethod 0x000001a09bd93110
Event: 414.042 Thread 0x000001a0977d3c10 flushing  nmethod 0x000001a09befdd10
Event: 414.042 Thread 0x000001a0977d3c10 flushing  nmethod 0x000001a09bf05d90

Events (20 events):
Event: 454.770 Thread 0x000001a0f8255610 Thread exited: 0x000001a0f8255610
Event: 454.959 Thread 0x000001a0f0a7ca70 Thread added: 0x000001a0f8257820
Event: 459.723 Thread 0x000001a0f8257820 Thread exited: 0x000001a0f8257820
Event: 486.076 Thread 0x000001a0f0a7ca70 Thread added: 0x000001a0f8256a80
Event: 486.344 Thread 0x000001a0f8256a80 Thread exited: 0x000001a0f8256a80
Event: 486.580 Thread 0x000001a0f0a7ca70 Thread added: 0x000001a0f8257ef0
Event: 487.094 Thread 0x000001a0f8257ef0 Thread exited: 0x000001a0f8257ef0
Event: 487.215 Thread 0x000001a0f0a7ca70 Thread added: 0x000001a0f8257820
Event: 487.459 Thread 0x000001a0f8257820 Thread exited: 0x000001a0f8257820
Event: 487.492 Thread 0x000001a0f0a7ca70 Thread added: 0x000001a0f8254870
Event: 489.431 Thread 0x000001a0f8254870 Thread exited: 0x000001a0f8254870
Event: 491.909 Thread 0x000001a0f0a7ca70 Thread added: 0x000001a0f82563b0
Event: 494.376 Thread 0x000001a0f82563b0 Thread exited: 0x000001a0f82563b0
Event: 494.458 Thread 0x000001a0f0a7ca70 Thread added: 0x000001a0f8254870
Event: 496.350 Thread 0x000001a0f8254870 Thread exited: 0x000001a0f8254870
Event: 497.151 Thread 0x000001a0f0a7ca70 Thread added: 0x000001a0f8254f40
Event: 497.624 Thread 0x000001a0f8254f40 Thread exited: 0x000001a0f8254f40
Event: 498.133 Thread 0x000001a0f0a7ca70 Thread added: 0x000001a0f82563b0
Event: 498.710 Thread 0x000001a0f82563b0 Thread exited: 0x000001a0f82563b0
Event: 502.365 Thread 0x000001a0f0a7ca70 Thread added: 0x000001a0f8257150


Dynamic libraries:
0x00007ff613800000 - 0x00007ff61380e000 	c:\Users\migue\.vscode\extensions\redhat.java-1.43.1-win32-x64\jre\21.0.7-win32-x86_64\bin\java.exe
0x00007ffd5ebe0000 - 0x00007ffd5ee45000 	C:\WINDOWS\SYSTEM32\ntdll.dll
0x00007ffd5e210000 - 0x00007ffd5e2d9000 	C:\WINDOWS\System32\KERNEL32.DLL
0x00007ffd5c0a0000 - 0x00007ffd5c488000 	C:\WINDOWS\System32\KERNELBASE.dll
0x00007ffd5c800000 - 0x00007ffd5c94b000 	C:\WINDOWS\System32\ucrtbase.dll
0x00007ffd487f0000 - 0x00007ffd48808000 	c:\Users\migue\.vscode\extensions\redhat.java-1.43.1-win32-x64\jre\21.0.7-win32-x86_64\bin\jli.dll
0x00007ffd5d950000 - 0x00007ffd5db1a000 	C:\WINDOWS\System32\USER32.dll
0x00007ffd5c950000 - 0x00007ffd5c977000 	C:\WINDOWS\System32\win32u.dll
0x00007ffd5c980000 - 0x00007ffd5c9ab000 	C:\WINDOWS\System32\GDI32.dll
0x00007ffd5c6c0000 - 0x00007ffd5c7f7000 	C:\WINDOWS\System32\gdi32full.dll
0x00007ffd5c610000 - 0x00007ffd5c6b3000 	C:\WINDOWS\System32\msvcp_win.dll
0x00007ffd3ec50000 - 0x00007ffd3ec6e000 	c:\Users\migue\.vscode\extensions\redhat.java-1.43.1-win32-x64\jre\21.0.7-win32-x86_64\bin\VCRUNTIME140.dll
0x00007ffd46500000 - 0x00007ffd4679a000 	C:\WINDOWS\WinSxS\amd64_microsoft.windows.common-controls_6595b64144ccf1df_6.0.26100.4202_none_3e0698d4e335f517\COMCTL32.dll
0x00007ffd5dbb0000 - 0x00007ffd5dc59000 	C:\WINDOWS\System32\msvcrt.dll
0x00007ffd5e770000 - 0x00007ffd5e7a0000 	C:\WINDOWS\System32\IMM32.DLL
0x00007ffd1f630000 - 0x00007ffd1f74a000 	C:\Program Files\Topaz OFD\Warsaw\wslbscr64.dll
0x00007ffd5cb90000 - 0x00007ffd5cc43000 	C:\WINDOWS\System32\ADVAPI32.dll
0x00007ffd5e590000 - 0x00007ffd5e636000 	C:\WINDOWS\System32\sechost.dll
0x00007ffd5e0f0000 - 0x00007ffd5e205000 	C:\WINDOWS\System32\RPCRT4.dll
0x00007ffd5d1d0000 - 0x00007ffd5d912000 	C:\WINDOWS\System32\SHELL32.dll
0x00007ffd5bf20000 - 0x00007ffd5c094000 	C:\WINDOWS\System32\wintypes.dll
0x00007ffd5dcf0000 - 0x00007ffd5e075000 	C:\WINDOWS\System32\combase.dll
0x00007ffd5ac10000 - 0x00007ffd5ac46000 	C:\WINDOWS\SYSTEM32\ntmarta.dll
0x00007ffd1f3c0000 - 0x00007ffd1f4ba000 	C:\Program Files\Topaz OFD\Warsaw\wslbscrwh64.dll
0x00007ffd487e0000 - 0x00007ffd487ec000 	c:\Users\migue\.vscode\extensions\redhat.java-1.43.1-win32-x64\jre\21.0.7-win32-x86_64\bin\vcruntime140_1.dll
0x00007ffd38cc0000 - 0x00007ffd38d4d000 	c:\Users\migue\.vscode\extensions\redhat.java-1.43.1-win32-x64\jre\21.0.7-win32-x86_64\bin\msvcp140.dll
0x00007ffca1d60000 - 0x00007ffca2af0000 	c:\Users\migue\.vscode\extensions\redhat.java-1.43.1-win32-x64\jre\21.0.7-win32-x86_64\bin\server\jvm.dll
0x00007ffd5eb20000 - 0x00007ffd5eb94000 	C:\WINDOWS\System32\WS2_32.dll
0x00007ffd5b4a0000 - 0x00007ffd5b4fe000 	C:\WINDOWS\SYSTEM32\POWRPROF.dll
0x00007ffd46840000 - 0x00007ffd46875000 	C:\WINDOWS\SYSTEM32\WINMM.dll
0x00007ffd4e160000 - 0x00007ffd4e16b000 	C:\WINDOWS\SYSTEM32\VERSION.dll
0x00007ffd5b480000 - 0x00007ffd5b494000 	C:\WINDOWS\SYSTEM32\UMPDC.dll
0x00007ffd5aaf0000 - 0x00007ffd5ab0b000 	C:\WINDOWS\SYSTEM32\kernel.appcore.dll
0x00007ffd48700000 - 0x00007ffd4870a000 	c:\Users\migue\.vscode\extensions\redhat.java-1.43.1-win32-x64\jre\21.0.7-win32-x86_64\bin\jimage.dll
0x00007ffd59460000 - 0x00007ffd596a1000 	C:\WINDOWS\SYSTEM32\DBGHELP.DLL
0x00007ffd5ea30000 - 0x00007ffd5eb11000 	C:\WINDOWS\System32\OLEAUT32.dll
0x00007ffd3f6e0000 - 0x00007ffd3f719000 	C:\WINDOWS\SYSTEM32\dbgcore.DLL
0x00007ffd5bdf0000 - 0x00007ffd5be89000 	C:\WINDOWS\System32\bcryptPrimitives.dll
0x00007ffd46810000 - 0x00007ffd4681f000 	c:\Users\migue\.vscode\extensions\redhat.java-1.43.1-win32-x64\jre\21.0.7-win32-x86_64\bin\instrument.dll
0x00007ffd3ec10000 - 0x00007ffd3ec2f000 	c:\Users\migue\.vscode\extensions\redhat.java-1.43.1-win32-x64\jre\21.0.7-win32-x86_64\bin\java.dll
0x00007ffd59970000 - 0x00007ffd5a1c8000 	C:\WINDOWS\SYSTEM32\windows.storage.dll
0x00007ffd5e7b0000 - 0x00007ffd5e8a1000 	C:\WINDOWS\System32\SHCORE.dll
0x000001a0f0990000 - 0x000001a0f09fa000 	C:\WINDOWS\System32\shlwapi.dll
0x00007ffd5bc40000 - 0x00007ffd5bc6f000 	C:\WINDOWS\SYSTEM32\profapi.dll
0x00007ffd392f0000 - 0x00007ffd39308000 	c:\Users\migue\.vscode\extensions\redhat.java-1.43.1-win32-x64\jre\21.0.7-win32-x86_64\bin\zip.dll
0x00007ffd41f30000 - 0x00007ffd41f40000 	C:\Users\migue\.vscode\extensions\redhat.java-1.43.1-win32-x64\jre\21.0.7-win32-x86_64\bin\net.dll
0x00007ffd4c990000 - 0x00007ffd4caae000 	C:\WINDOWS\SYSTEM32\WINHTTP.dll
0x00007ffd5b0d0000 - 0x00007ffd5b13a000 	C:\WINDOWS\system32\mswsock.dll
0x00007ffd392d0000 - 0x00007ffd392e6000 	C:\Users\migue\.vscode\extensions\redhat.java-1.43.1-win32-x64\jre\21.0.7-win32-x86_64\bin\nio.dll
0x00007ffd3ec00000 - 0x00007ffd3ec10000 	c:\Users\migue\.vscode\extensions\redhat.java-1.43.1-win32-x64\jre\21.0.7-win32-x86_64\bin\verify.dll
0x00007ffd1e320000 - 0x00007ffd1e365000 	C:\Users\migue\AppData\Roaming\Code\User\globalStorage\redhat.java\1.43.1\config_win\org.eclipse.equinox.launcher\org.eclipse.equinox.launcher.win32.win32.x86_64_1.2.1300.v20250331-1702\eclipse_11911.dll
0x000001a0f67d0000 - 0x000001a0f696e000 	C:\WINDOWS\System32\ole32.dll
0x00007ffd5b380000 - 0x00007ffd5b39b000 	C:\WINDOWS\SYSTEM32\CRYPTSP.dll
0x00007ffd5aa50000 - 0x00007ffd5aa8a000 	C:\WINDOWS\system32\rsaenh.dll
0x00007ffd5b170000 - 0x00007ffd5b19b000 	C:\WINDOWS\SYSTEM32\USERENV.dll
0x00007ffd5bc10000 - 0x00007ffd5bc36000 	C:\WINDOWS\SYSTEM32\bcrypt.dll
0x00007ffd5b3a0000 - 0x00007ffd5b3ac000 	C:\WINDOWS\SYSTEM32\CRYPTBASE.dll
0x00007ffd5a590000 - 0x00007ffd5a5c3000 	C:\WINDOWS\SYSTEM32\IPHLPAPI.DLL
0x00007ffd5cc60000 - 0x00007ffd5cc6a000 	C:\WINDOWS\System32\NSI.dll
0x00007ffd1e030000 - 0x00007ffd1e079000 	C:\Users\migue\AppData\Local\Temp\jna-103894555\jna8800917174271064395.dll
0x00007ffd5cc50000 - 0x00007ffd5cc58000 	C:\WINDOWS\System32\PSAPI.DLL
0x00007ffd4cd80000 - 0x00007ffd4cd9f000 	C:\WINDOWS\SYSTEM32\dhcpcsvc6.DLL
0x00007ffd4cbe0000 - 0x00007ffd4cc05000 	C:\WINDOWS\SYSTEM32\dhcpcsvc.DLL
0x00007ffd4e2d0000 - 0x00007ffd4e2d9000 	C:\Users\migue\.vscode\extensions\redhat.java-1.43.1-win32-x64\jre\21.0.7-win32-x86_64\bin\extnet.dll

dbghelp: loaded successfully - version: 4.0.5 - missing functions: none
symbol engine: initialized successfully - sym options: 0x614 - pdb path: .;c:\Users\migue\.vscode\extensions\redhat.java-1.43.1-win32-x64\jre\21.0.7-win32-x86_64\bin;C:\WINDOWS\SYSTEM32;C:\WINDOWS\WinSxS\amd64_microsoft.windows.common-controls_6595b64144ccf1df_6.0.26100.4202_none_3e0698d4e335f517;C:\Program Files\Topaz OFD\Warsaw;c:\Users\migue\.vscode\extensions\redhat.java-1.43.1-win32-x64\jre\21.0.7-win32-x86_64\bin\server;C:\Users\migue\AppData\Roaming\Code\User\globalStorage\redhat.java\1.43.1\config_win\org.eclipse.equinox.launcher\org.eclipse.equinox.launcher.win32.win32.x86_64_1.2.1300.v20250331-1702;C:\Users\migue\AppData\Local\Temp\jna-103894555

VM Arguments:
jvm_args: --add-modules=ALL-SYSTEM --add-opens=java.base/java.util=ALL-UNNAMED --add-opens=java.base/java.lang=ALL-UNNAMED --add-opens=java.base/sun.nio.fs=ALL-UNNAMED -Declipse.application=org.eclipse.jdt.ls.core.id1 -Dosgi.bundles.defaultStartLevel=4 -Declipse.product=org.eclipse.jdt.ls.core.product -Djava.import.generatesMetadataFilesAtProjectRoot=false -DDetectVMInstallationsJob.disabled=true -Dfile.encoding=utf8 -XX:+UseParallelGC -XX:GCTimeRatio=4 -XX:AdaptiveSizePolicyWeight=90 -Dsun.zip.disableMemoryMapping=true -Xmx2G -Xms100m -Xlog:disable -javaagent:c:\Users\migue\.vscode\extensions\redhat.java-1.43.1-win32-x64\lombok\lombok-1.18.39-4050.jar -XX:+HeapDumpOnOutOfMemoryError -XX:HeapDumpPath=c:\Users\migue\AppData\Roaming\Code\User\workspaceStorage\a639b46f90215a13307bf9c14b7ca7a8\redhat.java -Daether.dependencyCollector.impl=bf 
java_command: c:\Users\migue\.vscode\extensions\redhat.java-1.43.1-win32-x64\server\plugins\org.eclipse.equinox.launcher_1.7.0.v20250519-0528.jar -configuration c:\Users\migue\AppData\Roaming\Code\User\globalStorage\redhat.java\1.43.1\config_win -data c:\Users\migue\AppData\Roaming\Code\User\workspaceStorage\a639b46f90215a13307bf9c14b7ca7a8\redhat.java\jdt_ws --pipe=\\.\pipe\lsp-42214cd570ec999daa7d5cbcea366fc9-sock
java_class_path (initial): c:\Users\migue\.vscode\extensions\redhat.java-1.43.1-win32-x64\server\plugins\org.eclipse.equinox.launcher_1.7.0.v20250519-0528.jar
Launcher Type: SUN_STANDARD

[Global flags]
    uintx AdaptiveSizePolicyWeight                 = 90                                        {product} {command line}
     intx CICompilerCount                          = 4                                         {product} {ergonomic}
    uintx GCTimeRatio                              = 4                                         {product} {command line}
     bool HeapDumpOnOutOfMemoryError               = true                                   {manageable} {command line}
    ccstr HeapDumpPath                             = c:\Users\migue\AppData\Roaming\Code\User\workspaceStorage\a639b46f90215a13307bf9c14b7ca7a8\redhat.java         {manageable} {command line}
   size_t InitialHeapSize                          = 104857600                                 {product} {command line}
   size_t MaxHeapSize                              = 2147483648                                {product} {command line}
   size_t MaxNewSize                               = 715653120                                 {product} {ergonomic}
   size_t MinHeapDeltaBytes                        = 524288                                    {product} {ergonomic}
   size_t MinHeapSize                              = 104857600                                 {product} {command line}
   size_t NewSize                                  = 34603008                                  {product} {ergonomic}
    uintx NonNMethodCodeHeapSize                   = 5839372                                {pd product} {ergonomic}
    uintx NonProfiledCodeHeapSize                  = 122909434                              {pd product} {ergonomic}
   size_t OldSize                                  = 70254592                                  {product} {ergonomic}
    uintx ProfiledCodeHeapSize                     = 122909434                              {pd product} {ergonomic}
    uintx ReservedCodeCacheSize                    = 251658240                              {pd product} {ergonomic}
     bool SegmentedCodeCache                       = true                                      {product} {ergonomic}
   size_t SoftMaxHeapSize                          = 2147483648                             {manageable} {ergonomic}
     bool UseCompressedOops                        = true                           {product lp64_product} {ergonomic}
     bool UseLargePagesIndividualAllocation        = false                                  {pd product} {ergonomic}
     bool UseParallelGC                            = true                                      {product} {command line}

Logging:
Log output configuration:
 #0: stdout all=off uptime,level,tags foldmultilines=false
 #1: stderr all=off uptime,level,tags foldmultilines=false

Environment Variables:
JAVA_HOME=C:\Program Files\Java\jdk-21
PATH=C:\Program Files\Common Files\Oracle\Java\javapath;C:\Program Files (x86)\Common Files\Oracle\Java\javapath;C:\WINDOWS\system32;C:\WINDOWS;C:\WINDOWS\System32\Wbem;C:\WINDOWS\System32\WindowsPowerShell\v1.0\;C:\WINDOWS\System32\OpenSSH\;C:\Program Files\Git\cmd;C:\Program Files\dotnet\;C:\Program Files\nodejs\;C:\Program Files\Java\jre-1.8\bin;C:\Program Files\Common Files\Oracle\Java\javapath;C:\Program Files (x86)\Common Files\Oracle\Java\javapath;C:\WINDOWS\system32;C:\WINDOWS;C:\WINDOWS\System32\Wbem;C:\WINDOWS\System32\WindowsPowerShell\v1.0\;C:\WINDOWS\System32\OpenSSH\;C:\Program Files\Git\cmd;C:\Program Files\dotnet\;C:\Program Files\nodejs\;C:\Users\migue\AppData\Local\Microsoft\WindowsApps;C:\Users\migue\AppData\Local\Programs\Microsoft VS Code\bin;C:\Users\migue\AppData\Local\Muse Hub\lib;C:\Users\migue\AppData\Roaming\npm;C:\Users\migue\AppData\Local\Muse Hub\lib;C:\Program Files\Java\jdk-21\bin;
USERNAME=migue
OS=Windows_NT
PROCESSOR_IDENTIFIER=Intel64 Family 6 Model 140 Stepping 1, GenuineIntel
TMP=C:\Users\migue\AppData\Local\Temp
TEMP=C:\Users\migue\AppData\Local\Temp




Periodic native trim disabled

---------------  S Y S T E M  ---------------

OS:
 Windows 11 , 64 bit Build 26100 (10.0.26100.4202)
OS uptime: 3 days 21:24 hours
Hyper-V role detected

CPU: total 8 (initial active 8) (4 cores per cpu, 2 threads per core) family 6 model 140 stepping 1 microcode 0x8a, cx8, cmov, fxsr, ht, mmx, 3dnowpref, sse, sse2, sse3, ssse3, sse4.1, sse4.2, popcnt, lzcnt, tsc, tscinvbit, avx, avx2, aes, erms, clmul, bmi1, bmi2, adx, avx512f, avx512dq, avx512cd, avx512bw, avx512vl, sha, fma, vzeroupper, avx512_vpopcntdq, avx512_vpclmulqdq, avx512_vaes, avx512_vnni, clflush, clflushopt, clwb, avx512_vbmi2, avx512_vbmi, hv, rdtscp, rdpid, fsrm, gfni, avx512_bitalg, f16c, cet_ibt, cet_ss, avx512_ifma
Processor Information for the first 8 processors :
  Max Mhz: 2419, Current Mhz: 2419, Mhz Limit: 2419

Memory: 4k page, system-wide physical 7971M (772M free)
TotalPageFile size 22327M (AvailPageFile size 2M)
current process WorkingSet (physical memory assigned to process): 825M, peak: 936M
current process commit charge ("private bytes"): 1172M, peak: 1736M

vm_info: OpenJDK 64-Bit Server VM (21.0.7+6-LTS) for windows-amd64 JRE (21.0.7+6-LTS), built on 2025-04-15T00:00:00Z by "admin" with MS VC++ 17.7 (VS2022)

END.
