#
# There is insufficient memory for the Java Runtime Environment to continue.
# Native memory allocation (malloc) failed to allocate 1782096 bytes. Error detail: Chunk::new
# Possible reasons:
#   The system is out of physical RAM or swap space
#   This process is running with CompressedOops enabled, and the Java Heap may be blocking the growth of the native heap
# Possible solutions:
#   Reduce memory load on the system
#   Increase physical memory or swap space
#   Check if swap backing store is full
#   Decrease Java heap size (-Xmx/-Xms)
#   Decrease number of Java threads
#   Decrease Java thread stack sizes (-Xss)
#   Set larger code cache with -XX:ReservedCodeCacheSize=
#   JVM is running with Unscaled Compressed Oops mode in which the Java heap is
#     placed in the first 4GB address space. The Java Heap base address is the
#     maximum limit for the native heap growth. Please use -XX:HeapBaseMinAddress
#     to set the Java Heap base and to place the Java Heap above 4GB virtual address.
# This output file may be truncated or incomplete.
#
#  Out of Memory Error (arena.cpp:168), pid=32280, tid=38800
#
# JRE version: OpenJDK Runtime Environment Temurin-21.0.7+6 (21.0.7+6) (build 21.0.7+6-LTS)
# Java VM: OpenJDK 64-Bit Server VM Temurin-21.0.7+6 (21.0.7+6-LTS, mixed mode, sharing, tiered, compressed oops, compressed class ptrs, parallel gc, windows-amd64)
# No core dump will be written. Minidumps are not enabled by default on client versions of Windows
#

---------------  S U M M A R Y ------------

Command Line: --add-modules=ALL-SYSTEM --add-opens=java.base/java.util=ALL-UNNAMED --add-opens=java.base/java.lang=ALL-UNNAMED --add-opens=java.base/sun.nio.fs=ALL-UNNAMED -Declipse.application=org.eclipse.jdt.ls.core.id1 -Dosgi.bundles.defaultStartLevel=4 -Declipse.product=org.eclipse.jdt.ls.core.product -Djava.import.generatesMetadataFilesAtProjectRoot=false -DDetectVMInstallationsJob.disabled=true -Dfile.encoding=utf8 -XX:+UseParallelGC -XX:GCTimeRatio=4 -XX:AdaptiveSizePolicyWeight=90 -Dsun.zip.disableMemoryMapping=true -Xmx2G -Xms100m -Xlog:disable -javaagent:c:\Users\migue\.vscode\extensions\redhat.java-1.43.1-win32-x64\lombok\lombok-1.18.39-4050.jar -XX:+HeapDumpOnOutOfMemoryError -XX:HeapDumpPath=c:\Users\migue\AppData\Roaming\Code\User\workspaceStorage\a639b46f90215a13307bf9c14b7ca7a8\redhat.java -Daether.dependencyCollector.impl=bf c:\Users\migue\.vscode\extensions\redhat.java-1.43.1-win32-x64\server\plugins\org.eclipse.equinox.launcher_1.7.0.v20250519-0528.jar -configuration c:\Users\migue\AppData\Roaming\Code\User\globalStorage\redhat.java\1.43.1\config_win -data c:\Users\migue\AppData\Roaming\Code\User\workspaceStorage\a639b46f90215a13307bf9c14b7ca7a8\redhat.java\jdt_ws --pipe=\\.\pipe\lsp-ab3cbc3dbd80b6a2a0ae9a556f540237-sock

Host: 11th Gen Intel(R) Core(TM) i5-1135G7 @ 2.40GHz, 8 cores, 7G,  Windows 11 , 64 bit Build 26100 (10.0.26100.4202)
Time: Thu Jul 10 18:56:27 2025 Hora oficial do Brasil elapsed time: 81.409443 seconds (0d 0h 1m 21s)

---------------  T H R E A D  ---------------

Current thread (0x000001df46465620):  JavaThread "C2 CompilerThread2" daemon [_thread_in_native, id=38800, stack(0x0000004874e00000,0x0000004874f00000) (1024K)]


Current CompileTask:
C2:81409 12450       4       org.lombokweb.asm.ClassReader::readCode (5117 bytes)

Stack: [0x0000004874e00000,0x0000004874f00000]
Native frames: (J=compiled Java code, j=interpreted, Vv=VM code, C=native code)
V  [jvm.dll+0x6ce119]
V  [jvm.dll+0x8a84a1]
V  [jvm.dll+0x8aa9ce]
V  [jvm.dll+0x8ab0b3]
V  [jvm.dll+0x27f8a6]
V  [jvm.dll+0xc507d]
V  [jvm.dll+0xc55b3]
V  [jvm.dll+0x3b68f2]
V  [jvm.dll+0x382aa5]
V  [jvm.dll+0x381f0a]
V  [jvm.dll+0x247af0]
V  [jvm.dll+0x2470cf]
V  [jvm.dll+0x1c760e]
V  [jvm.dll+0x25695a]
V  [jvm.dll+0x254efa]
V  [jvm.dll+0x3f03f6]
V  [jvm.dll+0x851f6b]
V  [jvm.dll+0x6cc7dd]
C  [ucrtbase.dll+0x37b0]
C  [KERNEL32.DLL+0x2e8d7]
C  [ntdll.dll+0x3c34c]


---------------  P R O C E S S  ---------------

Threads class SMR info:
_java_thread_list=0x000001df48b68040, length=68, elements={
0x000001df60ac6f50, 0x000001df62e92c90, 0x000001df62e94bf0, 0x000001df62e98550,
0x000001df62e9b1b0, 0x000001df45114880, 0x000001df4513ac30, 0x000001df45141df0,
0x000001df45151430, 0x000001df4522e880, 0x000001df4522fc30, 0x000001df4522d4d0,
0x000001df45230950, 0x000001df4522db60, 0x000001df4522e1f0, 0x000001df4522f5a0,
0x000001df452302c0, 0x000001df45773440, 0x000001df45773ad0, 0x000001df45770ce0,
0x000001df457747f0, 0x000001df45772720, 0x000001df45774e80, 0x000001df45771a00,
0x000001df45775510, 0x000001df45772db0, 0x000001df45778300, 0x000001df45776230,
0x000001df457768c0, 0x000001df45775ba0, 0x000001df45776f50, 0x000001df457775e0,
0x000001df45777c70, 0x000001df4ae4cff0, 0x000001df4ae4f750, 0x000001df4ae4d680,
0x000001df4ae4e3a0, 0x000001df4ae4fde0, 0x000001df4ae4ea30, 0x000001df4ae4f0c0,
0x000001df4ae4c960, 0x000001df4ae50b00, 0x000001df4ae4dd10, 0x000001df4ae51eb0,
0x000001df4ae52540, 0x000001df4ae52bd0, 0x000001df4ae51190, 0x000001df4ae51820,
0x000001df4ae538f0, 0x000001df4ae50470, 0x000001df4ae53260, 0x000001df4ae53f80,
0x000001df4a0c74d0, 0x000001df4a0c7b60, 0x000001df4a0c81f0, 0x000001df4a0c8880,
0x000001df4a0c6120, 0x000001df4a0c8f10, 0x000001df4a0c95a0, 0x000001df4a0c67b0,
0x000001df4a0cbd00, 0x000001df4a0ca2c0, 0x000001df4a0ca950, 0x000001df4a0cafe0,
0x000001df4a0cca20, 0x000001df4a0cd0b0, 0x000001df46468ca0, 0x000001df46465620
}

Java Threads: ( => current thread )
  0x000001df60ac6f50 JavaThread "main"                              [_thread_blocked, id=22256, stack(0x0000004870200000,0x0000004870300000) (1024K)]
  0x000001df62e92c90 JavaThread "Reference Handler"          daemon [_thread_blocked, id=37664, stack(0x0000004870600000,0x0000004870700000) (1024K)]
  0x000001df62e94bf0 JavaThread "Finalizer"                  daemon [_thread_blocked, id=30908, stack(0x0000004870700000,0x0000004870800000) (1024K)]
  0x000001df62e98550 JavaThread "Signal Dispatcher"          daemon [_thread_blocked, id=28844, stack(0x0000004870800000,0x0000004870900000) (1024K)]
  0x000001df62e9b1b0 JavaThread "Attach Listener"            daemon [_thread_blocked, id=38048, stack(0x0000004870900000,0x0000004870a00000) (1024K)]
  0x000001df45114880 JavaThread "Service Thread"             daemon [_thread_blocked, id=15176, stack(0x0000004870a00000,0x0000004870b00000) (1024K)]
  0x000001df4513ac30 JavaThread "Monitor Deflation Thread"   daemon [_thread_blocked, id=10468, stack(0x0000004870b00000,0x0000004870c00000) (1024K)]
  0x000001df45141df0 JavaThread "C2 CompilerThread0"         daemon [_thread_in_native, id=36340, stack(0x0000004870c00000,0x0000004870d00000) (1024K)]
  0x000001df45151430 JavaThread "C1 CompilerThread0"         daemon [_thread_blocked, id=3276, stack(0x0000004870d00000,0x0000004870e00000) (1024K)]
  0x000001df4522e880 JavaThread "Common-Cleaner"             daemon [_thread_blocked, id=16576, stack(0x0000004870e00000,0x0000004870f00000) (1024K)]
  0x000001df4522fc30 JavaThread "Notification Thread"        daemon [_thread_blocked, id=35692, stack(0x0000004871000000,0x0000004871100000) (1024K)]
  0x000001df4522d4d0 JavaThread "Active Thread: Equinox Container: 624b0761-37c9-4a17-917c-8cffc23b3433"        [_thread_blocked, id=21032, stack(0x0000004871800000,0x0000004871900000) (1024K)]
  0x000001df45230950 JavaThread "Refresh Thread: Equinox Container: 624b0761-37c9-4a17-917c-8cffc23b3433" daemon [_thread_blocked, id=2264, stack(0x0000004871100000,0x0000004871200000) (1024K)]
  0x000001df4522db60 JavaThread "Framework Event Dispatcher: Equinox Container: 624b0761-37c9-4a17-917c-8cffc23b3433" daemon [_thread_blocked, id=23084, stack(0x0000004871900000,0x0000004871a00000) (1024K)]
  0x000001df4522e1f0 JavaThread "Start Level: Equinox Container: 624b0761-37c9-4a17-917c-8cffc23b3433" daemon [_thread_blocked, id=23860, stack(0x0000004871a00000,0x0000004871b00000) (1024K)]
  0x000001df4522f5a0 JavaThread "Bundle File Closer"         daemon [_thread_blocked, id=22964, stack(0x0000004871c00000,0x0000004871d00000) (1024K)]
  0x000001df452302c0 JavaThread "SCR Component Actor"        daemon [_thread_blocked, id=26472, stack(0x0000004871b00000,0x0000004871c00000) (1024K)]
  0x000001df45773440 JavaThread "Worker-JM"                         [_thread_blocked, id=29736, stack(0x0000004871f00000,0x0000004872000000) (1024K)]
  0x000001df45773ad0 JavaThread "JNA Cleaner"                daemon [_thread_blocked, id=25316, stack(0x0000004871e00000,0x0000004871f00000) (1024K)]
  0x000001df45770ce0 JavaThread "Worker-0"                          [_thread_blocked, id=3292, stack(0x0000004872000000,0x0000004872100000) (1024K)]
  0x000001df457747f0 JavaThread "Worker-1"                          [_thread_blocked, id=36484, stack(0x0000004872100000,0x0000004872200000) (1024K)]
  0x000001df45772720 JavaThread "Worker-2"                          [_thread_blocked, id=33268, stack(0x0000004872400000,0x0000004872500000) (1024K)]
  0x000001df45774e80 JavaThread "Java indexing"              daemon [_thread_blocked, id=30444, stack(0x0000004872500000,0x0000004872600000) (1024K)]
  0x000001df45771a00 JavaThread "Worker-3"                          [_thread_blocked, id=14128, stack(0x0000004872800000,0x0000004872900000) (1024K)]
  0x000001df45775510 JavaThread "Worker-4"                          [_thread_blocked, id=35240, stack(0x0000004872900000,0x0000004872a00000) (1024K)]
  0x000001df45772db0 JavaThread "Thread-2"                   daemon [_thread_in_native, id=2792, stack(0x0000004872a00000,0x0000004872b00000) (1024K)]
  0x000001df45778300 JavaThread "Thread-3"                   daemon [_thread_in_native, id=38248, stack(0x0000004872b00000,0x0000004872c00000) (1024K)]
  0x000001df45776230 JavaThread "Thread-4"                   daemon [_thread_in_native, id=38724, stack(0x0000004872c00000,0x0000004872d00000) (1024K)]
  0x000001df457768c0 JavaThread "Thread-5"                   daemon [_thread_in_native, id=38296, stack(0x0000004872d00000,0x0000004872e00000) (1024K)]
  0x000001df45775ba0 JavaThread "Thread-6"                   daemon [_thread_in_native, id=21776, stack(0x0000004872e00000,0x0000004872f00000) (1024K)]
  0x000001df45776f50 JavaThread "Thread-7"                   daemon [_thread_in_native, id=4876, stack(0x0000004872f00000,0x0000004873000000) (1024K)]
  0x000001df457775e0 JavaThread "Thread-8"                   daemon [_thread_in_native, id=26412, stack(0x0000004873000000,0x0000004873100000) (1024K)]
  0x000001df45777c70 JavaThread "Thread-9"                   daemon [_thread_in_native, id=33380, stack(0x0000004873100000,0x0000004873200000) (1024K)]
  0x000001df4ae4cff0 JavaThread "Thread-10"                  daemon [_thread_in_native, id=27700, stack(0x0000004873200000,0x0000004873300000) (1024K)]
  0x000001df4ae4f750 JavaThread "pool-2-thread-1"                   [_thread_blocked, id=38156, stack(0x0000004873300000,0x0000004873400000) (1024K)]
  0x000001df4ae4d680 JavaThread "WorkspaceEventsHandler"            [_thread_blocked, id=4428, stack(0x0000004873400000,0x0000004873500000) (1024K)]
  0x000001df4ae4e3a0 JavaThread "pool-1-thread-1"                   [_thread_blocked, id=26888, stack(0x0000004873500000,0x0000004873600000) (1024K)]
  0x000001df4ae4fde0 JavaThread "Worker-5"                          [_thread_blocked, id=25640, stack(0x0000004873600000,0x0000004873700000) (1024K)]
  0x000001df4ae4ea30 JavaThread "LocalFile Deleter"          daemon [_thread_blocked, id=9344, stack(0x0000004871d00000,0x0000004871e00000) (1024K)]
  0x000001df4ae4f0c0 JavaThread "LocalFile Deleter"          daemon [_thread_blocked, id=35508, stack(0x0000004873700000,0x0000004873800000) (1024K)]
  0x000001df4ae4c960 JavaThread "LocalFile Deleter"          daemon [_thread_blocked, id=32896, stack(0x0000004873800000,0x0000004873900000) (1024K)]
  0x000001df4ae50b00 JavaThread "LocalFile Deleter"          daemon [_thread_blocked, id=27096, stack(0x0000004873900000,0x0000004873a00000) (1024K)]
  0x000001df4ae4dd10 JavaThread "LocalFile Deleter"          daemon [_thread_blocked, id=27344, stack(0x0000004873a00000,0x0000004873b00000) (1024K)]
  0x000001df4ae51eb0 JavaThread "LocalFile Deleter"          daemon [_thread_blocked, id=13960, stack(0x0000004873b00000,0x0000004873c00000) (1024K)]
  0x000001df4ae52540 JavaThread "LocalFile Deleter"          daemon [_thread_blocked, id=23500, stack(0x0000004873c00000,0x0000004873d00000) (1024K)]
  0x000001df4ae52bd0 JavaThread "LocalFile Deleter"          daemon [_thread_blocked, id=35536, stack(0x0000004873d00000,0x0000004873e00000) (1024K)]
  0x000001df4ae51190 JavaThread "Compiler Source File Reader" daemon [_thread_blocked, id=24512, stack(0x0000004873e00000,0x0000004873f00000) (1024K)]
  0x000001df4ae51820 JavaThread "Compiler Source File Reader" daemon [_thread_blocked, id=2688, stack(0x0000004873f00000,0x0000004874000000) (1024K)]
  0x000001df4ae538f0 JavaThread "Compiler Source File Reader" daemon [_thread_blocked, id=36928, stack(0x0000004874000000,0x0000004874100000) (1024K)]
  0x000001df4ae50470 JavaThread "Compiler Source File Reader" daemon [_thread_blocked, id=35020, stack(0x0000004874100000,0x0000004874200000) (1024K)]
  0x000001df4ae53260 JavaThread "Compiler Source File Reader" daemon [_thread_blocked, id=20252, stack(0x0000004874200000,0x0000004874300000) (1024K)]
  0x000001df4ae53f80 JavaThread "Compiler Source File Reader" daemon [_thread_blocked, id=33096, stack(0x0000004874300000,0x0000004874400000) (1024K)]
  0x000001df4a0c74d0 JavaThread "Compiler Processing Task"   daemon [_thread_blocked, id=36784, stack(0x0000004874400000,0x0000004874500000) (1024K)]
  0x000001df4a0c7b60 JavaThread "Compiler Class File Writer" daemon [_thread_blocked, id=19444, stack(0x0000004874500000,0x0000004874600000) (1024K)]
  0x000001df4a0c81f0 JavaThread "Compiler Class File Writer" daemon [_thread_blocked, id=37860, stack(0x0000004874600000,0x0000004874700000) (1024K)]
  0x000001df4a0c8880 JavaThread "Compiler Class File Writer" daemon [_thread_blocked, id=27580, stack(0x0000004874700000,0x0000004874800000) (1024K)]
  0x000001df4a0c6120 JavaThread "Compiler Class File Writer" daemon [_thread_blocked, id=33572, stack(0x0000004874800000,0x0000004874900000) (1024K)]
  0x000001df4a0c8f10 JavaThread "Compiler Class File Writer" daemon [_thread_blocked, id=35200, stack(0x0000004874900000,0x0000004874a00000) (1024K)]
  0x000001df4a0c95a0 JavaThread "Compiler Class File Writer" daemon [_thread_blocked, id=26432, stack(0x0000004874a00000,0x0000004874b00000) (1024K)]
  0x000001df4a0c67b0 JavaThread "ForkJoinPool.commonPool-worker-1" daemon [_thread_blocked, id=29136, stack(0x0000004872300000,0x0000004872400000) (1024K)]
  0x000001df4a0cbd00 JavaThread "ForkJoinPool.commonPool-worker-2" daemon [_thread_blocked, id=12020, stack(0x0000004874b00000,0x0000004874c00000) (1024K)]
  0x000001df4a0ca2c0 JavaThread "ForkJoinPool.commonPool-worker-3" daemon [_thread_blocked, id=30904, stack(0x0000004874c00000,0x0000004874d00000) (1024K)]
  0x000001df4a0ca950 JavaThread "ForkJoinPool.commonPool-worker-4" daemon [_thread_in_Java, id=33044, stack(0x0000004874d00000,0x0000004874e00000) (1024K)]
  0x000001df4a0cafe0 JavaThread "ForkJoinPool.commonPool-worker-5" daemon [_thread_blocked, id=13080, stack(0x0000004874f00000,0x0000004875000000) (1024K)]
  0x000001df4a0cca20 JavaThread "ForkJoinPool.commonPool-worker-6" daemon [_thread_blocked, id=31992, stack(0x0000004875000000,0x0000004875100000) (1024K)]
  0x000001df4a0cd0b0 JavaThread "ForkJoinPool.commonPool-worker-7" daemon [_thread_blocked, id=36240, stack(0x0000004875100000,0x0000004875200000) (1024K)]
  0x000001df46468ca0 JavaThread "C2 CompilerThread1"         daemon [_thread_in_native, id=23724, stack(0x0000004872200000,0x0000004872300000) (1024K)]
=>0x000001df46465620 JavaThread "C2 CompilerThread2"         daemon [_thread_in_native, id=38800, stack(0x0000004874e00000,0x0000004874f00000) (1024K)]
Total: 68

Other Threads:
  0x000001df62e84770 VMThread "VM Thread"                           [id=38288, stack(0x0000004870500000,0x0000004870600000) (1024K)]
  0x000001df62d7c950 WatcherThread "VM Periodic Task Thread"        [id=22128, stack(0x0000004870400000,0x0000004870500000) (1024K)]
  0x000001df62f41730 WorkerThread "GC Thread#0"                     [id=17120, stack(0x0000004870300000,0x0000004870400000) (1024K)]
  0x000001df45a427a0 WorkerThread "GC Thread#1"                     [id=31004, stack(0x0000004871200000,0x0000004871300000) (1024K)]
  0x000001df45650a50 WorkerThread "GC Thread#2"                     [id=20904, stack(0x0000004871300000,0x0000004871400000) (1024K)]
  0x000001df454ebdd0 WorkerThread "GC Thread#3"                     [id=37424, stack(0x0000004871400000,0x0000004871500000) (1024K)]
  0x000001df45e5f060 WorkerThread "GC Thread#4"                     [id=37640, stack(0x0000004871500000,0x0000004871600000) (1024K)]
  0x000001df45e5f400 WorkerThread "GC Thread#5"                     [id=32240, stack(0x0000004871600000,0x0000004871700000) (1024K)]
  0x000001df456a6df0 WorkerThread "GC Thread#6"                     [id=30176, stack(0x0000004871700000,0x0000004871800000) (1024K)]
  0x000001df45f22af0 WorkerThread "GC Thread#7"                     [id=22704, stack(0x0000004870f00000,0x0000004871000000) (1024K)]
Total: 10

Threads with active compile tasks:
C2 CompilerThread0  81490 12509       4       java.lang.invoke.MethodHandleImpl::makePairwiseConvertByEditor (617 bytes)
C2 CompilerThread1  81490 12506       4       java.lang.invoke.MethodHandles$Lookup::getDirectFieldNoSecurityManager (12 bytes)
C2 CompilerThread2  81490 12450       4       org.lombokweb.asm.ClassReader::readCode (5117 bytes)
Total: 3

VM state: not at safepoint (normal execution)

VM Mutex/Monitor currently owned by a thread: None

Heap address: 0x0000000080000000, size: 2048 MB, Compressed Oops mode: 32-bit

CDS archive(s) mapped at: [0x000001df00000000-0x000001df00ba0000-0x000001df00ba0000), size 12189696, SharedBaseAddress: 0x000001df00000000, ArchiveRelocationMode: 1.
Compressed class space mapped at: 0x000001df01000000-0x000001df41000000, reserved size: 1073741824
Narrow klass base: 0x000001df00000000, Narrow klass shift: 0, Narrow klass range: 0x100000000

GC Precious Log:
 CardTable entry size: 512
 CPUs: 8 total, 8 available
 Memory: 7971M
 Large Page Support: Disabled
 NUMA Support: Disabled
 Compressed Oops: Enabled (32-bit)
 Alignments: Space 512K, Generation 512K, Heap 2M
 Heap Min Capacity: 100M
 Heap Initial Capacity: 100M
 Heap Max Capacity: 2G
 Pre-touch: Disabled
 Parallel Workers: 8

Heap:
 PSYoungGen      total 23040K, used 17723K [0x00000000d5580000, 0x00000000d7f00000, 0x0000000100000000)
  eden space 19456K, 72% used [0x00000000d5580000,0x00000000d63502e8,0x00000000d6880000)
  from space 3584K, 99% used [0x00000000d7280000,0x00000000d75feb30,0x00000000d7600000)
  to   space 10240K, 0% used [0x00000000d6880000,0x00000000d6880000,0x00000000d7280000)
 ParOldGen       total 859136K, used 858633K [0x0000000080000000, 0x00000000b4700000, 0x00000000d5580000)
  object space 859136K, 99% used [0x0000000080000000,0x00000000b4682610,0x00000000b4700000)
 Metaspace       used 67922K, committed 69440K, reserved 1114112K
  class space    used 6961K, committed 7616K, reserved 1048576K

Card table byte_map: [0x000001df62890000,0x000001df62ca0000] _byte_map_base: 0x000001df62490000

Marking Bits: (ParMarkBitMap*) 0x00007ffd0b5531f0
 Begin Bits: [0x000001df75390000, 0x000001df77390000)
 End Bits:   [0x000001df77390000, 0x000001df79390000)

Polling page: 0x000001df60cb0000

Metaspace:

Usage:
  Non-class:     59.53 MB used.
      Class:      6.80 MB used.
       Both:     66.33 MB used.

Virtual space:
  Non-class space:       64.00 MB reserved,      60.38 MB ( 94%) committed,  1 nodes.
      Class space:        1.00 GB reserved,       7.44 MB ( <1%) committed,  1 nodes.
             Both:        1.06 GB reserved,      67.81 MB (  6%) committed. 

Chunk freelists:
   Non-Class:  3.02 MB
       Class:  8.42 MB
        Both:  11.44 MB

MaxMetaspaceSize: unlimited
CompressedClassSpaceSize: 1.00 GB
Initial GC threshold: 21.00 MB
Current GC threshold: 97.31 MB
CDS: on
 - commit_granule_bytes: 65536.
 - commit_granule_words: 8192.
 - virtual_space_node_default_size: 8388608.
 - enlarge_chunks_in_place: 1.
 - use_allocation_guard: 0.


Internal statistics:

num_allocs_failed_limit: 9.
num_arena_births: 1264.
num_arena_deaths: 18.
num_vsnodes_births: 2.
num_vsnodes_deaths: 0.
num_space_committed: 1085.
num_space_uncommitted: 0.
num_chunks_returned_to_freelist: 28.
num_chunks_taken_from_freelist: 4547.
num_chunk_merges: 14.
num_chunk_splits: 2757.
num_chunks_enlarged: 1520.
num_inconsistent_stats: 0.

CodeHeap 'non-profiled nmethods': size=120000Kb used=11402Kb max_used=11402Kb free=108597Kb
 bounds [0x000001df6dbb0000, 0x000001df6e6e0000, 0x000001df750e0000]
CodeHeap 'profiled nmethods': size=120000Kb used=27190Kb max_used=27190Kb free=92809Kb
 bounds [0x000001df660e0000, 0x000001df67b70000, 0x000001df6d610000]
CodeHeap 'non-nmethods': size=5760Kb used=1462Kb max_used=1544Kb free=4297Kb
 bounds [0x000001df6d610000, 0x000001df6d880000, 0x000001df6dbb0000]
 total_blobs=12472 nmethods=11702 adapters=675
 compilation: enabled
              stopped_count=0, restarted_count=0
 full_count=0

Compilation events (20 events):
Event: 81.204 Thread 0x000001df46468ca0 nmethod 12487 0x000001df6e6b6c10 code [0x000001df6e6b6de0, 0x000001df6e6b76b0]
Event: 81.340 Thread 0x000001df45151430 12491       3       org.eclipse.jdt.internal.core.ClasspathEntry::fullExclusionPatternChars (81 bytes)
Event: 81.341 Thread 0x000001df45151430 nmethod 12491 0x000001df67b67390 code [0x000001df67b675e0, 0x000001df67b67df0]
Event: 81.341 Thread 0x000001df45151430 12492       1       org.eclipse.jdt.internal.core.SourceMethod::getElementType (3 bytes)
Event: 81.341 Thread 0x000001df45151430 nmethod 12492 0x000001df6e6b7a90 code [0x000001df6e6b7c20, 0x000001df6e6b7ce8]
Event: 81.341 Thread 0x000001df46468ca0 12493       4       java.lang.invoke.MemberName::changeReferenceKind (46 bytes)
Event: 81.342 Thread 0x000001df46468ca0 nmethod 12493 0x000001df6e6b7d90 code [0x000001df6e6b7f20, 0x000001df6e6b7fb8]
Event: 81.343 Thread 0x000001df46468ca0 12494  s    4       org.eclipse.jdt.internal.core.JavaModelManager::getInfo (39 bytes)
Event: 81.348 Thread 0x000001df45151430 12495       3       org.eclipse.jdt.internal.core.util.MementoTokenizer::nextToken (647 bytes)
Event: 81.350 Thread 0x000001df45151430 nmethod 12495 0x000001df67b68190 code [0x000001df67b68520, 0x000001df67b69848]
Event: 81.350 Thread 0x000001df45151430 12497   !   3       org.eclipse.jdt.core.dom.ASTNode::acceptChildren (49 bytes)
Event: 81.351 Thread 0x000001df45151430 nmethod 12497 0x000001df67b69d90 code [0x000001df67b69fe0, 0x000001df67b6a900]
Event: 81.351 Thread 0x000001df45151430 12498   !   3       org.eclipse.jdt.core.dom.ASTNode$NodeList::newCursor (50 bytes)
Event: 81.352 Thread 0x000001df45151430 nmethod 12498 0x000001df67b6ae10 code [0x000001df67b6afe0, 0x000001df67b6b4e8]
Event: 81.352 Thread 0x000001df45151430 12499       3       org.eclipse.core.internal.resources.Container::getFolder (22 bytes)
Event: 81.352 Thread 0x000001df45151430 nmethod 12499 0x000001df67b6b710 code [0x000001df67b6b8e0, 0x000001df67b6bc78]
Event: 81.352 Thread 0x000001df45151430 12500       3       org.eclipse.jdt.core.dom.SimpleName::accept0 (12 bytes)
Event: 81.353 Thread 0x000001df45151430 nmethod 12500 0x000001df67b6be10 code [0x000001df67b6bfe0, 0x000001df67b6c290]
Event: 81.353 Thread 0x000001df45151430 12501   !   3       sun.nio.ch.PendingFuture::prepareForWait (43 bytes)
Event: 81.353 Thread 0x000001df45151430 nmethod 12501 0x000001df67b6c390 code [0x000001df67b6c580, 0x000001df67b6cbc0]

GC Heap History (20 events):
Event: 74.396 GC heap before
{Heap before GC invocations=1534 (full 3):
 PSYoungGen      total 25088K, used 24971K [0x00000000d5580000, 0x00000000d7780000, 0x0000000100000000)
  eden space 24576K, 100% used [0x00000000d5580000,0x00000000d6d80000,0x00000000d6d80000)
  from space 512K, 77% used [0x00000000d7700000,0x00000000d7762fb0,0x00000000d7780000)
  to   space 512K, 0% used [0x00000000d7680000,0x00000000d7680000,0x00000000d7700000)
 ParOldGen       total 845824K, used 845529K [0x0000000080000000, 0x00000000b3a00000, 0x00000000d5580000)
  object space 845824K, 99% used [0x0000000080000000,0x00000000b39b6440,0x00000000b3a00000)
 Metaspace       used 64545K, committed 65984K, reserved 1114112K
  class space    used 6700K, committed 7296K, reserved 1048576K
}
Event: 74.398 GC heap after
{Heap after GC invocations=1534 (full 3):
 PSYoungGen      total 24576K, used 500K [0x00000000d5580000, 0x00000000d7780000, 0x0000000100000000)
  eden space 24064K, 0% used [0x00000000d5580000,0x00000000d5580000,0x00000000d6d00000)
  from space 512K, 97% used [0x00000000d7680000,0x00000000d76fd200,0x00000000d7700000)
  to   space 512K, 0% used [0x00000000d7700000,0x00000000d7700000,0x00000000d7780000)
 ParOldGen       total 845824K, used 845783K [0x0000000080000000, 0x00000000b3a00000, 0x00000000d5580000)
  object space 845824K, 99% used [0x0000000080000000,0x00000000b39f5cf8,0x00000000b3a00000)
 Metaspace       used 64545K, committed 65984K, reserved 1114112K
  class space    used 6700K, committed 7296K, reserved 1048576K
}
Event: 74.443 GC heap before
{Heap before GC invocations=1535 (full 3):
 PSYoungGen      total 24576K, used 24564K [0x00000000d5580000, 0x00000000d7780000, 0x0000000100000000)
  eden space 24064K, 100% used [0x00000000d5580000,0x00000000d6d00000,0x00000000d6d00000)
  from space 512K, 97% used [0x00000000d7680000,0x00000000d76fd200,0x00000000d7700000)
  to   space 512K, 0% used [0x00000000d7700000,0x00000000d7700000,0x00000000d7780000)
 ParOldGen       total 845824K, used 845783K [0x0000000080000000, 0x00000000b3a00000, 0x00000000d5580000)
  object space 845824K, 99% used [0x0000000080000000,0x00000000b39f5cf8,0x00000000b3a00000)
 Metaspace       used 64550K, committed 65984K, reserved 1114112K
  class space    used 6700K, committed 7296K, reserved 1048576K
}
Event: 74.446 GC heap after
{Heap after GC invocations=1535 (full 3):
 PSYoungGen      total 24064K, used 512K [0x00000000d5580000, 0x00000000d7780000, 0x0000000100000000)
  eden space 23552K, 0% used [0x00000000d5580000,0x00000000d5580000,0x00000000d6c80000)
  from space 512K, 100% used [0x00000000d7700000,0x00000000d7780000,0x00000000d7780000)
  to   space 1024K, 0% used [0x00000000d7580000,0x00000000d7580000,0x00000000d7680000)
 ParOldGen       total 846336K, used 846110K [0x0000000080000000, 0x00000000b3a80000, 0x00000000d5580000)
  object space 846336K, 99% used [0x0000000080000000,0x00000000b3a47848,0x00000000b3a80000)
 Metaspace       used 64550K, committed 65984K, reserved 1114112K
  class space    used 6700K, committed 7296K, reserved 1048576K
}
Event: 74.482 GC heap before
{Heap before GC invocations=1536 (full 3):
 PSYoungGen      total 24064K, used 24064K [0x00000000d5580000, 0x00000000d7780000, 0x0000000100000000)
  eden space 23552K, 100% used [0x00000000d5580000,0x00000000d6c80000,0x00000000d6c80000)
  from space 512K, 100% used [0x00000000d7700000,0x00000000d7780000,0x00000000d7780000)
  to   space 1024K, 0% used [0x00000000d7580000,0x00000000d7580000,0x00000000d7680000)
 ParOldGen       total 846336K, used 846110K [0x0000000080000000, 0x00000000b3a80000, 0x00000000d5580000)
  object space 846336K, 99% used [0x0000000080000000,0x00000000b3a47848,0x00000000b3a80000)
 Metaspace       used 64558K, committed 65984K, reserved 1114112K
  class space    used 6700K, committed 7296K, reserved 1048576K
}
Event: 74.485 GC heap after
{Heap after GC invocations=1536 (full 3):
 PSYoungGen      total 24064K, used 1008K [0x00000000d5580000, 0x00000000d7780000, 0x0000000100000000)
  eden space 23040K, 0% used [0x00000000d5580000,0x00000000d5580000,0x00000000d6c00000)
  from space 1024K, 98% used [0x00000000d7580000,0x00000000d767c000,0x00000000d7680000)
  to   space 1024K, 0% used [0x00000000d7680000,0x00000000d7680000,0x00000000d7780000)
 ParOldGen       total 846848K, used 846422K [0x0000000080000000, 0x00000000b3b00000, 0x00000000d5580000)
  object space 846848K, 99% used [0x0000000080000000,0x00000000b3a95848,0x00000000b3b00000)
 Metaspace       used 64558K, committed 65984K, reserved 1114112K
  class space    used 6700K, committed 7296K, reserved 1048576K
}
Event: 74.520 GC heap before
{Heap before GC invocations=1537 (full 3):
 PSYoungGen      total 24064K, used 24048K [0x00000000d5580000, 0x00000000d7780000, 0x0000000100000000)
  eden space 23040K, 100% used [0x00000000d5580000,0x00000000d6c00000,0x00000000d6c00000)
  from space 1024K, 98% used [0x00000000d7580000,0x00000000d767c000,0x00000000d7680000)
  to   space 1024K, 0% used [0x00000000d7680000,0x00000000d7680000,0x00000000d7780000)
 ParOldGen       total 846848K, used 846422K [0x0000000080000000, 0x00000000b3b00000, 0x00000000d5580000)
  object space 846848K, 99% used [0x0000000080000000,0x00000000b3a959e0,0x00000000b3b00000)
 Metaspace       used 64562K, committed 65984K, reserved 1114112K
  class space    used 6700K, committed 7296K, reserved 1048576K
}
Event: 74.523 GC heap after
{Heap after GC invocations=1537 (full 3):
 PSYoungGen      total 23552K, used 432K [0x00000000d5580000, 0x00000000d7700000, 0x0000000100000000)
  eden space 23040K, 0% used [0x00000000d5580000,0x00000000d5580000,0x00000000d6c00000)
  from space 512K, 84% used [0x00000000d7680000,0x00000000d76ec010,0x00000000d7700000)
  to   space 1024K, 0% used [0x00000000d7500000,0x00000000d7500000,0x00000000d7600000)
 ParOldGen       total 847872K, used 847414K [0x0000000080000000, 0x00000000b3c00000, 0x00000000d5580000)
  object space 847872K, 99% used [0x0000000080000000,0x00000000b3b8d9e0,0x00000000b3c00000)
 Metaspace       used 64562K, committed 65984K, reserved 1114112K
  class space    used 6700K, committed 7296K, reserved 1048576K
}
Event: 74.559 GC heap before
{Heap before GC invocations=1538 (full 3):
 PSYoungGen      total 23552K, used 23472K [0x00000000d5580000, 0x00000000d7700000, 0x0000000100000000)
  eden space 23040K, 100% used [0x00000000d5580000,0x00000000d6c00000,0x00000000d6c00000)
  from space 512K, 84% used [0x00000000d7680000,0x00000000d76ec010,0x00000000d7700000)
  to   space 1024K, 0% used [0x00000000d7500000,0x00000000d7500000,0x00000000d7600000)
 ParOldGen       total 847872K, used 847416K [0x0000000080000000, 0x00000000b3c00000, 0x00000000d5580000)
  object space 847872K, 99% used [0x0000000080000000,0x00000000b3b8e158,0x00000000b3c00000)
 Metaspace       used 64567K, committed 66048K, reserved 1114112K
  class space    used 6700K, committed 7296K, reserved 1048576K
}
Event: 74.562 GC heap after
{Heap after GC invocations=1538 (full 3):
 PSYoungGen      total 23552K, used 416K [0x00000000d5580000, 0x00000000d7700000, 0x0000000100000000)
  eden space 22528K, 0% used [0x00000000d5580000,0x00000000d5580000,0x00000000d6b80000)
  from space 1024K, 40% used [0x00000000d7500000,0x00000000d7568000,0x00000000d7600000)
  to   space 512K, 0% used [0x00000000d7680000,0x00000000d7680000,0x00000000d7700000)
 ParOldGen       total 847872K, used 847648K [0x0000000080000000, 0x00000000b3c00000, 0x00000000d5580000)
  object space 847872K, 99% used [0x0000000080000000,0x00000000b3bc8158,0x00000000b3c00000)
 Metaspace       used 64567K, committed 66048K, reserved 1114112K
  class space    used 6700K, committed 7296K, reserved 1048576K
}
Event: 75.250 GC heap before
{Heap before GC invocations=1539 (full 3):
 PSYoungGen      total 23552K, used 22944K [0x00000000d5580000, 0x00000000d7700000, 0x0000000100000000)
  eden space 22528K, 100% used [0x00000000d5580000,0x00000000d6b80000,0x00000000d6b80000)
  from space 1024K, 40% used [0x00000000d7500000,0x00000000d7568000,0x00000000d7600000)
  to   space 512K, 0% used [0x00000000d7680000,0x00000000d7680000,0x00000000d7700000)
 ParOldGen       total 847872K, used 847648K [0x0000000080000000, 0x00000000b3c00000, 0x00000000d5580000)
  object space 847872K, 99% used [0x0000000080000000,0x00000000b3bc8158,0x00000000b3c00000)
 Metaspace       used 64780K, committed 66176K, reserved 1114112K
  class space    used 6726K, committed 7296K, reserved 1048576K
}
Event: 75.257 GC heap after
{Heap after GC invocations=1539 (full 3):
 PSYoungGen      total 22528K, used 506K [0x00000000d5580000, 0x00000000d7700000, 0x0000000100000000)
  eden space 22016K, 0% used [0x00000000d5580000,0x00000000d5580000,0x00000000d6b00000)
  from space 512K, 98% used [0x00000000d7680000,0x00000000d76fe8d8,0x00000000d7700000)
  to   space 1536K, 0% used [0x00000000d7400000,0x00000000d7400000,0x00000000d7580000)
 ParOldGen       total 848896K, used 848444K [0x0000000080000000, 0x00000000b3d00000, 0x00000000d5580000)
  object space 848896K, 99% used [0x0000000080000000,0x00000000b3c8f378,0x00000000b3d00000)
 Metaspace       used 64780K, committed 66176K, reserved 1114112K
  class space    used 6726K, committed 7296K, reserved 1048576K
}
Event: 76.825 GC heap before
{Heap before GC invocations=1540 (full 3):
 PSYoungGen      total 22528K, used 22522K [0x00000000d5580000, 0x00000000d7700000, 0x0000000100000000)
  eden space 22016K, 100% used [0x00000000d5580000,0x00000000d6b00000,0x00000000d6b00000)
  from space 512K, 98% used [0x00000000d7680000,0x00000000d76fe8d8,0x00000000d7700000)
  to   space 1536K, 0% used [0x00000000d7400000,0x00000000d7400000,0x00000000d7580000)
 ParOldGen       total 848896K, used 848444K [0x0000000080000000, 0x00000000b3d00000, 0x00000000d5580000)
  object space 848896K, 99% used [0x0000000080000000,0x00000000b3c8f378,0x00000000b3d00000)
 Metaspace       used 65074K, committed 66560K, reserved 1114112K
  class space    used 6753K, committed 7360K, reserved 1048576K
}
Event: 76.830 GC heap after
{Heap after GC invocations=1540 (full 3):
 PSYoungGen      total 23552K, used 1494K [0x00000000d5580000, 0x00000000d7700000, 0x0000000100000000)
  eden space 22016K, 0% used [0x00000000d5580000,0x00000000d5580000,0x00000000d6b00000)
  from space 1536K, 97% used [0x00000000d7400000,0x00000000d7575a20,0x00000000d7580000)
  to   space 1536K, 0% used [0x00000000d7580000,0x00000000d7580000,0x00000000d7700000)
 ParOldGen       total 848896K, used 848780K [0x0000000080000000, 0x00000000b3d00000, 0x00000000d5580000)
  object space 848896K, 99% used [0x0000000080000000,0x00000000b3ce3378,0x00000000b3d00000)
 Metaspace       used 65074K, committed 66560K, reserved 1114112K
  class space    used 6753K, committed 7360K, reserved 1048576K
}
Event: 77.221 GC heap before
{Heap before GC invocations=1541 (full 3):
 PSYoungGen      total 23552K, used 23510K [0x00000000d5580000, 0x00000000d7700000, 0x0000000100000000)
  eden space 22016K, 100% used [0x00000000d5580000,0x00000000d6b00000,0x00000000d6b00000)
  from space 1536K, 97% used [0x00000000d7400000,0x00000000d7575a20,0x00000000d7580000)
  to   space 1536K, 0% used [0x00000000d7580000,0x00000000d7580000,0x00000000d7700000)
 ParOldGen       total 848896K, used 848780K [0x0000000080000000, 0x00000000b3d00000, 0x00000000d5580000)
  object space 848896K, 99% used [0x0000000080000000,0x00000000b3ce3378,0x00000000b3d00000)
 Metaspace       used 65214K, committed 66688K, reserved 1114112K
  class space    used 6760K, committed 7360K, reserved 1048576K
}
Event: 77.229 GC heap after
{Heap after GC invocations=1541 (full 3):
 PSYoungGen      total 23552K, used 1529K [0x00000000d5580000, 0x00000000d7700000, 0x0000000100000000)
  eden space 22016K, 0% used [0x00000000d5580000,0x00000000d5580000,0x00000000d6b00000)
  from space 1536K, 99% used [0x00000000d7580000,0x00000000d76fe5d8,0x00000000d7700000)
  to   space 5120K, 0% used [0x00000000d6d00000,0x00000000d6d00000,0x00000000d7200000)
 ParOldGen       total 851968K, used 851685K [0x0000000080000000, 0x00000000b4000000, 0x00000000d5580000)
  object space 851968K, 99% used [0x0000000080000000,0x00000000b3fb9638,0x00000000b4000000)
 Metaspace       used 65214K, committed 66688K, reserved 1114112K
  class space    used 6760K, committed 7360K, reserved 1048576K
}
Event: 78.537 GC heap before
{Heap before GC invocations=1542 (full 3):
 PSYoungGen      total 23552K, used 23545K [0x00000000d5580000, 0x00000000d7700000, 0x0000000100000000)
  eden space 22016K, 100% used [0x00000000d5580000,0x00000000d6b00000,0x00000000d6b00000)
  from space 1536K, 99% used [0x00000000d7580000,0x00000000d76fe5d8,0x00000000d7700000)
  to   space 5120K, 0% used [0x00000000d6d00000,0x00000000d6d00000,0x00000000d7200000)
 ParOldGen       total 851968K, used 851685K [0x0000000080000000, 0x00000000b4000000, 0x00000000d5580000)
  object space 851968K, 99% used [0x0000000080000000,0x00000000b3fb9638,0x00000000b4000000)
 Metaspace       used 65435K, committed 66880K, reserved 1114112K
  class space    used 6767K, committed 7360K, reserved 1048576K
}
Event: 78.568 GC heap after
{Heap after GC invocations=1542 (full 3):
 PSYoungGen      total 27136K, used 2858K [0x00000000d5580000, 0x00000000d7600000, 0x0000000100000000)
  eden space 22016K, 0% used [0x00000000d5580000,0x00000000d5580000,0x00000000d6b00000)
  from space 5120K, 55% used [0x00000000d6d00000,0x00000000d6fca9d0,0x00000000d7200000)
  to   space 3584K, 0% used [0x00000000d7280000,0x00000000d7280000,0x00000000d7600000)
 ParOldGen       total 853504K, used 853244K [0x0000000080000000, 0x00000000b4180000, 0x00000000d5580000)
  object space 853504K, 99% used [0x0000000080000000,0x00000000b413f278,0x00000000b4180000)
 Metaspace       used 65435K, committed 66880K, reserved 1114112K
  class space    used 6767K, committed 7360K, reserved 1048576K
}
Event: 80.926 GC heap before
{Heap before GC invocations=1543 (full 3):
 PSYoungGen      total 27136K, used 24874K [0x00000000d5580000, 0x00000000d7600000, 0x0000000100000000)
  eden space 22016K, 100% used [0x00000000d5580000,0x00000000d6b00000,0x00000000d6b00000)
  from space 5120K, 55% used [0x00000000d6d00000,0x00000000d6fca9d0,0x00000000d7200000)
  to   space 3584K, 0% used [0x00000000d7280000,0x00000000d7280000,0x00000000d7600000)
 ParOldGen       total 853504K, used 853244K [0x0000000080000000, 0x00000000b4180000, 0x00000000d5580000)
  object space 853504K, 99% used [0x0000000080000000,0x00000000b413f278,0x00000000b4180000)
 Metaspace       used 67107K, committed 68608K, reserved 1114112K
  class space    used 6911K, committed 7552K, reserved 1048576K
}
Event: 80.994 GC heap after
{Heap after GC invocations=1543 (full 3):
 PSYoungGen      total 23040K, used 3578K [0x00000000d5580000, 0x00000000d7f00000, 0x0000000100000000)
  eden space 19456K, 0% used [0x00000000d5580000,0x00000000d5580000,0x00000000d6880000)
  from space 3584K, 99% used [0x00000000d7280000,0x00000000d75feb30,0x00000000d7600000)
  to   space 10240K, 0% used [0x00000000d6880000,0x00000000d6880000,0x00000000d7280000)
 ParOldGen       total 859136K, used 858633K [0x0000000080000000, 0x00000000b4700000, 0x00000000d5580000)
  object space 859136K, 99% used [0x0000000080000000,0x00000000b4682610,0x00000000b4700000)
 Metaspace       used 67107K, committed 68608K, reserved 1114112K
  class space    used 6911K, committed 7552K, reserved 1048576K
}

Dll operation events (10 events):
Event: 0.020 Loaded shared library c:\Users\migue\.vscode\extensions\redhat.java-1.43.1-win32-x64\jre\21.0.7-win32-x86_64\bin\java.dll
Event: 0.128 Loaded shared library c:\Users\migue\.vscode\extensions\redhat.java-1.43.1-win32-x64\jre\21.0.7-win32-x86_64\bin\zip.dll
Event: 0.160 Loaded shared library C:\Users\migue\.vscode\extensions\redhat.java-1.43.1-win32-x64\jre\21.0.7-win32-x86_64\bin\instrument.dll
Event: 0.171 Loaded shared library C:\Users\migue\.vscode\extensions\redhat.java-1.43.1-win32-x64\jre\21.0.7-win32-x86_64\bin\net.dll
Event: 0.177 Loaded shared library C:\Users\migue\.vscode\extensions\redhat.java-1.43.1-win32-x64\jre\21.0.7-win32-x86_64\bin\nio.dll
Event: 0.183 Loaded shared library C:\Users\migue\.vscode\extensions\redhat.java-1.43.1-win32-x64\jre\21.0.7-win32-x86_64\bin\zip.dll
Event: 0.214 Loaded shared library C:\Users\migue\.vscode\extensions\redhat.java-1.43.1-win32-x64\jre\21.0.7-win32-x86_64\bin\jimage.dll
Event: 0.331 Loaded shared library c:\Users\migue\.vscode\extensions\redhat.java-1.43.1-win32-x64\jre\21.0.7-win32-x86_64\bin\verify.dll
Event: 15.860 Loaded shared library C:\Users\migue\AppData\Roaming\Code\User\globalStorage\redhat.java\1.43.1\config_win\org.eclipse.equinox.launcher\org.eclipse.equinox.launcher.win32.win32.x86_64_1.2.1300.v20250331-1702\eclipse_11911.dll
Event: 30.485 Loaded shared library C:\Users\migue\AppData\Local\Temp\jna-103894555\jna4394364587046010762.dll

Deoptimization events (20 events):
Event: 81.125 Thread 0x000001df4a0ca2c0 DEOPT PACKING pc=0x000001df6e1535e4 sp=0x0000004874cfdaa0
Event: 81.125 Thread 0x000001df4a0ca2c0 DEOPT UNPACKING pc=0x000001df6d666da2 sp=0x0000004874cfda20 mode 2
Event: 81.125 Thread 0x000001df4a0ca2c0 Uncommon trap: trap_request=0xffffff45 fr.pc=0x000001df6e169d30 relative=0x00000000000000b0
Event: 81.125 Thread 0x000001df4a0ca2c0 Uncommon trap: reason=unstable_if action=reinterpret pc=0x000001df6e169d30 method=org.eclipse.jdt.core.Signature.encodeQualifiedName([CIILjava/lang/StringBuilder;)I @ 16 c2
Event: 81.125 Thread 0x000001df4a0ca2c0 DEOPT PACKING pc=0x000001df6e169d30 sp=0x0000004874cfda20
Event: 81.125 Thread 0x000001df4a0ca2c0 DEOPT UNPACKING pc=0x000001df6d666da2 sp=0x0000004874cfda00 mode 2
Event: 81.125 Thread 0x000001df4a0ca2c0 Uncommon trap: trap_request=0xffffff45 fr.pc=0x000001df6e1c5708 relative=0x0000000000000148
Event: 81.125 Thread 0x000001df4a0ca2c0 Uncommon trap: reason=unstable_if action=reinterpret pc=0x000001df6e1c5708 method=org.eclipse.jdt.core.Signature.checkNextChar([CCIIZ)I @ 9 c2
Event: 81.131 Thread 0x000001df4a0ca2c0 DEOPT PACKING pc=0x000001df6e1c5708 sp=0x0000004874cfda80
Event: 81.132 Thread 0x000001df4a0ca2c0 DEOPT UNPACKING pc=0x000001df6d666da2 sp=0x0000004874cfda10 mode 2
Event: 81.156 Thread 0x000001df4a0ca950 DEOPT PACKING pc=0x000001df6696aef9 sp=0x0000004874dfc530
Event: 81.156 Thread 0x000001df4a0ca950 DEOPT UNPACKING pc=0x000001df6d6678e2 sp=0x0000004874dfbad8 mode 0
Event: 81.165 Thread 0x000001df4a0ca950 Uncommon trap: trap_request=0xffffff45 fr.pc=0x000001df6e657af4 relative=0x00000000000010f4
Event: 81.165 Thread 0x000001df4a0ca950 Uncommon trap: reason=unstable_if action=reinterpret pc=0x000001df6e657af4 method=org.lombokweb.asm.MethodWriter.putMethodInfo(Lorg/lombokweb/asm/ByteVector;)V @ 136 c2
Event: 81.165 Thread 0x000001df4a0ca950 DEOPT PACKING pc=0x000001df6e657af4 sp=0x0000004874dfc680
Event: 81.165 Thread 0x000001df4a0ca950 DEOPT UNPACKING pc=0x000001df6d666da2 sp=0x0000004874dfc628 mode 2
Event: 81.340 Thread 0x000001df4a0ca2c0 Uncommon trap: trap_request=0xfffffff4 fr.pc=0x000001df6e655030 relative=0x0000000000002890
Event: 81.340 Thread 0x000001df4a0ca2c0 Uncommon trap: reason=null_check action=make_not_entrant pc=0x000001df6e655030 method=org.eclipse.jdt.internal.core.JavaModelCache.getInfo(Lorg/eclipse/jdt/core/IJavaElement;)Lorg/eclipse/jdt/internal/compiler/env/IElementInfo; @ 152 c2
Event: 81.340 Thread 0x000001df4a0ca2c0 DEOPT PACKING pc=0x000001df6e655030 sp=0x0000004874cfe110
Event: 81.340 Thread 0x000001df4a0ca2c0 DEOPT UNPACKING pc=0x000001df6d666da2 sp=0x0000004874cfe080 mode 2

Classes loaded (20 events):
Event: 72.088 Loading class javax/crypto/NullCipher
Event: 72.088 Loading class javax/crypto/NullCipher done
Event: 72.088 Loading class sun/security/util/ArrayUtil
Event: 72.106 Loading class sun/security/util/ArrayUtil done
Event: 72.503 Loading class java/util/zip/CheckedInputStream
Event: 72.558 Loading class java/util/zip/CheckedInputStream done
Event: 73.083 Loading class java/util/zip/GZIPInputStream$1
Event: 73.084 Loading class java/util/zip/GZIPInputStream$1 done
Event: 75.677 Loading class java/util/HashMap$EntrySpliterator
Event: 75.677 Loading class java/util/HashMap$EntrySpliterator done
Event: 76.238 Loading class java/util/stream/ReduceOps$5
Event: 76.238 Loading class java/util/stream/ReduceOps$5 done
Event: 76.238 Loading class java/util/stream/ReduceOps$CountingSink$OfRef
Event: 76.503 Loading class java/util/stream/ReduceOps$CountingSink
Event: 76.504 Loading class java/util/stream/ReduceOps$CountingSink done
Event: 76.504 Loading class java/util/stream/ReduceOps$CountingSink$OfRef done
Event: 76.948 Loading class java/util/stream/ReduceOps$1
Event: 76.948 Loading class java/util/stream/ReduceOps$1 done
Event: 76.948 Loading class java/util/stream/ReduceOps$1ReducingSink
Event: 76.948 Loading class java/util/stream/ReduceOps$1ReducingSink done

Classes unloaded (9 events):
Event: 31.537 Thread 0x000001df62e84770 Unloading class 0x000001df011a5000 'java/lang/invoke/LambdaForm$MH+0x000001df011a5000'
Event: 31.537 Thread 0x000001df62e84770 Unloading class 0x000001df011a4c00 'java/lang/invoke/LambdaForm$MH+0x000001df011a4c00'
Event: 31.537 Thread 0x000001df62e84770 Unloading class 0x000001df011a4800 'java/lang/invoke/LambdaForm$MH+0x000001df011a4800'
Event: 31.537 Thread 0x000001df62e84770 Unloading class 0x000001df011a4400 'java/lang/invoke/LambdaForm$MH+0x000001df011a4400'
Event: 31.537 Thread 0x000001df62e84770 Unloading class 0x000001df011a4000 'java/lang/invoke/LambdaForm$BMH+0x000001df011a4000'
Event: 31.537 Thread 0x000001df62e84770 Unloading class 0x000001df011a3c00 'java/lang/invoke/LambdaForm$DMH+0x000001df011a3c00'
Event: 31.537 Thread 0x000001df62e84770 Unloading class 0x000001df011a2800 'java/lang/invoke/LambdaForm$DMH+0x000001df011a2800'
Event: 48.560 Thread 0x000001df62e84770 Unloading class 0x000001df0166cc00 'java/lang/invoke/LambdaForm$DMH+0x000001df0166cc00'
Event: 48.560 Thread 0x000001df62e84770 Unloading class 0x000001df0166c800 'java/lang/invoke/LambdaForm$DMH+0x000001df0166c800'

Classes redefined (0 events):
No events

Internal exceptions (20 events):
Event: 75.211 Thread 0x000001df45770ce0 Exception <a 'sun/nio/fs/WindowsException'{0x00000000d686bcd8}> (0x00000000d686bcd8) 
thrown [s\src\hotspot\share\prims\jni.cpp, line 520]
Event: 75.211 Thread 0x000001df45770ce0 Exception <a 'sun/nio/fs/WindowsException'{0x00000000d686c770}> (0x00000000d686c770) 
thrown [s\src\hotspot\share\prims\jni.cpp, line 520]
Event: 75.211 Thread 0x000001df45770ce0 Exception <a 'sun/nio/fs/WindowsException'{0x00000000d686cda0}> (0x00000000d686cda0) 
thrown [s\src\hotspot\share\prims\jni.cpp, line 520]
Event: 75.212 Thread 0x000001df45770ce0 Exception <a 'sun/nio/fs/WindowsException'{0x00000000d686e2a8}> (0x00000000d686e2a8) 
thrown [s\src\hotspot\share\prims\jni.cpp, line 520]
Event: 75.212 Thread 0x000001df45770ce0 Exception <a 'sun/nio/fs/WindowsException'{0x00000000d686e8d8}> (0x00000000d686e8d8) 
thrown [s\src\hotspot\share\prims\jni.cpp, line 520]
Event: 75.220 Thread 0x000001df45770ce0 Exception <a 'sun/nio/fs/WindowsException'{0x00000000d688af60}> (0x00000000d688af60) 
thrown [s\src\hotspot\share\prims\jni.cpp, line 520]
Event: 75.220 Thread 0x000001df45770ce0 Exception <a 'sun/nio/fs/WindowsException'{0x00000000d688b840}> (0x00000000d688b840) 
thrown [s\src\hotspot\share\prims\jni.cpp, line 520]
Event: 75.412 Thread 0x000001df45770ce0 Exception <a 'sun/nio/fs/WindowsException'{0x00000000d5893220}> (0x00000000d5893220) 
thrown [s\src\hotspot\share\prims\jni.cpp, line 520]
Event: 75.412 Thread 0x000001df45770ce0 Exception <a 'sun/nio/fs/WindowsException'{0x00000000d5893850}> (0x00000000d5893850) 
thrown [s\src\hotspot\share\prims\jni.cpp, line 520]
Event: 75.413 Thread 0x000001df45770ce0 Exception <a 'sun/nio/fs/WindowsException'{0x00000000d5894530}> (0x00000000d5894530) 
thrown [s\src\hotspot\share\prims\jni.cpp, line 520]
Event: 75.413 Thread 0x000001df45770ce0 Exception <a 'sun/nio/fs/WindowsException'{0x00000000d5894b60}> (0x00000000d5894b60) 
thrown [s\src\hotspot\share\prims\jni.cpp, line 520]
Event: 75.414 Thread 0x000001df45770ce0 Exception <a 'sun/nio/fs/WindowsException'{0x00000000d5896068}> (0x00000000d5896068) 
thrown [s\src\hotspot\share\prims\jni.cpp, line 520]
Event: 75.414 Thread 0x000001df45770ce0 Exception <a 'sun/nio/fs/WindowsException'{0x00000000d5896698}> (0x00000000d5896698) 
thrown [s\src\hotspot\share\prims\jni.cpp, line 520]
Event: 75.419 Thread 0x000001df45770ce0 Exception <a 'sun/nio/fs/WindowsException'{0x00000000d58b2ac8}> (0x00000000d58b2ac8) 
thrown [s\src\hotspot\share\prims\jni.cpp, line 520]
Event: 75.419 Thread 0x000001df45770ce0 Exception <a 'sun/nio/fs/WindowsException'{0x00000000d58b33a8}> (0x00000000d58b33a8) 
thrown [s\src\hotspot\share\prims\jni.cpp, line 520]
Event: 76.509 Thread 0x000001df45770ce0 Exception <a 'sun/nio/fs/WindowsException'{0x00000000d66dd8a8}> (0x00000000d66dd8a8) 
thrown [s\src\hotspot\share\prims\jni.cpp, line 520]
Event: 76.509 Thread 0x000001df45770ce0 Exception <a 'sun/nio/fs/WindowsException'{0x00000000d66dded8}> (0x00000000d66dded8) 
thrown [s\src\hotspot\share\prims\jni.cpp, line 520]
Event: 79.492 Thread 0x000001df4a0cca20 Exception <a 'java/lang/ArrayIndexOutOfBoundsException'{0x00000000d63dcf20}> (0x00000000d63dcf20) 
thrown [s\src\hotspot\share\runtime\sharedRuntime.cpp, line 625]
Event: 80.884 Thread 0x000001df4a0ca2c0 Implicit null exception at 0x000001df6e0ff9da to 0x000001df6e0ffa33
Event: 81.340 Thread 0x000001df4a0ca2c0 Implicit null exception at 0x000001df6e652ff3 to 0x000001df6e655020

ZGC Phase Switch (0 events):
No events

VM Operations (20 events):
Event: 74.520 Executing VM operation: ParallelGCSystemGC (GCLocker Initiated GC)
Event: 74.523 Executing VM operation: ParallelGCSystemGC (GCLocker Initiated GC) done
Event: 74.559 Executing VM operation: ParallelGCFailedAllocation (Allocation Failure)
Event: 74.562 Executing VM operation: ParallelGCFailedAllocation (Allocation Failure) done
Event: 74.913 Executing VM operation: HandshakeAllThreads (Deoptimize)
Event: 74.914 Executing VM operation: HandshakeAllThreads (Deoptimize) done
Event: 75.250 Executing VM operation: ParallelGCFailedAllocation (Allocation Failure)
Event: 75.257 Executing VM operation: ParallelGCFailedAllocation (Allocation Failure) done
Event: 76.258 Executing VM operation: Cleanup
Event: 76.502 Executing VM operation: Cleanup done
Event: 76.533 Executing VM operation: ParallelGCFailedAllocation (Allocation Failure)
Event: 76.830 Executing VM operation: ParallelGCFailedAllocation (Allocation Failure) done
Event: 77.221 Executing VM operation: ParallelGCFailedAllocation (Allocation Failure)
Event: 77.230 Executing VM operation: ParallelGCFailedAllocation (Allocation Failure) done
Event: 78.007 Executing VM operation: ParallelGCFailedAllocation (Allocation Failure)
Event: 78.568 Executing VM operation: ParallelGCFailedAllocation (Allocation Failure) done
Event: 79.570 Executing VM operation: Cleanup
Event: 79.570 Executing VM operation: Cleanup done
Event: 80.897 Executing VM operation: ParallelGCFailedAllocation (Allocation Failure)
Event: 80.994 Executing VM operation: ParallelGCFailedAllocation (Allocation Failure) done

Memory protections (0 events):
No events

Nmethod flushes (20 events):
Event: 48.591 Thread 0x000001df62e84770 flushing  nmethod 0x000001df66a19590
Event: 48.591 Thread 0x000001df62e84770 flushing  nmethod 0x000001df66a19d10
Event: 48.591 Thread 0x000001df62e84770 flushing  nmethod 0x000001df66a1a110
Event: 48.591 Thread 0x000001df62e84770 flushing  nmethod 0x000001df66a1a590
Event: 48.591 Thread 0x000001df62e84770 flushing  nmethod 0x000001df66a1ab90
Event: 48.591 Thread 0x000001df62e84770 flushing  nmethod 0x000001df66a1af90
Event: 48.591 Thread 0x000001df62e84770 flushing  nmethod 0x000001df66a1b590
Event: 48.591 Thread 0x000001df62e84770 flushing  nmethod 0x000001df66a38310
Event: 48.591 Thread 0x000001df62e84770 flushing  nmethod 0x000001df66a39b90
Event: 48.591 Thread 0x000001df62e84770 flushing  nmethod 0x000001df66a3a190
Event: 48.591 Thread 0x000001df62e84770 flushing  nmethod 0x000001df66a3ed90
Event: 48.591 Thread 0x000001df62e84770 flushing  nmethod 0x000001df66a41890
Event: 48.591 Thread 0x000001df62e84770 flushing  nmethod 0x000001df66a42310
Event: 48.591 Thread 0x000001df62e84770 flushing  nmethod 0x000001df66a42b10
Event: 48.591 Thread 0x000001df62e84770 flushing  nmethod 0x000001df66a56110
Event: 48.591 Thread 0x000001df62e84770 flushing  nmethod 0x000001df66a6f990
Event: 48.591 Thread 0x000001df62e84770 flushing  nmethod 0x000001df66a70190
Event: 48.591 Thread 0x000001df62e84770 flushing  nmethod 0x000001df66a70790
Event: 48.591 Thread 0x000001df62e84770 flushing  nmethod 0x000001df66a77610
Event: 48.591 Thread 0x000001df62e84770 flushing osr nmethod 0x000001df66a8fc10

Events (20 events):
Event: 70.411 Thread 0x000001df4a0cbd00 Thread added: 0x000001df4a0ca2c0
Event: 70.412 Thread 0x000001df4a0ca2c0 Thread added: 0x000001df4a0ca950
Event: 70.652 Thread 0x000001df45151430 Thread added: 0x000001df46465620
Event: 70.888 Thread 0x000001df46465620 Thread exited: 0x000001df46465620
Event: 71.026 Thread 0x000001df45770ce0 Thread added: 0x000001df4a0cc390
Event: 71.236 Thread 0x000001df4ae4e3a0 Thread added: 0x000001df4a0cafe0
Event: 71.267 Thread 0x000001df4ae4e3a0 Thread added: 0x000001df4a0cca20
Event: 71.298 Thread 0x000001df4ae4e3a0 Thread added: 0x000001df4a0cd0b0
Event: 71.319 Thread 0x000001df4a0cd0b0 Thread added: 0x000001df4a0cd740
Event: 71.584 Thread 0x000001df46468ca0 Thread exited: 0x000001df46468ca0
Event: 71.757 Thread 0x000001df45151430 Thread added: 0x000001df46468ca0
Event: 73.418 Thread 0x000001df45151430 Thread added: 0x000001df46465620
Event: 74.101 Thread 0x000001df4a0cd740 Thread exited: 0x000001df4a0cd740
Event: 76.039 Thread 0x000001df4a0cc390 Thread exited: 0x000001df4a0cc390
Event: 78.005 Thread 0x000001df46465620 Thread exited: 0x000001df46465620
Event: 78.006 Thread 0x000001df46468ca0 Thread exited: 0x000001df46468ca0
Event: 78.578 Thread 0x000001df45151430 Thread added: 0x000001df46468ca0
Event: 78.774 Thread 0x000001df46468ca0 Thread exited: 0x000001df46468ca0
Event: 80.995 Thread 0x000001df45151430 Thread added: 0x000001df46468ca0
Event: 80.995 Thread 0x000001df45151430 Thread added: 0x000001df46465620


Dynamic libraries:
0x00007ff6f5ca0000 - 0x00007ff6f5cae000 	c:\Users\migue\.vscode\extensions\redhat.java-1.43.1-win32-x64\jre\21.0.7-win32-x86_64\bin\java.exe
0x00007ffdbd820000 - 0x00007ffdbda85000 	C:\WINDOWS\SYSTEM32\ntdll.dll
0x00007ffdbbc70000 - 0x00007ffdbbd39000 	C:\WINDOWS\System32\KERNEL32.DLL
0x00007ffdbaab0000 - 0x00007ffdbae98000 	C:\WINDOWS\System32\KERNELBASE.dll
0x00007ffdbb2f0000 - 0x00007ffdbb43b000 	C:\WINDOWS\System32\ucrtbase.dll
0x00007ffda83a0000 - 0x00007ffda83b8000 	c:\Users\migue\.vscode\extensions\redhat.java-1.43.1-win32-x64\jre\21.0.7-win32-x86_64\bin\jli.dll
0x00007ffdbcc90000 - 0x00007ffdbce5a000 	C:\WINDOWS\System32\USER32.dll
0x00007ffdbb020000 - 0x00007ffdbb047000 	C:\WINDOWS\System32\win32u.dll
0x00007ffdbb980000 - 0x00007ffdbb9ab000 	C:\WINDOWS\System32\GDI32.dll
0x00007ffdbb1b0000 - 0x00007ffdbb2e7000 	C:\WINDOWS\System32\gdi32full.dll
0x00007ffdba970000 - 0x00007ffdbaa13000 	C:\WINDOWS\System32\msvcp_win.dll
0x00007ffda2f60000 - 0x00007ffda2f7e000 	c:\Users\migue\.vscode\extensions\redhat.java-1.43.1-win32-x64\jre\21.0.7-win32-x86_64\bin\VCRUNTIME140.dll
0x00007ffda3350000 - 0x00007ffda35ea000 	C:\WINDOWS\WinSxS\amd64_microsoft.windows.common-controls_6595b64144ccf1df_6.0.26100.4202_none_3e0698d4e335f517\COMCTL32.dll
0x00007ffdbb9c0000 - 0x00007ffdbba69000 	C:\WINDOWS\System32\msvcrt.dll
0x00007ffdbbb70000 - 0x00007ffdbbba0000 	C:\WINDOWS\System32\IMM32.DLL
0x00007ffd79570000 - 0x00007ffd7968a000 	C:\Program Files\Topaz OFD\Warsaw\wslbscr64.dll
0x00007ffdbbbb0000 - 0x00007ffdbbc63000 	C:\WINDOWS\System32\ADVAPI32.dll
0x00007ffdbb5c0000 - 0x00007ffdbb666000 	C:\WINDOWS\System32\sechost.dll
0x00007ffdbc140000 - 0x00007ffdbc255000 	C:\WINDOWS\System32\RPCRT4.dll
0x00007ffdbc500000 - 0x00007ffdbcc42000 	C:\WINDOWS\System32\SHELL32.dll
0x00007ffdbaea0000 - 0x00007ffdbb014000 	C:\WINDOWS\System32\wintypes.dll
0x00007ffdbd340000 - 0x00007ffdbd6c5000 	C:\WINDOWS\System32\combase.dll
0x00007ffdb9850000 - 0x00007ffdb9886000 	C:\WINDOWS\SYSTEM32\ntmarta.dll
0x00007ffd79470000 - 0x00007ffd7956a000 	C:\Program Files\Topaz OFD\Warsaw\wslbscrwh64.dll
0x00007ffdb5160000 - 0x00007ffdb516c000 	c:\Users\migue\.vscode\extensions\redhat.java-1.43.1-win32-x64\jre\21.0.7-win32-x86_64\bin\vcruntime140_1.dll
0x00007ffd876c0000 - 0x00007ffd8774d000 	c:\Users\migue\.vscode\extensions\redhat.java-1.43.1-win32-x64\jre\21.0.7-win32-x86_64\bin\msvcp140.dll
0x00007ffd0a8a0000 - 0x00007ffd0b630000 	c:\Users\migue\.vscode\extensions\redhat.java-1.43.1-win32-x64\jre\21.0.7-win32-x86_64\bin\server\jvm.dll
0x00007ffdbc410000 - 0x00007ffdbc484000 	C:\WINDOWS\System32\WS2_32.dll
0x00007ffdba090000 - 0x00007ffdba0ee000 	C:\WINDOWS\SYSTEM32\POWRPROF.dll
0x00007ffda3830000 - 0x00007ffda3865000 	C:\WINDOWS\SYSTEM32\WINMM.dll
0x00007ffdaabe0000 - 0x00007ffdaabeb000 	C:\WINDOWS\SYSTEM32\VERSION.dll
0x00007ffdba010000 - 0x00007ffdba024000 	C:\WINDOWS\SYSTEM32\UMPDC.dll
0x00007ffdb9730000 - 0x00007ffdb974b000 	C:\WINDOWS\SYSTEM32\kernel.appcore.dll
0x00007ffda8390000 - 0x00007ffda839a000 	c:\Users\migue\.vscode\extensions\redhat.java-1.43.1-win32-x64\jre\21.0.7-win32-x86_64\bin\jimage.dll
0x00007ffdb80c0000 - 0x00007ffdb8301000 	C:\WINDOWS\SYSTEM32\DBGHELP.DLL
0x00007ffdbbe70000 - 0x00007ffdbbf51000 	C:\WINDOWS\System32\OLEAUT32.dll
0x00007ffd97f40000 - 0x00007ffd97f79000 	C:\WINDOWS\SYSTEM32\dbgcore.DLL
0x000001df62610000 - 0x000001df626a9000 	C:\WINDOWS\System32\bcryptPrimitives.dll
0x00007ffda2f50000 - 0x00007ffda2f5f000 	c:\Users\migue\.vscode\extensions\redhat.java-1.43.1-win32-x64\jre\21.0.7-win32-x86_64\bin\instrument.dll
0x00007ffd98e60000 - 0x00007ffd98e7f000 	c:\Users\migue\.vscode\extensions\redhat.java-1.43.1-win32-x64\jre\21.0.7-win32-x86_64\bin\java.dll
0x00007ffdb85a0000 - 0x00007ffdb8df8000 	C:\WINDOWS\SYSTEM32\windows.storage.dll
0x000001df45000000 - 0x000001df450f1000 	C:\WINDOWS\System32\SHCORE.dll
0x00007ffdbc490000 - 0x00007ffdbc4fa000 	C:\WINDOWS\System32\shlwapi.dll
0x00007ffdba880000 - 0x00007ffdba8af000 	C:\WINDOWS\SYSTEM32\profapi.dll
0x00007ffd8dc10000 - 0x00007ffd8dc28000 	c:\Users\migue\.vscode\extensions\redhat.java-1.43.1-win32-x64\jre\21.0.7-win32-x86_64\bin\zip.dll
0x00007ffda2f40000 - 0x00007ffda2f50000 	C:\Users\migue\.vscode\extensions\redhat.java-1.43.1-win32-x64\jre\21.0.7-win32-x86_64\bin\net.dll
0x00007ffdb1150000 - 0x00007ffdb126e000 	C:\WINDOWS\SYSTEM32\WINHTTP.dll
0x00007ffdb9d10000 - 0x00007ffdb9d7a000 	C:\WINDOWS\system32\mswsock.dll
0x00007ffd8dbf0000 - 0x00007ffd8dc06000 	C:\Users\migue\.vscode\extensions\redhat.java-1.43.1-win32-x64\jre\21.0.7-win32-x86_64\bin\nio.dll
0x00007ffda2eb0000 - 0x00007ffda2ec0000 	c:\Users\migue\.vscode\extensions\redhat.java-1.43.1-win32-x64\jre\21.0.7-win32-x86_64\bin\verify.dll
0x00007ffd864c0000 - 0x00007ffd86505000 	C:\Users\migue\AppData\Roaming\Code\User\globalStorage\redhat.java\1.43.1\config_win\org.eclipse.equinox.launcher\org.eclipse.equinox.launcher.win32.win32.x86_64_1.2.1300.v20250331-1702\eclipse_11911.dll
0x00007ffdbc260000 - 0x00007ffdbc3fe000 	C:\WINDOWS\System32\ole32.dll
0x00007ffdb9fe0000 - 0x00007ffdb9ffb000 	C:\WINDOWS\SYSTEM32\CRYPTSP.dll
0x00007ffdb9690000 - 0x00007ffdb96ca000 	C:\WINDOWS\system32\rsaenh.dll
0x00007ffdb9db0000 - 0x00007ffdb9ddb000 	C:\WINDOWS\SYSTEM32\USERENV.dll
0x00007ffdba850000 - 0x00007ffdba876000 	C:\WINDOWS\SYSTEM32\bcrypt.dll
0x00007ffdba000000 - 0x00007ffdba00c000 	C:\WINDOWS\SYSTEM32\CRYPTBASE.dll
0x00007ffdb91d0000 - 0x00007ffdb9203000 	C:\WINDOWS\SYSTEM32\IPHLPAPI.DLL
0x00007ffdbcc70000 - 0x00007ffdbcc7a000 	C:\WINDOWS\System32\NSI.dll
0x00007ffd5f310000 - 0x00007ffd5f359000 	C:\Users\migue\AppData\Local\Temp\jna-103894555\jna4394364587046010762.dll
0x00007ffdbcc80000 - 0x00007ffdbcc88000 	C:\WINDOWS\System32\PSAPI.DLL
0x00007ffdb14e0000 - 0x00007ffdb14ff000 	C:\WINDOWS\SYSTEM32\dhcpcsvc6.DLL
0x00007ffdb1510000 - 0x00007ffdb1535000 	C:\WINDOWS\SYSTEM32\dhcpcsvc.DLL

dbghelp: loaded successfully - version: 4.0.5 - missing functions: none
symbol engine: initialized successfully - sym options: 0x614 - pdb path: .;c:\Users\migue\.vscode\extensions\redhat.java-1.43.1-win32-x64\jre\21.0.7-win32-x86_64\bin;C:\WINDOWS\SYSTEM32;C:\WINDOWS\WinSxS\amd64_microsoft.windows.common-controls_6595b64144ccf1df_6.0.26100.4202_none_3e0698d4e335f517;C:\Program Files\Topaz OFD\Warsaw;c:\Users\migue\.vscode\extensions\redhat.java-1.43.1-win32-x64\jre\21.0.7-win32-x86_64\bin\server;C:\Users\migue\AppData\Roaming\Code\User\globalStorage\redhat.java\1.43.1\config_win\org.eclipse.equinox.launcher\org.eclipse.equinox.launcher.win32.win32.x86_64_1.2.1300.v20250331-1702;C:\Users\migue\AppData\Local\Temp\jna-103894555

VM Arguments:
jvm_args: --add-modules=ALL-SYSTEM --add-opens=java.base/java.util=ALL-UNNAMED --add-opens=java.base/java.lang=ALL-UNNAMED --add-opens=java.base/sun.nio.fs=ALL-UNNAMED -Declipse.application=org.eclipse.jdt.ls.core.id1 -Dosgi.bundles.defaultStartLevel=4 -Declipse.product=org.eclipse.jdt.ls.core.product -Djava.import.generatesMetadataFilesAtProjectRoot=false -DDetectVMInstallationsJob.disabled=true -Dfile.encoding=utf8 -XX:+UseParallelGC -XX:GCTimeRatio=4 -XX:AdaptiveSizePolicyWeight=90 -Dsun.zip.disableMemoryMapping=true -Xmx2G -Xms100m -Xlog:disable -javaagent:c:\Users\migue\.vscode\extensions\redhat.java-1.43.1-win32-x64\lombok\lombok-1.18.39-4050.jar -XX:+HeapDumpOnOutOfMemoryError -XX:HeapDumpPath=c:\Users\migue\AppData\Roaming\Code\User\workspaceStorage\a639b46f90215a13307bf9c14b7ca7a8\redhat.java -Daether.dependencyCollector.impl=bf 
java_command: c:\Users\migue\.vscode\extensions\redhat.java-1.43.1-win32-x64\server\plugins\org.eclipse.equinox.launcher_1.7.0.v20250519-0528.jar -configuration c:\Users\migue\AppData\Roaming\Code\User\globalStorage\redhat.java\1.43.1\config_win -data c:\Users\migue\AppData\Roaming\Code\User\workspaceStorage\a639b46f90215a13307bf9c14b7ca7a8\redhat.java\jdt_ws --pipe=\\.\pipe\lsp-ab3cbc3dbd80b6a2a0ae9a556f540237-sock
java_class_path (initial): c:\Users\migue\.vscode\extensions\redhat.java-1.43.1-win32-x64\server\plugins\org.eclipse.equinox.launcher_1.7.0.v20250519-0528.jar
Launcher Type: SUN_STANDARD

[Global flags]
    uintx AdaptiveSizePolicyWeight                 = 90                                        {product} {command line}
     intx CICompilerCount                          = 4                                         {product} {ergonomic}
    uintx GCTimeRatio                              = 4                                         {product} {command line}
     bool HeapDumpOnOutOfMemoryError               = true                                   {manageable} {command line}
    ccstr HeapDumpPath                             = c:\Users\migue\AppData\Roaming\Code\User\workspaceStorage\a639b46f90215a13307bf9c14b7ca7a8\redhat.java         {manageable} {command line}
   size_t InitialHeapSize                          = 104857600                                 {product} {command line}
   size_t MaxHeapSize                              = 2147483648                                {product} {command line}
   size_t MaxNewSize                               = 715653120                                 {product} {ergonomic}
   size_t MinHeapDeltaBytes                        = 524288                                    {product} {ergonomic}
   size_t MinHeapSize                              = 104857600                                 {product} {command line}
   size_t NewSize                                  = 34603008                                  {product} {ergonomic}
    uintx NonNMethodCodeHeapSize                   = 5839372                                {pd product} {ergonomic}
    uintx NonProfiledCodeHeapSize                  = 122909434                              {pd product} {ergonomic}
   size_t OldSize                                  = 70254592                                  {product} {ergonomic}
    uintx ProfiledCodeHeapSize                     = 122909434                              {pd product} {ergonomic}
    uintx ReservedCodeCacheSize                    = 251658240                              {pd product} {ergonomic}
     bool SegmentedCodeCache                       = true                                      {product} {ergonomic}
   size_t SoftMaxHeapSize                          = 2147483648                             {manageable} {ergonomic}
     bool UseCompressedOops                        = true                           {product lp64_product} {ergonomic}
     bool UseLargePagesIndividualAllocation        = false                                  {pd product} {ergonomic}
     bool UseParallelGC                            = true                                      {product} {command line}

Logging:
Log output configuration:
 #0: stdout all=off uptime,level,tags foldmultilines=false
 #1: stderr all=off uptime,level,tags foldmultilines=false

Environment Variables:
JAVA_HOME=C:\Program Files\Java\jdk-21
PATH=C:\Program Files\Common Files\Oracle\Java\javapath;C:\Program Files (x86)\Common Files\Oracle\Java\javapath;C:\WINDOWS\system32;C:\WINDOWS;C:\WINDOWS\System32\Wbem;C:\WINDOWS\System32\WindowsPowerShell\v1.0\;C:\WINDOWS\System32\OpenSSH\;C:\Program Files\Git\cmd;C:\Program Files\dotnet\;C:\Program Files\nodejs\;C:\Program Files\Java\jre-1.8\bin;C:\Program Files\Common Files\Oracle\Java\javapath;C:\Program Files (x86)\Common Files\Oracle\Java\javapath;C:\WINDOWS\system32;C:\WINDOWS;C:\WINDOWS\System32\Wbem;C:\WINDOWS\System32\WindowsPowerShell\v1.0\;C:\WINDOWS\System32\OpenSSH\;C:\Program Files\Git\cmd;C:\Program Files\dotnet\;C:\Program Files\nodejs\;C:\Users\migue\AppData\Local\Microsoft\WindowsApps;C:\Users\migue\AppData\Local\Programs\Microsoft VS Code\bin;C:\Users\migue\AppData\Local\Muse Hub\lib;C:\Users\migue\AppData\Roaming\npm;C:\Users\migue\AppData\Local\Muse Hub\lib;C:\Program Files\Java\jdk-21\bin;
USERNAME=migue
OS=Windows_NT
PROCESSOR_IDENTIFIER=Intel64 Family 6 Model 140 Stepping 1, GenuineIntel
TMP=C:\Users\migue\AppData\Local\Temp
TEMP=C:\Users\migue\AppData\Local\Temp




Periodic native trim disabled

---------------  S Y S T E M  ---------------

OS:
 Windows 11 , 64 bit Build 26100 (10.0.26100.4202)
OS uptime: 0 days 22:13 hours
Hyper-V role detected

CPU: total 8 (initial active 8) (4 cores per cpu, 2 threads per core) family 6 model 140 stepping 1 microcode 0x8a, cx8, cmov, fxsr, ht, mmx, 3dnowpref, sse, sse2, sse3, ssse3, sse4.1, sse4.2, popcnt, lzcnt, tsc, tscinvbit, avx, avx2, aes, erms, clmul, bmi1, bmi2, adx, avx512f, avx512dq, avx512cd, avx512bw, avx512vl, sha, fma, vzeroupper, avx512_vpopcntdq, avx512_vpclmulqdq, avx512_vaes, avx512_vnni, clflush, clflushopt, clwb, avx512_vbmi2, avx512_vbmi, hv, rdtscp, rdpid, fsrm, gfni, avx512_bitalg, f16c, cet_ibt, cet_ss, avx512_ifma
Processor Information for the first 8 processors :
  Max Mhz: 2419, Current Mhz: 2419, Mhz Limit: 2419

Memory: 4k page, system-wide physical 7971M (560M free)
TotalPageFile size 23221M (AvailPageFile size 7M)
current process WorkingSet (physical memory assigned to process): 992M, peak: 1028M
current process commit charge ("private bytes"): 1221M, peak: 1226M

vm_info: OpenJDK 64-Bit Server VM (21.0.7+6-LTS) for windows-amd64 JRE (21.0.7+6-LTS), built on 2025-04-15T00:00:00Z by "admin" with MS VC++ 17.7 (VS2022)

END.
